<?xml version="1.0" encoding="UTF-8"?>
<!-- Generated by org.testng.reporters.JUnitReportReporter -->
<testsuite skipped="0" hostname="MAA014482B" name="com.RBI1Feb22.tc.TC001_RBIBasicDetails" tests="87" failures="0" timestamp="2022-02-14T17:20:23 IST" time="11453.036" errors="4">
  <testcase name="basicDetails" time="134.431" classname="com.RBI1Feb22.tc.TC001_RBIBasicDetails"/>
  <testcase name="basicDetails" time="133.707" classname="com.RBI1Feb22.tc.TC001_RBIBasicDetails"/>
  <testcase name="basicDetails" time="135.705" classname="com.RBI1Feb22.tc.TC001_RBIBasicDetails"/>
  <testcase name="basicDetails" time="134.722" classname="com.RBI1Feb22.tc.TC001_RBIBasicDetails"/>
  <testcase name="basicDetails" time="134.510" classname="com.RBI1Feb22.tc.TC001_RBIBasicDetails"/>
  <testcase name="basicDetails" time="135.274" classname="com.RBI1Feb22.tc.TC001_RBIBasicDetails"/>
  <testcase name="basicDetails" time="134.507" classname="com.RBI1Feb22.tc.TC001_RBIBasicDetails"/>
  <testcase name="basicDetails" time="133.584" classname="com.RBI1Feb22.tc.TC001_RBIBasicDetails"/>
  <testcase name="basicDetails" time="134.066" classname="com.RBI1Feb22.tc.TC001_RBIBasicDetails"/>
  <testcase name="basicDetails" time="136.264" classname="com.RBI1Feb22.tc.TC001_RBIBasicDetails"/>
  <testcase name="basicDetails" time="134.024" classname="com.RBI1Feb22.tc.TC001_RBIBasicDetails"/>
  <testcase name="basicDetails" time="100.251" classname="com.RBI1Feb22.tc.TC001_RBIBasicDetails">
    <error type="org.openqa.selenium.UnhandledAlertException" message="unexpected alert open: {Alert text : Date Of Birth should be between 02/02/1972 to 01/02/2002}
  (Session info: chrome=98.0.4758.82): Date Of Birth should be between 02/02/1972 to 01/02/2002
Build info: version: &#039;3.141.0&#039;, revision: &#039;2ecb7d9a&#039;, time: &#039;2018-10-31T20:09:30&#039;
System info: host: &#039;MAA014482B&#039;, ip: &#039;124.7.228.141&#039;, os.name: &#039;Windows 10&#039;, os.arch: &#039;amd64&#039;, os.version: &#039;10.0&#039;, java.version: &#039;1.8.0_131&#039;
Driver info: org.openqa.selenium.chrome.ChromeDriver
Capabilities {acceptInsecureCerts: false, browserName: chrome, browserVersion: 98.0.4758.82, chrome: {chromedriverVersion: 97.0.4692.71 (adefa7837d02a..., userDataDir: C:\Users\016386\AppData\Loc...}, goog:chromeOptions: {debuggerAddress: localhost:58063}, javascriptEnabled: true, networkConnectionEnabled: false, pageLoadStrategy: normal, platform: WINDOWS, platformName: WINDOWS, proxy: Proxy(), setWindowRect: true, strictFileInteractability: false, timeouts: {implicit: 0, pageLoad: 300000, script: 30000}, unhandledPromptBehavior: dismiss and notify, webauthn:extension:credBlob: true, webauthn:extension:largeBlob: true, webauthn:virtualAuthenticators: true}
Session ID: 665e2b9b0b4a875ad1f3bddadbb720ab
*** Element info: {Using=xpath, value=.//*[starts-with(@id,&#039;err_seldob&#039;)]}">
      <![CDATA[org.openqa.selenium.UnhandledAlertException: unexpected alert open: {Alert text : Date Of Birth should be between 02/02/1972 to 01/02/2002}
  (Session info: chrome=98.0.4758.82): Date Of Birth should be between 02/02/1972 to 01/02/2002
Build info: version: '3.141.0', revision: '2ecb7d9a', time: '2018-10-31T20:09:30'
System info: host: 'MAA014482B', ip: '124.7.228.141', os.name: 'Windows 10', os.arch: 'amd64', os.version: '10.0', java.version: '1.8.0_131'
Driver info: org.openqa.selenium.chrome.ChromeDriver
Capabilities {acceptInsecureCerts: false, browserName: chrome, browserVersion: 98.0.4758.82, chrome: {chromedriverVersion: 97.0.4692.71 (adefa7837d02a..., userDataDir: C:\Users\016386\AppData\Loc...}, goog:chromeOptions: {debuggerAddress: localhost:58063}, javascriptEnabled: true, networkConnectionEnabled: false, pageLoadStrategy: normal, platform: WINDOWS, platformName: WINDOWS, proxy: Proxy(), setWindowRect: true, strictFileInteractability: false, timeouts: {implicit: 0, pageLoad: 300000, script: 30000}, unhandledPromptBehavior: dismiss and notify, webauthn:extension:credBlob: true, webauthn:extension:largeBlob: true, webauthn:virtualAuthenticators: true}
Session ID: 665e2b9b0b4a875ad1f3bddadbb720ab
*** Element info: {Using=xpath, value=.//*[starts-with(@id,'err_seldob')]}
at org.openqa.selenium.remote.http.W3CHttpResponseCodec.decode(W3CHttpResponseCodec.java:120)
at org.openqa.selenium.remote.http.W3CHttpResponseCodec.decode(W3CHttpResponseCodec.java:49)
at org.openqa.selenium.remote.HttpCommandExecutor.execute(HttpCommandExecutor.java:158)
at org.openqa.selenium.remote.service.DriverCommandExecutor.execute(DriverCommandExecutor.java:83)
at org.openqa.selenium.remote.RemoteWebDriver.execute(RemoteWebDriver.java:552)
at org.openqa.selenium.remote.RemoteWebDriver.findElements(RemoteWebDriver.java:353)
at org.openqa.selenium.remote.RemoteWebDriver.findElementsByXPath(RemoteWebDriver.java:432)
at org.openqa.selenium.By$ByXPath.findElements(By.java:348)
at org.openqa.selenium.remote.RemoteWebDriver.findElements(RemoteWebDriver.java:311)
at lib.selenium.WebDriverServiceImpl.noagealert(WebDriverServiceImpl.java:761)
at lib.selenium.WebDriverServiceImpl.agevalidator_min(WebDriverServiceImpl.java:919)
at com.ibps.pages.PersonalDetailsPage.ageValidatorMin(PersonalDetailsPage.java:313)
at com.RBI1Feb22.tc.TC001_RBIBasicDetails.basicDetails(TC001_RBIBasicDetails.java:71)
at sun.reflect.GeneratedMethodAccessor5.invoke(Unknown Source)
at sun.reflect.DelegatingMethodAccessorImpl.invoke(Unknown Source)
at java.lang.reflect.Method.invoke(Unknown Source)
at org.testng.internal.MethodInvocationHelper.invokeMethod(MethodInvocationHelper.java:133)
at org.testng.internal.TestInvoker.invokeMethod(TestInvoker.java:584)
at org.testng.internal.TestInvoker.invokeTestMethod(TestInvoker.java:172)
at org.testng.internal.MethodRunner.runInSequence(MethodRunner.java:46)
at org.testng.internal.TestInvoker$MethodInvocationAgent.invoke(TestInvoker.java:804)
at org.testng.internal.TestInvoker.invokeTestMethods(TestInvoker.java:145)
at org.testng.internal.TestMethodWorker.invokeTestMethods(TestMethodWorker.java:146)
at org.testng.internal.TestMethodWorker.run(TestMethodWorker.java:128)
at java.util.concurrent.ThreadPoolExecutor.runWorker(Unknown Source)
at java.util.concurrent.ThreadPoolExecutor$Worker.run(Unknown Source)
at java.lang.Thread.run(Unknown Source)
]]>
    </error>
  </testcase> <!-- basicDetails -->
  <testcase name="basicDetails" time="135.156" classname="com.RBI1Feb22.tc.TC001_RBIBasicDetails"/>
  <testcase name="basicDetails" time="133.688" classname="com.RBI1Feb22.tc.TC001_RBIBasicDetails"/>
  <testcase name="basicDetails" time="134.870" classname="com.RBI1Feb22.tc.TC001_RBIBasicDetails"/>
  <testcase name="basicDetails" time="135.078" classname="com.RBI1Feb22.tc.TC001_RBIBasicDetails"/>
  <testcase name="basicDetails" time="134.959" classname="com.RBI1Feb22.tc.TC001_RBIBasicDetails"/>
  <testcase name="basicDetails" time="134.974" classname="com.RBI1Feb22.tc.TC001_RBIBasicDetails"/>
  <testcase name="basicDetails" time="133.838" classname="com.RBI1Feb22.tc.TC001_RBIBasicDetails"/>
  <testcase name="basicDetails" time="133.917" classname="com.RBI1Feb22.tc.TC001_RBIBasicDetails"/>
  <testcase name="basicDetails" time="134.801" classname="com.RBI1Feb22.tc.TC001_RBIBasicDetails"/>
  <testcase name="basicDetails" time="134.345" classname="com.RBI1Feb22.tc.TC001_RBIBasicDetails"/>
  <testcase name="basicDetails" time="134.082" classname="com.RBI1Feb22.tc.TC001_RBIBasicDetails"/>
  <testcase name="basicDetails" time="135.375" classname="com.RBI1Feb22.tc.TC001_RBIBasicDetails"/>
  <testcase name="basicDetails" time="135.691" classname="com.RBI1Feb22.tc.TC001_RBIBasicDetails"/>
  <testcase name="basicDetails" time="134.188" classname="com.RBI1Feb22.tc.TC001_RBIBasicDetails"/>
  <testcase name="basicDetails" time="134.462" classname="com.RBI1Feb22.tc.TC001_RBIBasicDetails"/>
  <testcase name="basicDetails" time="135.674" classname="com.RBI1Feb22.tc.TC001_RBIBasicDetails"/>
  <testcase name="basicDetails" time="135.810" classname="com.RBI1Feb22.tc.TC001_RBIBasicDetails"/>
  <testcase name="basicDetails" time="134.215" classname="com.RBI1Feb22.tc.TC001_RBIBasicDetails"/>
  <testcase name="basicDetails" time="135.773" classname="com.RBI1Feb22.tc.TC001_RBIBasicDetails"/>
  <testcase name="basicDetails" time="136.465" classname="com.RBI1Feb22.tc.TC001_RBIBasicDetails"/>
  <testcase name="basicDetails" time="134.916" classname="com.RBI1Feb22.tc.TC001_RBIBasicDetails"/>
  <testcase name="basicDetails" time="134.480" classname="com.RBI1Feb22.tc.TC001_RBIBasicDetails"/>
  <testcase name="basicDetails" time="39.092" classname="com.RBI1Feb22.tc.TC001_RBIBasicDetails">
    <error type="org.openqa.selenium.UnhandledAlertException" message="unexpected alert open: {Alert text : Date Of Birth should be between 02/02/1994 to 01/02/2002}
  (Session info: chrome=98.0.4758.82): Date Of Birth should be between 02/02/1994 to 01/02/2002
Build info: version: &#039;3.141.0&#039;, revision: &#039;2ecb7d9a&#039;, time: &#039;2018-10-31T20:09:30&#039;
System info: host: &#039;MAA014482B&#039;, ip: &#039;124.7.228.141&#039;, os.name: &#039;Windows 10&#039;, os.arch: &#039;amd64&#039;, os.version: &#039;10.0&#039;, java.version: &#039;1.8.0_131&#039;
Driver info: org.openqa.selenium.chrome.ChromeDriver
Capabilities {acceptInsecureCerts: false, browserName: chrome, browserVersion: 98.0.4758.82, chrome: {chromedriverVersion: 97.0.4692.71 (adefa7837d02a..., userDataDir: C:\Users\016386\AppData\Loc...}, goog:chromeOptions: {debuggerAddress: localhost:58063}, javascriptEnabled: true, networkConnectionEnabled: false, pageLoadStrategy: normal, platform: WINDOWS, platformName: WINDOWS, proxy: Proxy(), setWindowRect: true, strictFileInteractability: false, timeouts: {implicit: 0, pageLoad: 300000, script: 30000}, unhandledPromptBehavior: dismiss and notify, webauthn:extension:credBlob: true, webauthn:extension:largeBlob: true, webauthn:virtualAuthenticators: true}
Session ID: 665e2b9b0b4a875ad1f3bddadbb720ab
*** Element info: {Using=xpath, value=.//*[starts-with(@id,&#039;err_seldob&#039;)]}">
      <![CDATA[org.openqa.selenium.UnhandledAlertException: unexpected alert open: {Alert text : Date Of Birth should be between 02/02/1994 to 01/02/2002}
  (Session info: chrome=98.0.4758.82): Date Of Birth should be between 02/02/1994 to 01/02/2002
Build info: version: '3.141.0', revision: '2ecb7d9a', time: '2018-10-31T20:09:30'
System info: host: 'MAA014482B', ip: '124.7.228.141', os.name: 'Windows 10', os.arch: 'amd64', os.version: '10.0', java.version: '1.8.0_131'
Driver info: org.openqa.selenium.chrome.ChromeDriver
Capabilities {acceptInsecureCerts: false, browserName: chrome, browserVersion: 98.0.4758.82, chrome: {chromedriverVersion: 97.0.4692.71 (adefa7837d02a..., userDataDir: C:\Users\016386\AppData\Loc...}, goog:chromeOptions: {debuggerAddress: localhost:58063}, javascriptEnabled: true, networkConnectionEnabled: false, pageLoadStrategy: normal, platform: WINDOWS, platformName: WINDOWS, proxy: Proxy(), setWindowRect: true, strictFileInteractability: false, timeouts: {implicit: 0, pageLoad: 300000, script: 30000}, unhandledPromptBehavior: dismiss and notify, webauthn:extension:credBlob: true, webauthn:extension:largeBlob: true, webauthn:virtualAuthenticators: true}
Session ID: 665e2b9b0b4a875ad1f3bddadbb720ab
*** Element info: {Using=xpath, value=.//*[starts-with(@id,'err_seldob')]}
at org.openqa.selenium.remote.http.W3CHttpResponseCodec.decode(W3CHttpResponseCodec.java:120)
at org.openqa.selenium.remote.http.W3CHttpResponseCodec.decode(W3CHttpResponseCodec.java:49)
at org.openqa.selenium.remote.HttpCommandExecutor.execute(HttpCommandExecutor.java:158)
at org.openqa.selenium.remote.service.DriverCommandExecutor.execute(DriverCommandExecutor.java:83)
at org.openqa.selenium.remote.RemoteWebDriver.execute(RemoteWebDriver.java:552)
at org.openqa.selenium.remote.RemoteWebDriver.findElements(RemoteWebDriver.java:353)
at org.openqa.selenium.remote.RemoteWebDriver.findElementsByXPath(RemoteWebDriver.java:432)
at org.openqa.selenium.By$ByXPath.findElements(By.java:348)
at org.openqa.selenium.remote.RemoteWebDriver.findElements(RemoteWebDriver.java:311)
at lib.selenium.WebDriverServiceImpl.noagealert(WebDriverServiceImpl.java:761)
at lib.selenium.WebDriverServiceImpl.agevalidator_max(WebDriverServiceImpl.java:844)
at com.ibps.pages.PersonalDetailsPage.ageValidatorMax(PersonalDetailsPage.java:309)
at com.RBI1Feb22.tc.TC001_RBIBasicDetails.basicDetails(TC001_RBIBasicDetails.java:70)
at sun.reflect.GeneratedMethodAccessor5.invoke(Unknown Source)
at sun.reflect.DelegatingMethodAccessorImpl.invoke(Unknown Source)
at java.lang.reflect.Method.invoke(Unknown Source)
at org.testng.internal.MethodInvocationHelper.invokeMethod(MethodInvocationHelper.java:133)
at org.testng.internal.TestInvoker.invokeMethod(TestInvoker.java:584)
at org.testng.internal.TestInvoker.invokeTestMethod(TestInvoker.java:172)
at org.testng.internal.MethodRunner.runInSequence(MethodRunner.java:46)
at org.testng.internal.TestInvoker$MethodInvocationAgent.invoke(TestInvoker.java:804)
at org.testng.internal.TestInvoker.invokeTestMethods(TestInvoker.java:145)
at org.testng.internal.TestMethodWorker.invokeTestMethods(TestMethodWorker.java:146)
at org.testng.internal.TestMethodWorker.run(TestMethodWorker.java:128)
at java.util.concurrent.ThreadPoolExecutor.runWorker(Unknown Source)
at java.util.concurrent.ThreadPoolExecutor$Worker.run(Unknown Source)
at java.lang.Thread.run(Unknown Source)
]]>
    </error>
  </testcase> <!-- basicDetails -->
  <testcase name="basicDetails" time="133.478" classname="com.RBI1Feb22.tc.TC001_RBIBasicDetails"/>
  <testcase name="basicDetails" time="135.209" classname="com.RBI1Feb22.tc.TC001_RBIBasicDetails"/>
  <testcase name="basicDetails" time="133.740" classname="com.RBI1Feb22.tc.TC001_RBIBasicDetails"/>
  <testcase name="basicDetails" time="133.926" classname="com.RBI1Feb22.tc.TC001_RBIBasicDetails"/>
  <testcase name="basicDetails" time="135.136" classname="com.RBI1Feb22.tc.TC001_RBIBasicDetails"/>
  <testcase name="basicDetails" time="135.389" classname="com.RBI1Feb22.tc.TC001_RBIBasicDetails"/>
  <testcase name="basicDetails" time="133.821" classname="com.RBI1Feb22.tc.TC001_RBIBasicDetails"/>
  <testcase name="basicDetails" time="131.148" classname="com.RBI1Feb22.tc.TC001_RBIBasicDetails"/>
  <testcase name="basicDetails" time="40.014" classname="com.RBI1Feb22.tc.TC001_RBIBasicDetails">
    <error type="org.openqa.selenium.UnhandledAlertException" message="unexpected alert open: {Alert text : Date Of Birth should be between 02/02/1962 to 01/02/2002}
  (Session info: chrome=98.0.4758.82): Date Of Birth should be between 02/02/1962 to 01/02/2002
Build info: version: &#039;3.141.0&#039;, revision: &#039;2ecb7d9a&#039;, time: &#039;2018-10-31T20:09:30&#039;
System info: host: &#039;MAA014482B&#039;, ip: &#039;124.7.228.141&#039;, os.name: &#039;Windows 10&#039;, os.arch: &#039;amd64&#039;, os.version: &#039;10.0&#039;, java.version: &#039;1.8.0_131&#039;
Driver info: org.openqa.selenium.chrome.ChromeDriver
Capabilities {acceptInsecureCerts: false, browserName: chrome, browserVersion: 98.0.4758.82, chrome: {chromedriverVersion: 97.0.4692.71 (adefa7837d02a..., userDataDir: C:\Users\016386\AppData\Loc...}, goog:chromeOptions: {debuggerAddress: localhost:58063}, javascriptEnabled: true, networkConnectionEnabled: false, pageLoadStrategy: normal, platform: WINDOWS, platformName: WINDOWS, proxy: Proxy(), setWindowRect: true, strictFileInteractability: false, timeouts: {implicit: 0, pageLoad: 300000, script: 30000}, unhandledPromptBehavior: dismiss and notify, webauthn:extension:credBlob: true, webauthn:extension:largeBlob: true, webauthn:virtualAuthenticators: true}
Session ID: 665e2b9b0b4a875ad1f3bddadbb720ab
*** Element info: {Using=xpath, value=.//*[starts-with(@id,&#039;err_seldob&#039;)]}">
      <![CDATA[org.openqa.selenium.UnhandledAlertException: unexpected alert open: {Alert text : Date Of Birth should be between 02/02/1962 to 01/02/2002}
  (Session info: chrome=98.0.4758.82): Date Of Birth should be between 02/02/1962 to 01/02/2002
Build info: version: '3.141.0', revision: '2ecb7d9a', time: '2018-10-31T20:09:30'
System info: host: 'MAA014482B', ip: '124.7.228.141', os.name: 'Windows 10', os.arch: 'amd64', os.version: '10.0', java.version: '1.8.0_131'
Driver info: org.openqa.selenium.chrome.ChromeDriver
Capabilities {acceptInsecureCerts: false, browserName: chrome, browserVersion: 98.0.4758.82, chrome: {chromedriverVersion: 97.0.4692.71 (adefa7837d02a..., userDataDir: C:\Users\016386\AppData\Loc...}, goog:chromeOptions: {debuggerAddress: localhost:58063}, javascriptEnabled: true, networkConnectionEnabled: false, pageLoadStrategy: normal, platform: WINDOWS, platformName: WINDOWS, proxy: Proxy(), setWindowRect: true, strictFileInteractability: false, timeouts: {implicit: 0, pageLoad: 300000, script: 30000}, unhandledPromptBehavior: dismiss and notify, webauthn:extension:credBlob: true, webauthn:extension:largeBlob: true, webauthn:virtualAuthenticators: true}
Session ID: 665e2b9b0b4a875ad1f3bddadbb720ab
*** Element info: {Using=xpath, value=.//*[starts-with(@id,'err_seldob')]}
at org.openqa.selenium.remote.http.W3CHttpResponseCodec.decode(W3CHttpResponseCodec.java:120)
at org.openqa.selenium.remote.http.W3CHttpResponseCodec.decode(W3CHttpResponseCodec.java:49)
at org.openqa.selenium.remote.HttpCommandExecutor.execute(HttpCommandExecutor.java:158)
at org.openqa.selenium.remote.service.DriverCommandExecutor.execute(DriverCommandExecutor.java:83)
at org.openqa.selenium.remote.RemoteWebDriver.execute(RemoteWebDriver.java:552)
at org.openqa.selenium.remote.RemoteWebDriver.findElements(RemoteWebDriver.java:353)
at org.openqa.selenium.remote.RemoteWebDriver.findElementsByXPath(RemoteWebDriver.java:432)
at org.openqa.selenium.By$ByXPath.findElements(By.java:348)
at org.openqa.selenium.remote.RemoteWebDriver.findElements(RemoteWebDriver.java:311)
at lib.selenium.WebDriverServiceImpl.noagealert(WebDriverServiceImpl.java:761)
at lib.selenium.WebDriverServiceImpl.agevalidator_max(WebDriverServiceImpl.java:844)
at com.ibps.pages.PersonalDetailsPage.ageValidatorMax(PersonalDetailsPage.java:309)
at com.RBI1Feb22.tc.TC001_RBIBasicDetails.basicDetails(TC001_RBIBasicDetails.java:70)
at sun.reflect.GeneratedMethodAccessor5.invoke(Unknown Source)
at sun.reflect.DelegatingMethodAccessorImpl.invoke(Unknown Source)
at java.lang.reflect.Method.invoke(Unknown Source)
at org.testng.internal.MethodInvocationHelper.invokeMethod(MethodInvocationHelper.java:133)
at org.testng.internal.TestInvoker.invokeMethod(TestInvoker.java:584)
at org.testng.internal.TestInvoker.invokeTestMethod(TestInvoker.java:172)
at org.testng.internal.MethodRunner.runInSequence(MethodRunner.java:46)
at org.testng.internal.TestInvoker$MethodInvocationAgent.invoke(TestInvoker.java:804)
at org.testng.internal.TestInvoker.invokeTestMethods(TestInvoker.java:145)
at org.testng.internal.TestMethodWorker.invokeTestMethods(TestMethodWorker.java:146)
at org.testng.internal.TestMethodWorker.run(TestMethodWorker.java:128)
at java.util.concurrent.ThreadPoolExecutor.runWorker(Unknown Source)
at java.util.concurrent.ThreadPoolExecutor$Worker.run(Unknown Source)
at java.lang.Thread.run(Unknown Source)
]]>
    </error>
  </testcase> <!-- basicDetails -->
  <testcase name="basicDetails" time="134.223" classname="com.RBI1Feb22.tc.TC001_RBIBasicDetails"/>
  <testcase name="basicDetails" time="134.821" classname="com.RBI1Feb22.tc.TC001_RBIBasicDetails"/>
  <testcase name="basicDetails" time="133.944" classname="com.RBI1Feb22.tc.TC001_RBIBasicDetails"/>
  <testcase name="basicDetails" time="135.338" classname="com.RBI1Feb22.tc.TC001_RBIBasicDetails"/>
  <testcase name="basicDetails" time="135.537" classname="com.RBI1Feb22.tc.TC001_RBIBasicDetails"/>
  <testcase name="basicDetails" time="135.044" classname="com.RBI1Feb22.tc.TC001_RBIBasicDetails"/>
  <testcase name="basicDetails" time="135.235" classname="com.RBI1Feb22.tc.TC001_RBIBasicDetails"/>
  <testcase name="basicDetails" time="133.815" classname="com.RBI1Feb22.tc.TC001_RBIBasicDetails"/>
  <testcase name="basicDetails" time="135.333" classname="com.RBI1Feb22.tc.TC001_RBIBasicDetails"/>
  <testcase name="basicDetails" time="133.629" classname="com.RBI1Feb22.tc.TC001_RBIBasicDetails"/>
  <testcase name="basicDetails" time="134.330" classname="com.RBI1Feb22.tc.TC001_RBIBasicDetails"/>
  <testcase name="basicDetails" time="134.041" classname="com.RBI1Feb22.tc.TC001_RBIBasicDetails"/>
  <testcase name="basicDetails" time="135.551" classname="com.RBI1Feb22.tc.TC001_RBIBasicDetails"/>
  <testcase name="basicDetails" time="134.176" classname="com.RBI1Feb22.tc.TC001_RBIBasicDetails"/>
  <testcase name="basicDetails" time="134.889" classname="com.RBI1Feb22.tc.TC001_RBIBasicDetails"/>
  <testcase name="basicDetails" time="136.606" classname="com.RBI1Feb22.tc.TC001_RBIBasicDetails"/>
  <testcase name="basicDetails" time="135.392" classname="com.RBI1Feb22.tc.TC001_RBIBasicDetails"/>
  <testcase name="basicDetails" time="133.403" classname="com.RBI1Feb22.tc.TC001_RBIBasicDetails"/>
  <testcase name="basicDetails" time="134.404" classname="com.RBI1Feb22.tc.TC001_RBIBasicDetails"/>
  <testcase name="basicDetails" time="135.396" classname="com.RBI1Feb22.tc.TC001_RBIBasicDetails"/>
  <testcase name="basicDetails" time="134.505" classname="com.RBI1Feb22.tc.TC001_RBIBasicDetails"/>
  <testcase name="basicDetails" time="137.388" classname="com.RBI1Feb22.tc.TC001_RBIBasicDetails"/>
  <testcase name="basicDetails" time="98.708" classname="com.RBI1Feb22.tc.TC001_RBIBasicDetails">
    <error type="org.openqa.selenium.UnhandledAlertException" message="unexpected alert open: {Alert text : Date Of Birth should be between 02/02/1984 to 01/02/2002}
  (Session info: chrome=98.0.4758.82): Date Of Birth should be between 02/02/1984 to 01/02/2002
Build info: version: &#039;3.141.0&#039;, revision: &#039;2ecb7d9a&#039;, time: &#039;2018-10-31T20:09:30&#039;
System info: host: &#039;MAA014482B&#039;, ip: &#039;124.7.228.141&#039;, os.name: &#039;Windows 10&#039;, os.arch: &#039;amd64&#039;, os.version: &#039;10.0&#039;, java.version: &#039;1.8.0_131&#039;
Driver info: org.openqa.selenium.chrome.ChromeDriver
Capabilities {acceptInsecureCerts: false, browserName: chrome, browserVersion: 98.0.4758.82, chrome: {chromedriverVersion: 97.0.4692.71 (adefa7837d02a..., userDataDir: C:\Users\016386\AppData\Loc...}, goog:chromeOptions: {debuggerAddress: localhost:58063}, javascriptEnabled: true, networkConnectionEnabled: false, pageLoadStrategy: normal, platform: WINDOWS, platformName: WINDOWS, proxy: Proxy(), setWindowRect: true, strictFileInteractability: false, timeouts: {implicit: 0, pageLoad: 300000, script: 30000}, unhandledPromptBehavior: dismiss and notify, webauthn:extension:credBlob: true, webauthn:extension:largeBlob: true, webauthn:virtualAuthenticators: true}
Session ID: 665e2b9b0b4a875ad1f3bddadbb720ab
*** Element info: {Using=xpath, value=.//*[starts-with(@id,&#039;err_seldob&#039;)]}">
      <![CDATA[org.openqa.selenium.UnhandledAlertException: unexpected alert open: {Alert text : Date Of Birth should be between 02/02/1984 to 01/02/2002}
  (Session info: chrome=98.0.4758.82): Date Of Birth should be between 02/02/1984 to 01/02/2002
Build info: version: '3.141.0', revision: '2ecb7d9a', time: '2018-10-31T20:09:30'
System info: host: 'MAA014482B', ip: '124.7.228.141', os.name: 'Windows 10', os.arch: 'amd64', os.version: '10.0', java.version: '1.8.0_131'
Driver info: org.openqa.selenium.chrome.ChromeDriver
Capabilities {acceptInsecureCerts: false, browserName: chrome, browserVersion: 98.0.4758.82, chrome: {chromedriverVersion: 97.0.4692.71 (adefa7837d02a..., userDataDir: C:\Users\016386\AppData\Loc...}, goog:chromeOptions: {debuggerAddress: localhost:58063}, javascriptEnabled: true, networkConnectionEnabled: false, pageLoadStrategy: normal, platform: WINDOWS, platformName: WINDOWS, proxy: Proxy(), setWindowRect: true, strictFileInteractability: false, timeouts: {implicit: 0, pageLoad: 300000, script: 30000}, unhandledPromptBehavior: dismiss and notify, webauthn:extension:credBlob: true, webauthn:extension:largeBlob: true, webauthn:virtualAuthenticators: true}
Session ID: 665e2b9b0b4a875ad1f3bddadbb720ab
*** Element info: {Using=xpath, value=.//*[starts-with(@id,'err_seldob')]}
at org.openqa.selenium.remote.http.W3CHttpResponseCodec.decode(W3CHttpResponseCodec.java:120)
at org.openqa.selenium.remote.http.W3CHttpResponseCodec.decode(W3CHttpResponseCodec.java:49)
at org.openqa.selenium.remote.HttpCommandExecutor.execute(HttpCommandExecutor.java:158)
at org.openqa.selenium.remote.service.DriverCommandExecutor.execute(DriverCommandExecutor.java:83)
at org.openqa.selenium.remote.RemoteWebDriver.execute(RemoteWebDriver.java:552)
at org.openqa.selenium.remote.RemoteWebDriver.findElements(RemoteWebDriver.java:353)
at org.openqa.selenium.remote.RemoteWebDriver.findElementsByXPath(RemoteWebDriver.java:432)
at org.openqa.selenium.By$ByXPath.findElements(By.java:348)
at org.openqa.selenium.remote.RemoteWebDriver.findElements(RemoteWebDriver.java:311)
at lib.selenium.WebDriverServiceImpl.noagealert(WebDriverServiceImpl.java:761)
at lib.selenium.WebDriverServiceImpl.agevalidator_min(WebDriverServiceImpl.java:919)
at com.ibps.pages.PersonalDetailsPage.ageValidatorMin(PersonalDetailsPage.java:313)
at com.RBI1Feb22.tc.TC001_RBIBasicDetails.basicDetails(TC001_RBIBasicDetails.java:71)
at sun.reflect.GeneratedMethodAccessor5.invoke(Unknown Source)
at sun.reflect.DelegatingMethodAccessorImpl.invoke(Unknown Source)
at java.lang.reflect.Method.invoke(Unknown Source)
at org.testng.internal.MethodInvocationHelper.invokeMethod(MethodInvocationHelper.java:133)
at org.testng.internal.TestInvoker.invokeMethod(TestInvoker.java:584)
at org.testng.internal.TestInvoker.invokeTestMethod(TestInvoker.java:172)
at org.testng.internal.MethodRunner.runInSequence(MethodRunner.java:46)
at org.testng.internal.TestInvoker$MethodInvocationAgent.invoke(TestInvoker.java:804)
at org.testng.internal.TestInvoker.invokeTestMethods(TestInvoker.java:145)
at org.testng.internal.TestMethodWorker.invokeTestMethods(TestMethodWorker.java:146)
at org.testng.internal.TestMethodWorker.run(TestMethodWorker.java:128)
at java.util.concurrent.ThreadPoolExecutor.runWorker(Unknown Source)
at java.util.concurrent.ThreadPoolExecutor$Worker.run(Unknown Source)
at java.lang.Thread.run(Unknown Source)
]]>
    </error>
  </testcase> <!-- basicDetails -->
  <testcase name="basicDetails" time="133.589" classname="com.RBI1Feb22.tc.TC001_RBIBasicDetails"/>
  <testcase name="basicDetails" time="133.890" classname="com.RBI1Feb22.tc.TC001_RBIBasicDetails"/>
  <testcase name="basicDetails" time="134.850" classname="com.RBI1Feb22.tc.TC001_RBIBasicDetails"/>
  <testcase name="basicDetails" time="134.601" classname="com.RBI1Feb22.tc.TC001_RBIBasicDetails"/>
  <testcase name="basicDetails" time="135.332" classname="com.RBI1Feb22.tc.TC001_RBIBasicDetails"/>
  <testcase name="basicDetails" time="133.869" classname="com.RBI1Feb22.tc.TC001_RBIBasicDetails"/>
  <testcase name="basicDetails" time="135.117" classname="com.RBI1Feb22.tc.TC001_RBIBasicDetails"/>
  <testcase name="basicDetails" time="134.341" classname="com.RBI1Feb22.tc.TC001_RBIBasicDetails"/>
  <testcase name="basicDetails" time="135.081" classname="com.RBI1Feb22.tc.TC001_RBIBasicDetails"/>
  <testcase name="basicDetails" time="134.168" classname="com.RBI1Feb22.tc.TC001_RBIBasicDetails"/>
  <testcase name="basicDetails" time="134.250" classname="com.RBI1Feb22.tc.TC001_RBIBasicDetails"/>
  <testcase name="basicDetails" time="134.122" classname="com.RBI1Feb22.tc.TC001_RBIBasicDetails"/>
  <testcase name="basicDetails" time="135.094" classname="com.RBI1Feb22.tc.TC001_RBIBasicDetails"/>
  <testcase name="basicDetails" time="133.831" classname="com.RBI1Feb22.tc.TC001_RBIBasicDetails"/>
  <testcase name="basicDetails" time="134.175" classname="com.RBI1Feb22.tc.TC001_RBIBasicDetails"/>
  <testcase name="basicDetails" time="134.410" classname="com.RBI1Feb22.tc.TC001_RBIBasicDetails"/>
  <testcase name="basicDetails" time="134.124" classname="com.RBI1Feb22.tc.TC001_RBIBasicDetails"/>
  <testcase name="basicDetails" time="133.978" classname="com.RBI1Feb22.tc.TC001_RBIBasicDetails"/>
  <testcase name="basicDetails" time="134.767" classname="com.RBI1Feb22.tc.TC001_RBIBasicDetails"/>
  <testcase name="basicDetails" time="134.984" classname="com.RBI1Feb22.tc.TC001_RBIBasicDetails"/>
</testsuite> <!-- com.RBI1Feb22.tc.TC001_RBIBasicDetails -->
