<?xml version="1.0" encoding="UTF-8"?>
<!-- Generated by org.testng.reporters.JUnitReportReporter -->
<testsuite skipped="0" hostname="MAA014482B" name="com.MCGAD_April23.tc.TC002_MCGADBasicDetails" tests="32" failures="0" timestamp="2023-05-11T16:48:53 IST" time="4620.335" errors="2">
  <testcase name="basicDetails" time="154.079" classname="com.MCGAD_April23.tc.TC002_MCGADBasicDetails"/>
  <testcase name="basicDetails" time="152.850" classname="com.MCGAD_April23.tc.TC002_MCGADBasicDetails"/>
  <testcase name="basicDetails" time="153.284" classname="com.MCGAD_April23.tc.TC002_MCGADBasicDetails"/>
  <testcase name="basicDetails" time="154.042" classname="com.MCGAD_April23.tc.TC002_MCGADBasicDetails"/>
  <testcase name="basicDetails" time="153.129" classname="com.MCGAD_April23.tc.TC002_MCGADBasicDetails"/>
  <testcase name="basicDetails" time="153.296" classname="com.MCGAD_April23.tc.TC002_MCGADBasicDetails"/>
  <testcase name="basicDetails" time="153.037" classname="com.MCGAD_April23.tc.TC002_MCGADBasicDetails"/>
  <testcase name="basicDetails" time="5.749" classname="com.MCGAD_April23.tc.TC002_MCGADBasicDetails">
    <error type="org.openqa.selenium.InvalidElementStateException" message="invalid element state: Element is not currently interactable and may not be manipulated
  (Session info: chrome=113.0.5672.92)
Build info: version: &#039;3.141.0&#039;, revision: &#039;2ecb7d9a&#039;, time: &#039;2018-10-31T20:09:30&#039;
System info: host: &#039;MAA014482B&#039;, ip: &#039;124.7.228.19&#039;, os.name: &#039;Windows 10&#039;, os.arch: &#039;amd64&#039;, os.version: &#039;10.0&#039;, java.version: &#039;1.8.0_131&#039;
Driver info: org.openqa.selenium.chrome.ChromeDriver
Capabilities {acceptInsecureCerts: false, browserName: chrome, browserVersion: 113.0.5672.92, chrome: {chromedriverVersion: 112.0.5615.49 (bd2a7bcb881c..., userDataDir: C:\Users\016386\AppData\Loc...}, goog:chromeOptions: {debuggerAddress: localhost:53019}, javascriptEnabled: true, networkConnectionEnabled: false, pageLoadStrategy: normal, platform: WINDOWS, platformName: WINDOWS, proxy: Proxy(), setWindowRect: true, strictFileInteractability: false, timeouts: {implicit: 0, pageLoad: 300000, script: 30000}, unhandledPromptBehavior: dismiss and notify, webauthn:extension:credBlob: true, webauthn:extension:largeBlob: true, webauthn:extension:minPinLength: true, webauthn:extension:prf: true, webauthn:virtualAuthenticators: true}
Session ID: 80cda2b4abaaef27c0f3991a4b592309">
      <![CDATA[org.openqa.selenium.InvalidElementStateException: invalid element state: Element is not currently interactable and may not be manipulated
  (Session info: chrome=113.0.5672.92)
Build info: version: '3.141.0', revision: '2ecb7d9a', time: '2018-10-31T20:09:30'
System info: host: 'MAA014482B', ip: '124.7.228.19', os.name: 'Windows 10', os.arch: 'amd64', os.version: '10.0', java.version: '1.8.0_131'
Driver info: org.openqa.selenium.chrome.ChromeDriver
Capabilities {acceptInsecureCerts: false, browserName: chrome, browserVersion: 113.0.5672.92, chrome: {chromedriverVersion: 112.0.5615.49 (bd2a7bcb881c..., userDataDir: C:\Users\016386\AppData\Loc...}, goog:chromeOptions: {debuggerAddress: localhost:53019}, javascriptEnabled: true, networkConnectionEnabled: false, pageLoadStrategy: normal, platform: WINDOWS, platformName: WINDOWS, proxy: Proxy(), setWindowRect: true, strictFileInteractability: false, timeouts: {implicit: 0, pageLoad: 300000, script: 30000}, unhandledPromptBehavior: dismiss and notify, webauthn:extension:credBlob: true, webauthn:extension:largeBlob: true, webauthn:extension:minPinLength: true, webauthn:extension:prf: true, webauthn:virtualAuthenticators: true}
Session ID: 80cda2b4abaaef27c0f3991a4b592309
at sun.reflect.NativeConstructorAccessorImpl.newInstance0(Native Method)
at sun.reflect.NativeConstructorAccessorImpl.newInstance(Unknown Source)
at sun.reflect.DelegatingConstructorAccessorImpl.newInstance(Unknown Source)
at java.lang.reflect.Constructor.newInstance(Unknown Source)
at org.openqa.selenium.remote.http.W3CHttpResponseCodec.createException(W3CHttpResponseCodec.java:187)
at org.openqa.selenium.remote.http.W3CHttpResponseCodec.decode(W3CHttpResponseCodec.java:122)
at org.openqa.selenium.remote.http.W3CHttpResponseCodec.decode(W3CHttpResponseCodec.java:49)
at org.openqa.selenium.remote.HttpCommandExecutor.execute(HttpCommandExecutor.java:158)
at org.openqa.selenium.remote.service.DriverCommandExecutor.execute(DriverCommandExecutor.java:83)
at org.openqa.selenium.remote.RemoteWebDriver.execute(RemoteWebDriver.java:552)
at org.openqa.selenium.remote.RemoteWebElement.execute(RemoteWebElement.java:285)
at org.openqa.selenium.remote.RemoteWebElement.clear(RemoteWebElement.java:124)
at com.ibps.pages.PersonalDetailsPage.inputTextId(PersonalDetailsPage.java:436)
at com.MCGAD_April23.tc.TC002_MCGADBasicDetails.basicDetails(TC002_MCGADBasicDetails.java:50)
at sun.reflect.NativeMethodAccessorImpl.invoke0(Native Method)
at sun.reflect.NativeMethodAccessorImpl.invoke(Unknown Source)
at sun.reflect.DelegatingMethodAccessorImpl.invoke(Unknown Source)
at java.lang.reflect.Method.invoke(Unknown Source)
at org.testng.internal.MethodInvocationHelper.invokeMethod(MethodInvocationHelper.java:133)
at org.testng.internal.TestInvoker.invokeMethod(TestInvoker.java:584)
at org.testng.internal.TestInvoker.invokeTestMethod(TestInvoker.java:172)
at org.testng.internal.MethodRunner.runInSequence(MethodRunner.java:46)
at org.testng.internal.TestInvoker$MethodInvocationAgent.invoke(TestInvoker.java:804)
at org.testng.internal.TestInvoker.invokeTestMethods(TestInvoker.java:145)
at org.testng.internal.TestMethodWorker.invokeTestMethods(TestMethodWorker.java:146)
at org.testng.internal.TestMethodWorker.run(TestMethodWorker.java:128)
at java.util.concurrent.ThreadPoolExecutor.runWorker(Unknown Source)
at java.util.concurrent.ThreadPoolExecutor$Worker.run(Unknown Source)
at java.lang.Thread.run(Unknown Source)
]]>
    </error>
  </testcase> <!-- basicDetails -->
  <testcase name="basicDetails" time="154.805" classname="com.MCGAD_April23.tc.TC002_MCGADBasicDetails"/>
  <testcase name="basicDetails" time="152.608" classname="com.MCGAD_April23.tc.TC002_MCGADBasicDetails"/>
  <testcase name="basicDetails" time="152.723" classname="com.MCGAD_April23.tc.TC002_MCGADBasicDetails"/>
  <testcase name="basicDetails" time="152.450" classname="com.MCGAD_April23.tc.TC002_MCGADBasicDetails"/>
  <testcase name="basicDetails" time="152.862" classname="com.MCGAD_April23.tc.TC002_MCGADBasicDetails"/>
  <testcase name="basicDetails" time="153.058" classname="com.MCGAD_April23.tc.TC002_MCGADBasicDetails"/>
  <testcase name="basicDetails" time="153.486" classname="com.MCGAD_April23.tc.TC002_MCGADBasicDetails"/>
  <testcase name="basicDetails" time="154.194" classname="com.MCGAD_April23.tc.TC002_MCGADBasicDetails"/>
  <testcase name="basicDetails" time="152.710" classname="com.MCGAD_April23.tc.TC002_MCGADBasicDetails"/>
  <testcase name="basicDetails" time="152.953" classname="com.MCGAD_April23.tc.TC002_MCGADBasicDetails"/>
  <testcase name="basicDetails" time="153.418" classname="com.MCGAD_April23.tc.TC002_MCGADBasicDetails"/>
  <testcase name="basicDetails" time="154.058" classname="com.MCGAD_April23.tc.TC002_MCGADBasicDetails"/>
  <testcase name="basicDetails" time="5.736" classname="com.MCGAD_April23.tc.TC002_MCGADBasicDetails">
    <error type="org.openqa.selenium.InvalidElementStateException" message="invalid element state: Element is not currently interactable and may not be manipulated
  (Session info: chrome=113.0.5672.92)
Build info: version: &#039;3.141.0&#039;, revision: &#039;2ecb7d9a&#039;, time: &#039;2018-10-31T20:09:30&#039;
System info: host: &#039;MAA014482B&#039;, ip: &#039;124.7.228.19&#039;, os.name: &#039;Windows 10&#039;, os.arch: &#039;amd64&#039;, os.version: &#039;10.0&#039;, java.version: &#039;1.8.0_131&#039;
Driver info: org.openqa.selenium.chrome.ChromeDriver
Capabilities {acceptInsecureCerts: false, browserName: chrome, browserVersion: 113.0.5672.92, chrome: {chromedriverVersion: 112.0.5615.49 (bd2a7bcb881c..., userDataDir: C:\Users\016386\AppData\Loc...}, goog:chromeOptions: {debuggerAddress: localhost:53019}, javascriptEnabled: true, networkConnectionEnabled: false, pageLoadStrategy: normal, platform: WINDOWS, platformName: WINDOWS, proxy: Proxy(), setWindowRect: true, strictFileInteractability: false, timeouts: {implicit: 0, pageLoad: 300000, script: 30000}, unhandledPromptBehavior: dismiss and notify, webauthn:extension:credBlob: true, webauthn:extension:largeBlob: true, webauthn:extension:minPinLength: true, webauthn:extension:prf: true, webauthn:virtualAuthenticators: true}
Session ID: 80cda2b4abaaef27c0f3991a4b592309">
      <![CDATA[org.openqa.selenium.InvalidElementStateException: invalid element state: Element is not currently interactable and may not be manipulated
  (Session info: chrome=113.0.5672.92)
Build info: version: '3.141.0', revision: '2ecb7d9a', time: '2018-10-31T20:09:30'
System info: host: 'MAA014482B', ip: '124.7.228.19', os.name: 'Windows 10', os.arch: 'amd64', os.version: '10.0', java.version: '1.8.0_131'
Driver info: org.openqa.selenium.chrome.ChromeDriver
Capabilities {acceptInsecureCerts: false, browserName: chrome, browserVersion: 113.0.5672.92, chrome: {chromedriverVersion: 112.0.5615.49 (bd2a7bcb881c..., userDataDir: C:\Users\016386\AppData\Loc...}, goog:chromeOptions: {debuggerAddress: localhost:53019}, javascriptEnabled: true, networkConnectionEnabled: false, pageLoadStrategy: normal, platform: WINDOWS, platformName: WINDOWS, proxy: Proxy(), setWindowRect: true, strictFileInteractability: false, timeouts: {implicit: 0, pageLoad: 300000, script: 30000}, unhandledPromptBehavior: dismiss and notify, webauthn:extension:credBlob: true, webauthn:extension:largeBlob: true, webauthn:extension:minPinLength: true, webauthn:extension:prf: true, webauthn:virtualAuthenticators: true}
Session ID: 80cda2b4abaaef27c0f3991a4b592309
at sun.reflect.NativeConstructorAccessorImpl.newInstance0(Native Method)
at sun.reflect.NativeConstructorAccessorImpl.newInstance(Unknown Source)
at sun.reflect.DelegatingConstructorAccessorImpl.newInstance(Unknown Source)
at java.lang.reflect.Constructor.newInstance(Unknown Source)
at org.openqa.selenium.remote.http.W3CHttpResponseCodec.createException(W3CHttpResponseCodec.java:187)
at org.openqa.selenium.remote.http.W3CHttpResponseCodec.decode(W3CHttpResponseCodec.java:122)
at org.openqa.selenium.remote.http.W3CHttpResponseCodec.decode(W3CHttpResponseCodec.java:49)
at org.openqa.selenium.remote.HttpCommandExecutor.execute(HttpCommandExecutor.java:158)
at org.openqa.selenium.remote.service.DriverCommandExecutor.execute(DriverCommandExecutor.java:83)
at org.openqa.selenium.remote.RemoteWebDriver.execute(RemoteWebDriver.java:552)
at org.openqa.selenium.remote.RemoteWebElement.execute(RemoteWebElement.java:285)
at org.openqa.selenium.remote.RemoteWebElement.clear(RemoteWebElement.java:124)
at com.ibps.pages.PersonalDetailsPage.inputTextId(PersonalDetailsPage.java:436)
at com.MCGAD_April23.tc.TC002_MCGADBasicDetails.basicDetails(TC002_MCGADBasicDetails.java:50)
at sun.reflect.GeneratedMethodAccessor6.invoke(Unknown Source)
at sun.reflect.DelegatingMethodAccessorImpl.invoke(Unknown Source)
at java.lang.reflect.Method.invoke(Unknown Source)
at org.testng.internal.MethodInvocationHelper.invokeMethod(MethodInvocationHelper.java:133)
at org.testng.internal.TestInvoker.invokeMethod(TestInvoker.java:584)
at org.testng.internal.TestInvoker.invokeTestMethod(TestInvoker.java:172)
at org.testng.internal.MethodRunner.runInSequence(MethodRunner.java:46)
at org.testng.internal.TestInvoker$MethodInvocationAgent.invoke(TestInvoker.java:804)
at org.testng.internal.TestInvoker.invokeTestMethods(TestInvoker.java:145)
at org.testng.internal.TestMethodWorker.invokeTestMethods(TestMethodWorker.java:146)
at org.testng.internal.TestMethodWorker.run(TestMethodWorker.java:128)
at java.util.concurrent.ThreadPoolExecutor.runWorker(Unknown Source)
at java.util.concurrent.ThreadPoolExecutor$Worker.run(Unknown Source)
at java.lang.Thread.run(Unknown Source)
]]>
    </error>
  </testcase> <!-- basicDetails -->
  <testcase name="basicDetails" time="161.824" classname="com.MCGAD_April23.tc.TC002_MCGADBasicDetails"/>
  <testcase name="basicDetails" time="153.718" classname="com.MCGAD_April23.tc.TC002_MCGADBasicDetails"/>
  <testcase name="basicDetails" time="152.991" classname="com.MCGAD_April23.tc.TC002_MCGADBasicDetails"/>
  <testcase name="basicDetails" time="152.897" classname="com.MCGAD_April23.tc.TC002_MCGADBasicDetails"/>
  <testcase name="basicDetails" time="153.350" classname="com.MCGAD_April23.tc.TC002_MCGADBasicDetails"/>
  <testcase name="basicDetails" time="154.955" classname="com.MCGAD_April23.tc.TC002_MCGADBasicDetails"/>
  <testcase name="basicDetails" time="153.088" classname="com.MCGAD_April23.tc.TC002_MCGADBasicDetails"/>
  <testcase name="basicDetails" time="153.105" classname="com.MCGAD_April23.tc.TC002_MCGADBasicDetails"/>
  <testcase name="basicDetails" time="153.311" classname="com.MCGAD_April23.tc.TC002_MCGADBasicDetails"/>
  <testcase name="basicDetails" time="152.740" classname="com.MCGAD_April23.tc.TC002_MCGADBasicDetails"/>
  <testcase name="basicDetails" time="153.829" classname="com.MCGAD_April23.tc.TC002_MCGADBasicDetails"/>
</testsuite> <!-- com.MCGAD_April23.tc.TC002_MCGADBasicDetails -->
