<?xml version="1.0" encoding="UTF-8"?>
<!-- Generated by org.testng.reporters.JUnitReportReporter -->
<testsuite skipped="0" hostname="MAA014482B" name="com.NSIL_19July22.tc.TC003_NSILBasicDetails" tests="32" failures="0" timestamp="2022-08-23T17:28:14 IST" time="4950.069" errors="1">
  <testcase name="basicDetails" time="160.222" classname="com.NSIL_19July22.tc.TC003_NSILBasicDetails"/>
  <testcase name="basicDetails" time="158.473" classname="com.NSIL_19July22.tc.TC003_NSILBasicDetails"/>
  <testcase name="basicDetails" time="157.650" classname="com.NSIL_19July22.tc.TC003_NSILBasicDetails"/>
  <testcase name="basicDetails" time="159.445" classname="com.NSIL_19July22.tc.TC003_NSILBasicDetails"/>
  <testcase name="basicDetails" time="157.866" classname="com.NSIL_19July22.tc.TC003_NSILBasicDetails"/>
  <testcase name="basicDetails" time="158.358" classname="com.NSIL_19July22.tc.TC003_NSILBasicDetails"/>
  <testcase name="basicDetails" time="158.356" classname="com.NSIL_19July22.tc.TC003_NSILBasicDetails"/>
  <testcase name="basicDetails" time="158.536" classname="com.NSIL_19July22.tc.TC003_NSILBasicDetails"/>
  <testcase name="basicDetails" time="159.836" classname="com.NSIL_19July22.tc.TC003_NSILBasicDetails"/>
  <testcase name="basicDetails" time="159.682" classname="com.NSIL_19July22.tc.TC003_NSILBasicDetails"/>
  <testcase name="basicDetails" time="158.204" classname="com.NSIL_19July22.tc.TC003_NSILBasicDetails"/>
  <testcase name="basicDetails" time="158.610" classname="com.NSIL_19July22.tc.TC003_NSILBasicDetails"/>
  <testcase name="basicDetails" time="158.364" classname="com.NSIL_19July22.tc.TC003_NSILBasicDetails"/>
  <testcase name="basicDetails" time="161.289" classname="com.NSIL_19July22.tc.TC003_NSILBasicDetails"/>
  <testcase name="basicDetails" time="159.042" classname="com.NSIL_19July22.tc.TC003_NSILBasicDetails"/>
  <testcase name="basicDetails" time="158.555" classname="com.NSIL_19July22.tc.TC003_NSILBasicDetails"/>
  <testcase name="basicDetails" time="30.188" classname="com.NSIL_19July22.tc.TC003_NSILBasicDetails">
    <error type="org.openqa.selenium.UnhandledAlertException" message="unexpected alert open: {Alert text : Date Of Birth should be between 01/09/1967 to 31/08/2001}
  (Session info: chrome=104.0.5112.102): Date Of Birth should be between 01/09/1967 to 31/08/2001
Build info: version: &#039;3.141.0&#039;, revision: &#039;2ecb7d9a&#039;, time: &#039;2018-10-31T20:09:30&#039;
System info: host: &#039;MAA014482B&#039;, ip: &#039;124.7.228.19&#039;, os.name: &#039;Windows 10&#039;, os.arch: &#039;amd64&#039;, os.version: &#039;10.0&#039;, java.version: &#039;1.8.0_131&#039;
Driver info: org.openqa.selenium.chrome.ChromeDriver
Capabilities {acceptInsecureCerts: false, browserName: chrome, browserVersion: 104.0.5112.102, chrome: {chromedriverVersion: 104.0.5112.79 (3cf3e8c8a07d..., userDataDir: C:\Users\016386\AppData\Loc...}, goog:chromeOptions: {debuggerAddress: localhost:64110}, javascriptEnabled: true, networkConnectionEnabled: false, pageLoadStrategy: normal, platform: WINDOWS, platformName: WINDOWS, proxy: Proxy(), setWindowRect: true, strictFileInteractability: false, timeouts: {implicit: 0, pageLoad: 300000, script: 30000}, unhandledPromptBehavior: dismiss and notify, webauthn:extension:credBlob: true, webauthn:extension:largeBlob: true, webauthn:virtualAuthenticators: true}
Session ID: 13a32e23d5c7402575868ef1bc5dfb58
*** Element info: {Using=id, value=seldobyear}">
      <![CDATA[org.openqa.selenium.UnhandledAlertException: unexpected alert open: {Alert text : Date Of Birth should be between 01/09/1967 to 31/08/2001}
  (Session info: chrome=104.0.5112.102): Date Of Birth should be between 01/09/1967 to 31/08/2001
Build info: version: '3.141.0', revision: '2ecb7d9a', time: '2018-10-31T20:09:30'
System info: host: 'MAA014482B', ip: '124.7.228.19', os.name: 'Windows 10', os.arch: 'amd64', os.version: '10.0', java.version: '1.8.0_131'
Driver info: org.openqa.selenium.chrome.ChromeDriver
Capabilities {acceptInsecureCerts: false, browserName: chrome, browserVersion: 104.0.5112.102, chrome: {chromedriverVersion: 104.0.5112.79 (3cf3e8c8a07d..., userDataDir: C:\Users\016386\AppData\Loc...}, goog:chromeOptions: {debuggerAddress: localhost:64110}, javascriptEnabled: true, networkConnectionEnabled: false, pageLoadStrategy: normal, platform: WINDOWS, platformName: WINDOWS, proxy: Proxy(), setWindowRect: true, strictFileInteractability: false, timeouts: {implicit: 0, pageLoad: 300000, script: 30000}, unhandledPromptBehavior: dismiss and notify, webauthn:extension:credBlob: true, webauthn:extension:largeBlob: true, webauthn:virtualAuthenticators: true}
Session ID: 13a32e23d5c7402575868ef1bc5dfb58
*** Element info: {Using=id, value=seldobyear}
at org.openqa.selenium.remote.http.W3CHttpResponseCodec.decode(W3CHttpResponseCodec.java:120)
at org.openqa.selenium.remote.http.W3CHttpResponseCodec.decode(W3CHttpResponseCodec.java:49)
at org.openqa.selenium.remote.HttpCommandExecutor.execute(HttpCommandExecutor.java:158)
at org.openqa.selenium.remote.service.DriverCommandExecutor.execute(DriverCommandExecutor.java:83)
at org.openqa.selenium.remote.RemoteWebDriver.execute(RemoteWebDriver.java:552)
at org.openqa.selenium.remote.RemoteWebDriver.findElement(RemoteWebDriver.java:323)
at org.openqa.selenium.remote.RemoteWebDriver.findElementById(RemoteWebDriver.java:372)
at org.openqa.selenium.By$ById.findElement(By.java:188)
at org.openqa.selenium.remote.RemoteWebDriver.findElement(RemoteWebDriver.java:315)
at lib.selenium.WebDriverServiceImpl.dropDownDefaultValue(WebDriverServiceImpl.java:717)
at lib.selenium.WebDriverServiceImpl.agevalidator_max(WebDriverServiceImpl.java:828)
at com.ibps.pages.PersonalDetailsPage.ageValidatorMax(PersonalDetailsPage.java:329)
at com.NSIL_19July22.tc.TC003_NSILBasicDetails.basicDetails(TC003_NSILBasicDetails.java:54)
at sun.reflect.NativeMethodAccessorImpl.invoke0(Native Method)
at sun.reflect.NativeMethodAccessorImpl.invoke(Unknown Source)
at sun.reflect.DelegatingMethodAccessorImpl.invoke(Unknown Source)
at java.lang.reflect.Method.invoke(Unknown Source)
at org.testng.internal.MethodInvocationHelper.invokeMethod(MethodInvocationHelper.java:133)
at org.testng.internal.TestInvoker.invokeMethod(TestInvoker.java:584)
at org.testng.internal.TestInvoker.invokeTestMethod(TestInvoker.java:172)
at org.testng.internal.MethodRunner.runInSequence(MethodRunner.java:46)
at org.testng.internal.TestInvoker$MethodInvocationAgent.invoke(TestInvoker.java:804)
at org.testng.internal.TestInvoker.invokeTestMethods(TestInvoker.java:145)
at org.testng.internal.TestMethodWorker.invokeTestMethods(TestMethodWorker.java:146)
at org.testng.internal.TestMethodWorker.run(TestMethodWorker.java:128)
at java.util.concurrent.ThreadPoolExecutor.runWorker(Unknown Source)
at java.util.concurrent.ThreadPoolExecutor$Worker.run(Unknown Source)
at java.lang.Thread.run(Unknown Source)
]]>
    </error>
  </testcase> <!-- basicDetails -->
  <testcase name="basicDetails" time="158.309" classname="com.NSIL_19July22.tc.TC003_NSILBasicDetails"/>
  <testcase name="basicDetails" time="158.311" classname="com.NSIL_19July22.tc.TC003_NSILBasicDetails"/>
  <testcase name="basicDetails" time="158.642" classname="com.NSIL_19July22.tc.TC003_NSILBasicDetails"/>
  <testcase name="basicDetails" time="158.378" classname="com.NSIL_19July22.tc.TC003_NSILBasicDetails"/>
  <testcase name="basicDetails" time="158.523" classname="com.NSIL_19July22.tc.TC003_NSILBasicDetails"/>
  <testcase name="basicDetails" time="158.623" classname="com.NSIL_19July22.tc.TC003_NSILBasicDetails"/>
  <testcase name="basicDetails" time="158.139" classname="com.NSIL_19July22.tc.TC003_NSILBasicDetails"/>
  <testcase name="basicDetails" time="158.279" classname="com.NSIL_19July22.tc.TC003_NSILBasicDetails"/>
  <testcase name="basicDetails" time="158.347" classname="com.NSIL_19July22.tc.TC003_NSILBasicDetails"/>
  <testcase name="basicDetails" time="158.372" classname="com.NSIL_19July22.tc.TC003_NSILBasicDetails"/>
  <testcase name="basicDetails" time="160.256" classname="com.NSIL_19July22.tc.TC003_NSILBasicDetails"/>
  <testcase name="basicDetails" time="158.421" classname="com.NSIL_19July22.tc.TC003_NSILBasicDetails"/>
  <testcase name="basicDetails" time="158.249" classname="com.NSIL_19July22.tc.TC003_NSILBasicDetails"/>
  <testcase name="basicDetails" time="158.067" classname="com.NSIL_19July22.tc.TC003_NSILBasicDetails"/>
  <testcase name="basicDetails" time="158.477" classname="com.NSIL_19July22.tc.TC003_NSILBasicDetails"/>
</testsuite> <!-- com.NSIL_19July22.tc.TC003_NSILBasicDetails -->
