<?xml version="1.0" encoding="UTF-8"?>
<!-- Generated by org.testng.reporters.JUnitReportReporter -->
<testsuite skipped="0" hostname="MAA014482B" name="com.BOKARO.tc.TC004_BSPBasicDetails" tests="100" failures="0" timestamp="2023-03-22T01:51:27 IST" time="16175.135" errors="2">
  <testcase name="basicDetails" time="162.128" classname="com.BOKARO.tc.TC004_BSPBasicDetails"/>
  <testcase name="basicDetails" time="160.422" classname="com.BOKARO.tc.TC004_BSPBasicDetails"/>
  <testcase name="basicDetails" time="162.320" classname="com.BOKARO.tc.TC004_BSPBasicDetails"/>
  <testcase name="basicDetails" time="162.389" classname="com.BOKARO.tc.TC004_BSPBasicDetails"/>
  <testcase name="basicDetails" time="163.069" classname="com.BOKARO.tc.TC004_BSPBasicDetails"/>
  <testcase name="basicDetails" time="162.346" classname="com.BOKARO.tc.TC004_BSPBasicDetails"/>
  <testcase name="basicDetails" time="161.820" classname="com.BOKARO.tc.TC004_BSPBasicDetails"/>
  <testcase name="basicDetails" time="162.359" classname="com.BOKARO.tc.TC004_BSPBasicDetails"/>
  <testcase name="basicDetails" time="162.128" classname="com.BOKARO.tc.TC004_BSPBasicDetails"/>
  <testcase name="basicDetails" time="162.394" classname="com.BOKARO.tc.TC004_BSPBasicDetails"/>
  <testcase name="basicDetails" time="162.365" classname="com.BOKARO.tc.TC004_BSPBasicDetails"/>
  <testcase name="basicDetails" time="162.596" classname="com.BOKARO.tc.TC004_BSPBasicDetails"/>
  <testcase name="basicDetails" time="162.396" classname="com.BOKARO.tc.TC004_BSPBasicDetails"/>
  <testcase name="basicDetails" time="162.662" classname="com.BOKARO.tc.TC004_BSPBasicDetails"/>
  <testcase name="basicDetails" time="162.489" classname="com.BOKARO.tc.TC004_BSPBasicDetails"/>
  <testcase name="basicDetails" time="162.390" classname="com.BOKARO.tc.TC004_BSPBasicDetails"/>
  <testcase name="basicDetails" time="161.326" classname="com.BOKARO.tc.TC004_BSPBasicDetails"/>
  <testcase name="basicDetails" time="162.998" classname="com.BOKARO.tc.TC004_BSPBasicDetails"/>
  <testcase name="basicDetails" time="162.932" classname="com.BOKARO.tc.TC004_BSPBasicDetails"/>
  <testcase name="basicDetails" time="160.910" classname="com.BOKARO.tc.TC004_BSPBasicDetails"/>
  <testcase name="basicDetails" time="162.303" classname="com.BOKARO.tc.TC004_BSPBasicDetails"/>
  <testcase name="basicDetails" time="161.232" classname="com.BOKARO.tc.TC004_BSPBasicDetails"/>
  <testcase name="basicDetails" time="162.517" classname="com.BOKARO.tc.TC004_BSPBasicDetails"/>
  <testcase name="basicDetails" time="162.905" classname="com.BOKARO.tc.TC004_BSPBasicDetails"/>
  <testcase name="basicDetails" time="163.434" classname="com.BOKARO.tc.TC004_BSPBasicDetails"/>
  <testcase name="basicDetails" time="161.607" classname="com.BOKARO.tc.TC004_BSPBasicDetails"/>
  <testcase name="basicDetails" time="162.331" classname="com.BOKARO.tc.TC004_BSPBasicDetails"/>
  <testcase name="basicDetails" time="159.337" classname="com.BOKARO.tc.TC004_BSPBasicDetails"/>
  <testcase name="basicDetails" time="162.366" classname="com.BOKARO.tc.TC004_BSPBasicDetails"/>
  <testcase name="basicDetails" time="162.058" classname="com.BOKARO.tc.TC004_BSPBasicDetails"/>
  <testcase name="basicDetails" time="162.517" classname="com.BOKARO.tc.TC004_BSPBasicDetails"/>
  <testcase name="basicDetails" time="161.214" classname="com.BOKARO.tc.TC004_BSPBasicDetails"/>
  <testcase name="basicDetails" time="162.396" classname="com.BOKARO.tc.TC004_BSPBasicDetails"/>
  <testcase name="basicDetails" time="163.277" classname="com.BOKARO.tc.TC004_BSPBasicDetails"/>
  <testcase name="basicDetails" time="162.363" classname="com.BOKARO.tc.TC004_BSPBasicDetails"/>
  <testcase name="basicDetails" time="162.456" classname="com.BOKARO.tc.TC004_BSPBasicDetails"/>
  <testcase name="basicDetails" time="146.025" classname="com.BOKARO.tc.TC004_BSPBasicDetails">
    <error type="org.openqa.selenium.UnhandledAlertException" message="unexpected alert open: {Alert text : Date Of Birth should be between 08/04/1972 to 07/04/2005}
  (Session info: chrome=110.0.5481.178): Date Of Birth should be between 08/04/1972 to 07/04/2005
Build info: version: &#039;3.141.0&#039;, revision: &#039;2ecb7d9a&#039;, time: &#039;2018-10-31T20:09:30&#039;
System info: host: &#039;MAA014482B&#039;, ip: &#039;124.7.228.19&#039;, os.name: &#039;Windows 10&#039;, os.arch: &#039;amd64&#039;, os.version: &#039;10.0&#039;, java.version: &#039;1.8.0_131&#039;
Driver info: org.openqa.selenium.chrome.ChromeDriver
Capabilities {acceptInsecureCerts: false, browserName: chrome, browserVersion: 110.0.5481.178, chrome: {chromedriverVersion: 110.0.5481.77 (65ed616c6e8e..., userDataDir: C:\Users\016386\AppData\Loc...}, goog:chromeOptions: {debuggerAddress: localhost:60183}, javascriptEnabled: true, networkConnectionEnabled: false, pageLoadStrategy: normal, platform: WINDOWS, platformName: WINDOWS, proxy: Proxy(), setWindowRect: true, strictFileInteractability: false, timeouts: {implicit: 0, pageLoad: 300000, script: 30000}, unhandledPromptBehavior: dismiss and notify, webauthn:extension:credBlob: true, webauthn:extension:largeBlob: true, webauthn:virtualAuthenticators: true}
Session ID: c8203f8ef1bf18c835704b97fc4c7167
*** Element info: {Using=id, value=txtage}">
      <![CDATA[org.openqa.selenium.UnhandledAlertException: unexpected alert open: {Alert text : Date Of Birth should be between 08/04/1972 to 07/04/2005}
  (Session info: chrome=110.0.5481.178): Date Of Birth should be between 08/04/1972 to 07/04/2005
Build info: version: '3.141.0', revision: '2ecb7d9a', time: '2018-10-31T20:09:30'
System info: host: 'MAA014482B', ip: '124.7.228.19', os.name: 'Windows 10', os.arch: 'amd64', os.version: '10.0', java.version: '1.8.0_131'
Driver info: org.openqa.selenium.chrome.ChromeDriver
Capabilities {acceptInsecureCerts: false, browserName: chrome, browserVersion: 110.0.5481.178, chrome: {chromedriverVersion: 110.0.5481.77 (65ed616c6e8e..., userDataDir: C:\Users\016386\AppData\Loc...}, goog:chromeOptions: {debuggerAddress: localhost:60183}, javascriptEnabled: true, networkConnectionEnabled: false, pageLoadStrategy: normal, platform: WINDOWS, platformName: WINDOWS, proxy: Proxy(), setWindowRect: true, strictFileInteractability: false, timeouts: {implicit: 0, pageLoad: 300000, script: 30000}, unhandledPromptBehavior: dismiss and notify, webauthn:extension:credBlob: true, webauthn:extension:largeBlob: true, webauthn:virtualAuthenticators: true}
Session ID: c8203f8ef1bf18c835704b97fc4c7167
*** Element info: {Using=id, value=txtage}
at org.openqa.selenium.remote.http.W3CHttpResponseCodec.decode(W3CHttpResponseCodec.java:120)
at org.openqa.selenium.remote.http.W3CHttpResponseCodec.decode(W3CHttpResponseCodec.java:49)
at org.openqa.selenium.remote.HttpCommandExecutor.execute(HttpCommandExecutor.java:158)
at org.openqa.selenium.remote.service.DriverCommandExecutor.execute(DriverCommandExecutor.java:83)
at org.openqa.selenium.remote.RemoteWebDriver.execute(RemoteWebDriver.java:552)
at org.openqa.selenium.remote.RemoteWebDriver.findElement(RemoteWebDriver.java:323)
at org.openqa.selenium.remote.RemoteWebDriver.findElementById(RemoteWebDriver.java:372)
at org.openqa.selenium.By$ById.findElement(By.java:188)
at org.openqa.selenium.remote.RemoteWebDriver.findElement(RemoteWebDriver.java:315)
at lib.selenium.WebDriverServiceImpl.agevalidator_asondate(WebDriverServiceImpl.java:1249)
at com.ibps.pages.PersonalDetailsPage.ageValidatorAsOnDate(PersonalDetailsPage.java:343)
at com.BOKARO.tc.TC004_BSPBasicDetails.basicDetails(TC004_BSPBasicDetails.java:62)
at sun.reflect.GeneratedMethodAccessor6.invoke(Unknown Source)
at sun.reflect.DelegatingMethodAccessorImpl.invoke(Unknown Source)
at java.lang.reflect.Method.invoke(Unknown Source)
at org.testng.internal.MethodInvocationHelper.invokeMethod(MethodInvocationHelper.java:133)
at org.testng.internal.TestInvoker.invokeMethod(TestInvoker.java:584)
at org.testng.internal.TestInvoker.invokeTestMethod(TestInvoker.java:172)
at org.testng.internal.MethodRunner.runInSequence(MethodRunner.java:46)
at org.testng.internal.TestInvoker$MethodInvocationAgent.invoke(TestInvoker.java:804)
at org.testng.internal.TestInvoker.invokeTestMethods(TestInvoker.java:145)
at org.testng.internal.TestMethodWorker.invokeTestMethods(TestMethodWorker.java:146)
at org.testng.internal.TestMethodWorker.run(TestMethodWorker.java:128)
at java.util.concurrent.ThreadPoolExecutor.runWorker(Unknown Source)
at java.util.concurrent.ThreadPoolExecutor$Worker.run(Unknown Source)
at java.lang.Thread.run(Unknown Source)
]]>
    </error>
  </testcase> <!-- basicDetails -->
  <testcase name="basicDetails" time="161.201" classname="com.BOKARO.tc.TC004_BSPBasicDetails"/>
  <testcase name="basicDetails" time="160.263" classname="com.BOKARO.tc.TC004_BSPBasicDetails"/>
  <testcase name="basicDetails" time="161.077" classname="com.BOKARO.tc.TC004_BSPBasicDetails"/>
  <testcase name="basicDetails" time="162.991" classname="com.BOKARO.tc.TC004_BSPBasicDetails"/>
  <testcase name="basicDetails" time="162.834" classname="com.BOKARO.tc.TC004_BSPBasicDetails"/>
  <testcase name="basicDetails" time="162.237" classname="com.BOKARO.tc.TC004_BSPBasicDetails"/>
  <testcase name="basicDetails" time="162.401" classname="com.BOKARO.tc.TC004_BSPBasicDetails"/>
  <testcase name="basicDetails" time="162.465" classname="com.BOKARO.tc.TC004_BSPBasicDetails"/>
  <testcase name="basicDetails" time="158.664" classname="com.BOKARO.tc.TC004_BSPBasicDetails"/>
  <testcase name="basicDetails" time="162.665" classname="com.BOKARO.tc.TC004_BSPBasicDetails"/>
  <testcase name="basicDetails" time="161.782" classname="com.BOKARO.tc.TC004_BSPBasicDetails"/>
  <testcase name="basicDetails" time="161.234" classname="com.BOKARO.tc.TC004_BSPBasicDetails"/>
  <testcase name="basicDetails" time="162.486" classname="com.BOKARO.tc.TC004_BSPBasicDetails"/>
  <testcase name="basicDetails" time="162.623" classname="com.BOKARO.tc.TC004_BSPBasicDetails"/>
  <testcase name="basicDetails" time="162.615" classname="com.BOKARO.tc.TC004_BSPBasicDetails"/>
  <testcase name="basicDetails" time="162.812" classname="com.BOKARO.tc.TC004_BSPBasicDetails"/>
  <testcase name="basicDetails" time="162.728" classname="com.BOKARO.tc.TC004_BSPBasicDetails"/>
  <testcase name="basicDetails" time="161.065" classname="com.BOKARO.tc.TC004_BSPBasicDetails"/>
  <testcase name="basicDetails" time="160.205" classname="com.BOKARO.tc.TC004_BSPBasicDetails"/>
  <testcase name="basicDetails" time="162.419" classname="com.BOKARO.tc.TC004_BSPBasicDetails"/>
  <testcase name="basicDetails" time="162.502" classname="com.BOKARO.tc.TC004_BSPBasicDetails"/>
  <testcase name="basicDetails" time="162.113" classname="com.BOKARO.tc.TC004_BSPBasicDetails"/>
  <testcase name="basicDetails" time="162.455" classname="com.BOKARO.tc.TC004_BSPBasicDetails"/>
  <testcase name="basicDetails" time="162.949" classname="com.BOKARO.tc.TC004_BSPBasicDetails"/>
  <testcase name="basicDetails" time="161.399" classname="com.BOKARO.tc.TC004_BSPBasicDetails"/>
  <testcase name="basicDetails" time="162.986" classname="com.BOKARO.tc.TC004_BSPBasicDetails"/>
  <testcase name="basicDetails" time="162.511" classname="com.BOKARO.tc.TC004_BSPBasicDetails"/>
  <testcase name="basicDetails" time="162.302" classname="com.BOKARO.tc.TC004_BSPBasicDetails"/>
  <testcase name="basicDetails" time="162.209" classname="com.BOKARO.tc.TC004_BSPBasicDetails"/>
  <testcase name="basicDetails" time="162.514" classname="com.BOKARO.tc.TC004_BSPBasicDetails"/>
  <testcase name="basicDetails" time="158.711" classname="com.BOKARO.tc.TC004_BSPBasicDetails"/>
  <testcase name="basicDetails" time="162.666" classname="com.BOKARO.tc.TC004_BSPBasicDetails"/>
  <testcase name="basicDetails" time="158.558" classname="com.BOKARO.tc.TC004_BSPBasicDetails"/>
  <testcase name="basicDetails" time="162.867" classname="com.BOKARO.tc.TC004_BSPBasicDetails"/>
  <testcase name="basicDetails" time="163.081" classname="com.BOKARO.tc.TC004_BSPBasicDetails"/>
  <testcase name="basicDetails" time="162.189" classname="com.BOKARO.tc.TC004_BSPBasicDetails"/>
  <testcase name="basicDetails" time="159.314" classname="com.BOKARO.tc.TC004_BSPBasicDetails"/>
  <testcase name="basicDetails" time="162.540" classname="com.BOKARO.tc.TC004_BSPBasicDetails"/>
  <testcase name="basicDetails" time="162.363" classname="com.BOKARO.tc.TC004_BSPBasicDetails"/>
  <testcase name="basicDetails" time="162.716" classname="com.BOKARO.tc.TC004_BSPBasicDetails"/>
  <testcase name="basicDetails" time="162.531" classname="com.BOKARO.tc.TC004_BSPBasicDetails"/>
  <testcase name="basicDetails" time="162.627" classname="com.BOKARO.tc.TC004_BSPBasicDetails"/>
  <testcase name="basicDetails" time="162.196" classname="com.BOKARO.tc.TC004_BSPBasicDetails"/>
  <testcase name="basicDetails" time="162.875" classname="com.BOKARO.tc.TC004_BSPBasicDetails"/>
  <testcase name="basicDetails" time="162.657" classname="com.BOKARO.tc.TC004_BSPBasicDetails"/>
  <testcase name="basicDetails" time="162.668" classname="com.BOKARO.tc.TC004_BSPBasicDetails"/>
  <testcase name="basicDetails" time="145.405" classname="com.BOKARO.tc.TC004_BSPBasicDetails">
    <error type="org.openqa.selenium.UnhandledAlertException" message="unexpected alert open: {Alert text : Date Of Birth should be between 08/04/1972 to 07/04/2005}
  (Session info: chrome=110.0.5481.178): Date Of Birth should be between 08/04/1972 to 07/04/2005
Build info: version: &#039;3.141.0&#039;, revision: &#039;2ecb7d9a&#039;, time: &#039;2018-10-31T20:09:30&#039;
System info: host: &#039;MAA014482B&#039;, ip: &#039;124.7.228.19&#039;, os.name: &#039;Windows 10&#039;, os.arch: &#039;amd64&#039;, os.version: &#039;10.0&#039;, java.version: &#039;1.8.0_131&#039;
Driver info: org.openqa.selenium.chrome.ChromeDriver
Capabilities {acceptInsecureCerts: false, browserName: chrome, browserVersion: 110.0.5481.178, chrome: {chromedriverVersion: 110.0.5481.77 (65ed616c6e8e..., userDataDir: C:\Users\016386\AppData\Loc...}, goog:chromeOptions: {debuggerAddress: localhost:60183}, javascriptEnabled: true, networkConnectionEnabled: false, pageLoadStrategy: normal, platform: WINDOWS, platformName: WINDOWS, proxy: Proxy(), setWindowRect: true, strictFileInteractability: false, timeouts: {implicit: 0, pageLoad: 300000, script: 30000}, unhandledPromptBehavior: dismiss and notify, webauthn:extension:credBlob: true, webauthn:extension:largeBlob: true, webauthn:virtualAuthenticators: true}
Session ID: c8203f8ef1bf18c835704b97fc4c7167
*** Element info: {Using=id, value=txtage}">
      <![CDATA[org.openqa.selenium.UnhandledAlertException: unexpected alert open: {Alert text : Date Of Birth should be between 08/04/1972 to 07/04/2005}
  (Session info: chrome=110.0.5481.178): Date Of Birth should be between 08/04/1972 to 07/04/2005
Build info: version: '3.141.0', revision: '2ecb7d9a', time: '2018-10-31T20:09:30'
System info: host: 'MAA014482B', ip: '124.7.228.19', os.name: 'Windows 10', os.arch: 'amd64', os.version: '10.0', java.version: '1.8.0_131'
Driver info: org.openqa.selenium.chrome.ChromeDriver
Capabilities {acceptInsecureCerts: false, browserName: chrome, browserVersion: 110.0.5481.178, chrome: {chromedriverVersion: 110.0.5481.77 (65ed616c6e8e..., userDataDir: C:\Users\016386\AppData\Loc...}, goog:chromeOptions: {debuggerAddress: localhost:60183}, javascriptEnabled: true, networkConnectionEnabled: false, pageLoadStrategy: normal, platform: WINDOWS, platformName: WINDOWS, proxy: Proxy(), setWindowRect: true, strictFileInteractability: false, timeouts: {implicit: 0, pageLoad: 300000, script: 30000}, unhandledPromptBehavior: dismiss and notify, webauthn:extension:credBlob: true, webauthn:extension:largeBlob: true, webauthn:virtualAuthenticators: true}
Session ID: c8203f8ef1bf18c835704b97fc4c7167
*** Element info: {Using=id, value=txtage}
at org.openqa.selenium.remote.http.W3CHttpResponseCodec.decode(W3CHttpResponseCodec.java:120)
at org.openqa.selenium.remote.http.W3CHttpResponseCodec.decode(W3CHttpResponseCodec.java:49)
at org.openqa.selenium.remote.HttpCommandExecutor.execute(HttpCommandExecutor.java:158)
at org.openqa.selenium.remote.service.DriverCommandExecutor.execute(DriverCommandExecutor.java:83)
at org.openqa.selenium.remote.RemoteWebDriver.execute(RemoteWebDriver.java:552)
at org.openqa.selenium.remote.RemoteWebDriver.findElement(RemoteWebDriver.java:323)
at org.openqa.selenium.remote.RemoteWebDriver.findElementById(RemoteWebDriver.java:372)
at org.openqa.selenium.By$ById.findElement(By.java:188)
at org.openqa.selenium.remote.RemoteWebDriver.findElement(RemoteWebDriver.java:315)
at lib.selenium.WebDriverServiceImpl.agevalidator_asondate(WebDriverServiceImpl.java:1249)
at com.ibps.pages.PersonalDetailsPage.ageValidatorAsOnDate(PersonalDetailsPage.java:343)
at com.BOKARO.tc.TC004_BSPBasicDetails.basicDetails(TC004_BSPBasicDetails.java:62)
at sun.reflect.GeneratedMethodAccessor6.invoke(Unknown Source)
at sun.reflect.DelegatingMethodAccessorImpl.invoke(Unknown Source)
at java.lang.reflect.Method.invoke(Unknown Source)
at org.testng.internal.MethodInvocationHelper.invokeMethod(MethodInvocationHelper.java:133)
at org.testng.internal.TestInvoker.invokeMethod(TestInvoker.java:584)
at org.testng.internal.TestInvoker.invokeTestMethod(TestInvoker.java:172)
at org.testng.internal.MethodRunner.runInSequence(MethodRunner.java:46)
at org.testng.internal.TestInvoker$MethodInvocationAgent.invoke(TestInvoker.java:804)
at org.testng.internal.TestInvoker.invokeTestMethods(TestInvoker.java:145)
at org.testng.internal.TestMethodWorker.invokeTestMethods(TestMethodWorker.java:146)
at org.testng.internal.TestMethodWorker.run(TestMethodWorker.java:128)
at java.util.concurrent.ThreadPoolExecutor.runWorker(Unknown Source)
at java.util.concurrent.ThreadPoolExecutor$Worker.run(Unknown Source)
at java.lang.Thread.run(Unknown Source)
]]>
    </error>
  </testcase> <!-- basicDetails -->
  <testcase name="basicDetails" time="161.226" classname="com.BOKARO.tc.TC004_BSPBasicDetails"/>
  <testcase name="basicDetails" time="162.319" classname="com.BOKARO.tc.TC004_BSPBasicDetails"/>
  <testcase name="basicDetails" time="159.042" classname="com.BOKARO.tc.TC004_BSPBasicDetails"/>
  <testcase name="basicDetails" time="162.466" classname="com.BOKARO.tc.TC004_BSPBasicDetails"/>
  <testcase name="basicDetails" time="162.183" classname="com.BOKARO.tc.TC004_BSPBasicDetails"/>
  <testcase name="basicDetails" time="162.618" classname="com.BOKARO.tc.TC004_BSPBasicDetails"/>
  <testcase name="basicDetails" time="162.025" classname="com.BOKARO.tc.TC004_BSPBasicDetails"/>
  <testcase name="basicDetails" time="162.725" classname="com.BOKARO.tc.TC004_BSPBasicDetails"/>
  <testcase name="basicDetails" time="162.964" classname="com.BOKARO.tc.TC004_BSPBasicDetails"/>
  <testcase name="basicDetails" time="162.478" classname="com.BOKARO.tc.TC004_BSPBasicDetails"/>
  <testcase name="basicDetails" time="162.245" classname="com.BOKARO.tc.TC004_BSPBasicDetails"/>
  <testcase name="basicDetails" time="162.559" classname="com.BOKARO.tc.TC004_BSPBasicDetails"/>
  <testcase name="basicDetails" time="162.092" classname="com.BOKARO.tc.TC004_BSPBasicDetails"/>
  <testcase name="basicDetails" time="162.528" classname="com.BOKARO.tc.TC004_BSPBasicDetails"/>
  <testcase name="basicDetails" time="161.739" classname="com.BOKARO.tc.TC004_BSPBasicDetails"/>
  <testcase name="basicDetails" time="162.478" classname="com.BOKARO.tc.TC004_BSPBasicDetails"/>
</testsuite> <!-- com.BOKARO.tc.TC004_BSPBasicDetails -->
