<?xml version="1.0" encoding="UTF-8"?>
<!-- Generated by org.testng.reporters.JUnitReportReporter -->
<testsuite skipped="0" hostname="MAA014482B" name="com.IDBIRSCO.tc.TC002_IDBIRSCOBasicDetails" tests="50" failures="0" timestamp="2023-05-25T14:51:24 IST" time="7950.430" errors="1">
  <testcase name="basicDetails" time="166.784" classname="com.IDBIRSCO.tc.TC002_IDBIRSCOBasicDetails"/>
  <testcase name="basicDetails" time="160.041" classname="com.IDBIRSCO.tc.TC002_IDBIRSCOBasicDetails"/>
  <testcase name="basicDetails" time="161.508" classname="com.IDBIRSCO.tc.TC002_IDBIRSCOBasicDetails"/>
  <testcase name="basicDetails" time="160.856" classname="com.IDBIRSCO.tc.TC002_IDBIRSCOBasicDetails"/>
  <testcase name="basicDetails" time="161.928" classname="com.IDBIRSCO.tc.TC002_IDBIRSCOBasicDetails"/>
  <testcase name="basicDetails" time="162.331" classname="com.IDBIRSCO.tc.TC002_IDBIRSCOBasicDetails"/>
  <testcase name="basicDetails" time="161.309" classname="com.IDBIRSCO.tc.TC002_IDBIRSCOBasicDetails"/>
  <testcase name="basicDetails" time="162.400" classname="com.IDBIRSCO.tc.TC002_IDBIRSCOBasicDetails"/>
  <testcase name="basicDetails" time="160.947" classname="com.IDBIRSCO.tc.TC002_IDBIRSCOBasicDetails"/>
  <testcase name="basicDetails" time="160.779" classname="com.IDBIRSCO.tc.TC002_IDBIRSCOBasicDetails"/>
  <testcase name="basicDetails" time="161.013" classname="com.IDBIRSCO.tc.TC002_IDBIRSCOBasicDetails"/>
  <testcase name="basicDetails" time="161.319" classname="com.IDBIRSCO.tc.TC002_IDBIRSCOBasicDetails"/>
  <testcase name="basicDetails" time="161.466" classname="com.IDBIRSCO.tc.TC002_IDBIRSCOBasicDetails"/>
  <testcase name="basicDetails" time="160.459" classname="com.IDBIRSCO.tc.TC002_IDBIRSCOBasicDetails"/>
  <testcase name="basicDetails" time="160.588" classname="com.IDBIRSCO.tc.TC002_IDBIRSCOBasicDetails"/>
  <testcase name="basicDetails" time="160.830" classname="com.IDBIRSCO.tc.TC002_IDBIRSCOBasicDetails"/>
  <testcase name="basicDetails" time="162.247" classname="com.IDBIRSCO.tc.TC002_IDBIRSCOBasicDetails"/>
  <testcase name="basicDetails" time="161.464" classname="com.IDBIRSCO.tc.TC002_IDBIRSCOBasicDetails"/>
  <testcase name="basicDetails" time="160.592" classname="com.IDBIRSCO.tc.TC002_IDBIRSCOBasicDetails"/>
  <testcase name="basicDetails" time="161.712" classname="com.IDBIRSCO.tc.TC002_IDBIRSCOBasicDetails"/>
  <testcase name="basicDetails" time="162.243" classname="com.IDBIRSCO.tc.TC002_IDBIRSCOBasicDetails"/>
  <testcase name="basicDetails" time="162.297" classname="com.IDBIRSCO.tc.TC002_IDBIRSCOBasicDetails"/>
  <testcase name="basicDetails" time="160.721" classname="com.IDBIRSCO.tc.TC002_IDBIRSCOBasicDetails"/>
  <testcase name="basicDetails" time="160.927" classname="com.IDBIRSCO.tc.TC002_IDBIRSCOBasicDetails"/>
  <testcase name="basicDetails" time="161.264" classname="com.IDBIRSCO.tc.TC002_IDBIRSCOBasicDetails"/>
  <testcase name="basicDetails" time="162.065" classname="com.IDBIRSCO.tc.TC002_IDBIRSCOBasicDetails"/>
  <testcase name="basicDetails" time="162.003" classname="com.IDBIRSCO.tc.TC002_IDBIRSCOBasicDetails"/>
  <testcase name="basicDetails" time="162.236" classname="com.IDBIRSCO.tc.TC002_IDBIRSCOBasicDetails"/>
  <testcase name="basicDetails" time="161.464" classname="com.IDBIRSCO.tc.TC002_IDBIRSCOBasicDetails"/>
  <testcase name="basicDetails" time="161.757" classname="com.IDBIRSCO.tc.TC002_IDBIRSCOBasicDetails"/>
  <testcase name="basicDetails" time="161.530" classname="com.IDBIRSCO.tc.TC002_IDBIRSCOBasicDetails"/>
  <testcase name="basicDetails" time="161.219" classname="com.IDBIRSCO.tc.TC002_IDBIRSCOBasicDetails"/>
  <testcase name="basicDetails" time="162.555" classname="com.IDBIRSCO.tc.TC002_IDBIRSCOBasicDetails"/>
  <testcase name="basicDetails" time="162.185" classname="com.IDBIRSCO.tc.TC002_IDBIRSCOBasicDetails"/>
  <testcase name="basicDetails" time="160.866" classname="com.IDBIRSCO.tc.TC002_IDBIRSCOBasicDetails"/>
  <testcase name="basicDetails" time="162.734" classname="com.IDBIRSCO.tc.TC002_IDBIRSCOBasicDetails"/>
  <testcase name="basicDetails" time="161.128" classname="com.IDBIRSCO.tc.TC002_IDBIRSCOBasicDetails"/>
  <testcase name="basicDetails" time="160.347" classname="com.IDBIRSCO.tc.TC002_IDBIRSCOBasicDetails"/>
  <testcase name="basicDetails" time="162.286" classname="com.IDBIRSCO.tc.TC002_IDBIRSCOBasicDetails"/>
  <testcase name="basicDetails" time="161.932" classname="com.IDBIRSCO.tc.TC002_IDBIRSCOBasicDetails"/>
  <testcase name="basicDetails" time="161.164" classname="com.IDBIRSCO.tc.TC002_IDBIRSCOBasicDetails"/>
  <testcase name="basicDetails" time="162.499" classname="com.IDBIRSCO.tc.TC002_IDBIRSCOBasicDetails"/>
  <testcase name="basicDetails" time="161.062" classname="com.IDBIRSCO.tc.TC002_IDBIRSCOBasicDetails"/>
  <testcase name="basicDetails" time="162.374" classname="com.IDBIRSCO.tc.TC002_IDBIRSCOBasicDetails"/>
  <testcase name="basicDetails" time="161.952" classname="com.IDBIRSCO.tc.TC002_IDBIRSCOBasicDetails"/>
  <testcase name="basicDetails" time="161.490" classname="com.IDBIRSCO.tc.TC002_IDBIRSCOBasicDetails"/>
  <testcase name="basicDetails" time="31.496" classname="com.IDBIRSCO.tc.TC002_IDBIRSCOBasicDetails">
    <error type="org.openqa.selenium.UnhandledAlertException" message="unexpected alert open: {Alert text : Date Of Birth should be between 02/05/1988 to 01/05/1998}
  (Session info: chrome=113.0.5672.92): Date Of Birth should be between 02/05/1988 to 01/05/1998
Build info: version: &#039;3.141.0&#039;, revision: &#039;2ecb7d9a&#039;, time: &#039;2018-10-31T20:09:30&#039;
System info: host: &#039;MAA014482B&#039;, ip: &#039;124.7.228.19&#039;, os.name: &#039;Windows 10&#039;, os.arch: &#039;amd64&#039;, os.version: &#039;10.0&#039;, java.version: &#039;1.8.0_131&#039;
Driver info: org.openqa.selenium.chrome.ChromeDriver
Capabilities {acceptInsecureCerts: false, browserName: chrome, browserVersion: 113.0.5672.92, chrome: {chromedriverVersion: 112.0.5615.49 (bd2a7bcb881c..., userDataDir: C:\Users\016386\AppData\Loc...}, goog:chromeOptions: {debuggerAddress: localhost:55524}, javascriptEnabled: true, networkConnectionEnabled: false, pageLoadStrategy: normal, platform: WINDOWS, platformName: WINDOWS, proxy: Proxy(), setWindowRect: true, strictFileInteractability: false, timeouts: {implicit: 0, pageLoad: 300000, script: 30000}, unhandledPromptBehavior: dismiss and notify, webauthn:extension:credBlob: true, webauthn:extension:largeBlob: true, webauthn:extension:minPinLength: true, webauthn:extension:prf: true, webauthn:virtualAuthenticators: true}
Session ID: f9fba51b8a8041547fb6b24b598efcb2
*** Element info: {Using=id, value=seldobyear}">
      <![CDATA[org.openqa.selenium.UnhandledAlertException: unexpected alert open: {Alert text : Date Of Birth should be between 02/05/1988 to 01/05/1998}
  (Session info: chrome=113.0.5672.92): Date Of Birth should be between 02/05/1988 to 01/05/1998
Build info: version: '3.141.0', revision: '2ecb7d9a', time: '2018-10-31T20:09:30'
System info: host: 'MAA014482B', ip: '124.7.228.19', os.name: 'Windows 10', os.arch: 'amd64', os.version: '10.0', java.version: '1.8.0_131'
Driver info: org.openqa.selenium.chrome.ChromeDriver
Capabilities {acceptInsecureCerts: false, browserName: chrome, browserVersion: 113.0.5672.92, chrome: {chromedriverVersion: 112.0.5615.49 (bd2a7bcb881c..., userDataDir: C:\Users\016386\AppData\Loc...}, goog:chromeOptions: {debuggerAddress: localhost:55524}, javascriptEnabled: true, networkConnectionEnabled: false, pageLoadStrategy: normal, platform: WINDOWS, platformName: WINDOWS, proxy: Proxy(), setWindowRect: true, strictFileInteractability: false, timeouts: {implicit: 0, pageLoad: 300000, script: 30000}, unhandledPromptBehavior: dismiss and notify, webauthn:extension:credBlob: true, webauthn:extension:largeBlob: true, webauthn:extension:minPinLength: true, webauthn:extension:prf: true, webauthn:virtualAuthenticators: true}
Session ID: f9fba51b8a8041547fb6b24b598efcb2
*** Element info: {Using=id, value=seldobyear}
at org.openqa.selenium.remote.http.W3CHttpResponseCodec.decode(W3CHttpResponseCodec.java:120)
at org.openqa.selenium.remote.http.W3CHttpResponseCodec.decode(W3CHttpResponseCodec.java:49)
at org.openqa.selenium.remote.HttpCommandExecutor.execute(HttpCommandExecutor.java:158)
at org.openqa.selenium.remote.service.DriverCommandExecutor.execute(DriverCommandExecutor.java:83)
at org.openqa.selenium.remote.RemoteWebDriver.execute(RemoteWebDriver.java:552)
at org.openqa.selenium.remote.RemoteWebDriver.findElement(RemoteWebDriver.java:323)
at org.openqa.selenium.remote.RemoteWebDriver.findElementById(RemoteWebDriver.java:372)
at org.openqa.selenium.By$ById.findElement(By.java:188)
at org.openqa.selenium.remote.RemoteWebDriver.findElement(RemoteWebDriver.java:315)
at lib.selenium.WebDriverServiceImpl.dropDownDefaultValue(WebDriverServiceImpl.java:717)
at lib.selenium.WebDriverServiceImpl.agevalidator_max(WebDriverServiceImpl.java:828)
at com.ibps.pages.PersonalDetailsPage.ageValidatorMax(PersonalDetailsPage.java:330)
at com.IDBIRSCO.tc.TC002_IDBIRSCOBasicDetails.basicDetails(TC002_IDBIRSCOBasicDetails.java:48)
at sun.reflect.GeneratedMethodAccessor6.invoke(Unknown Source)
at sun.reflect.DelegatingMethodAccessorImpl.invoke(Unknown Source)
at java.lang.reflect.Method.invoke(Unknown Source)
at org.testng.internal.MethodInvocationHelper.invokeMethod(MethodInvocationHelper.java:133)
at org.testng.internal.TestInvoker.invokeMethod(TestInvoker.java:584)
at org.testng.internal.TestInvoker.invokeTestMethod(TestInvoker.java:172)
at org.testng.internal.MethodRunner.runInSequence(MethodRunner.java:46)
at org.testng.internal.TestInvoker$MethodInvocationAgent.invoke(TestInvoker.java:804)
at org.testng.internal.TestInvoker.invokeTestMethods(TestInvoker.java:145)
at org.testng.internal.TestMethodWorker.invokeTestMethods(TestMethodWorker.java:146)
at org.testng.internal.TestMethodWorker.run(TestMethodWorker.java:128)
at java.util.concurrent.ThreadPoolExecutor.runWorker(Unknown Source)
at java.util.concurrent.ThreadPoolExecutor$Worker.run(Unknown Source)
at java.lang.Thread.run(Unknown Source)
]]>
    </error>
  </testcase> <!-- basicDetails -->
  <testcase name="basicDetails" time="161.694" classname="com.IDBIRSCO.tc.TC002_IDBIRSCOBasicDetails"/>
  <testcase name="basicDetails" time="161.207" classname="com.IDBIRSCO.tc.TC002_IDBIRSCOBasicDetails"/>
  <testcase name="basicDetails" time="161.160" classname="com.IDBIRSCO.tc.TC002_IDBIRSCOBasicDetails"/>
</testsuite> <!-- com.IDBIRSCO.tc.TC002_IDBIRSCOBasicDetails -->
