<?xml version="1.0" encoding="UTF-8"?>
<!-- Generated by org.testng.reporters.JUnitReportReporter -->
<testsuite hostname="MAA011253A" failures="0" tests="121" name="com.canara.tc.TC003_CANARABasicDetails" time="14020.292" errors="6" timestamp="2020-11-23T19:27:20 IST" skipped="0">
  <testcase classname="com.canara.tc.TC003_CANARABasicDetails" name="basicDetails" time="120.969"/>
  <testcase classname="com.canara.tc.TC003_CANARABasicDetails" name="basicDetails" time="120.840"/>
  <testcase classname="com.canara.tc.TC003_CANARABasicDetails" name="basicDetails" time="139.527"/>
  <testcase classname="com.canara.tc.TC003_CANARABasicDetails" name="basicDetails" time="120.981"/>
  <testcase classname="com.canara.tc.TC003_CANARABasicDetails" name="basicDetails" time="120.732"/>
  <testcase classname="com.canara.tc.TC003_CANARABasicDetails" name="basicDetails" time="120.489"/>
  <testcase classname="com.canara.tc.TC003_CANARABasicDetails" name="basicDetails" time="121.227"/>
  <testcase classname="com.canara.tc.TC003_CANARABasicDetails" name="basicDetails" time="121.096"/>
  <testcase classname="com.canara.tc.TC003_CANARABasicDetails" name="basicDetails" time="120.752"/>
  <testcase classname="com.canara.tc.TC003_CANARABasicDetails" name="basicDetails" time="120.407"/>
  <testcase classname="com.canara.tc.TC003_CANARABasicDetails" name="basicDetails" time="120.271"/>
  <testcase classname="com.canara.tc.TC003_CANARABasicDetails" name="basicDetails" time="120.701"/>
  <testcase classname="com.canara.tc.TC003_CANARABasicDetails" name="basicDetails" time="138.855"/>
  <testcase classname="com.canara.tc.TC003_CANARABasicDetails" name="basicDetails" time="120.671"/>
  <testcase classname="com.canara.tc.TC003_CANARABasicDetails" name="basicDetails" time="120.935"/>
  <testcase classname="com.canara.tc.TC003_CANARABasicDetails" name="basicDetails" time="121.019"/>
  <testcase classname="com.canara.tc.TC003_CANARABasicDetails" name="basicDetails" time="121.019"/>
  <testcase classname="com.canara.tc.TC003_CANARABasicDetails" name="basicDetails" time="120.269"/>
  <testcase classname="com.canara.tc.TC003_CANARABasicDetails" name="basicDetails" time="120.418"/>
  <testcase classname="com.canara.tc.TC003_CANARABasicDetails" name="basicDetails" time="121.013"/>
  <testcase classname="com.canara.tc.TC003_CANARABasicDetails" name="basicDetails" time="120.601"/>
  <testcase classname="com.canara.tc.TC003_CANARABasicDetails" name="basicDetails" time="121.157"/>
  <testcase classname="com.canara.tc.TC003_CANARABasicDetails" name="basicDetails" time="120.656"/>
  <testcase classname="com.canara.tc.TC003_CANARABasicDetails" name="basicDetails" time="120.642"/>
  <testcase classname="com.canara.tc.TC003_CANARABasicDetails" name="basicDetails" time="120.527"/>
  <testcase classname="com.canara.tc.TC003_CANARABasicDetails" name="basicDetails" time="120.701"/>
  <testcase classname="com.canara.tc.TC003_CANARABasicDetails" name="basicDetails" time="120.731"/>
  <testcase classname="com.canara.tc.TC003_CANARABasicDetails" name="basicDetails" time="120.602"/>
  <testcase classname="com.canara.tc.TC003_CANARABasicDetails" name="basicDetails" time="120.737"/>
  <testcase classname="com.canara.tc.TC003_CANARABasicDetails" name="basicDetails" time="120.769"/>
  <testcase classname="com.canara.tc.TC003_CANARABasicDetails" name="basicDetails" time="120.803"/>
  <testcase classname="com.canara.tc.TC003_CANARABasicDetails" name="basicDetails" time="121.999"/>
  <testcase classname="com.canara.tc.TC003_CANARABasicDetails" name="basicDetails" time="120.860"/>
  <testcase classname="com.canara.tc.TC003_CANARABasicDetails" name="basicDetails" time="120.976"/>
  <testcase classname="com.canara.tc.TC003_CANARABasicDetails" name="basicDetails" time="122.496"/>
  <testcase classname="com.canara.tc.TC003_CANARABasicDetails" name="basicDetails" time="120.618"/>
  <testcase classname="com.canara.tc.TC003_CANARABasicDetails" name="basicDetails" time="121.042"/>
  <testcase classname="com.canara.tc.TC003_CANARABasicDetails" name="basicDetails" time="120.991"/>
  <testcase classname="com.canara.tc.TC003_CANARABasicDetails" name="basicDetails" time="120.702"/>
  <testcase classname="com.canara.tc.TC003_CANARABasicDetails" name="basicDetails" time="120.793"/>
  <testcase classname="com.canara.tc.TC003_CANARABasicDetails" name="basicDetails" time="121.026"/>
  <testcase classname="com.canara.tc.TC003_CANARABasicDetails" name="basicDetails" time="120.680"/>
  <testcase classname="com.canara.tc.TC003_CANARABasicDetails" name="basicDetails" time="122.221"/>
  <testcase classname="com.canara.tc.TC003_CANARABasicDetails" name="basicDetails" time="120.774"/>
  <testcase classname="com.canara.tc.TC003_CANARABasicDetails" name="basicDetails" time="120.377"/>
  <testcase classname="com.canara.tc.TC003_CANARABasicDetails" name="basicDetails" time="149.075"/>
  <testcase classname="com.canara.tc.TC003_CANARABasicDetails" name="basicDetails" time="120.812"/>
  <testcase classname="com.canara.tc.TC003_CANARABasicDetails" name="basicDetails" time="120.651"/>
  <testcase classname="com.canara.tc.TC003_CANARABasicDetails" name="basicDetails" time="121.265"/>
  <testcase classname="com.canara.tc.TC003_CANARABasicDetails" name="basicDetails" time="120.820"/>
  <testcase classname="com.canara.tc.TC003_CANARABasicDetails" name="basicDetails" time="120.451"/>
  <testcase classname="com.canara.tc.TC003_CANARABasicDetails" name="basicDetails" time="124.706"/>
  <testcase classname="com.canara.tc.TC003_CANARABasicDetails" name="basicDetails" time="121.090"/>
  <testcase classname="com.canara.tc.TC003_CANARABasicDetails" name="basicDetails" time="120.777"/>
  <testcase classname="com.canara.tc.TC003_CANARABasicDetails" name="basicDetails" time="121.091"/>
  <testcase classname="com.canara.tc.TC003_CANARABasicDetails" name="basicDetails" time="120.567"/>
  <testcase classname="com.canara.tc.TC003_CANARABasicDetails" name="basicDetails" time="120.765"/>
  <testcase classname="com.canara.tc.TC003_CANARABasicDetails" name="basicDetails" time="120.626"/>
  <testcase classname="com.canara.tc.TC003_CANARABasicDetails" name="basicDetails" time="144.741"/>
  <testcase classname="com.canara.tc.TC003_CANARABasicDetails" name="basicDetails" time="120.594"/>
  <testcase classname="com.canara.tc.TC003_CANARABasicDetails" name="basicDetails" time="120.478"/>
  <testcase classname="com.canara.tc.TC003_CANARABasicDetails" name="basicDetails" time="120.676"/>
  <testcase classname="com.canara.tc.TC003_CANARABasicDetails" name="basicDetails" time="121.034"/>
  <testcase classname="com.canara.tc.TC003_CANARABasicDetails" name="basicDetails" time="120.793"/>
  <testcase classname="com.canara.tc.TC003_CANARABasicDetails" name="basicDetails" time="121.631"/>
  <testcase classname="com.canara.tc.TC003_CANARABasicDetails" name="basicDetails" time="120.888"/>
  <testcase classname="com.canara.tc.TC003_CANARABasicDetails" name="basicDetails" time="120.560"/>
  <testcase classname="com.canara.tc.TC003_CANARABasicDetails" name="basicDetails" time="0.014">
    <error type="java.lang.NullPointerException">
      <![CDATA[java.lang.NullPointerException
at com.ibps.pages.PersonalDetailsPage.selectDropDownUsingIndexNew(PersonalDetailsPage.java:314)
at com.canara.tc.TC003_CANARABasicDetails.basicDetails(TC003_CANARABasicDetails.java:36)
at jdk.internal.reflect.GeneratedMethodAccessor5.invoke(Unknown Source)
at java.base/jdk.internal.reflect.DelegatingMethodAccessorImpl.invoke(Unknown Source)
at java.base/java.lang.reflect.Method.invoke(Unknown Source)
at org.testng.internal.MethodInvocationHelper.invokeMethod(MethodInvocationHelper.java:133)
at org.testng.internal.TestInvoker.invokeMethod(TestInvoker.java:584)
at org.testng.internal.TestInvoker.invokeTestMethod(TestInvoker.java:172)
at org.testng.internal.MethodRunner.runInSequence(MethodRunner.java:46)
at org.testng.internal.TestInvoker$MethodInvocationAgent.invoke(TestInvoker.java:804)
at org.testng.internal.TestInvoker.invokeTestMethods(TestInvoker.java:145)
at org.testng.internal.TestMethodWorker.invokeTestMethods(TestMethodWorker.java:146)
at org.testng.internal.TestMethodWorker.run(TestMethodWorker.java:128)
at java.base/java.util.concurrent.ThreadPoolExecutor.runWorker(Unknown Source)
at java.base/java.util.concurrent.ThreadPoolExecutor$Worker.run(Unknown Source)
at java.base/java.lang.Thread.run(Unknown Source)
]]>
    </error>
  </testcase> <!-- basicDetails -->
  <testcase classname="com.canara.tc.TC003_CANARABasicDetails" name="basicDetails" time="120.935"/>
  <testcase classname="com.canara.tc.TC003_CANARABasicDetails" name="basicDetails" time="121.185"/>
  <testcase classname="com.canara.tc.TC003_CANARABasicDetails" name="basicDetails" time="140.225"/>
  <testcase classname="com.canara.tc.TC003_CANARABasicDetails" name="basicDetails" time="121.088"/>
  <testcase classname="com.canara.tc.TC003_CANARABasicDetails" name="basicDetails" time="120.921"/>
  <testcase classname="com.canara.tc.TC003_CANARABasicDetails" name="basicDetails" time="120.586"/>
  <testcase classname="com.canara.tc.TC003_CANARABasicDetails" name="basicDetails" time="120.985"/>
  <testcase classname="com.canara.tc.TC003_CANARABasicDetails" name="basicDetails" time="120.774"/>
  <testcase classname="com.canara.tc.TC003_CANARABasicDetails" name="basicDetails" time="0.012">
    <error type="java.lang.NullPointerException">
      <![CDATA[java.lang.NullPointerException
at com.ibps.pages.PersonalDetailsPage.selectDropDownUsingIndexNew(PersonalDetailsPage.java:314)
at com.canara.tc.TC003_CANARABasicDetails.basicDetails(TC003_CANARABasicDetails.java:36)
at jdk.internal.reflect.GeneratedMethodAccessor5.invoke(Unknown Source)
at java.base/jdk.internal.reflect.DelegatingMethodAccessorImpl.invoke(Unknown Source)
at java.base/java.lang.reflect.Method.invoke(Unknown Source)
at org.testng.internal.MethodInvocationHelper.invokeMethod(MethodInvocationHelper.java:133)
at org.testng.internal.TestInvoker.invokeMethod(TestInvoker.java:584)
at org.testng.internal.TestInvoker.invokeTestMethod(TestInvoker.java:172)
at org.testng.internal.MethodRunner.runInSequence(MethodRunner.java:46)
at org.testng.internal.TestInvoker$MethodInvocationAgent.invoke(TestInvoker.java:804)
at org.testng.internal.TestInvoker.invokeTestMethods(TestInvoker.java:145)
at org.testng.internal.TestMethodWorker.invokeTestMethods(TestMethodWorker.java:146)
at org.testng.internal.TestMethodWorker.run(TestMethodWorker.java:128)
at java.base/java.util.concurrent.ThreadPoolExecutor.runWorker(Unknown Source)
at java.base/java.util.concurrent.ThreadPoolExecutor$Worker.run(Unknown Source)
at java.base/java.lang.Thread.run(Unknown Source)
]]>
    </error>
  </testcase> <!-- basicDetails -->
  <testcase classname="com.canara.tc.TC003_CANARABasicDetails" name="basicDetails" time="120.725"/>
  <testcase classname="com.canara.tc.TC003_CANARABasicDetails" name="basicDetails" time="120.712"/>
  <testcase classname="com.canara.tc.TC003_CANARABasicDetails" name="basicDetails" time="120.988"/>
  <testcase classname="com.canara.tc.TC003_CANARABasicDetails" name="basicDetails" time="121.419"/>
  <testcase classname="com.canara.tc.TC003_CANARABasicDetails" name="basicDetails" time="120.949"/>
  <testcase classname="com.canara.tc.TC003_CANARABasicDetails" name="basicDetails" time="120.682"/>
  <testcase classname="com.canara.tc.TC003_CANARABasicDetails" name="basicDetails" time="120.474"/>
  <testcase classname="com.canara.tc.TC003_CANARABasicDetails" name="basicDetails" time="120.757"/>
  <testcase classname="com.canara.tc.TC003_CANARABasicDetails" name="basicDetails" time="120.727"/>
  <testcase classname="com.canara.tc.TC003_CANARABasicDetails" name="basicDetails" time="120.452"/>
  <testcase classname="com.canara.tc.TC003_CANARABasicDetails" name="basicDetails" time="121.301"/>
  <testcase classname="com.canara.tc.TC003_CANARABasicDetails" name="basicDetails" time="120.819"/>
  <testcase classname="com.canara.tc.TC003_CANARABasicDetails" name="basicDetails" time="120.941"/>
  <testcase classname="com.canara.tc.TC003_CANARABasicDetails" name="basicDetails" time="120.698"/>
  <testcase classname="com.canara.tc.TC003_CANARABasicDetails" name="basicDetails" time="120.546"/>
  <testcase classname="com.canara.tc.TC003_CANARABasicDetails" name="basicDetails" time="0.010">
    <error type="java.lang.NullPointerException">
      <![CDATA[java.lang.NullPointerException
at com.ibps.pages.PersonalDetailsPage.selectDropDownUsingIndexNew(PersonalDetailsPage.java:314)
at com.canara.tc.TC003_CANARABasicDetails.basicDetails(TC003_CANARABasicDetails.java:36)
at jdk.internal.reflect.GeneratedMethodAccessor5.invoke(Unknown Source)
at java.base/jdk.internal.reflect.DelegatingMethodAccessorImpl.invoke(Unknown Source)
at java.base/java.lang.reflect.Method.invoke(Unknown Source)
at org.testng.internal.MethodInvocationHelper.invokeMethod(MethodInvocationHelper.java:133)
at org.testng.internal.TestInvoker.invokeMethod(TestInvoker.java:584)
at org.testng.internal.TestInvoker.invokeTestMethod(TestInvoker.java:172)
at org.testng.internal.MethodRunner.runInSequence(MethodRunner.java:46)
at org.testng.internal.TestInvoker$MethodInvocationAgent.invoke(TestInvoker.java:804)
at org.testng.internal.TestInvoker.invokeTestMethods(TestInvoker.java:145)
at org.testng.internal.TestMethodWorker.invokeTestMethods(TestMethodWorker.java:146)
at org.testng.internal.TestMethodWorker.run(TestMethodWorker.java:128)
at java.base/java.util.concurrent.ThreadPoolExecutor.runWorker(Unknown Source)
at java.base/java.util.concurrent.ThreadPoolExecutor$Worker.run(Unknown Source)
at java.base/java.lang.Thread.run(Unknown Source)
]]>
    </error>
  </testcase> <!-- basicDetails -->
  <testcase classname="com.canara.tc.TC003_CANARABasicDetails" name="basicDetails" time="0.022">
    <error type="java.lang.NullPointerException">
      <![CDATA[java.lang.NullPointerException
at com.ibps.pages.PersonalDetailsPage.selectDropDownUsingIndexNew(PersonalDetailsPage.java:314)
at com.canara.tc.TC003_CANARABasicDetails.basicDetails(TC003_CANARABasicDetails.java:36)
at jdk.internal.reflect.GeneratedMethodAccessor5.invoke(Unknown Source)
at java.base/jdk.internal.reflect.DelegatingMethodAccessorImpl.invoke(Unknown Source)
at java.base/java.lang.reflect.Method.invoke(Unknown Source)
at org.testng.internal.MethodInvocationHelper.invokeMethod(MethodInvocationHelper.java:133)
at org.testng.internal.TestInvoker.invokeMethod(TestInvoker.java:584)
at org.testng.internal.TestInvoker.invokeTestMethod(TestInvoker.java:172)
at org.testng.internal.MethodRunner.runInSequence(MethodRunner.java:46)
at org.testng.internal.TestInvoker$MethodInvocationAgent.invoke(TestInvoker.java:804)
at org.testng.internal.TestInvoker.invokeTestMethods(TestInvoker.java:145)
at org.testng.internal.TestMethodWorker.invokeTestMethods(TestMethodWorker.java:146)
at org.testng.internal.TestMethodWorker.run(TestMethodWorker.java:128)
at java.base/java.util.concurrent.ThreadPoolExecutor.runWorker(Unknown Source)
at java.base/java.util.concurrent.ThreadPoolExecutor$Worker.run(Unknown Source)
at java.base/java.lang.Thread.run(Unknown Source)
]]>
    </error>
  </testcase> <!-- basicDetails -->
  <testcase classname="com.canara.tc.TC003_CANARABasicDetails" name="basicDetails" time="120.636"/>
  <testcase classname="com.canara.tc.TC003_CANARABasicDetails" name="basicDetails" time="120.883"/>
  <testcase classname="com.canara.tc.TC003_CANARABasicDetails" name="basicDetails" time="120.381"/>
  <testcase classname="com.canara.tc.TC003_CANARABasicDetails" name="basicDetails" time="121.794"/>
  <testcase classname="com.canara.tc.TC003_CANARABasicDetails" name="basicDetails" time="120.588"/>
  <testcase classname="com.canara.tc.TC003_CANARABasicDetails" name="basicDetails" time="120.456"/>
  <testcase classname="com.canara.tc.TC003_CANARABasicDetails" name="basicDetails" time="122.834"/>
  <testcase classname="com.canara.tc.TC003_CANARABasicDetails" name="basicDetails" time="121.173"/>
  <testcase classname="com.canara.tc.TC003_CANARABasicDetails" name="basicDetails" time="120.546"/>
  <testcase classname="com.canara.tc.TC003_CANARABasicDetails" name="basicDetails" time="121.044"/>
  <testcase classname="com.canara.tc.TC003_CANARABasicDetails" name="basicDetails" time="120.672"/>
  <testcase classname="com.canara.tc.TC003_CANARABasicDetails" name="basicDetails" time="0.016">
    <error type="java.lang.NullPointerException">
      <![CDATA[java.lang.NullPointerException
at com.ibps.pages.PersonalDetailsPage.selectDropDownUsingIndexNew(PersonalDetailsPage.java:314)
at com.canara.tc.TC003_CANARABasicDetails.basicDetails(TC003_CANARABasicDetails.java:36)
at jdk.internal.reflect.GeneratedMethodAccessor5.invoke(Unknown Source)
at java.base/jdk.internal.reflect.DelegatingMethodAccessorImpl.invoke(Unknown Source)
at java.base/java.lang.reflect.Method.invoke(Unknown Source)
at org.testng.internal.MethodInvocationHelper.invokeMethod(MethodInvocationHelper.java:133)
at org.testng.internal.TestInvoker.invokeMethod(TestInvoker.java:584)
at org.testng.internal.TestInvoker.invokeTestMethod(TestInvoker.java:172)
at org.testng.internal.MethodRunner.runInSequence(MethodRunner.java:46)
at org.testng.internal.TestInvoker$MethodInvocationAgent.invoke(TestInvoker.java:804)
at org.testng.internal.TestInvoker.invokeTestMethods(TestInvoker.java:145)
at org.testng.internal.TestMethodWorker.invokeTestMethods(TestMethodWorker.java:146)
at org.testng.internal.TestMethodWorker.run(TestMethodWorker.java:128)
at java.base/java.util.concurrent.ThreadPoolExecutor.runWorker(Unknown Source)
at java.base/java.util.concurrent.ThreadPoolExecutor$Worker.run(Unknown Source)
at java.base/java.lang.Thread.run(Unknown Source)
]]>
    </error>
  </testcase> <!-- basicDetails -->
  <testcase classname="com.canara.tc.TC003_CANARABasicDetails" name="afterClass" time="6.193">
    <error type="java.lang.NullPointerException">
      <![CDATA[java.lang.NullPointerException
at lib.utils.HTMLReporter.reportStep(HTMLReporter.java:73)
at lib.selenium.WebDriverServiceImpl.closeAllBrowsers(WebDriverServiceImpl.java:495)
at lib.selenium.PreAndPost.afterClass(PreAndPost.java:72)
at java.base/jdk.internal.reflect.NativeMethodAccessorImpl.invoke0(Native Method)
at java.base/jdk.internal.reflect.NativeMethodAccessorImpl.invoke(Unknown Source)
at java.base/jdk.internal.reflect.DelegatingMethodAccessorImpl.invoke(Unknown Source)
at java.base/java.lang.reflect.Method.invoke(Unknown Source)
at org.testng.internal.MethodInvocationHelper.invokeMethod(MethodInvocationHelper.java:133)
at org.testng.internal.MethodInvocationHelper.invokeMethodConsideringTimeout(MethodInvocationHelper.java:62)
at org.testng.internal.ConfigInvoker.invokeConfigurationMethod(ConfigInvoker.java:340)
at org.testng.internal.ConfigInvoker.invokeConfigurations(ConfigInvoker.java:294)
at org.testng.internal.TestMethodWorker.invokeAfterClassMethods(TestMethodWorker.java:217)
at org.testng.internal.TestMethodWorker.run(TestMethodWorker.java:130)
at java.base/java.util.concurrent.ThreadPoolExecutor.runWorker(Unknown Source)
at java.base/java.util.concurrent.ThreadPoolExecutor$Worker.run(Unknown Source)
at java.base/java.lang.Thread.run(Unknown Source)
]]>
    </error>
  </testcase> <!-- afterClass -->
  <testcase classname="com.canara.tc.TC003_CANARABasicDetails" name="basicDetails" time="120.902"/>
  <testcase classname="com.canara.tc.TC003_CANARABasicDetails" name="basicDetails" time="121.514"/>
  <testcase classname="com.canara.tc.TC003_CANARABasicDetails" name="basicDetails" time="120.172"/>
  <testcase classname="com.canara.tc.TC003_CANARABasicDetails" name="basicDetails" time="120.756"/>
  <testcase classname="com.canara.tc.TC003_CANARABasicDetails" name="basicDetails" time="121.873"/>
  <testcase classname="com.canara.tc.TC003_CANARABasicDetails" name="basicDetails" time="121.407"/>
  <testcase classname="com.canara.tc.TC003_CANARABasicDetails" name="basicDetails" time="121.516"/>
  <testcase classname="com.canara.tc.TC003_CANARABasicDetails" name="basicDetails" time="120.436"/>
  <testcase classname="com.canara.tc.TC003_CANARABasicDetails" name="basicDetails" time="120.915"/>
  <testcase classname="com.canara.tc.TC003_CANARABasicDetails" name="basicDetails" time="121.929"/>
  <testcase classname="com.canara.tc.TC003_CANARABasicDetails" name="basicDetails" time="120.549"/>
  <testcase classname="com.canara.tc.TC003_CANARABasicDetails" name="basicDetails" time="121.079"/>
  <testcase classname="com.canara.tc.TC003_CANARABasicDetails" name="basicDetails" time="120.669"/>
  <testcase classname="com.canara.tc.TC003_CANARABasicDetails" name="basicDetails" time="120.649"/>
</testsuite> <!-- com.canara.tc.TC003_CANARABasicDetails -->
