<?xml version="1.0" encoding="UTF-8"?>
<!-- Generated by org.testng.reporters.JUnitReportReporter -->
<testsuite skipped="0" hostname="MAA014482B" name="com.IB_27April22.tc.TC002_IBBasicDetails" tests="29" failures="0" timestamp="2023-02-15T16:00:11 IST" time="4572.571" errors="1">
  <testcase name="basicDetails" time="161.688" classname="com.IB_27April22.tc.TC002_IBBasicDetails"/>
  <testcase name="basicDetails" time="161.493" classname="com.IB_27April22.tc.TC002_IBBasicDetails"/>
  <testcase name="basicDetails" time="161.726" classname="com.IB_27April22.tc.TC002_IBBasicDetails"/>
  <testcase name="basicDetails" time="161.774" classname="com.IB_27April22.tc.TC002_IBBasicDetails"/>
  <testcase name="basicDetails" time="162.766" classname="com.IB_27April22.tc.TC002_IBBasicDetails"/>
  <testcase name="basicDetails" time="161.610" classname="com.IB_27April22.tc.TC002_IBBasicDetails"/>
  <testcase name="basicDetails" time="163.074" classname="com.IB_27April22.tc.TC002_IBBasicDetails"/>
  <testcase name="basicDetails" time="161.605" classname="com.IB_27April22.tc.TC002_IBBasicDetails"/>
  <testcase name="basicDetails" time="161.694" classname="com.IB_27April22.tc.TC002_IBBasicDetails"/>
  <testcase name="basicDetails" time="161.578" classname="com.IB_27April22.tc.TC002_IBBasicDetails"/>
  <testcase name="basicDetails" time="161.657" classname="com.IB_27April22.tc.TC002_IBBasicDetails"/>
  <testcase name="basicDetails" time="162.874" classname="com.IB_27April22.tc.TC002_IBBasicDetails"/>
  <testcase name="basicDetails" time="161.554" classname="com.IB_27April22.tc.TC002_IBBasicDetails"/>
  <testcase name="basicDetails" time="162.789" classname="com.IB_27April22.tc.TC002_IBBasicDetails"/>
  <testcase name="basicDetails" time="162.683" classname="com.IB_27April22.tc.TC002_IBBasicDetails"/>
  <testcase name="basicDetails" time="32.183" classname="com.IB_27April22.tc.TC002_IBBasicDetails">
    <error type="org.openqa.selenium.UnhandledAlertException" message="unexpected alert open: {Alert text : Date Of Birth should be between 02/01/1980 to 01/01/1996}
  (Session info: chrome=110.0.5481.100): Date Of Birth should be between 02/01/1980 to 01/01/1996
Build info: version: &#039;3.141.0&#039;, revision: &#039;2ecb7d9a&#039;, time: &#039;2018-10-31T20:09:30&#039;
System info: host: &#039;MAA014482B&#039;, ip: &#039;124.7.228.19&#039;, os.name: &#039;Windows 10&#039;, os.arch: &#039;amd64&#039;, os.version: &#039;10.0&#039;, java.version: &#039;1.8.0_131&#039;
Driver info: org.openqa.selenium.chrome.ChromeDriver
Capabilities {acceptInsecureCerts: false, browserName: chrome, browserVersion: 110.0.5481.100, chrome: {chromedriverVersion: 110.0.5481.77 (65ed616c6e8e..., userDataDir: C:\Users\016386\AppData\Loc...}, goog:chromeOptions: {debuggerAddress: localhost:55037}, javascriptEnabled: true, networkConnectionEnabled: false, pageLoadStrategy: normal, platform: WINDOWS, platformName: WINDOWS, proxy: Proxy(), setWindowRect: true, strictFileInteractability: false, timeouts: {implicit: 0, pageLoad: 300000, script: 30000}, unhandledPromptBehavior: dismiss and notify, webauthn:extension:credBlob: true, webauthn:extension:largeBlob: true, webauthn:virtualAuthenticators: true}
Session ID: d82b5b6bb84a1b5e6d0b7c626b9eaf1d
*** Element info: {Using=xpath, value=.//*[@id=&#039;Recheck&#039;]}">
      <![CDATA[org.openqa.selenium.UnhandledAlertException: unexpected alert open: {Alert text : Date Of Birth should be between 02/01/1980 to 01/01/1996}
  (Session info: chrome=110.0.5481.100): Date Of Birth should be between 02/01/1980 to 01/01/1996
Build info: version: '3.141.0', revision: '2ecb7d9a', time: '2018-10-31T20:09:30'
System info: host: 'MAA014482B', ip: '124.7.228.19', os.name: 'Windows 10', os.arch: 'amd64', os.version: '10.0', java.version: '1.8.0_131'
Driver info: org.openqa.selenium.chrome.ChromeDriver
Capabilities {acceptInsecureCerts: false, browserName: chrome, browserVersion: 110.0.5481.100, chrome: {chromedriverVersion: 110.0.5481.77 (65ed616c6e8e..., userDataDir: C:\Users\016386\AppData\Loc...}, goog:chromeOptions: {debuggerAddress: localhost:55037}, javascriptEnabled: true, networkConnectionEnabled: false, pageLoadStrategy: normal, platform: WINDOWS, platformName: WINDOWS, proxy: Proxy(), setWindowRect: true, strictFileInteractability: false, timeouts: {implicit: 0, pageLoad: 300000, script: 30000}, unhandledPromptBehavior: dismiss and notify, webauthn:extension:credBlob: true, webauthn:extension:largeBlob: true, webauthn:virtualAuthenticators: true}
Session ID: d82b5b6bb84a1b5e6d0b7c626b9eaf1d
*** Element info: {Using=xpath, value=.//*[@id='Recheck']}
at org.openqa.selenium.remote.http.W3CHttpResponseCodec.decode(W3CHttpResponseCodec.java:120)
at org.openqa.selenium.remote.http.W3CHttpResponseCodec.decode(W3CHttpResponseCodec.java:49)
at org.openqa.selenium.remote.HttpCommandExecutor.execute(HttpCommandExecutor.java:158)
at org.openqa.selenium.remote.service.DriverCommandExecutor.execute(DriverCommandExecutor.java:83)
at org.openqa.selenium.remote.RemoteWebDriver.execute(RemoteWebDriver.java:552)
at org.openqa.selenium.remote.RemoteWebDriver.findElement(RemoteWebDriver.java:323)
at org.openqa.selenium.remote.RemoteWebDriver.findElementByXPath(RemoteWebDriver.java:428)
at org.openqa.selenium.By$ByXPath.findElement(By.java:353)
at org.openqa.selenium.remote.RemoteWebDriver.findElement(RemoteWebDriver.java:315)
at lib.selenium.WebDriverServiceImpl.agevalidator_max(WebDriverServiceImpl.java:855)
at com.ibps.pages.PersonalDetailsPage.ageValidatorMax(PersonalDetailsPage.java:330)
at com.IB_27April22.tc.TC002_IBBasicDetails.basicDetails(TC002_IBBasicDetails.java:61)
at sun.reflect.NativeMethodAccessorImpl.invoke0(Native Method)
at sun.reflect.NativeMethodAccessorImpl.invoke(Unknown Source)
at sun.reflect.DelegatingMethodAccessorImpl.invoke(Unknown Source)
at java.lang.reflect.Method.invoke(Unknown Source)
at org.testng.internal.MethodInvocationHelper.invokeMethod(MethodInvocationHelper.java:133)
at org.testng.internal.TestInvoker.invokeMethod(TestInvoker.java:584)
at org.testng.internal.TestInvoker.invokeTestMethod(TestInvoker.java:172)
at org.testng.internal.MethodRunner.runInSequence(MethodRunner.java:46)
at org.testng.internal.TestInvoker$MethodInvocationAgent.invoke(TestInvoker.java:804)
at org.testng.internal.TestInvoker.invokeTestMethods(TestInvoker.java:145)
at org.testng.internal.TestMethodWorker.invokeTestMethods(TestMethodWorker.java:146)
at org.testng.internal.TestMethodWorker.run(TestMethodWorker.java:128)
at java.util.concurrent.ThreadPoolExecutor.runWorker(Unknown Source)
at java.util.concurrent.ThreadPoolExecutor$Worker.run(Unknown Source)
at java.lang.Thread.run(Unknown Source)
]]>
    </error>
  </testcase> <!-- basicDetails -->
  <testcase name="basicDetails" time="161.824" classname="com.IB_27April22.tc.TC002_IBBasicDetails"/>
  <testcase name="basicDetails" time="162.743" classname="com.IB_27April22.tc.TC002_IBBasicDetails"/>
  <testcase name="basicDetails" time="162.404" classname="com.IB_27April22.tc.TC002_IBBasicDetails"/>
  <testcase name="basicDetails" time="162.647" classname="com.IB_27April22.tc.TC002_IBBasicDetails"/>
  <testcase name="basicDetails" time="162.773" classname="com.IB_27April22.tc.TC002_IBBasicDetails"/>
  <testcase name="basicDetails" time="162.405" classname="com.IB_27April22.tc.TC002_IBBasicDetails"/>
  <testcase name="basicDetails" time="161.953" classname="com.IB_27April22.tc.TC002_IBBasicDetails"/>
  <testcase name="basicDetails" time="162.733" classname="com.IB_27April22.tc.TC002_IBBasicDetails"/>
  <testcase name="basicDetails" time="161.727" classname="com.IB_27April22.tc.TC002_IBBasicDetails"/>
  <testcase name="basicDetails" time="162.648" classname="com.IB_27April22.tc.TC002_IBBasicDetails"/>
  <testcase name="basicDetails" time="161.574" classname="com.IB_27April22.tc.TC002_IBBasicDetails"/>
  <testcase name="basicDetails" time="161.778" classname="com.IB_27April22.tc.TC002_IBBasicDetails"/>
  <testcase name="basicDetails" time="162.614" classname="com.IB_27April22.tc.TC002_IBBasicDetails"/>
</testsuite> <!-- com.IB_27April22.tc.TC002_IBBasicDetails -->
