<?xml version="1.0" encoding="UTF-8"?>
<!-- Generated by org.testng.reporters.JUnitReportReporter -->
<testsuite skipped="0" hostname="MAA014482B" name="com.RCF_June23.tc.TC001_RCFBasicDetails" tests="47" failures="0" timestamp="2023-06-16T19:07:41 IST" time="7483.533" errors="1">
  <testcase name="basicDetails" time="156.925" classname="com.RCF_June23.tc.TC001_RCFBasicDetails"/>
  <testcase name="basicDetails" time="157.484" classname="com.RCF_June23.tc.TC001_RCFBasicDetails"/>
  <testcase name="basicDetails" time="157.319" classname="com.RCF_June23.tc.TC001_RCFBasicDetails"/>
  <testcase name="basicDetails" time="157.385" classname="com.RCF_June23.tc.TC001_RCFBasicDetails"/>
  <testcase name="basicDetails" time="157.677" classname="com.RCF_June23.tc.TC001_RCFBasicDetails"/>
  <testcase name="basicDetails" time="183.787" classname="com.RCF_June23.tc.TC001_RCFBasicDetails"/>
  <testcase name="basicDetails" time="159.597" classname="com.RCF_June23.tc.TC001_RCFBasicDetails"/>
  <testcase name="basicDetails" time="26.890" classname="com.RCF_June23.tc.TC001_RCFBasicDetails">
    <error type="org.openqa.selenium.UnhandledAlertException" message="unexpected alert open: {Alert text : Date Of Birth should be between 01/05/1991 to 01/05/2005}
  (Session info: chrome=114.0.5735.134): Date Of Birth should be between 01/05/1991 to 01/05/2005
Build info: version: &#039;3.141.0&#039;, revision: &#039;2ecb7d9a&#039;, time: &#039;2018-10-31T20:09:30&#039;
System info: host: &#039;MAA014482B&#039;, ip: &#039;124.7.228.19&#039;, os.name: &#039;Windows 10&#039;, os.arch: &#039;amd64&#039;, os.version: &#039;10.0&#039;, java.version: &#039;1.8.0_131&#039;
Driver info: org.openqa.selenium.chrome.ChromeDriver
Capabilities {acceptInsecureCerts: false, browserName: chrome, browserVersion: 114.0.5735.134, chrome: {chromedriverVersion: 114.0.5735.90 (386bc09e8f4f..., userDataDir: C:\Users\016386\AppData\Loc...}, goog:chromeOptions: {debuggerAddress: localhost:56352}, javascriptEnabled: true, networkConnectionEnabled: false, pageLoadStrategy: normal, platform: WINDOWS, platformName: WINDOWS, proxy: Proxy(), setWindowRect: true, strictFileInteractability: false, timeouts: {implicit: 0, pageLoad: 300000, script: 30000}, unhandledPromptBehavior: dismiss and notify, webauthn:extension:credBlob: true, webauthn:extension:largeBlob: true, webauthn:extension:minPinLength: true, webauthn:extension:prf: true, webauthn:virtualAuthenticators: true}
Session ID: 7bcb647661c856c084be49a62cc05e9d
*** Element info: {Using=xpath, value=.//*[starts-with(@id,&#039;err_seldob&#039;)]}">
      <![CDATA[org.openqa.selenium.UnhandledAlertException: unexpected alert open: {Alert text : Date Of Birth should be between 01/05/1991 to 01/05/2005}
  (Session info: chrome=114.0.5735.134): Date Of Birth should be between 01/05/1991 to 01/05/2005
Build info: version: '3.141.0', revision: '2ecb7d9a', time: '2018-10-31T20:09:30'
System info: host: 'MAA014482B', ip: '124.7.228.19', os.name: 'Windows 10', os.arch: 'amd64', os.version: '10.0', java.version: '1.8.0_131'
Driver info: org.openqa.selenium.chrome.ChromeDriver
Capabilities {acceptInsecureCerts: false, browserName: chrome, browserVersion: 114.0.5735.134, chrome: {chromedriverVersion: 114.0.5735.90 (386bc09e8f4f..., userDataDir: C:\Users\016386\AppData\Loc...}, goog:chromeOptions: {debuggerAddress: localhost:56352}, javascriptEnabled: true, networkConnectionEnabled: false, pageLoadStrategy: normal, platform: WINDOWS, platformName: WINDOWS, proxy: Proxy(), setWindowRect: true, strictFileInteractability: false, timeouts: {implicit: 0, pageLoad: 300000, script: 30000}, unhandledPromptBehavior: dismiss and notify, webauthn:extension:credBlob: true, webauthn:extension:largeBlob: true, webauthn:extension:minPinLength: true, webauthn:extension:prf: true, webauthn:virtualAuthenticators: true}
Session ID: 7bcb647661c856c084be49a62cc05e9d
*** Element info: {Using=xpath, value=.//*[starts-with(@id,'err_seldob')]}
at org.openqa.selenium.remote.http.W3CHttpResponseCodec.decode(W3CHttpResponseCodec.java:120)
at org.openqa.selenium.remote.http.W3CHttpResponseCodec.decode(W3CHttpResponseCodec.java:49)
at org.openqa.selenium.remote.HttpCommandExecutor.execute(HttpCommandExecutor.java:158)
at org.openqa.selenium.remote.service.DriverCommandExecutor.execute(DriverCommandExecutor.java:83)
at org.openqa.selenium.remote.RemoteWebDriver.execute(RemoteWebDriver.java:552)
at org.openqa.selenium.remote.RemoteWebDriver.findElements(RemoteWebDriver.java:353)
at org.openqa.selenium.remote.RemoteWebDriver.findElementsByXPath(RemoteWebDriver.java:432)
at org.openqa.selenium.By$ByXPath.findElements(By.java:348)
at org.openqa.selenium.remote.RemoteWebDriver.findElements(RemoteWebDriver.java:311)
at lib.selenium.WebDriverServiceImpl.noagealert(WebDriverServiceImpl.java:766)
at lib.selenium.WebDriverServiceImpl.agevalidator_max(WebDriverServiceImpl.java:857)
at com.ibps.pages.PersonalDetailsPage.ageValidatorMax(PersonalDetailsPage.java:330)
at com.RCF_June23.tc.TC001_RCFBasicDetails.basicDetails(TC001_RCFBasicDetails.java:54)
at sun.reflect.GeneratedMethodAccessor5.invoke(Unknown Source)
at sun.reflect.DelegatingMethodAccessorImpl.invoke(Unknown Source)
at java.lang.reflect.Method.invoke(Unknown Source)
at org.testng.internal.MethodInvocationHelper.invokeMethod(MethodInvocationHelper.java:133)
at org.testng.internal.TestInvoker.invokeMethod(TestInvoker.java:584)
at org.testng.internal.TestInvoker.invokeTestMethod(TestInvoker.java:172)
at org.testng.internal.MethodRunner.runInSequence(MethodRunner.java:46)
at org.testng.internal.TestInvoker$MethodInvocationAgent.invoke(TestInvoker.java:804)
at org.testng.internal.TestInvoker.invokeTestMethods(TestInvoker.java:145)
at org.testng.internal.TestMethodWorker.invokeTestMethods(TestMethodWorker.java:146)
at org.testng.internal.TestMethodWorker.run(TestMethodWorker.java:128)
at java.util.concurrent.ThreadPoolExecutor.runWorker(Unknown Source)
at java.util.concurrent.ThreadPoolExecutor$Worker.run(Unknown Source)
at java.lang.Thread.run(Unknown Source)
]]>
    </error>
  </testcase> <!-- basicDetails -->
  <testcase name="basicDetails" time="157.534" classname="com.RCF_June23.tc.TC001_RCFBasicDetails"/>
  <testcase name="basicDetails" time="185.954" classname="com.RCF_June23.tc.TC001_RCFBasicDetails"/>
  <testcase name="basicDetails" time="157.111" classname="com.RCF_June23.tc.TC001_RCFBasicDetails"/>
  <testcase name="basicDetails" time="157.080" classname="com.RCF_June23.tc.TC001_RCFBasicDetails"/>
  <testcase name="basicDetails" time="157.492" classname="com.RCF_June23.tc.TC001_RCFBasicDetails"/>
  <testcase name="basicDetails" time="185.983" classname="com.RCF_June23.tc.TC001_RCFBasicDetails"/>
  <testcase name="basicDetails" time="159.500" classname="com.RCF_June23.tc.TC001_RCFBasicDetails"/>
  <testcase name="basicDetails" time="157.299" classname="com.RCF_June23.tc.TC001_RCFBasicDetails"/>
  <testcase name="basicDetails" time="157.259" classname="com.RCF_June23.tc.TC001_RCFBasicDetails"/>
  <testcase name="basicDetails" time="157.665" classname="com.RCF_June23.tc.TC001_RCFBasicDetails"/>
  <testcase name="basicDetails" time="183.924" classname="com.RCF_June23.tc.TC001_RCFBasicDetails"/>
  <testcase name="basicDetails" time="183.764" classname="com.RCF_June23.tc.TC001_RCFBasicDetails"/>
  <testcase name="basicDetails" time="159.808" classname="com.RCF_June23.tc.TC001_RCFBasicDetails"/>
  <testcase name="basicDetails" time="157.217" classname="com.RCF_June23.tc.TC001_RCFBasicDetails"/>
  <testcase name="basicDetails" time="157.052" classname="com.RCF_June23.tc.TC001_RCFBasicDetails"/>
  <testcase name="basicDetails" time="186.127" classname="com.RCF_June23.tc.TC001_RCFBasicDetails"/>
  <testcase name="basicDetails" time="157.419" classname="com.RCF_June23.tc.TC001_RCFBasicDetails"/>
  <testcase name="basicDetails" time="157.897" classname="com.RCF_June23.tc.TC001_RCFBasicDetails"/>
  <testcase name="basicDetails" time="157.534" classname="com.RCF_June23.tc.TC001_RCFBasicDetails"/>
  <testcase name="basicDetails" time="157.619" classname="com.RCF_June23.tc.TC001_RCFBasicDetails"/>
  <testcase name="basicDetails" time="159.765" classname="com.RCF_June23.tc.TC001_RCFBasicDetails"/>
  <testcase name="basicDetails" time="160.428" classname="com.RCF_June23.tc.TC001_RCFBasicDetails"/>
  <testcase name="basicDetails" time="159.673" classname="com.RCF_June23.tc.TC001_RCFBasicDetails"/>
  <testcase name="basicDetails" time="157.262" classname="com.RCF_June23.tc.TC001_RCFBasicDetails"/>
  <testcase name="basicDetails" time="157.464" classname="com.RCF_June23.tc.TC001_RCFBasicDetails"/>
  <testcase name="basicDetails" time="159.466" classname="com.RCF_June23.tc.TC001_RCFBasicDetails"/>
  <testcase name="basicDetails" time="157.216" classname="com.RCF_June23.tc.TC001_RCFBasicDetails"/>
  <testcase name="basicDetails" time="157.862" classname="com.RCF_June23.tc.TC001_RCFBasicDetails"/>
  <testcase name="basicDetails" time="157.229" classname="com.RCF_June23.tc.TC001_RCFBasicDetails"/>
  <testcase name="basicDetails" time="159.506" classname="com.RCF_June23.tc.TC001_RCFBasicDetails"/>
  <testcase name="basicDetails" time="157.516" classname="com.RCF_June23.tc.TC001_RCFBasicDetails"/>
  <testcase name="basicDetails" time="157.393" classname="com.RCF_June23.tc.TC001_RCFBasicDetails"/>
  <testcase name="basicDetails" time="184.255" classname="com.RCF_June23.tc.TC001_RCFBasicDetails"/>
  <testcase name="basicDetails" time="157.118" classname="com.RCF_June23.tc.TC001_RCFBasicDetails"/>
  <testcase name="basicDetails" time="156.988" classname="com.RCF_June23.tc.TC001_RCFBasicDetails"/>
  <testcase name="basicDetails" time="160.199" classname="com.RCF_June23.tc.TC001_RCFBasicDetails"/>
  <testcase name="basicDetails" time="157.512" classname="com.RCF_June23.tc.TC001_RCFBasicDetails"/>
  <testcase name="basicDetails" time="159.173" classname="com.RCF_June23.tc.TC001_RCFBasicDetails"/>
  <testcase name="basicDetails" time="159.206" classname="com.RCF_June23.tc.TC001_RCFBasicDetails"/>
</testsuite> <!-- com.RCF_June23.tc.TC001_RCFBasicDetails -->
