<?xml version="1.0" encoding="UTF-8"?>
<!-- Generated by org.testng.reporters.JUnitReportReporter -->
<testsuite skipped="0" hostname="MAA014482B" name="com.CRP_RRB_May23.tc.TC002_CRPBasicDetails" tests="64" failures="0" timestamp="2023-05-23T19:06:06 IST" time="10093.038" errors="2">
  <testcase name="basicDetails" time="161.424" classname="com.CRP_RRB_May23.tc.TC002_CRPBasicDetails"/>
  <testcase name="basicDetails" time="161.544" classname="com.CRP_RRB_May23.tc.TC002_CRPBasicDetails"/>
  <testcase name="basicDetails" time="161.616" classname="com.CRP_RRB_May23.tc.TC002_CRPBasicDetails"/>
  <testcase name="basicDetails" time="161.820" classname="com.CRP_RRB_May23.tc.TC002_CRPBasicDetails"/>
  <testcase name="basicDetails" time="161.870" classname="com.CRP_RRB_May23.tc.TC002_CRPBasicDetails"/>
  <testcase name="basicDetails" time="161.916" classname="com.CRP_RRB_May23.tc.TC002_CRPBasicDetails"/>
  <testcase name="basicDetails" time="161.689" classname="com.CRP_RRB_May23.tc.TC002_CRPBasicDetails"/>
  <testcase name="basicDetails" time="162.197" classname="com.CRP_RRB_May23.tc.TC002_CRPBasicDetails"/>
  <testcase name="basicDetails" time="161.655" classname="com.CRP_RRB_May23.tc.TC002_CRPBasicDetails"/>
  <testcase name="basicDetails" time="161.350" classname="com.CRP_RRB_May23.tc.TC002_CRPBasicDetails"/>
  <testcase name="basicDetails" time="161.838" classname="com.CRP_RRB_May23.tc.TC002_CRPBasicDetails"/>
  <testcase name="basicDetails" time="161.945" classname="com.CRP_RRB_May23.tc.TC002_CRPBasicDetails"/>
  <testcase name="basicDetails" time="161.523" classname="com.CRP_RRB_May23.tc.TC002_CRPBasicDetails"/>
  <testcase name="basicDetails" time="31.263" classname="com.CRP_RRB_May23.tc.TC002_CRPBasicDetails">
    <error type="org.openqa.selenium.UnhandledAlertException" message="unexpected alert open: {Alert text : Date Of Birth should be between 03/06/1976 to 31/05/2002}
  (Session info: chrome=113.0.5672.92): Date Of Birth should be between 03/06/1976 to 31/05/2002
Build info: version: &#039;3.141.0&#039;, revision: &#039;2ecb7d9a&#039;, time: &#039;2018-10-31T20:09:30&#039;
System info: host: &#039;MAA014482B&#039;, ip: &#039;124.7.228.19&#039;, os.name: &#039;Windows 10&#039;, os.arch: &#039;amd64&#039;, os.version: &#039;10.0&#039;, java.version: &#039;1.8.0_131&#039;
Driver info: org.openqa.selenium.chrome.ChromeDriver
Capabilities {acceptInsecureCerts: false, browserName: chrome, browserVersion: 113.0.5672.92, chrome: {chromedriverVersion: 112.0.5615.49 (bd2a7bcb881c..., userDataDir: C:\Users\016386\AppData\Loc...}, goog:chromeOptions: {debuggerAddress: localhost:55355}, javascriptEnabled: true, networkConnectionEnabled: false, pageLoadStrategy: normal, platform: WINDOWS, platformName: WINDOWS, proxy: Proxy(), setWindowRect: true, strictFileInteractability: false, timeouts: {implicit: 0, pageLoad: 300000, script: 30000}, unhandledPromptBehavior: dismiss and notify, webauthn:extension:credBlob: true, webauthn:extension:largeBlob: true, webauthn:extension:minPinLength: true, webauthn:extension:prf: true, webauthn:virtualAuthenticators: true}
Session ID: 0009edd14f305046a8e08d2e564d4d23
*** Element info: {Using=xpath, value=.//*[starts-with(@id,&#039;err_seldob&#039;)]}">
      <![CDATA[org.openqa.selenium.UnhandledAlertException: unexpected alert open: {Alert text : Date Of Birth should be between 03/06/1976 to 31/05/2002}
  (Session info: chrome=113.0.5672.92): Date Of Birth should be between 03/06/1976 to 31/05/2002
Build info: version: '3.141.0', revision: '2ecb7d9a', time: '2018-10-31T20:09:30'
System info: host: 'MAA014482B', ip: '124.7.228.19', os.name: 'Windows 10', os.arch: 'amd64', os.version: '10.0', java.version: '1.8.0_131'
Driver info: org.openqa.selenium.chrome.ChromeDriver
Capabilities {acceptInsecureCerts: false, browserName: chrome, browserVersion: 113.0.5672.92, chrome: {chromedriverVersion: 112.0.5615.49 (bd2a7bcb881c..., userDataDir: C:\Users\016386\AppData\Loc...}, goog:chromeOptions: {debuggerAddress: localhost:55355}, javascriptEnabled: true, networkConnectionEnabled: false, pageLoadStrategy: normal, platform: WINDOWS, platformName: WINDOWS, proxy: Proxy(), setWindowRect: true, strictFileInteractability: false, timeouts: {implicit: 0, pageLoad: 300000, script: 30000}, unhandledPromptBehavior: dismiss and notify, webauthn:extension:credBlob: true, webauthn:extension:largeBlob: true, webauthn:extension:minPinLength: true, webauthn:extension:prf: true, webauthn:virtualAuthenticators: true}
Session ID: 0009edd14f305046a8e08d2e564d4d23
*** Element info: {Using=xpath, value=.//*[starts-with(@id,'err_seldob')]}
at org.openqa.selenium.remote.http.W3CHttpResponseCodec.decode(W3CHttpResponseCodec.java:120)
at org.openqa.selenium.remote.http.W3CHttpResponseCodec.decode(W3CHttpResponseCodec.java:49)
at org.openqa.selenium.remote.HttpCommandExecutor.execute(HttpCommandExecutor.java:158)
at org.openqa.selenium.remote.service.DriverCommandExecutor.execute(DriverCommandExecutor.java:83)
at org.openqa.selenium.remote.RemoteWebDriver.execute(RemoteWebDriver.java:552)
at org.openqa.selenium.remote.RemoteWebDriver.findElements(RemoteWebDriver.java:353)
at org.openqa.selenium.remote.RemoteWebDriver.findElementsByXPath(RemoteWebDriver.java:432)
at org.openqa.selenium.By$ByXPath.findElements(By.java:348)
at org.openqa.selenium.remote.RemoteWebDriver.findElements(RemoteWebDriver.java:311)
at lib.selenium.WebDriverServiceImpl.noagealert(WebDriverServiceImpl.java:766)
at lib.selenium.WebDriverServiceImpl.agevalidator_max(WebDriverServiceImpl.java:857)
at com.ibps.pages.PersonalDetailsPage.ageValidatorMax(PersonalDetailsPage.java:330)
at com.CRP_RRB_May23.tc.TC002_CRPBasicDetails.basicDetails(TC002_CRPBasicDetails.java:56)
at sun.reflect.GeneratedMethodAccessor4.invoke(Unknown Source)
at sun.reflect.DelegatingMethodAccessorImpl.invoke(Unknown Source)
at java.lang.reflect.Method.invoke(Unknown Source)
at org.testng.internal.MethodInvocationHelper.invokeMethod(MethodInvocationHelper.java:133)
at org.testng.internal.TestInvoker.invokeMethod(TestInvoker.java:584)
at org.testng.internal.TestInvoker.invokeTestMethod(TestInvoker.java:172)
at org.testng.internal.MethodRunner.runInSequence(MethodRunner.java:46)
at org.testng.internal.TestInvoker$MethodInvocationAgent.invoke(TestInvoker.java:804)
at org.testng.internal.TestInvoker.invokeTestMethods(TestInvoker.java:145)
at org.testng.internal.TestMethodWorker.invokeTestMethods(TestMethodWorker.java:146)
at org.testng.internal.TestMethodWorker.run(TestMethodWorker.java:128)
at java.util.concurrent.ThreadPoolExecutor.runWorker(Unknown Source)
at java.util.concurrent.ThreadPoolExecutor$Worker.run(Unknown Source)
at java.lang.Thread.run(Unknown Source)
]]>
    </error>
  </testcase> <!-- basicDetails -->
  <testcase name="basicDetails" time="161.638" classname="com.CRP_RRB_May23.tc.TC002_CRPBasicDetails"/>
  <testcase name="basicDetails" time="162.279" classname="com.CRP_RRB_May23.tc.TC002_CRPBasicDetails"/>
  <testcase name="basicDetails" time="161.625" classname="com.CRP_RRB_May23.tc.TC002_CRPBasicDetails"/>
  <testcase name="basicDetails" time="161.848" classname="com.CRP_RRB_May23.tc.TC002_CRPBasicDetails"/>
  <testcase name="basicDetails" time="161.718" classname="com.CRP_RRB_May23.tc.TC002_CRPBasicDetails"/>
  <testcase name="basicDetails" time="161.898" classname="com.CRP_RRB_May23.tc.TC002_CRPBasicDetails"/>
  <testcase name="basicDetails" time="161.718" classname="com.CRP_RRB_May23.tc.TC002_CRPBasicDetails"/>
  <testcase name="basicDetails" time="162.434" classname="com.CRP_RRB_May23.tc.TC002_CRPBasicDetails"/>
  <testcase name="basicDetails" time="161.050" classname="com.CRP_RRB_May23.tc.TC002_CRPBasicDetails"/>
  <testcase name="basicDetails" time="161.761" classname="com.CRP_RRB_May23.tc.TC002_CRPBasicDetails"/>
  <testcase name="basicDetails" time="161.488" classname="com.CRP_RRB_May23.tc.TC002_CRPBasicDetails"/>
  <testcase name="basicDetails" time="161.823" classname="com.CRP_RRB_May23.tc.TC002_CRPBasicDetails"/>
  <testcase name="basicDetails" time="161.774" classname="com.CRP_RRB_May23.tc.TC002_CRPBasicDetails"/>
  <testcase name="basicDetails" time="161.445" classname="com.CRP_RRB_May23.tc.TC002_CRPBasicDetails"/>
  <testcase name="basicDetails" time="161.893" classname="com.CRP_RRB_May23.tc.TC002_CRPBasicDetails"/>
  <testcase name="basicDetails" time="161.391" classname="com.CRP_RRB_May23.tc.TC002_CRPBasicDetails"/>
  <testcase name="basicDetails" time="161.772" classname="com.CRP_RRB_May23.tc.TC002_CRPBasicDetails"/>
  <testcase name="basicDetails" time="161.998" classname="com.CRP_RRB_May23.tc.TC002_CRPBasicDetails"/>
  <testcase name="basicDetails" time="161.702" classname="com.CRP_RRB_May23.tc.TC002_CRPBasicDetails"/>
  <testcase name="basicDetails" time="162.029" classname="com.CRP_RRB_May23.tc.TC002_CRPBasicDetails"/>
  <testcase name="basicDetails" time="161.804" classname="com.CRP_RRB_May23.tc.TC002_CRPBasicDetails"/>
  <testcase name="basicDetails" time="162.069" classname="com.CRP_RRB_May23.tc.TC002_CRPBasicDetails"/>
  <testcase name="basicDetails" time="161.757" classname="com.CRP_RRB_May23.tc.TC002_CRPBasicDetails"/>
  <testcase name="basicDetails" time="161.641" classname="com.CRP_RRB_May23.tc.TC002_CRPBasicDetails"/>
  <testcase name="basicDetails" time="162.334" classname="com.CRP_RRB_May23.tc.TC002_CRPBasicDetails"/>
  <testcase name="basicDetails" time="161.659" classname="com.CRP_RRB_May23.tc.TC002_CRPBasicDetails"/>
  <testcase name="basicDetails" time="161.850" classname="com.CRP_RRB_May23.tc.TC002_CRPBasicDetails"/>
  <testcase name="basicDetails" time="161.911" classname="com.CRP_RRB_May23.tc.TC002_CRPBasicDetails"/>
  <testcase name="basicDetails" time="161.800" classname="com.CRP_RRB_May23.tc.TC002_CRPBasicDetails"/>
  <testcase name="basicDetails" time="161.339" classname="com.CRP_RRB_May23.tc.TC002_CRPBasicDetails"/>
  <testcase name="basicDetails" time="161.545" classname="com.CRP_RRB_May23.tc.TC002_CRPBasicDetails"/>
  <testcase name="basicDetails" time="161.584" classname="com.CRP_RRB_May23.tc.TC002_CRPBasicDetails"/>
  <testcase name="basicDetails" time="32.532" classname="com.CRP_RRB_May23.tc.TC002_CRPBasicDetails">
    <error type="org.openqa.selenium.UnhandledAlertException" message="unexpected alert open: {Alert text : Date Of Birth should be between 03/06/1986 to 31/05/2002}
  (Session info: chrome=113.0.5672.92): Date Of Birth should be between 03/06/1986 to 31/05/2002
Build info: version: &#039;3.141.0&#039;, revision: &#039;2ecb7d9a&#039;, time: &#039;2018-10-31T20:09:30&#039;
System info: host: &#039;MAA014482B&#039;, ip: &#039;124.7.228.19&#039;, os.name: &#039;Windows 10&#039;, os.arch: &#039;amd64&#039;, os.version: &#039;10.0&#039;, java.version: &#039;1.8.0_131&#039;
Driver info: org.openqa.selenium.chrome.ChromeDriver
Capabilities {acceptInsecureCerts: false, browserName: chrome, browserVersion: 113.0.5672.92, chrome: {chromedriverVersion: 112.0.5615.49 (bd2a7bcb881c..., userDataDir: C:\Users\016386\AppData\Loc...}, goog:chromeOptions: {debuggerAddress: localhost:55355}, javascriptEnabled: true, networkConnectionEnabled: false, pageLoadStrategy: normal, platform: WINDOWS, platformName: WINDOWS, proxy: Proxy(), setWindowRect: true, strictFileInteractability: false, timeouts: {implicit: 0, pageLoad: 300000, script: 30000}, unhandledPromptBehavior: dismiss and notify, webauthn:extension:credBlob: true, webauthn:extension:largeBlob: true, webauthn:extension:minPinLength: true, webauthn:extension:prf: true, webauthn:virtualAuthenticators: true}
Session ID: 0009edd14f305046a8e08d2e564d4d23
*** Element info: {Using=xpath, value=.//*[starts-with(@id,&#039;err_seldob&#039;)]}">
      <![CDATA[org.openqa.selenium.UnhandledAlertException: unexpected alert open: {Alert text : Date Of Birth should be between 03/06/1986 to 31/05/2002}
  (Session info: chrome=113.0.5672.92): Date Of Birth should be between 03/06/1986 to 31/05/2002
Build info: version: '3.141.0', revision: '2ecb7d9a', time: '2018-10-31T20:09:30'
System info: host: 'MAA014482B', ip: '124.7.228.19', os.name: 'Windows 10', os.arch: 'amd64', os.version: '10.0', java.version: '1.8.0_131'
Driver info: org.openqa.selenium.chrome.ChromeDriver
Capabilities {acceptInsecureCerts: false, browserName: chrome, browserVersion: 113.0.5672.92, chrome: {chromedriverVersion: 112.0.5615.49 (bd2a7bcb881c..., userDataDir: C:\Users\016386\AppData\Loc...}, goog:chromeOptions: {debuggerAddress: localhost:55355}, javascriptEnabled: true, networkConnectionEnabled: false, pageLoadStrategy: normal, platform: WINDOWS, platformName: WINDOWS, proxy: Proxy(), setWindowRect: true, strictFileInteractability: false, timeouts: {implicit: 0, pageLoad: 300000, script: 30000}, unhandledPromptBehavior: dismiss and notify, webauthn:extension:credBlob: true, webauthn:extension:largeBlob: true, webauthn:extension:minPinLength: true, webauthn:extension:prf: true, webauthn:virtualAuthenticators: true}
Session ID: 0009edd14f305046a8e08d2e564d4d23
*** Element info: {Using=xpath, value=.//*[starts-with(@id,'err_seldob')]}
at org.openqa.selenium.remote.http.W3CHttpResponseCodec.decode(W3CHttpResponseCodec.java:120)
at org.openqa.selenium.remote.http.W3CHttpResponseCodec.decode(W3CHttpResponseCodec.java:49)
at org.openqa.selenium.remote.HttpCommandExecutor.execute(HttpCommandExecutor.java:158)
at org.openqa.selenium.remote.service.DriverCommandExecutor.execute(DriverCommandExecutor.java:83)
at org.openqa.selenium.remote.RemoteWebDriver.execute(RemoteWebDriver.java:552)
at org.openqa.selenium.remote.RemoteWebDriver.findElements(RemoteWebDriver.java:353)
at org.openqa.selenium.remote.RemoteWebDriver.findElementsByXPath(RemoteWebDriver.java:432)
at org.openqa.selenium.By$ByXPath.findElements(By.java:348)
at org.openqa.selenium.remote.RemoteWebDriver.findElements(RemoteWebDriver.java:311)
at lib.selenium.WebDriverServiceImpl.noagealert(WebDriverServiceImpl.java:766)
at lib.selenium.WebDriverServiceImpl.agevalidator_max(WebDriverServiceImpl.java:857)
at com.ibps.pages.PersonalDetailsPage.ageValidatorMax(PersonalDetailsPage.java:330)
at com.CRP_RRB_May23.tc.TC002_CRPBasicDetails.basicDetails(TC002_CRPBasicDetails.java:56)
at sun.reflect.NativeMethodAccessorImpl.invoke0(Native Method)
at sun.reflect.NativeMethodAccessorImpl.invoke(Unknown Source)
at sun.reflect.DelegatingMethodAccessorImpl.invoke(Unknown Source)
at java.lang.reflect.Method.invoke(Unknown Source)
at org.testng.internal.MethodInvocationHelper.invokeMethod(MethodInvocationHelper.java:133)
at org.testng.internal.TestInvoker.invokeMethod(TestInvoker.java:584)
at org.testng.internal.TestInvoker.invokeTestMethod(TestInvoker.java:172)
at org.testng.internal.MethodRunner.runInSequence(MethodRunner.java:46)
at org.testng.internal.TestInvoker$MethodInvocationAgent.invoke(TestInvoker.java:804)
at org.testng.internal.TestInvoker.invokeTestMethods(TestInvoker.java:145)
at org.testng.internal.TestMethodWorker.invokeTestMethods(TestMethodWorker.java:146)
at org.testng.internal.TestMethodWorker.run(TestMethodWorker.java:128)
at java.util.concurrent.ThreadPoolExecutor.runWorker(Unknown Source)
at java.util.concurrent.ThreadPoolExecutor$Worker.run(Unknown Source)
at java.lang.Thread.run(Unknown Source)
]]>
    </error>
  </testcase> <!-- basicDetails -->
  <testcase name="basicDetails" time="161.493" classname="com.CRP_RRB_May23.tc.TC002_CRPBasicDetails"/>
  <testcase name="basicDetails" time="161.475" classname="com.CRP_RRB_May23.tc.TC002_CRPBasicDetails"/>
  <testcase name="basicDetails" time="162.042" classname="com.CRP_RRB_May23.tc.TC002_CRPBasicDetails"/>
  <testcase name="basicDetails" time="161.802" classname="com.CRP_RRB_May23.tc.TC002_CRPBasicDetails"/>
  <testcase name="basicDetails" time="161.643" classname="com.CRP_RRB_May23.tc.TC002_CRPBasicDetails"/>
  <testcase name="basicDetails" time="161.860" classname="com.CRP_RRB_May23.tc.TC002_CRPBasicDetails"/>
  <testcase name="basicDetails" time="162.019" classname="com.CRP_RRB_May23.tc.TC002_CRPBasicDetails"/>
  <testcase name="basicDetails" time="161.837" classname="com.CRP_RRB_May23.tc.TC002_CRPBasicDetails"/>
  <testcase name="basicDetails" time="161.908" classname="com.CRP_RRB_May23.tc.TC002_CRPBasicDetails"/>
  <testcase name="basicDetails" time="161.301" classname="com.CRP_RRB_May23.tc.TC002_CRPBasicDetails"/>
  <testcase name="basicDetails" time="161.956" classname="com.CRP_RRB_May23.tc.TC002_CRPBasicDetails"/>
  <testcase name="basicDetails" time="162.057" classname="com.CRP_RRB_May23.tc.TC002_CRPBasicDetails"/>
  <testcase name="basicDetails" time="161.752" classname="com.CRP_RRB_May23.tc.TC002_CRPBasicDetails"/>
  <testcase name="basicDetails" time="161.357" classname="com.CRP_RRB_May23.tc.TC002_CRPBasicDetails"/>
  <testcase name="basicDetails" time="161.824" classname="com.CRP_RRB_May23.tc.TC002_CRPBasicDetails"/>
  <testcase name="basicDetails" time="162.235" classname="com.CRP_RRB_May23.tc.TC002_CRPBasicDetails"/>
  <testcase name="basicDetails" time="161.718" classname="com.CRP_RRB_May23.tc.TC002_CRPBasicDetails"/>
</testsuite> <!-- com.CRP_RRB_May23.tc.TC002_CRPBasicDetails -->
