<?xml version="1.0" encoding="UTF-8"?>
<!-- Generated by org.testng.reporters.JUnitReportReporter -->
<testsuite hostname="MAA011253A" failures="0" tests="108" name="com.IGM_Mumbai.tc.TC003_IGMBasicDetails" time="12500.920" errors="4" timestamp="2022-01-17T16:49:18 IST" skipped="0">
  <testcase classname="com.IGM_Mumbai.tc.TC003_IGMBasicDetails" name="basicDetails" time="116.882"/>
  <testcase classname="com.IGM_Mumbai.tc.TC003_IGMBasicDetails" name="basicDetails" time="116.756"/>
  <testcase classname="com.IGM_Mumbai.tc.TC003_IGMBasicDetails" name="basicDetails" time="116.856"/>
  <testcase classname="com.IGM_Mumbai.tc.TC003_IGMBasicDetails" name="basicDetails" time="117.056"/>
  <testcase classname="com.IGM_Mumbai.tc.TC003_IGMBasicDetails" name="basicDetails" time="116.650"/>
  <testcase classname="com.IGM_Mumbai.tc.TC003_IGMBasicDetails" name="basicDetails" time="116.783"/>
  <testcase classname="com.IGM_Mumbai.tc.TC003_IGMBasicDetails" name="basicDetails" time="145.007"/>
  <testcase classname="com.IGM_Mumbai.tc.TC003_IGMBasicDetails" name="basicDetails" time="116.741"/>
  <testcase classname="com.IGM_Mumbai.tc.TC003_IGMBasicDetails" name="basicDetails" time="22.605">
    <error message="unexpected alert open: {Alert text : Date Of Birth should be between 16/01/1972 to 15/01/2004}
  (Session info: chrome=97.0.4692.71): Date Of Birth should be between 16/01/1972 to 15/01/2004
Build info: version: &#039;3.141.0&#039;, revision: &#039;2ecb7d9a&#039;, time: &#039;2018-10-31T20:09:30&#039;
System info: host: &#039;MAA011253A&#039;, ip: &#039;210.210.127.120&#039;, os.name: &#039;Windows 10&#039;, os.arch: &#039;amd64&#039;, os.version: &#039;10.0&#039;, java.version: &#039;9.0.1&#039;
Driver info: org.openqa.selenium.chrome.ChromeDriver
Capabilities {acceptInsecureCerts: false, browserName: chrome, browserVersion: 97.0.4692.71, chrome: {chromedriverVersion: 97.0.4692.71 (adefa7837d02a..., userDataDir: C:\Users\011253\AppData\Loc...}, goog:chromeOptions: {debuggerAddress: localhost:53145}, javascriptEnabled: true, networkConnectionEnabled: false, pageLoadStrategy: normal, platform: WINDOWS, platformName: WINDOWS, proxy: Proxy(), setWindowRect: true, strictFileInteractability: false, timeouts: {implicit: 0, pageLoad: 300000, script: 30000}, unhandledPromptBehavior: dismiss and notify, webauthn:extension:credBlob: true, webauthn:extension:largeBlob: true, webauthn:virtualAuthenticators: true}
Session ID: 30382825ff6d05ecb5132f398390eeb9
*** Element info: {Using=xpath, value=.//*[starts-with(@id,&#039;err_seldob&#039;)]}" type="org.openqa.selenium.UnhandledAlertException">
      <![CDATA[org.openqa.selenium.UnhandledAlertException: unexpected alert open: {Alert text : Date Of Birth should be between 16/01/1972 to 15/01/2004}
  (Session info: chrome=97.0.4692.71): Date Of Birth should be between 16/01/1972 to 15/01/2004
Build info: version: '3.141.0', revision: '2ecb7d9a', time: '2018-10-31T20:09:30'
System info: host: 'MAA011253A', ip: '210.210.127.120', os.name: 'Windows 10', os.arch: 'amd64', os.version: '10.0', java.version: '9.0.1'
Driver info: org.openqa.selenium.chrome.ChromeDriver
Capabilities {acceptInsecureCerts: false, browserName: chrome, browserVersion: 97.0.4692.71, chrome: {chromedriverVersion: 97.0.4692.71 (adefa7837d02a..., userDataDir: C:\Users\011253\AppData\Loc...}, goog:chromeOptions: {debuggerAddress: localhost:53145}, javascriptEnabled: true, networkConnectionEnabled: false, pageLoadStrategy: normal, platform: WINDOWS, platformName: WINDOWS, proxy: Proxy(), setWindowRect: true, strictFileInteractability: false, timeouts: {implicit: 0, pageLoad: 300000, script: 30000}, unhandledPromptBehavior: dismiss and notify, webauthn:extension:credBlob: true, webauthn:extension:largeBlob: true, webauthn:virtualAuthenticators: true}
Session ID: 30382825ff6d05ecb5132f398390eeb9
*** Element info: {Using=xpath, value=.//*[starts-with(@id,'err_seldob')]}
at org.openqa.selenium.remote.http.W3CHttpResponseCodec.decode(W3CHttpResponseCodec.java:120)
at org.openqa.selenium.remote.http.W3CHttpResponseCodec.decode(W3CHttpResponseCodec.java:49)
at org.openqa.selenium.remote.HttpCommandExecutor.execute(HttpCommandExecutor.java:158)
at org.openqa.selenium.remote.service.DriverCommandExecutor.execute(DriverCommandExecutor.java:83)
at org.openqa.selenium.remote.RemoteWebDriver.execute(RemoteWebDriver.java:552)
at org.openqa.selenium.remote.RemoteWebDriver.findElements(RemoteWebDriver.java:353)
at org.openqa.selenium.remote.RemoteWebDriver.findElementsByXPath(RemoteWebDriver.java:432)
at org.openqa.selenium.By$ByXPath.findElements(By.java:348)
at org.openqa.selenium.remote.RemoteWebDriver.findElements(RemoteWebDriver.java:311)
at lib.selenium.WebDriverServiceImpl.noagealert(WebDriverServiceImpl.java:761)
at lib.selenium.WebDriverServiceImpl.agevalidator_max(WebDriverServiceImpl.java:844)
at com.ibps.pages.PersonalDetailsPage.ageValidatorMax(PersonalDetailsPage.java:309)
at com.IGM_Mumbai.tc.TC003_IGMBasicDetails.basicDetails(TC003_IGMBasicDetails.java:61)
at jdk.internal.reflect.GeneratedMethodAccessor3.invoke(Unknown Source)
at java.base/jdk.internal.reflect.DelegatingMethodAccessorImpl.invoke(Unknown Source)
at java.base/java.lang.reflect.Method.invoke(Unknown Source)
at org.testng.internal.MethodInvocationHelper.invokeMethod(MethodInvocationHelper.java:133)
at org.testng.internal.TestInvoker.invokeMethod(TestInvoker.java:584)
at org.testng.internal.TestInvoker.invokeTestMethod(TestInvoker.java:172)
at org.testng.internal.MethodRunner.runInSequence(MethodRunner.java:46)
at org.testng.internal.TestInvoker$MethodInvocationAgent.invoke(TestInvoker.java:804)
at org.testng.internal.TestInvoker.invokeTestMethods(TestInvoker.java:145)
at org.testng.internal.TestMethodWorker.invokeTestMethods(TestMethodWorker.java:146)
at org.testng.internal.TestMethodWorker.run(TestMethodWorker.java:128)
at java.base/java.util.concurrent.ThreadPoolExecutor.runWorker(Unknown Source)
at java.base/java.util.concurrent.ThreadPoolExecutor$Worker.run(Unknown Source)
at java.base/java.lang.Thread.run(Unknown Source)
]]>
    </error>
  </testcase> <!-- basicDetails -->
  <testcase classname="com.IGM_Mumbai.tc.TC003_IGMBasicDetails" name="basicDetails" time="116.933"/>
  <testcase classname="com.IGM_Mumbai.tc.TC003_IGMBasicDetails" name="basicDetails" time="116.244"/>
  <testcase classname="com.IGM_Mumbai.tc.TC003_IGMBasicDetails" name="basicDetails" time="116.736"/>
  <testcase classname="com.IGM_Mumbai.tc.TC003_IGMBasicDetails" name="basicDetails" time="117.073"/>
  <testcase classname="com.IGM_Mumbai.tc.TC003_IGMBasicDetails" name="basicDetails" time="116.447"/>
  <testcase classname="com.IGM_Mumbai.tc.TC003_IGMBasicDetails" name="basicDetails" time="116.946"/>
  <testcase classname="com.IGM_Mumbai.tc.TC003_IGMBasicDetails" name="basicDetails" time="117.121"/>
  <testcase classname="com.IGM_Mumbai.tc.TC003_IGMBasicDetails" name="basicDetails" time="116.983"/>
  <testcase classname="com.IGM_Mumbai.tc.TC003_IGMBasicDetails" name="basicDetails" time="116.944"/>
  <testcase classname="com.IGM_Mumbai.tc.TC003_IGMBasicDetails" name="basicDetails" time="116.944"/>
  <testcase classname="com.IGM_Mumbai.tc.TC003_IGMBasicDetails" name="basicDetails" time="83.195">
    <error message="unexpected alert open: {Alert text : Date Of Birth should be between 16/01/1965 to 15/01/2004}
  (Session info: chrome=97.0.4692.71): Date Of Birth should be between 16/01/1965 to 15/01/2004
Build info: version: &#039;3.141.0&#039;, revision: &#039;2ecb7d9a&#039;, time: &#039;2018-10-31T20:09:30&#039;
System info: host: &#039;MAA011253A&#039;, ip: &#039;210.210.127.120&#039;, os.name: &#039;Windows 10&#039;, os.arch: &#039;amd64&#039;, os.version: &#039;10.0&#039;, java.version: &#039;9.0.1&#039;
Driver info: org.openqa.selenium.chrome.ChromeDriver
Capabilities {acceptInsecureCerts: false, browserName: chrome, browserVersion: 97.0.4692.71, chrome: {chromedriverVersion: 97.0.4692.71 (adefa7837d02a..., userDataDir: C:\Users\011253\AppData\Loc...}, goog:chromeOptions: {debuggerAddress: localhost:53145}, javascriptEnabled: true, networkConnectionEnabled: false, pageLoadStrategy: normal, platform: WINDOWS, platformName: WINDOWS, proxy: Proxy(), setWindowRect: true, strictFileInteractability: false, timeouts: {implicit: 0, pageLoad: 300000, script: 30000}, unhandledPromptBehavior: dismiss and notify, webauthn:extension:credBlob: true, webauthn:extension:largeBlob: true, webauthn:virtualAuthenticators: true}
Session ID: 30382825ff6d05ecb5132f398390eeb9
*** Element info: {Using=xpath, value=.//*[starts-with(@id,&#039;err_seldob&#039;)]}" type="org.openqa.selenium.UnhandledAlertException">
      <![CDATA[org.openqa.selenium.UnhandledAlertException: unexpected alert open: {Alert text : Date Of Birth should be between 16/01/1965 to 15/01/2004}
  (Session info: chrome=97.0.4692.71): Date Of Birth should be between 16/01/1965 to 15/01/2004
Build info: version: '3.141.0', revision: '2ecb7d9a', time: '2018-10-31T20:09:30'
System info: host: 'MAA011253A', ip: '210.210.127.120', os.name: 'Windows 10', os.arch: 'amd64', os.version: '10.0', java.version: '9.0.1'
Driver info: org.openqa.selenium.chrome.ChromeDriver
Capabilities {acceptInsecureCerts: false, browserName: chrome, browserVersion: 97.0.4692.71, chrome: {chromedriverVersion: 97.0.4692.71 (adefa7837d02a..., userDataDir: C:\Users\011253\AppData\Loc...}, goog:chromeOptions: {debuggerAddress: localhost:53145}, javascriptEnabled: true, networkConnectionEnabled: false, pageLoadStrategy: normal, platform: WINDOWS, platformName: WINDOWS, proxy: Proxy(), setWindowRect: true, strictFileInteractability: false, timeouts: {implicit: 0, pageLoad: 300000, script: 30000}, unhandledPromptBehavior: dismiss and notify, webauthn:extension:credBlob: true, webauthn:extension:largeBlob: true, webauthn:virtualAuthenticators: true}
Session ID: 30382825ff6d05ecb5132f398390eeb9
*** Element info: {Using=xpath, value=.//*[starts-with(@id,'err_seldob')]}
at org.openqa.selenium.remote.http.W3CHttpResponseCodec.decode(W3CHttpResponseCodec.java:120)
at org.openqa.selenium.remote.http.W3CHttpResponseCodec.decode(W3CHttpResponseCodec.java:49)
at org.openqa.selenium.remote.HttpCommandExecutor.execute(HttpCommandExecutor.java:158)
at org.openqa.selenium.remote.service.DriverCommandExecutor.execute(DriverCommandExecutor.java:83)
at org.openqa.selenium.remote.RemoteWebDriver.execute(RemoteWebDriver.java:552)
at org.openqa.selenium.remote.RemoteWebDriver.findElements(RemoteWebDriver.java:353)
at org.openqa.selenium.remote.RemoteWebDriver.findElementsByXPath(RemoteWebDriver.java:432)
at org.openqa.selenium.By$ByXPath.findElements(By.java:348)
at org.openqa.selenium.remote.RemoteWebDriver.findElements(RemoteWebDriver.java:311)
at lib.selenium.WebDriverServiceImpl.noagealert(WebDriverServiceImpl.java:761)
at lib.selenium.WebDriverServiceImpl.agevalidator_min(WebDriverServiceImpl.java:919)
at com.ibps.pages.PersonalDetailsPage.ageValidatorMin(PersonalDetailsPage.java:313)
at com.IGM_Mumbai.tc.TC003_IGMBasicDetails.basicDetails(TC003_IGMBasicDetails.java:62)
at java.base/jdk.internal.reflect.NativeMethodAccessorImpl.invoke0(Native Method)
at java.base/jdk.internal.reflect.NativeMethodAccessorImpl.invoke(Unknown Source)
at java.base/jdk.internal.reflect.DelegatingMethodAccessorImpl.invoke(Unknown Source)
at java.base/java.lang.reflect.Method.invoke(Unknown Source)
at org.testng.internal.MethodInvocationHelper.invokeMethod(MethodInvocationHelper.java:133)
at org.testng.internal.TestInvoker.invokeMethod(TestInvoker.java:584)
at org.testng.internal.TestInvoker.invokeTestMethod(TestInvoker.java:172)
at org.testng.internal.MethodRunner.runInSequence(MethodRunner.java:46)
at org.testng.internal.TestInvoker$MethodInvocationAgent.invoke(TestInvoker.java:804)
at org.testng.internal.TestInvoker.invokeTestMethods(TestInvoker.java:145)
at org.testng.internal.TestMethodWorker.invokeTestMethods(TestMethodWorker.java:146)
at org.testng.internal.TestMethodWorker.run(TestMethodWorker.java:128)
at java.base/java.util.concurrent.ThreadPoolExecutor.runWorker(Unknown Source)
at java.base/java.util.concurrent.ThreadPoolExecutor$Worker.run(Unknown Source)
at java.base/java.lang.Thread.run(Unknown Source)
]]>
    </error>
  </testcase> <!-- basicDetails -->
  <testcase classname="com.IGM_Mumbai.tc.TC003_IGMBasicDetails" name="basicDetails" time="144.633"/>
  <testcase classname="com.IGM_Mumbai.tc.TC003_IGMBasicDetails" name="basicDetails" time="116.573"/>
  <testcase classname="com.IGM_Mumbai.tc.TC003_IGMBasicDetails" name="basicDetails" time="116.954"/>
  <testcase classname="com.IGM_Mumbai.tc.TC003_IGMBasicDetails" name="basicDetails" time="116.751"/>
  <testcase classname="com.IGM_Mumbai.tc.TC003_IGMBasicDetails" name="basicDetails" time="117.142"/>
  <testcase classname="com.IGM_Mumbai.tc.TC003_IGMBasicDetails" name="basicDetails" time="116.745"/>
  <testcase classname="com.IGM_Mumbai.tc.TC003_IGMBasicDetails" name="basicDetails" time="116.650"/>
  <testcase classname="com.IGM_Mumbai.tc.TC003_IGMBasicDetails" name="basicDetails" time="116.600"/>
  <testcase classname="com.IGM_Mumbai.tc.TC003_IGMBasicDetails" name="basicDetails" time="116.693"/>
  <testcase classname="com.IGM_Mumbai.tc.TC003_IGMBasicDetails" name="basicDetails" time="116.088"/>
  <testcase classname="com.IGM_Mumbai.tc.TC003_IGMBasicDetails" name="basicDetails" time="116.614"/>
  <testcase classname="com.IGM_Mumbai.tc.TC003_IGMBasicDetails" name="basicDetails" time="117.136"/>
  <testcase classname="com.IGM_Mumbai.tc.TC003_IGMBasicDetails" name="basicDetails" time="116.863"/>
  <testcase classname="com.IGM_Mumbai.tc.TC003_IGMBasicDetails" name="basicDetails" time="116.695"/>
  <testcase classname="com.IGM_Mumbai.tc.TC003_IGMBasicDetails" name="basicDetails" time="117.268"/>
  <testcase classname="com.IGM_Mumbai.tc.TC003_IGMBasicDetails" name="basicDetails" time="117.227"/>
  <testcase classname="com.IGM_Mumbai.tc.TC003_IGMBasicDetails" name="basicDetails" time="116.747"/>
  <testcase classname="com.IGM_Mumbai.tc.TC003_IGMBasicDetails" name="basicDetails" time="120.216"/>
  <testcase classname="com.IGM_Mumbai.tc.TC003_IGMBasicDetails" name="basicDetails" time="116.469"/>
  <testcase classname="com.IGM_Mumbai.tc.TC003_IGMBasicDetails" name="basicDetails" time="116.497"/>
  <testcase classname="com.IGM_Mumbai.tc.TC003_IGMBasicDetails" name="basicDetails" time="117.339"/>
  <testcase classname="com.IGM_Mumbai.tc.TC003_IGMBasicDetails" name="basicDetails" time="116.940"/>
  <testcase classname="com.IGM_Mumbai.tc.TC003_IGMBasicDetails" name="basicDetails" time="116.878"/>
  <testcase classname="com.IGM_Mumbai.tc.TC003_IGMBasicDetails" name="basicDetails" time="116.727"/>
  <testcase classname="com.IGM_Mumbai.tc.TC003_IGMBasicDetails" name="basicDetails" time="116.893"/>
  <testcase classname="com.IGM_Mumbai.tc.TC003_IGMBasicDetails" name="basicDetails" time="116.940"/>
  <testcase classname="com.IGM_Mumbai.tc.TC003_IGMBasicDetails" name="basicDetails" time="116.398"/>
  <testcase classname="com.IGM_Mumbai.tc.TC003_IGMBasicDetails" name="basicDetails" time="116.874"/>
  <testcase classname="com.IGM_Mumbai.tc.TC003_IGMBasicDetails" name="basicDetails" time="117.188"/>
  <testcase classname="com.IGM_Mumbai.tc.TC003_IGMBasicDetails" name="basicDetails" time="116.669"/>
  <testcase classname="com.IGM_Mumbai.tc.TC003_IGMBasicDetails" name="basicDetails" time="116.853"/>
  <testcase classname="com.IGM_Mumbai.tc.TC003_IGMBasicDetails" name="basicDetails" time="117.060"/>
  <testcase classname="com.IGM_Mumbai.tc.TC003_IGMBasicDetails" name="basicDetails" time="117.132"/>
  <testcase classname="com.IGM_Mumbai.tc.TC003_IGMBasicDetails" name="basicDetails" time="116.391"/>
  <testcase classname="com.IGM_Mumbai.tc.TC003_IGMBasicDetails" name="basicDetails" time="117.036"/>
  <testcase classname="com.IGM_Mumbai.tc.TC003_IGMBasicDetails" name="basicDetails" time="116.561"/>
  <testcase classname="com.IGM_Mumbai.tc.TC003_IGMBasicDetails" name="basicDetails" time="116.310"/>
  <testcase classname="com.IGM_Mumbai.tc.TC003_IGMBasicDetails" name="basicDetails" time="116.993"/>
  <testcase classname="com.IGM_Mumbai.tc.TC003_IGMBasicDetails" name="basicDetails" time="145.070"/>
  <testcase classname="com.IGM_Mumbai.tc.TC003_IGMBasicDetails" name="basicDetails" time="116.803"/>
  <testcase classname="com.IGM_Mumbai.tc.TC003_IGMBasicDetails" name="basicDetails" time="117.102"/>
  <testcase classname="com.IGM_Mumbai.tc.TC003_IGMBasicDetails" name="basicDetails" time="116.811"/>
  <testcase classname="com.IGM_Mumbai.tc.TC003_IGMBasicDetails" name="basicDetails" time="116.836"/>
  <testcase classname="com.IGM_Mumbai.tc.TC003_IGMBasicDetails" name="basicDetails" time="116.198"/>
  <testcase classname="com.IGM_Mumbai.tc.TC003_IGMBasicDetails" name="basicDetails" time="116.245"/>
  <testcase classname="com.IGM_Mumbai.tc.TC003_IGMBasicDetails" name="basicDetails" time="116.524"/>
  <testcase classname="com.IGM_Mumbai.tc.TC003_IGMBasicDetails" name="basicDetails" time="116.917"/>
  <testcase classname="com.IGM_Mumbai.tc.TC003_IGMBasicDetails" name="basicDetails" time="116.651"/>
  <testcase classname="com.IGM_Mumbai.tc.TC003_IGMBasicDetails" name="basicDetails" time="116.737"/>
  <testcase classname="com.IGM_Mumbai.tc.TC003_IGMBasicDetails" name="basicDetails" time="116.553"/>
  <testcase classname="com.IGM_Mumbai.tc.TC003_IGMBasicDetails" name="basicDetails" time="116.489"/>
  <testcase classname="com.IGM_Mumbai.tc.TC003_IGMBasicDetails" name="basicDetails" time="116.718"/>
  <testcase classname="com.IGM_Mumbai.tc.TC003_IGMBasicDetails" name="basicDetails" time="144.484"/>
  <testcase classname="com.IGM_Mumbai.tc.TC003_IGMBasicDetails" name="basicDetails" time="116.757"/>
  <testcase classname="com.IGM_Mumbai.tc.TC003_IGMBasicDetails" name="basicDetails" time="116.489"/>
  <testcase classname="com.IGM_Mumbai.tc.TC003_IGMBasicDetails" name="basicDetails" time="116.815"/>
  <testcase classname="com.IGM_Mumbai.tc.TC003_IGMBasicDetails" name="basicDetails" time="117.180"/>
  <testcase classname="com.IGM_Mumbai.tc.TC003_IGMBasicDetails" name="basicDetails" time="144.445"/>
  <testcase classname="com.IGM_Mumbai.tc.TC003_IGMBasicDetails" name="basicDetails" time="144.522"/>
  <testcase classname="com.IGM_Mumbai.tc.TC003_IGMBasicDetails" name="basicDetails" time="116.542"/>
  <testcase classname="com.IGM_Mumbai.tc.TC003_IGMBasicDetails" name="basicDetails" time="116.570"/>
  <testcase classname="com.IGM_Mumbai.tc.TC003_IGMBasicDetails" name="basicDetails" time="26.774">
    <error message="unexpected alert open: {Alert text : Date Of Birth should be between 16/01/1987 to 15/01/2004}
  (Session info: chrome=97.0.4692.71): Date Of Birth should be between 16/01/1987 to 15/01/2004
Build info: version: &#039;3.141.0&#039;, revision: &#039;2ecb7d9a&#039;, time: &#039;2018-10-31T20:09:30&#039;
System info: host: &#039;MAA011253A&#039;, ip: &#039;210.210.127.120&#039;, os.name: &#039;Windows 10&#039;, os.arch: &#039;amd64&#039;, os.version: &#039;10.0&#039;, java.version: &#039;9.0.1&#039;
Driver info: org.openqa.selenium.chrome.ChromeDriver
Capabilities {acceptInsecureCerts: false, browserName: chrome, browserVersion: 97.0.4692.71, chrome: {chromedriverVersion: 97.0.4692.71 (adefa7837d02a..., userDataDir: C:\Users\011253\AppData\Loc...}, goog:chromeOptions: {debuggerAddress: localhost:53145}, javascriptEnabled: true, networkConnectionEnabled: false, pageLoadStrategy: normal, platform: WINDOWS, platformName: WINDOWS, proxy: Proxy(), setWindowRect: true, strictFileInteractability: false, timeouts: {implicit: 0, pageLoad: 300000, script: 30000}, unhandledPromptBehavior: dismiss and notify, webauthn:extension:credBlob: true, webauthn:extension:largeBlob: true, webauthn:virtualAuthenticators: true}
Session ID: 30382825ff6d05ecb5132f398390eeb9
*** Element info: {Using=id, value=seldobmon}" type="org.openqa.selenium.UnhandledAlertException">
      <![CDATA[org.openqa.selenium.UnhandledAlertException: unexpected alert open: {Alert text : Date Of Birth should be between 16/01/1987 to 15/01/2004}
  (Session info: chrome=97.0.4692.71): Date Of Birth should be between 16/01/1987 to 15/01/2004
Build info: version: '3.141.0', revision: '2ecb7d9a', time: '2018-10-31T20:09:30'
System info: host: 'MAA011253A', ip: '210.210.127.120', os.name: 'Windows 10', os.arch: 'amd64', os.version: '10.0', java.version: '9.0.1'
Driver info: org.openqa.selenium.chrome.ChromeDriver
Capabilities {acceptInsecureCerts: false, browserName: chrome, browserVersion: 97.0.4692.71, chrome: {chromedriverVersion: 97.0.4692.71 (adefa7837d02a..., userDataDir: C:\Users\011253\AppData\Loc...}, goog:chromeOptions: {debuggerAddress: localhost:53145}, javascriptEnabled: true, networkConnectionEnabled: false, pageLoadStrategy: normal, platform: WINDOWS, platformName: WINDOWS, proxy: Proxy(), setWindowRect: true, strictFileInteractability: false, timeouts: {implicit: 0, pageLoad: 300000, script: 30000}, unhandledPromptBehavior: dismiss and notify, webauthn:extension:credBlob: true, webauthn:extension:largeBlob: true, webauthn:virtualAuthenticators: true}
Session ID: 30382825ff6d05ecb5132f398390eeb9
*** Element info: {Using=id, value=seldobmon}
at org.openqa.selenium.remote.http.W3CHttpResponseCodec.decode(W3CHttpResponseCodec.java:120)
at org.openqa.selenium.remote.http.W3CHttpResponseCodec.decode(W3CHttpResponseCodec.java:49)
at org.openqa.selenium.remote.HttpCommandExecutor.execute(HttpCommandExecutor.java:158)
at org.openqa.selenium.remote.service.DriverCommandExecutor.execute(DriverCommandExecutor.java:83)
at org.openqa.selenium.remote.RemoteWebDriver.execute(RemoteWebDriver.java:552)
at org.openqa.selenium.remote.RemoteWebDriver.findElement(RemoteWebDriver.java:323)
at org.openqa.selenium.remote.RemoteWebDriver.findElementById(RemoteWebDriver.java:372)
at org.openqa.selenium.By$ById.findElement(By.java:188)
at org.openqa.selenium.remote.RemoteWebDriver.findElement(RemoteWebDriver.java:315)
at lib.selenium.WebDriverServiceImpl.selectDropDown(WebDriverServiceImpl.java:711)
at lib.selenium.WebDriverServiceImpl.agevalidator_max(WebDriverServiceImpl.java:816)
at com.ibps.pages.PersonalDetailsPage.ageValidatorMax(PersonalDetailsPage.java:309)
at com.IGM_Mumbai.tc.TC003_IGMBasicDetails.basicDetails(TC003_IGMBasicDetails.java:61)
at jdk.internal.reflect.GeneratedMethodAccessor3.invoke(Unknown Source)
at java.base/jdk.internal.reflect.DelegatingMethodAccessorImpl.invoke(Unknown Source)
at java.base/java.lang.reflect.Method.invoke(Unknown Source)
at org.testng.internal.MethodInvocationHelper.invokeMethod(MethodInvocationHelper.java:133)
at org.testng.internal.TestInvoker.invokeMethod(TestInvoker.java:584)
at org.testng.internal.TestInvoker.invokeTestMethod(TestInvoker.java:172)
at org.testng.internal.MethodRunner.runInSequence(MethodRunner.java:46)
at org.testng.internal.TestInvoker$MethodInvocationAgent.invoke(TestInvoker.java:804)
at org.testng.internal.TestInvoker.invokeTestMethods(TestInvoker.java:145)
at org.testng.internal.TestMethodWorker.invokeTestMethods(TestMethodWorker.java:146)
at org.testng.internal.TestMethodWorker.run(TestMethodWorker.java:128)
at java.base/java.util.concurrent.ThreadPoolExecutor.runWorker(Unknown Source)
at java.base/java.util.concurrent.ThreadPoolExecutor$Worker.run(Unknown Source)
at java.base/java.lang.Thread.run(Unknown Source)
]]>
    </error>
  </testcase> <!-- basicDetails -->
  <testcase classname="com.IGM_Mumbai.tc.TC003_IGMBasicDetails" name="basicDetails" time="116.607"/>
  <testcase classname="com.IGM_Mumbai.tc.TC003_IGMBasicDetails" name="basicDetails" time="116.746"/>
  <testcase classname="com.IGM_Mumbai.tc.TC003_IGMBasicDetails" name="basicDetails" time="116.897"/>
  <testcase classname="com.IGM_Mumbai.tc.TC003_IGMBasicDetails" name="basicDetails" time="116.860"/>
  <testcase classname="com.IGM_Mumbai.tc.TC003_IGMBasicDetails" name="basicDetails" time="117.004"/>
  <testcase classname="com.IGM_Mumbai.tc.TC003_IGMBasicDetails" name="basicDetails" time="117.085"/>
  <testcase classname="com.IGM_Mumbai.tc.TC003_IGMBasicDetails" name="basicDetails" time="117.121"/>
  <testcase classname="com.IGM_Mumbai.tc.TC003_IGMBasicDetails" name="basicDetails" time="116.701"/>
  <testcase classname="com.IGM_Mumbai.tc.TC003_IGMBasicDetails" name="basicDetails" time="116.771"/>
  <testcase classname="com.IGM_Mumbai.tc.TC003_IGMBasicDetails" name="basicDetails" time="117.374"/>
  <testcase classname="com.IGM_Mumbai.tc.TC003_IGMBasicDetails" name="basicDetails" time="116.581"/>
  <testcase classname="com.IGM_Mumbai.tc.TC003_IGMBasicDetails" name="basicDetails" time="116.723"/>
  <testcase classname="com.IGM_Mumbai.tc.TC003_IGMBasicDetails" name="basicDetails" time="144.696"/>
  <testcase classname="com.IGM_Mumbai.tc.TC003_IGMBasicDetails" name="basicDetails" time="117.077"/>
  <testcase classname="com.IGM_Mumbai.tc.TC003_IGMBasicDetails" name="basicDetails" time="116.509"/>
  <testcase classname="com.IGM_Mumbai.tc.TC003_IGMBasicDetails" name="basicDetails" time="117.026"/>
  <testcase classname="com.IGM_Mumbai.tc.TC003_IGMBasicDetails" name="basicDetails" time="116.742"/>
  <testcase classname="com.IGM_Mumbai.tc.TC003_IGMBasicDetails" name="basicDetails" time="22.917">
    <error message="unexpected alert open: {Alert text : Date Of Birth should be between 16/01/1965 to 15/01/2004}
  (Session info: chrome=97.0.4692.71): Date Of Birth should be between 16/01/1965 to 15/01/2004
Build info: version: &#039;3.141.0&#039;, revision: &#039;2ecb7d9a&#039;, time: &#039;2018-10-31T20:09:30&#039;
System info: host: &#039;MAA011253A&#039;, ip: &#039;210.210.127.120&#039;, os.name: &#039;Windows 10&#039;, os.arch: &#039;amd64&#039;, os.version: &#039;10.0&#039;, java.version: &#039;9.0.1&#039;
Driver info: org.openqa.selenium.chrome.ChromeDriver
Capabilities {acceptInsecureCerts: false, browserName: chrome, browserVersion: 97.0.4692.71, chrome: {chromedriverVersion: 97.0.4692.71 (adefa7837d02a..., userDataDir: C:\Users\011253\AppData\Loc...}, goog:chromeOptions: {debuggerAddress: localhost:53145}, javascriptEnabled: true, networkConnectionEnabled: false, pageLoadStrategy: normal, platform: WINDOWS, platformName: WINDOWS, proxy: Proxy(), setWindowRect: true, strictFileInteractability: false, timeouts: {implicit: 0, pageLoad: 300000, script: 30000}, unhandledPromptBehavior: dismiss and notify, webauthn:extension:credBlob: true, webauthn:extension:largeBlob: true, webauthn:virtualAuthenticators: true}
Session ID: 30382825ff6d05ecb5132f398390eeb9
*** Element info: {Using=xpath, value=.//*[starts-with(@id,&#039;err_seldob&#039;)]}" type="org.openqa.selenium.UnhandledAlertException">
      <![CDATA[org.openqa.selenium.UnhandledAlertException: unexpected alert open: {Alert text : Date Of Birth should be between 16/01/1965 to 15/01/2004}
  (Session info: chrome=97.0.4692.71): Date Of Birth should be between 16/01/1965 to 15/01/2004
Build info: version: '3.141.0', revision: '2ecb7d9a', time: '2018-10-31T20:09:30'
System info: host: 'MAA011253A', ip: '210.210.127.120', os.name: 'Windows 10', os.arch: 'amd64', os.version: '10.0', java.version: '9.0.1'
Driver info: org.openqa.selenium.chrome.ChromeDriver
Capabilities {acceptInsecureCerts: false, browserName: chrome, browserVersion: 97.0.4692.71, chrome: {chromedriverVersion: 97.0.4692.71 (adefa7837d02a..., userDataDir: C:\Users\011253\AppData\Loc...}, goog:chromeOptions: {debuggerAddress: localhost:53145}, javascriptEnabled: true, networkConnectionEnabled: false, pageLoadStrategy: normal, platform: WINDOWS, platformName: WINDOWS, proxy: Proxy(), setWindowRect: true, strictFileInteractability: false, timeouts: {implicit: 0, pageLoad: 300000, script: 30000}, unhandledPromptBehavior: dismiss and notify, webauthn:extension:credBlob: true, webauthn:extension:largeBlob: true, webauthn:virtualAuthenticators: true}
Session ID: 30382825ff6d05ecb5132f398390eeb9
*** Element info: {Using=xpath, value=.//*[starts-with(@id,'err_seldob')]}
at org.openqa.selenium.remote.http.W3CHttpResponseCodec.decode(W3CHttpResponseCodec.java:120)
at org.openqa.selenium.remote.http.W3CHttpResponseCodec.decode(W3CHttpResponseCodec.java:49)
at org.openqa.selenium.remote.HttpCommandExecutor.execute(HttpCommandExecutor.java:158)
at org.openqa.selenium.remote.service.DriverCommandExecutor.execute(DriverCommandExecutor.java:83)
at org.openqa.selenium.remote.RemoteWebDriver.execute(RemoteWebDriver.java:552)
at org.openqa.selenium.remote.RemoteWebDriver.findElements(RemoteWebDriver.java:353)
at org.openqa.selenium.remote.RemoteWebDriver.findElementsByXPath(RemoteWebDriver.java:432)
at org.openqa.selenium.By$ByXPath.findElements(By.java:348)
at org.openqa.selenium.remote.RemoteWebDriver.findElements(RemoteWebDriver.java:311)
at lib.selenium.WebDriverServiceImpl.noagealert(WebDriverServiceImpl.java:761)
at lib.selenium.WebDriverServiceImpl.agevalidator_max(WebDriverServiceImpl.java:844)
at com.ibps.pages.PersonalDetailsPage.ageValidatorMax(PersonalDetailsPage.java:309)
at com.IGM_Mumbai.tc.TC003_IGMBasicDetails.basicDetails(TC003_IGMBasicDetails.java:61)
at java.base/jdk.internal.reflect.NativeMethodAccessorImpl.invoke0(Native Method)
at java.base/jdk.internal.reflect.NativeMethodAccessorImpl.invoke(Unknown Source)
at java.base/jdk.internal.reflect.DelegatingMethodAccessorImpl.invoke(Unknown Source)
at java.base/java.lang.reflect.Method.invoke(Unknown Source)
at org.testng.internal.MethodInvocationHelper.invokeMethod(MethodInvocationHelper.java:133)
at org.testng.internal.TestInvoker.invokeMethod(TestInvoker.java:584)
at org.testng.internal.TestInvoker.invokeTestMethod(TestInvoker.java:172)
at org.testng.internal.MethodRunner.runInSequence(MethodRunner.java:46)
at org.testng.internal.TestInvoker$MethodInvocationAgent.invoke(TestInvoker.java:804)
at org.testng.internal.TestInvoker.invokeTestMethods(TestInvoker.java:145)
at org.testng.internal.TestMethodWorker.invokeTestMethods(TestMethodWorker.java:146)
at org.testng.internal.TestMethodWorker.run(TestMethodWorker.java:128)
at java.base/java.util.concurrent.ThreadPoolExecutor.runWorker(Unknown Source)
at java.base/java.util.concurrent.ThreadPoolExecutor$Worker.run(Unknown Source)
at java.base/java.lang.Thread.run(Unknown Source)
]]>
    </error>
  </testcase> <!-- basicDetails -->
  <testcase classname="com.IGM_Mumbai.tc.TC003_IGMBasicDetails" name="basicDetails" time="116.645"/>
  <testcase classname="com.IGM_Mumbai.tc.TC003_IGMBasicDetails" name="basicDetails" time="116.576"/>
  <testcase classname="com.IGM_Mumbai.tc.TC003_IGMBasicDetails" name="basicDetails" time="117.153"/>
  <testcase classname="com.IGM_Mumbai.tc.TC003_IGMBasicDetails" name="basicDetails" time="116.980"/>
  <testcase classname="com.IGM_Mumbai.tc.TC003_IGMBasicDetails" name="basicDetails" time="116.554"/>
  <testcase classname="com.IGM_Mumbai.tc.TC003_IGMBasicDetails" name="basicDetails" time="117.106"/>
  <testcase classname="com.IGM_Mumbai.tc.TC003_IGMBasicDetails" name="basicDetails" time="116.846"/>
  <testcase classname="com.IGM_Mumbai.tc.TC003_IGMBasicDetails" name="basicDetails" time="116.746"/>
</testsuite> <!-- com.IGM_Mumbai.tc.TC003_IGMBasicDetails -->
