<?xml version="1.0" encoding="UTF-8"?>
<!-- Generated by org.testng.reporters.JUnitReportReporter -->
<testsuite skipped="0" hostname="MAA014482B" name="com.RBI1Feb22.tc.TC004_RBIBasicDetails" tests="87" failures="0" timestamp="2022-02-14T17:20:23 IST" time="11514.638" errors="3">
  <testcase name="basicDetails" time="161.531" classname="com.RBI1Feb22.tc.TC004_RBIBasicDetails"/>
  <testcase name="basicDetails" time="134.717" classname="com.RBI1Feb22.tc.TC004_RBIBasicDetails"/>
  <testcase name="basicDetails" time="135.568" classname="com.RBI1Feb22.tc.TC004_RBIBasicDetails"/>
  <testcase name="basicDetails" time="134.380" classname="com.RBI1Feb22.tc.TC004_RBIBasicDetails"/>
  <testcase name="basicDetails" time="133.532" classname="com.RBI1Feb22.tc.TC004_RBIBasicDetails"/>
  <testcase name="basicDetails" time="134.196" classname="com.RBI1Feb22.tc.TC004_RBIBasicDetails"/>
  <testcase name="basicDetails" time="135.964" classname="com.RBI1Feb22.tc.TC004_RBIBasicDetails"/>
  <testcase name="basicDetails" time="134.352" classname="com.RBI1Feb22.tc.TC004_RBIBasicDetails"/>
  <testcase name="basicDetails" time="133.788" classname="com.RBI1Feb22.tc.TC004_RBIBasicDetails"/>
  <testcase name="basicDetails" time="135.213" classname="com.RBI1Feb22.tc.TC004_RBIBasicDetails"/>
  <testcase name="basicDetails" time="135.243" classname="com.RBI1Feb22.tc.TC004_RBIBasicDetails"/>
  <testcase name="basicDetails" time="134.366" classname="com.RBI1Feb22.tc.TC004_RBIBasicDetails"/>
  <testcase name="basicDetails" time="134.586" classname="com.RBI1Feb22.tc.TC004_RBIBasicDetails"/>
  <testcase name="basicDetails" time="135.093" classname="com.RBI1Feb22.tc.TC004_RBIBasicDetails"/>
  <testcase name="basicDetails" time="135.618" classname="com.RBI1Feb22.tc.TC004_RBIBasicDetails"/>
  <testcase name="basicDetails" time="135.317" classname="com.RBI1Feb22.tc.TC004_RBIBasicDetails"/>
  <testcase name="basicDetails" time="135.423" classname="com.RBI1Feb22.tc.TC004_RBIBasicDetails"/>
  <testcase name="basicDetails" time="135.696" classname="com.RBI1Feb22.tc.TC004_RBIBasicDetails"/>
  <testcase name="basicDetails" time="135.146" classname="com.RBI1Feb22.tc.TC004_RBIBasicDetails"/>
  <testcase name="basicDetails" time="134.875" classname="com.RBI1Feb22.tc.TC004_RBIBasicDetails"/>
  <testcase name="basicDetails" time="133.855" classname="com.RBI1Feb22.tc.TC004_RBIBasicDetails"/>
  <testcase name="basicDetails" time="135.118" classname="com.RBI1Feb22.tc.TC004_RBIBasicDetails"/>
  <testcase name="basicDetails" time="134.399" classname="com.RBI1Feb22.tc.TC004_RBIBasicDetails"/>
  <testcase name="basicDetails" time="133.935" classname="com.RBI1Feb22.tc.TC004_RBIBasicDetails"/>
  <testcase name="basicDetails" time="133.786" classname="com.RBI1Feb22.tc.TC004_RBIBasicDetails"/>
  <testcase name="basicDetails" time="135.137" classname="com.RBI1Feb22.tc.TC004_RBIBasicDetails"/>
  <testcase name="basicDetails" time="136.064" classname="com.RBI1Feb22.tc.TC004_RBIBasicDetails"/>
  <testcase name="basicDetails" time="135.022" classname="com.RBI1Feb22.tc.TC004_RBIBasicDetails"/>
  <testcase name="basicDetails" time="135.481" classname="com.RBI1Feb22.tc.TC004_RBIBasicDetails"/>
  <testcase name="basicDetails" time="134.212" classname="com.RBI1Feb22.tc.TC004_RBIBasicDetails"/>
  <testcase name="basicDetails" time="135.590" classname="com.RBI1Feb22.tc.TC004_RBIBasicDetails"/>
  <testcase name="basicDetails" time="135.146" classname="com.RBI1Feb22.tc.TC004_RBIBasicDetails"/>
  <testcase name="basicDetails" time="135.016" classname="com.RBI1Feb22.tc.TC004_RBIBasicDetails"/>
  <testcase name="basicDetails" time="134.374" classname="com.RBI1Feb22.tc.TC004_RBIBasicDetails"/>
  <testcase name="basicDetails" time="134.201" classname="com.RBI1Feb22.tc.TC004_RBIBasicDetails"/>
  <testcase name="basicDetails" time="134.798" classname="com.RBI1Feb22.tc.TC004_RBIBasicDetails"/>
  <testcase name="basicDetails" time="134.592" classname="com.RBI1Feb22.tc.TC004_RBIBasicDetails"/>
  <testcase name="basicDetails" time="133.608" classname="com.RBI1Feb22.tc.TC004_RBIBasicDetails"/>
  <testcase name="basicDetails" time="135.477" classname="com.RBI1Feb22.tc.TC004_RBIBasicDetails"/>
  <testcase name="basicDetails" time="134.503" classname="com.RBI1Feb22.tc.TC004_RBIBasicDetails"/>
  <testcase name="basicDetails" time="133.337" classname="com.RBI1Feb22.tc.TC004_RBIBasicDetails"/>
  <testcase name="basicDetails" time="135.106" classname="com.RBI1Feb22.tc.TC004_RBIBasicDetails"/>
  <testcase name="basicDetails" time="42.591" classname="com.RBI1Feb22.tc.TC004_RBIBasicDetails">
    <error type="org.openqa.selenium.UnhandledAlertException" message="unexpected alert open: {Alert text : Date Of Birth should be between 02/02/1972 to 01/02/2002}
  (Session info: chrome=98.0.4758.82): Date Of Birth should be between 02/02/1972 to 01/02/2002
Build info: version: &#039;3.141.0&#039;, revision: &#039;2ecb7d9a&#039;, time: &#039;2018-10-31T20:09:30&#039;
System info: host: &#039;MAA014482B&#039;, ip: &#039;124.7.228.141&#039;, os.name: &#039;Windows 10&#039;, os.arch: &#039;amd64&#039;, os.version: &#039;10.0&#039;, java.version: &#039;1.8.0_131&#039;
Driver info: org.openqa.selenium.chrome.ChromeDriver
Capabilities {acceptInsecureCerts: false, browserName: chrome, browserVersion: 98.0.4758.82, chrome: {chromedriverVersion: 97.0.4692.71 (adefa7837d02a..., userDataDir: C:\Users\016386\AppData\Loc...}, goog:chromeOptions: {debuggerAddress: localhost:58072}, javascriptEnabled: true, networkConnectionEnabled: false, pageLoadStrategy: normal, platform: WINDOWS, platformName: WINDOWS, proxy: Proxy(), setWindowRect: true, strictFileInteractability: false, timeouts: {implicit: 0, pageLoad: 300000, script: 30000}, unhandledPromptBehavior: dismiss and notify, webauthn:extension:credBlob: true, webauthn:extension:largeBlob: true, webauthn:virtualAuthenticators: true}
Session ID: 09f33a1ae3f7f80e91708241327d4f01
*** Element info: {Using=id, value=seldobyear}">
      <![CDATA[org.openqa.selenium.UnhandledAlertException: unexpected alert open: {Alert text : Date Of Birth should be between 02/02/1972 to 01/02/2002}
  (Session info: chrome=98.0.4758.82): Date Of Birth should be between 02/02/1972 to 01/02/2002
Build info: version: '3.141.0', revision: '2ecb7d9a', time: '2018-10-31T20:09:30'
System info: host: 'MAA014482B', ip: '124.7.228.141', os.name: 'Windows 10', os.arch: 'amd64', os.version: '10.0', java.version: '1.8.0_131'
Driver info: org.openqa.selenium.chrome.ChromeDriver
Capabilities {acceptInsecureCerts: false, browserName: chrome, browserVersion: 98.0.4758.82, chrome: {chromedriverVersion: 97.0.4692.71 (adefa7837d02a..., userDataDir: C:\Users\016386\AppData\Loc...}, goog:chromeOptions: {debuggerAddress: localhost:58072}, javascriptEnabled: true, networkConnectionEnabled: false, pageLoadStrategy: normal, platform: WINDOWS, platformName: WINDOWS, proxy: Proxy(), setWindowRect: true, strictFileInteractability: false, timeouts: {implicit: 0, pageLoad: 300000, script: 30000}, unhandledPromptBehavior: dismiss and notify, webauthn:extension:credBlob: true, webauthn:extension:largeBlob: true, webauthn:virtualAuthenticators: true}
Session ID: 09f33a1ae3f7f80e91708241327d4f01
*** Element info: {Using=id, value=seldobyear}
at org.openqa.selenium.remote.http.W3CHttpResponseCodec.decode(W3CHttpResponseCodec.java:120)
at org.openqa.selenium.remote.http.W3CHttpResponseCodec.decode(W3CHttpResponseCodec.java:49)
at org.openqa.selenium.remote.HttpCommandExecutor.execute(HttpCommandExecutor.java:158)
at org.openqa.selenium.remote.service.DriverCommandExecutor.execute(DriverCommandExecutor.java:83)
at org.openqa.selenium.remote.RemoteWebDriver.execute(RemoteWebDriver.java:552)
at org.openqa.selenium.remote.RemoteWebDriver.findElement(RemoteWebDriver.java:323)
at org.openqa.selenium.remote.RemoteWebDriver.findElementById(RemoteWebDriver.java:372)
at org.openqa.selenium.By$ById.findElement(By.java:188)
at org.openqa.selenium.remote.RemoteWebDriver.findElement(RemoteWebDriver.java:315)
at lib.selenium.WebDriverServiceImpl.selectDropDown(WebDriverServiceImpl.java:711)
at lib.selenium.WebDriverServiceImpl.agevalidator_max(WebDriverServiceImpl.java:815)
at com.ibps.pages.PersonalDetailsPage.ageValidatorMax(PersonalDetailsPage.java:309)
at com.RBI1Feb22.tc.TC004_RBIBasicDetails.basicDetails(TC004_RBIBasicDetails.java:71)
at sun.reflect.GeneratedMethodAccessor8.invoke(Unknown Source)
at sun.reflect.DelegatingMethodAccessorImpl.invoke(Unknown Source)
at java.lang.reflect.Method.invoke(Unknown Source)
at org.testng.internal.MethodInvocationHelper.invokeMethod(MethodInvocationHelper.java:133)
at org.testng.internal.TestInvoker.invokeMethod(TestInvoker.java:584)
at org.testng.internal.TestInvoker.invokeTestMethod(TestInvoker.java:172)
at org.testng.internal.MethodRunner.runInSequence(MethodRunner.java:46)
at org.testng.internal.TestInvoker$MethodInvocationAgent.invoke(TestInvoker.java:804)
at org.testng.internal.TestInvoker.invokeTestMethods(TestInvoker.java:145)
at org.testng.internal.TestMethodWorker.invokeTestMethods(TestMethodWorker.java:146)
at org.testng.internal.TestMethodWorker.run(TestMethodWorker.java:128)
at java.util.concurrent.ThreadPoolExecutor.runWorker(Unknown Source)
at java.util.concurrent.ThreadPoolExecutor$Worker.run(Unknown Source)
at java.lang.Thread.run(Unknown Source)
]]>
    </error>
  </testcase> <!-- basicDetails -->
  <testcase name="basicDetails" time="136.738" classname="com.RBI1Feb22.tc.TC004_RBIBasicDetails"/>
  <testcase name="basicDetails" time="135.135" classname="com.RBI1Feb22.tc.TC004_RBIBasicDetails"/>
  <testcase name="basicDetails" time="135.330" classname="com.RBI1Feb22.tc.TC004_RBIBasicDetails"/>
  <testcase name="basicDetails" time="133.867" classname="com.RBI1Feb22.tc.TC004_RBIBasicDetails"/>
  <testcase name="basicDetails" time="133.763" classname="com.RBI1Feb22.tc.TC004_RBIBasicDetails"/>
  <testcase name="basicDetails" time="134.292" classname="com.RBI1Feb22.tc.TC004_RBIBasicDetails"/>
  <testcase name="basicDetails" time="135.020" classname="com.RBI1Feb22.tc.TC004_RBIBasicDetails"/>
  <testcase name="basicDetails" time="133.715" classname="com.RBI1Feb22.tc.TC004_RBIBasicDetails"/>
  <testcase name="basicDetails" time="135.161" classname="com.RBI1Feb22.tc.TC004_RBIBasicDetails"/>
  <testcase name="basicDetails" time="134.030" classname="com.RBI1Feb22.tc.TC004_RBIBasicDetails"/>
  <testcase name="basicDetails" time="133.346" classname="com.RBI1Feb22.tc.TC004_RBIBasicDetails"/>
  <testcase name="basicDetails" time="134.031" classname="com.RBI1Feb22.tc.TC004_RBIBasicDetails"/>
  <testcase name="basicDetails" time="98.901" classname="com.RBI1Feb22.tc.TC004_RBIBasicDetails">
    <error type="org.openqa.selenium.UnhandledAlertException" message="unexpected alert open: {Alert text : Date Of Birth should be between 02/02/1972 to 01/02/2002}
  (Session info: chrome=98.0.4758.82): Date Of Birth should be between 02/02/1972 to 01/02/2002
Build info: version: &#039;3.141.0&#039;, revision: &#039;2ecb7d9a&#039;, time: &#039;2018-10-31T20:09:30&#039;
System info: host: &#039;MAA014482B&#039;, ip: &#039;124.7.228.141&#039;, os.name: &#039;Windows 10&#039;, os.arch: &#039;amd64&#039;, os.version: &#039;10.0&#039;, java.version: &#039;1.8.0_131&#039;
Driver info: org.openqa.selenium.chrome.ChromeDriver
Capabilities {acceptInsecureCerts: false, browserName: chrome, browserVersion: 98.0.4758.82, chrome: {chromedriverVersion: 97.0.4692.71 (adefa7837d02a..., userDataDir: C:\Users\016386\AppData\Loc...}, goog:chromeOptions: {debuggerAddress: localhost:58072}, javascriptEnabled: true, networkConnectionEnabled: false, pageLoadStrategy: normal, platform: WINDOWS, platformName: WINDOWS, proxy: Proxy(), setWindowRect: true, strictFileInteractability: false, timeouts: {implicit: 0, pageLoad: 300000, script: 30000}, unhandledPromptBehavior: dismiss and notify, webauthn:extension:credBlob: true, webauthn:extension:largeBlob: true, webauthn:virtualAuthenticators: true}
Session ID: 09f33a1ae3f7f80e91708241327d4f01
*** Element info: {Using=xpath, value=.//*[starts-with(@id,&#039;err_seldob&#039;)]}">
      <![CDATA[org.openqa.selenium.UnhandledAlertException: unexpected alert open: {Alert text : Date Of Birth should be between 02/02/1972 to 01/02/2002}
  (Session info: chrome=98.0.4758.82): Date Of Birth should be between 02/02/1972 to 01/02/2002
Build info: version: '3.141.0', revision: '2ecb7d9a', time: '2018-10-31T20:09:30'
System info: host: 'MAA014482B', ip: '124.7.228.141', os.name: 'Windows 10', os.arch: 'amd64', os.version: '10.0', java.version: '1.8.0_131'
Driver info: org.openqa.selenium.chrome.ChromeDriver
Capabilities {acceptInsecureCerts: false, browserName: chrome, browserVersion: 98.0.4758.82, chrome: {chromedriverVersion: 97.0.4692.71 (adefa7837d02a..., userDataDir: C:\Users\016386\AppData\Loc...}, goog:chromeOptions: {debuggerAddress: localhost:58072}, javascriptEnabled: true, networkConnectionEnabled: false, pageLoadStrategy: normal, platform: WINDOWS, platformName: WINDOWS, proxy: Proxy(), setWindowRect: true, strictFileInteractability: false, timeouts: {implicit: 0, pageLoad: 300000, script: 30000}, unhandledPromptBehavior: dismiss and notify, webauthn:extension:credBlob: true, webauthn:extension:largeBlob: true, webauthn:virtualAuthenticators: true}
Session ID: 09f33a1ae3f7f80e91708241327d4f01
*** Element info: {Using=xpath, value=.//*[starts-with(@id,'err_seldob')]}
at org.openqa.selenium.remote.http.W3CHttpResponseCodec.decode(W3CHttpResponseCodec.java:120)
at org.openqa.selenium.remote.http.W3CHttpResponseCodec.decode(W3CHttpResponseCodec.java:49)
at org.openqa.selenium.remote.HttpCommandExecutor.execute(HttpCommandExecutor.java:158)
at org.openqa.selenium.remote.service.DriverCommandExecutor.execute(DriverCommandExecutor.java:83)
at org.openqa.selenium.remote.RemoteWebDriver.execute(RemoteWebDriver.java:552)
at org.openqa.selenium.remote.RemoteWebDriver.findElements(RemoteWebDriver.java:353)
at org.openqa.selenium.remote.RemoteWebDriver.findElementsByXPath(RemoteWebDriver.java:432)
at org.openqa.selenium.By$ByXPath.findElements(By.java:348)
at org.openqa.selenium.remote.RemoteWebDriver.findElements(RemoteWebDriver.java:311)
at lib.selenium.WebDriverServiceImpl.noagealert(WebDriverServiceImpl.java:761)
at lib.selenium.WebDriverServiceImpl.agevalidator_min(WebDriverServiceImpl.java:919)
at com.ibps.pages.PersonalDetailsPage.ageValidatorMin(PersonalDetailsPage.java:313)
at com.RBI1Feb22.tc.TC004_RBIBasicDetails.basicDetails(TC004_RBIBasicDetails.java:72)
at sun.reflect.GeneratedMethodAccessor8.invoke(Unknown Source)
at sun.reflect.DelegatingMethodAccessorImpl.invoke(Unknown Source)
at java.lang.reflect.Method.invoke(Unknown Source)
at org.testng.internal.MethodInvocationHelper.invokeMethod(MethodInvocationHelper.java:133)
at org.testng.internal.TestInvoker.invokeMethod(TestInvoker.java:584)
at org.testng.internal.TestInvoker.invokeTestMethod(TestInvoker.java:172)
at org.testng.internal.MethodRunner.runInSequence(MethodRunner.java:46)
at org.testng.internal.TestInvoker$MethodInvocationAgent.invoke(TestInvoker.java:804)
at org.testng.internal.TestInvoker.invokeTestMethods(TestInvoker.java:145)
at org.testng.internal.TestMethodWorker.invokeTestMethods(TestMethodWorker.java:146)
at org.testng.internal.TestMethodWorker.run(TestMethodWorker.java:128)
at java.util.concurrent.ThreadPoolExecutor.runWorker(Unknown Source)
at java.util.concurrent.ThreadPoolExecutor$Worker.run(Unknown Source)
at java.lang.Thread.run(Unknown Source)
]]>
    </error>
  </testcase> <!-- basicDetails -->
  <testcase name="basicDetails" time="134.394" classname="com.RBI1Feb22.tc.TC004_RBIBasicDetails"/>
  <testcase name="basicDetails" time="133.953" classname="com.RBI1Feb22.tc.TC004_RBIBasicDetails"/>
  <testcase name="basicDetails" time="133.783" classname="com.RBI1Feb22.tc.TC004_RBIBasicDetails"/>
  <testcase name="basicDetails" time="134.495" classname="com.RBI1Feb22.tc.TC004_RBIBasicDetails"/>
  <testcase name="basicDetails" time="133.520" classname="com.RBI1Feb22.tc.TC004_RBIBasicDetails"/>
  <testcase name="basicDetails" time="133.974" classname="com.RBI1Feb22.tc.TC004_RBIBasicDetails"/>
  <testcase name="basicDetails" time="134.271" classname="com.RBI1Feb22.tc.TC004_RBIBasicDetails"/>
  <testcase name="basicDetails" time="133.662" classname="com.RBI1Feb22.tc.TC004_RBIBasicDetails"/>
  <testcase name="basicDetails" time="135.018" classname="com.RBI1Feb22.tc.TC004_RBIBasicDetails"/>
  <testcase name="basicDetails" time="134.518" classname="com.RBI1Feb22.tc.TC004_RBIBasicDetails"/>
  <testcase name="basicDetails" time="133.766" classname="com.RBI1Feb22.tc.TC004_RBIBasicDetails"/>
  <testcase name="basicDetails" time="133.985" classname="com.RBI1Feb22.tc.TC004_RBIBasicDetails"/>
  <testcase name="basicDetails" time="134.189" classname="com.RBI1Feb22.tc.TC004_RBIBasicDetails"/>
  <testcase name="basicDetails" time="135.206" classname="com.RBI1Feb22.tc.TC004_RBIBasicDetails"/>
  <testcase name="basicDetails" time="133.933" classname="com.RBI1Feb22.tc.TC004_RBIBasicDetails"/>
  <testcase name="basicDetails" time="133.768" classname="com.RBI1Feb22.tc.TC004_RBIBasicDetails"/>
  <testcase name="basicDetails" time="133.591" classname="com.RBI1Feb22.tc.TC004_RBIBasicDetails"/>
  <testcase name="basicDetails" time="135.226" classname="com.RBI1Feb22.tc.TC004_RBIBasicDetails"/>
  <testcase name="basicDetails" time="40.137" classname="com.RBI1Feb22.tc.TC004_RBIBasicDetails">
    <error type="org.openqa.selenium.UnhandledAlertException" message="unexpected alert open: {Alert text : Date Of Birth should be between 02/02/1984 to 01/02/2002}
  (Session info: chrome=98.0.4758.82): Date Of Birth should be between 02/02/1984 to 01/02/2002
Build info: version: &#039;3.141.0&#039;, revision: &#039;2ecb7d9a&#039;, time: &#039;2018-10-31T20:09:30&#039;
System info: host: &#039;MAA014482B&#039;, ip: &#039;124.7.228.141&#039;, os.name: &#039;Windows 10&#039;, os.arch: &#039;amd64&#039;, os.version: &#039;10.0&#039;, java.version: &#039;1.8.0_131&#039;
Driver info: org.openqa.selenium.chrome.ChromeDriver
Capabilities {acceptInsecureCerts: false, browserName: chrome, browserVersion: 98.0.4758.82, chrome: {chromedriverVersion: 97.0.4692.71 (adefa7837d02a..., userDataDir: C:\Users\016386\AppData\Loc...}, goog:chromeOptions: {debuggerAddress: localhost:58072}, javascriptEnabled: true, networkConnectionEnabled: false, pageLoadStrategy: normal, platform: WINDOWS, platformName: WINDOWS, proxy: Proxy(), setWindowRect: true, strictFileInteractability: false, timeouts: {implicit: 0, pageLoad: 300000, script: 30000}, unhandledPromptBehavior: dismiss and notify, webauthn:extension:credBlob: true, webauthn:extension:largeBlob: true, webauthn:virtualAuthenticators: true}
Session ID: 09f33a1ae3f7f80e91708241327d4f01
*** Element info: {Using=xpath, value=.//*[starts-with(@id,&#039;err_seldob&#039;)]}">
      <![CDATA[org.openqa.selenium.UnhandledAlertException: unexpected alert open: {Alert text : Date Of Birth should be between 02/02/1984 to 01/02/2002}
  (Session info: chrome=98.0.4758.82): Date Of Birth should be between 02/02/1984 to 01/02/2002
Build info: version: '3.141.0', revision: '2ecb7d9a', time: '2018-10-31T20:09:30'
System info: host: 'MAA014482B', ip: '124.7.228.141', os.name: 'Windows 10', os.arch: 'amd64', os.version: '10.0', java.version: '1.8.0_131'
Driver info: org.openqa.selenium.chrome.ChromeDriver
Capabilities {acceptInsecureCerts: false, browserName: chrome, browserVersion: 98.0.4758.82, chrome: {chromedriverVersion: 97.0.4692.71 (adefa7837d02a..., userDataDir: C:\Users\016386\AppData\Loc...}, goog:chromeOptions: {debuggerAddress: localhost:58072}, javascriptEnabled: true, networkConnectionEnabled: false, pageLoadStrategy: normal, platform: WINDOWS, platformName: WINDOWS, proxy: Proxy(), setWindowRect: true, strictFileInteractability: false, timeouts: {implicit: 0, pageLoad: 300000, script: 30000}, unhandledPromptBehavior: dismiss and notify, webauthn:extension:credBlob: true, webauthn:extension:largeBlob: true, webauthn:virtualAuthenticators: true}
Session ID: 09f33a1ae3f7f80e91708241327d4f01
*** Element info: {Using=xpath, value=.//*[starts-with(@id,'err_seldob')]}
at org.openqa.selenium.remote.http.W3CHttpResponseCodec.decode(W3CHttpResponseCodec.java:120)
at org.openqa.selenium.remote.http.W3CHttpResponseCodec.decode(W3CHttpResponseCodec.java:49)
at org.openqa.selenium.remote.HttpCommandExecutor.execute(HttpCommandExecutor.java:158)
at org.openqa.selenium.remote.service.DriverCommandExecutor.execute(DriverCommandExecutor.java:83)
at org.openqa.selenium.remote.RemoteWebDriver.execute(RemoteWebDriver.java:552)
at org.openqa.selenium.remote.RemoteWebDriver.findElements(RemoteWebDriver.java:353)
at org.openqa.selenium.remote.RemoteWebDriver.findElementsByXPath(RemoteWebDriver.java:432)
at org.openqa.selenium.By$ByXPath.findElements(By.java:348)
at org.openqa.selenium.remote.RemoteWebDriver.findElements(RemoteWebDriver.java:311)
at lib.selenium.WebDriverServiceImpl.noagealert(WebDriverServiceImpl.java:761)
at lib.selenium.WebDriverServiceImpl.agevalidator_max(WebDriverServiceImpl.java:844)
at com.ibps.pages.PersonalDetailsPage.ageValidatorMax(PersonalDetailsPage.java:309)
at com.RBI1Feb22.tc.TC004_RBIBasicDetails.basicDetails(TC004_RBIBasicDetails.java:71)
at sun.reflect.GeneratedMethodAccessor8.invoke(Unknown Source)
at sun.reflect.DelegatingMethodAccessorImpl.invoke(Unknown Source)
at java.lang.reflect.Method.invoke(Unknown Source)
at org.testng.internal.MethodInvocationHelper.invokeMethod(MethodInvocationHelper.java:133)
at org.testng.internal.TestInvoker.invokeMethod(TestInvoker.java:584)
at org.testng.internal.TestInvoker.invokeTestMethod(TestInvoker.java:172)
at org.testng.internal.MethodRunner.runInSequence(MethodRunner.java:46)
at org.testng.internal.TestInvoker$MethodInvocationAgent.invoke(TestInvoker.java:804)
at org.testng.internal.TestInvoker.invokeTestMethods(TestInvoker.java:145)
at org.testng.internal.TestMethodWorker.invokeTestMethods(TestMethodWorker.java:146)
at org.testng.internal.TestMethodWorker.run(TestMethodWorker.java:128)
at java.util.concurrent.ThreadPoolExecutor.runWorker(Unknown Source)
at java.util.concurrent.ThreadPoolExecutor$Worker.run(Unknown Source)
at java.lang.Thread.run(Unknown Source)
]]>
    </error>
  </testcase> <!-- basicDetails -->
  <testcase name="basicDetails" time="134.791" classname="com.RBI1Feb22.tc.TC004_RBIBasicDetails"/>
  <testcase name="basicDetails" time="133.667" classname="com.RBI1Feb22.tc.TC004_RBIBasicDetails"/>
  <testcase name="basicDetails" time="135.304" classname="com.RBI1Feb22.tc.TC004_RBIBasicDetails"/>
  <testcase name="basicDetails" time="133.606" classname="com.RBI1Feb22.tc.TC004_RBIBasicDetails"/>
  <testcase name="basicDetails" time="137.701" classname="com.RBI1Feb22.tc.TC004_RBIBasicDetails"/>
  <testcase name="basicDetails" time="133.922" classname="com.RBI1Feb22.tc.TC004_RBIBasicDetails"/>
  <testcase name="basicDetails" time="133.923" classname="com.RBI1Feb22.tc.TC004_RBIBasicDetails"/>
  <testcase name="basicDetails" time="135.952" classname="com.RBI1Feb22.tc.TC004_RBIBasicDetails"/>
  <testcase name="basicDetails" time="135.030" classname="com.RBI1Feb22.tc.TC004_RBIBasicDetails"/>
  <testcase name="basicDetails" time="134.130" classname="com.RBI1Feb22.tc.TC004_RBIBasicDetails"/>
  <testcase name="basicDetails" time="133.655" classname="com.RBI1Feb22.tc.TC004_RBIBasicDetails"/>
  <testcase name="basicDetails" time="134.287" classname="com.RBI1Feb22.tc.TC004_RBIBasicDetails"/>
</testsuite> <!-- com.RBI1Feb22.tc.TC004_RBIBasicDetails -->
