<?xml version="1.0" encoding="UTF-8"?>
<!-- Generated by org.testng.reporters.JUnitReportReporter -->
<testsuite skipped="0" hostname="MAA015435A" name="com.MAHAGENCO.tc.TC004_MAHAGENCOBasicDetails" tests="210" failures="0" timestamp="21 Nov 2019 20:10:51 GMT" time="14017.847" errors="67">
  <testcase name="basicDetails" time="91.710" classname="com.MAHAGENCO.tc.TC004_MAHAGENCOBasicDetails"/>
  <testcase name="basicDetails" time="99.366" classname="com.MAHAGENCO.tc.TC004_MAHAGENCOBasicDetails"/>
  <testcase name="basicDetails" time="89.130" classname="com.MAHAGENCO.tc.TC004_MAHAGENCOBasicDetails"/>
  <testcase name="basicDetails" time="115.047" classname="com.MAHAGENCO.tc.TC004_MAHAGENCOBasicDetails"/>
  <testcase name="basicDetails" time="87.675" classname="com.MAHAGENCO.tc.TC004_MAHAGENCOBasicDetails"/>
  <testcase name="basicDetails" time="12.905" classname="com.MAHAGENCO.tc.TC004_MAHAGENCOBasicDetails">
    <error type="java.lang.RuntimeException">
      <![CDATA[java.lang.RuntimeException
at lib.utils.HTMLReporter.reportStep(HTMLReporter.java:64)
at lib.utils.HTMLReporter.reportStep(HTMLReporter.java:73)
at com.ibps.pages.PersonalDetailsPage.selectDropDownUsingIndexNew(PersonalDetailsPage.java:289)
at com.MAHAGENCO.tc.TC004_MAHAGENCOBasicDetails.basicDetails(TC004_MAHAGENCOBasicDetails.java:50)
at sun.reflect.GeneratedMethodAccessor87.invoke(Unknown Source)
at sun.reflect.DelegatingMethodAccessorImpl.invoke(Unknown Source)
at java.lang.reflect.Method.invoke(Unknown Source)
at org.testng.internal.MethodInvocationHelper.invokeMethod(MethodInvocationHelper.java:124)
at org.testng.internal.Invoker.invokeMethod(Invoker.java:583)
at org.testng.internal.Invoker.invokeTestMethod(Invoker.java:719)
at org.testng.internal.Invoker.invokeTestMethods(Invoker.java:989)
at org.testng.internal.TestMethodWorker.invokeTestMethods(TestMethodWorker.java:125)
at org.testng.internal.TestMethodWorker.run(TestMethodWorker.java:109)
at java.util.concurrent.ThreadPoolExecutor.runWorker(Unknown Source)
at java.util.concurrent.ThreadPoolExecutor$Worker.run(Unknown Source)
at java.lang.Thread.run(Unknown Source)
]]>
    </error>
  </testcase> <!-- basicDetails -->
  <testcase name="basicDetails" time="90.107" classname="com.MAHAGENCO.tc.TC004_MAHAGENCOBasicDetails"/>
  <testcase name="basicDetails" time="89.252" classname="com.MAHAGENCO.tc.TC004_MAHAGENCOBasicDetails"/>
  <testcase name="basicDetails" time="90.893" classname="com.MAHAGENCO.tc.TC004_MAHAGENCOBasicDetails"/>
  <testcase name="basicDetails" time="12.611" classname="com.MAHAGENCO.tc.TC004_MAHAGENCOBasicDetails">
    <error type="java.lang.RuntimeException">
      <![CDATA[java.lang.RuntimeException
at lib.utils.HTMLReporter.reportStep(HTMLReporter.java:64)
at lib.utils.HTMLReporter.reportStep(HTMLReporter.java:73)
at com.ibps.pages.PersonalDetailsPage.selectDropDownUsingIndexNew(PersonalDetailsPage.java:289)
at com.MAHAGENCO.tc.TC004_MAHAGENCOBasicDetails.basicDetails(TC004_MAHAGENCOBasicDetails.java:50)
at sun.reflect.GeneratedMethodAccessor87.invoke(Unknown Source)
at sun.reflect.DelegatingMethodAccessorImpl.invoke(Unknown Source)
at java.lang.reflect.Method.invoke(Unknown Source)
at org.testng.internal.MethodInvocationHelper.invokeMethod(MethodInvocationHelper.java:124)
at org.testng.internal.Invoker.invokeMethod(Invoker.java:583)
at org.testng.internal.Invoker.invokeTestMethod(Invoker.java:719)
at org.testng.internal.Invoker.invokeTestMethods(Invoker.java:989)
at org.testng.internal.TestMethodWorker.invokeTestMethods(TestMethodWorker.java:125)
at org.testng.internal.TestMethodWorker.run(TestMethodWorker.java:109)
at java.util.concurrent.ThreadPoolExecutor.runWorker(Unknown Source)
at java.util.concurrent.ThreadPoolExecutor$Worker.run(Unknown Source)
at java.lang.Thread.run(Unknown Source)
]]>
    </error>
  </testcase> <!-- basicDetails -->
  <testcase name="basicDetails" time="92.166" classname="com.MAHAGENCO.tc.TC004_MAHAGENCOBasicDetails"/>
  <testcase name="basicDetails" time="88.791" classname="com.MAHAGENCO.tc.TC004_MAHAGENCOBasicDetails"/>
  <testcase name="basicDetails" time="88.910" classname="com.MAHAGENCO.tc.TC004_MAHAGENCOBasicDetails"/>
  <testcase name="basicDetails" time="90.344" classname="com.MAHAGENCO.tc.TC004_MAHAGENCOBasicDetails"/>
  <testcase name="basicDetails" time="89.719" classname="com.MAHAGENCO.tc.TC004_MAHAGENCOBasicDetails"/>
  <testcase name="basicDetails" time="89.335" classname="com.MAHAGENCO.tc.TC004_MAHAGENCOBasicDetails"/>
  <testcase name="basicDetails" time="88.377" classname="com.MAHAGENCO.tc.TC004_MAHAGENCOBasicDetails"/>
  <testcase name="basicDetails" time="13.285" classname="com.MAHAGENCO.tc.TC004_MAHAGENCOBasicDetails">
    <error type="java.lang.RuntimeException">
      <![CDATA[java.lang.RuntimeException
at lib.utils.HTMLReporter.reportStep(HTMLReporter.java:64)
at lib.utils.HTMLReporter.reportStep(HTMLReporter.java:73)
at com.ibps.pages.PersonalDetailsPage.selectDropDownUsingIndexNew(PersonalDetailsPage.java:289)
at com.MAHAGENCO.tc.TC004_MAHAGENCOBasicDetails.basicDetails(TC004_MAHAGENCOBasicDetails.java:50)
at sun.reflect.GeneratedMethodAccessor87.invoke(Unknown Source)
at sun.reflect.DelegatingMethodAccessorImpl.invoke(Unknown Source)
at java.lang.reflect.Method.invoke(Unknown Source)
at org.testng.internal.MethodInvocationHelper.invokeMethod(MethodInvocationHelper.java:124)
at org.testng.internal.Invoker.invokeMethod(Invoker.java:583)
at org.testng.internal.Invoker.invokeTestMethod(Invoker.java:719)
at org.testng.internal.Invoker.invokeTestMethods(Invoker.java:989)
at org.testng.internal.TestMethodWorker.invokeTestMethods(TestMethodWorker.java:125)
at org.testng.internal.TestMethodWorker.run(TestMethodWorker.java:109)
at java.util.concurrent.ThreadPoolExecutor.runWorker(Unknown Source)
at java.util.concurrent.ThreadPoolExecutor$Worker.run(Unknown Source)
at java.lang.Thread.run(Unknown Source)
]]>
    </error>
  </testcase> <!-- basicDetails -->
  <testcase name="basicDetails" time="91.300" classname="com.MAHAGENCO.tc.TC004_MAHAGENCOBasicDetails"/>
  <testcase name="basicDetails" time="12.999" classname="com.MAHAGENCO.tc.TC004_MAHAGENCOBasicDetails">
    <error type="java.lang.RuntimeException">
      <![CDATA[java.lang.RuntimeException
at lib.utils.HTMLReporter.reportStep(HTMLReporter.java:64)
at lib.utils.HTMLReporter.reportStep(HTMLReporter.java:73)
at com.ibps.pages.PersonalDetailsPage.selectDropDownUsingIndexNew(PersonalDetailsPage.java:289)
at com.MAHAGENCO.tc.TC004_MAHAGENCOBasicDetails.basicDetails(TC004_MAHAGENCOBasicDetails.java:50)
at sun.reflect.GeneratedMethodAccessor87.invoke(Unknown Source)
at sun.reflect.DelegatingMethodAccessorImpl.invoke(Unknown Source)
at java.lang.reflect.Method.invoke(Unknown Source)
at org.testng.internal.MethodInvocationHelper.invokeMethod(MethodInvocationHelper.java:124)
at org.testng.internal.Invoker.invokeMethod(Invoker.java:583)
at org.testng.internal.Invoker.invokeTestMethod(Invoker.java:719)
at org.testng.internal.Invoker.invokeTestMethods(Invoker.java:989)
at org.testng.internal.TestMethodWorker.invokeTestMethods(TestMethodWorker.java:125)
at org.testng.internal.TestMethodWorker.run(TestMethodWorker.java:109)
at java.util.concurrent.ThreadPoolExecutor.runWorker(Unknown Source)
at java.util.concurrent.ThreadPoolExecutor$Worker.run(Unknown Source)
at java.lang.Thread.run(Unknown Source)
]]>
    </error>
  </testcase> <!-- basicDetails -->
  <testcase name="basicDetails" time="13.610" classname="com.MAHAGENCO.tc.TC004_MAHAGENCOBasicDetails">
    <error type="java.lang.RuntimeException">
      <![CDATA[java.lang.RuntimeException
at lib.utils.HTMLReporter.reportStep(HTMLReporter.java:64)
at lib.utils.HTMLReporter.reportStep(HTMLReporter.java:73)
at com.ibps.pages.PersonalDetailsPage.selectDropDownUsingIndexNew(PersonalDetailsPage.java:289)
at com.MAHAGENCO.tc.TC004_MAHAGENCOBasicDetails.basicDetails(TC004_MAHAGENCOBasicDetails.java:50)
at sun.reflect.GeneratedMethodAccessor87.invoke(Unknown Source)
at sun.reflect.DelegatingMethodAccessorImpl.invoke(Unknown Source)
at java.lang.reflect.Method.invoke(Unknown Source)
at org.testng.internal.MethodInvocationHelper.invokeMethod(MethodInvocationHelper.java:124)
at org.testng.internal.Invoker.invokeMethod(Invoker.java:583)
at org.testng.internal.Invoker.invokeTestMethod(Invoker.java:719)
at org.testng.internal.Invoker.invokeTestMethods(Invoker.java:989)
at org.testng.internal.TestMethodWorker.invokeTestMethods(TestMethodWorker.java:125)
at org.testng.internal.TestMethodWorker.run(TestMethodWorker.java:109)
at java.util.concurrent.ThreadPoolExecutor.runWorker(Unknown Source)
at java.util.concurrent.ThreadPoolExecutor$Worker.run(Unknown Source)
at java.lang.Thread.run(Unknown Source)
]]>
    </error>
  </testcase> <!-- basicDetails -->
  <testcase name="basicDetails" time="88.810" classname="com.MAHAGENCO.tc.TC004_MAHAGENCOBasicDetails"/>
  <testcase name="basicDetails" time="91.155" classname="com.MAHAGENCO.tc.TC004_MAHAGENCOBasicDetails"/>
  <testcase name="basicDetails" time="13.378" classname="com.MAHAGENCO.tc.TC004_MAHAGENCOBasicDetails">
    <error type="java.lang.RuntimeException">
      <![CDATA[java.lang.RuntimeException
at lib.utils.HTMLReporter.reportStep(HTMLReporter.java:64)
at lib.utils.HTMLReporter.reportStep(HTMLReporter.java:73)
at com.ibps.pages.PersonalDetailsPage.selectDropDownUsingIndexNew(PersonalDetailsPage.java:289)
at com.MAHAGENCO.tc.TC004_MAHAGENCOBasicDetails.basicDetails(TC004_MAHAGENCOBasicDetails.java:50)
at sun.reflect.GeneratedMethodAccessor87.invoke(Unknown Source)
at sun.reflect.DelegatingMethodAccessorImpl.invoke(Unknown Source)
at java.lang.reflect.Method.invoke(Unknown Source)
at org.testng.internal.MethodInvocationHelper.invokeMethod(MethodInvocationHelper.java:124)
at org.testng.internal.Invoker.invokeMethod(Invoker.java:583)
at org.testng.internal.Invoker.invokeTestMethod(Invoker.java:719)
at org.testng.internal.Invoker.invokeTestMethods(Invoker.java:989)
at org.testng.internal.TestMethodWorker.invokeTestMethods(TestMethodWorker.java:125)
at org.testng.internal.TestMethodWorker.run(TestMethodWorker.java:109)
at java.util.concurrent.ThreadPoolExecutor.runWorker(Unknown Source)
at java.util.concurrent.ThreadPoolExecutor$Worker.run(Unknown Source)
at java.lang.Thread.run(Unknown Source)
]]>
    </error>
  </testcase> <!-- basicDetails -->
  <testcase name="basicDetails" time="88.917" classname="com.MAHAGENCO.tc.TC004_MAHAGENCOBasicDetails"/>
  <testcase name="basicDetails" time="91.818" classname="com.MAHAGENCO.tc.TC004_MAHAGENCOBasicDetails"/>
  <testcase name="basicDetails" time="13.533" classname="com.MAHAGENCO.tc.TC004_MAHAGENCOBasicDetails">
    <error type="java.lang.RuntimeException">
      <![CDATA[java.lang.RuntimeException
at lib.utils.HTMLReporter.reportStep(HTMLReporter.java:64)
at lib.utils.HTMLReporter.reportStep(HTMLReporter.java:73)
at com.ibps.pages.PersonalDetailsPage.selectDropDownUsingIndexNew(PersonalDetailsPage.java:289)
at com.MAHAGENCO.tc.TC004_MAHAGENCOBasicDetails.basicDetails(TC004_MAHAGENCOBasicDetails.java:50)
at sun.reflect.GeneratedMethodAccessor87.invoke(Unknown Source)
at sun.reflect.DelegatingMethodAccessorImpl.invoke(Unknown Source)
at java.lang.reflect.Method.invoke(Unknown Source)
at org.testng.internal.MethodInvocationHelper.invokeMethod(MethodInvocationHelper.java:124)
at org.testng.internal.Invoker.invokeMethod(Invoker.java:583)
at org.testng.internal.Invoker.invokeTestMethod(Invoker.java:719)
at org.testng.internal.Invoker.invokeTestMethods(Invoker.java:989)
at org.testng.internal.TestMethodWorker.invokeTestMethods(TestMethodWorker.java:125)
at org.testng.internal.TestMethodWorker.run(TestMethodWorker.java:109)
at java.util.concurrent.ThreadPoolExecutor.runWorker(Unknown Source)
at java.util.concurrent.ThreadPoolExecutor$Worker.run(Unknown Source)
at java.lang.Thread.run(Unknown Source)
]]>
    </error>
  </testcase> <!-- basicDetails -->
  <testcase name="basicDetails" time="89.227" classname="com.MAHAGENCO.tc.TC004_MAHAGENCOBasicDetails"/>
  <testcase name="basicDetails" time="12.961" classname="com.MAHAGENCO.tc.TC004_MAHAGENCOBasicDetails">
    <error type="java.lang.RuntimeException">
      <![CDATA[java.lang.RuntimeException
at lib.utils.HTMLReporter.reportStep(HTMLReporter.java:64)
at lib.utils.HTMLReporter.reportStep(HTMLReporter.java:73)
at com.ibps.pages.PersonalDetailsPage.selectDropDownUsingIndexNew(PersonalDetailsPage.java:289)
at com.MAHAGENCO.tc.TC004_MAHAGENCOBasicDetails.basicDetails(TC004_MAHAGENCOBasicDetails.java:50)
at sun.reflect.NativeMethodAccessorImpl.invoke0(Native Method)
at sun.reflect.NativeMethodAccessorImpl.invoke(Unknown Source)
at sun.reflect.DelegatingMethodAccessorImpl.invoke(Unknown Source)
at java.lang.reflect.Method.invoke(Unknown Source)
at org.testng.internal.MethodInvocationHelper.invokeMethod(MethodInvocationHelper.java:124)
at org.testng.internal.Invoker.invokeMethod(Invoker.java:583)
at org.testng.internal.Invoker.invokeTestMethod(Invoker.java:719)
at org.testng.internal.Invoker.invokeTestMethods(Invoker.java:989)
at org.testng.internal.TestMethodWorker.invokeTestMethods(TestMethodWorker.java:125)
at org.testng.internal.TestMethodWorker.run(TestMethodWorker.java:109)
at java.util.concurrent.ThreadPoolExecutor.runWorker(Unknown Source)
at java.util.concurrent.ThreadPoolExecutor$Worker.run(Unknown Source)
at java.lang.Thread.run(Unknown Source)
]]>
    </error>
  </testcase> <!-- basicDetails -->
  <testcase name="basicDetails" time="96.788" classname="com.MAHAGENCO.tc.TC004_MAHAGENCOBasicDetails"/>
  <testcase name="basicDetails" time="89.739" classname="com.MAHAGENCO.tc.TC004_MAHAGENCOBasicDetails"/>
  <testcase name="basicDetails" time="92.673" classname="com.MAHAGENCO.tc.TC004_MAHAGENCOBasicDetails"/>
  <testcase name="basicDetails" time="12.496" classname="com.MAHAGENCO.tc.TC004_MAHAGENCOBasicDetails">
    <error type="java.lang.RuntimeException">
      <![CDATA[java.lang.RuntimeException
at lib.utils.HTMLReporter.reportStep(HTMLReporter.java:64)
at lib.utils.HTMLReporter.reportStep(HTMLReporter.java:73)
at com.ibps.pages.PersonalDetailsPage.selectDropDownUsingIndexNew(PersonalDetailsPage.java:289)
at com.MAHAGENCO.tc.TC004_MAHAGENCOBasicDetails.basicDetails(TC004_MAHAGENCOBasicDetails.java:50)
at sun.reflect.NativeMethodAccessorImpl.invoke0(Native Method)
at sun.reflect.NativeMethodAccessorImpl.invoke(Unknown Source)
at sun.reflect.DelegatingMethodAccessorImpl.invoke(Unknown Source)
at java.lang.reflect.Method.invoke(Unknown Source)
at org.testng.internal.MethodInvocationHelper.invokeMethod(MethodInvocationHelper.java:124)
at org.testng.internal.Invoker.invokeMethod(Invoker.java:583)
at org.testng.internal.Invoker.invokeTestMethod(Invoker.java:719)
at org.testng.internal.Invoker.invokeTestMethods(Invoker.java:989)
at org.testng.internal.TestMethodWorker.invokeTestMethods(TestMethodWorker.java:125)
at org.testng.internal.TestMethodWorker.run(TestMethodWorker.java:109)
at java.util.concurrent.ThreadPoolExecutor.runWorker(Unknown Source)
at java.util.concurrent.ThreadPoolExecutor$Worker.run(Unknown Source)
at java.lang.Thread.run(Unknown Source)
]]>
    </error>
  </testcase> <!-- basicDetails -->
  <testcase name="basicDetails" time="92.420" classname="com.MAHAGENCO.tc.TC004_MAHAGENCOBasicDetails"/>
  <testcase name="basicDetails" time="91.460" classname="com.MAHAGENCO.tc.TC004_MAHAGENCOBasicDetails"/>
  <testcase name="basicDetails" time="89.720" classname="com.MAHAGENCO.tc.TC004_MAHAGENCOBasicDetails"/>
  <testcase name="basicDetails" time="12.945" classname="com.MAHAGENCO.tc.TC004_MAHAGENCOBasicDetails">
    <error type="java.lang.RuntimeException">
      <![CDATA[java.lang.RuntimeException
at lib.utils.HTMLReporter.reportStep(HTMLReporter.java:64)
at lib.utils.HTMLReporter.reportStep(HTMLReporter.java:73)
at com.ibps.pages.PersonalDetailsPage.selectDropDownUsingIndexNew(PersonalDetailsPage.java:289)
at com.MAHAGENCO.tc.TC004_MAHAGENCOBasicDetails.basicDetails(TC004_MAHAGENCOBasicDetails.java:50)
at sun.reflect.GeneratedMethodAccessor87.invoke(Unknown Source)
at sun.reflect.DelegatingMethodAccessorImpl.invoke(Unknown Source)
at java.lang.reflect.Method.invoke(Unknown Source)
at org.testng.internal.MethodInvocationHelper.invokeMethod(MethodInvocationHelper.java:124)
at org.testng.internal.Invoker.invokeMethod(Invoker.java:583)
at org.testng.internal.Invoker.invokeTestMethod(Invoker.java:719)
at org.testng.internal.Invoker.invokeTestMethods(Invoker.java:989)
at org.testng.internal.TestMethodWorker.invokeTestMethods(TestMethodWorker.java:125)
at org.testng.internal.TestMethodWorker.run(TestMethodWorker.java:109)
at java.util.concurrent.ThreadPoolExecutor.runWorker(Unknown Source)
at java.util.concurrent.ThreadPoolExecutor$Worker.run(Unknown Source)
at java.lang.Thread.run(Unknown Source)
]]>
    </error>
  </testcase> <!-- basicDetails -->
  <testcase name="basicDetails" time="12.864" classname="com.MAHAGENCO.tc.TC004_MAHAGENCOBasicDetails">
    <error type="java.lang.RuntimeException">
      <![CDATA[java.lang.RuntimeException
at lib.utils.HTMLReporter.reportStep(HTMLReporter.java:64)
at lib.utils.HTMLReporter.reportStep(HTMLReporter.java:73)
at com.ibps.pages.PersonalDetailsPage.selectDropDownUsingIndexNew(PersonalDetailsPage.java:289)
at com.MAHAGENCO.tc.TC004_MAHAGENCOBasicDetails.basicDetails(TC004_MAHAGENCOBasicDetails.java:50)
at sun.reflect.GeneratedMethodAccessor87.invoke(Unknown Source)
at sun.reflect.DelegatingMethodAccessorImpl.invoke(Unknown Source)
at java.lang.reflect.Method.invoke(Unknown Source)
at org.testng.internal.MethodInvocationHelper.invokeMethod(MethodInvocationHelper.java:124)
at org.testng.internal.Invoker.invokeMethod(Invoker.java:583)
at org.testng.internal.Invoker.invokeTestMethod(Invoker.java:719)
at org.testng.internal.Invoker.invokeTestMethods(Invoker.java:989)
at org.testng.internal.TestMethodWorker.invokeTestMethods(TestMethodWorker.java:125)
at org.testng.internal.TestMethodWorker.run(TestMethodWorker.java:109)
at java.util.concurrent.ThreadPoolExecutor.runWorker(Unknown Source)
at java.util.concurrent.ThreadPoolExecutor$Worker.run(Unknown Source)
at java.lang.Thread.run(Unknown Source)
]]>
    </error>
  </testcase> <!-- basicDetails -->
  <testcase name="basicDetails" time="89.300" classname="com.MAHAGENCO.tc.TC004_MAHAGENCOBasicDetails"/>
  <testcase name="basicDetails" time="12.876" classname="com.MAHAGENCO.tc.TC004_MAHAGENCOBasicDetails">
    <error type="java.lang.RuntimeException">
      <![CDATA[java.lang.RuntimeException
at lib.utils.HTMLReporter.reportStep(HTMLReporter.java:64)
at lib.utils.HTMLReporter.reportStep(HTMLReporter.java:73)
at com.ibps.pages.PersonalDetailsPage.selectDropDownUsingIndexNew(PersonalDetailsPage.java:289)
at com.MAHAGENCO.tc.TC004_MAHAGENCOBasicDetails.basicDetails(TC004_MAHAGENCOBasicDetails.java:50)
at sun.reflect.GeneratedMethodAccessor87.invoke(Unknown Source)
at sun.reflect.DelegatingMethodAccessorImpl.invoke(Unknown Source)
at java.lang.reflect.Method.invoke(Unknown Source)
at org.testng.internal.MethodInvocationHelper.invokeMethod(MethodInvocationHelper.java:124)
at org.testng.internal.Invoker.invokeMethod(Invoker.java:583)
at org.testng.internal.Invoker.invokeTestMethod(Invoker.java:719)
at org.testng.internal.Invoker.invokeTestMethods(Invoker.java:989)
at org.testng.internal.TestMethodWorker.invokeTestMethods(TestMethodWorker.java:125)
at org.testng.internal.TestMethodWorker.run(TestMethodWorker.java:109)
at java.util.concurrent.ThreadPoolExecutor.runWorker(Unknown Source)
at java.util.concurrent.ThreadPoolExecutor$Worker.run(Unknown Source)
at java.lang.Thread.run(Unknown Source)
]]>
    </error>
  </testcase> <!-- basicDetails -->
  <testcase name="basicDetails" time="89.168" classname="com.MAHAGENCO.tc.TC004_MAHAGENCOBasicDetails"/>
  <testcase name="basicDetails" time="88.443" classname="com.MAHAGENCO.tc.TC004_MAHAGENCOBasicDetails"/>
  <testcase name="basicDetails" time="12.762" classname="com.MAHAGENCO.tc.TC004_MAHAGENCOBasicDetails">
    <error type="java.lang.RuntimeException">
      <![CDATA[java.lang.RuntimeException
at lib.utils.HTMLReporter.reportStep(HTMLReporter.java:64)
at lib.utils.HTMLReporter.reportStep(HTMLReporter.java:73)
at com.ibps.pages.PersonalDetailsPage.selectDropDownUsingIndexNew(PersonalDetailsPage.java:289)
at com.MAHAGENCO.tc.TC004_MAHAGENCOBasicDetails.basicDetails(TC004_MAHAGENCOBasicDetails.java:50)
at sun.reflect.GeneratedMethodAccessor87.invoke(Unknown Source)
at sun.reflect.DelegatingMethodAccessorImpl.invoke(Unknown Source)
at java.lang.reflect.Method.invoke(Unknown Source)
at org.testng.internal.MethodInvocationHelper.invokeMethod(MethodInvocationHelper.java:124)
at org.testng.internal.Invoker.invokeMethod(Invoker.java:583)
at org.testng.internal.Invoker.invokeTestMethod(Invoker.java:719)
at org.testng.internal.Invoker.invokeTestMethods(Invoker.java:989)
at org.testng.internal.TestMethodWorker.invokeTestMethods(TestMethodWorker.java:125)
at org.testng.internal.TestMethodWorker.run(TestMethodWorker.java:109)
at java.util.concurrent.ThreadPoolExecutor.runWorker(Unknown Source)
at java.util.concurrent.ThreadPoolExecutor$Worker.run(Unknown Source)
at java.lang.Thread.run(Unknown Source)
]]>
    </error>
  </testcase> <!-- basicDetails -->
  <testcase name="basicDetails" time="94.150" classname="com.MAHAGENCO.tc.TC004_MAHAGENCOBasicDetails"/>
  <testcase name="basicDetails" time="96.407" classname="com.MAHAGENCO.tc.TC004_MAHAGENCOBasicDetails"/>
  <testcase name="basicDetails" time="91.180" classname="com.MAHAGENCO.tc.TC004_MAHAGENCOBasicDetails"/>
  <testcase name="basicDetails" time="13.166" classname="com.MAHAGENCO.tc.TC004_MAHAGENCOBasicDetails">
    <error type="java.lang.RuntimeException">
      <![CDATA[java.lang.RuntimeException
at lib.utils.HTMLReporter.reportStep(HTMLReporter.java:64)
at lib.utils.HTMLReporter.reportStep(HTMLReporter.java:73)
at com.ibps.pages.PersonalDetailsPage.selectDropDownUsingIndexNew(PersonalDetailsPage.java:289)
at com.MAHAGENCO.tc.TC004_MAHAGENCOBasicDetails.basicDetails(TC004_MAHAGENCOBasicDetails.java:50)
at sun.reflect.GeneratedMethodAccessor87.invoke(Unknown Source)
at sun.reflect.DelegatingMethodAccessorImpl.invoke(Unknown Source)
at java.lang.reflect.Method.invoke(Unknown Source)
at org.testng.internal.MethodInvocationHelper.invokeMethod(MethodInvocationHelper.java:124)
at org.testng.internal.Invoker.invokeMethod(Invoker.java:583)
at org.testng.internal.Invoker.invokeTestMethod(Invoker.java:719)
at org.testng.internal.Invoker.invokeTestMethods(Invoker.java:989)
at org.testng.internal.TestMethodWorker.invokeTestMethods(TestMethodWorker.java:125)
at org.testng.internal.TestMethodWorker.run(TestMethodWorker.java:109)
at java.util.concurrent.ThreadPoolExecutor.runWorker(Unknown Source)
at java.util.concurrent.ThreadPoolExecutor$Worker.run(Unknown Source)
at java.lang.Thread.run(Unknown Source)
]]>
    </error>
  </testcase> <!-- basicDetails -->
  <testcase name="basicDetails" time="89.272" classname="com.MAHAGENCO.tc.TC004_MAHAGENCOBasicDetails"/>
  <testcase name="basicDetails" time="13.279" classname="com.MAHAGENCO.tc.TC004_MAHAGENCOBasicDetails">
    <error type="java.lang.RuntimeException">
      <![CDATA[java.lang.RuntimeException
at lib.utils.HTMLReporter.reportStep(HTMLReporter.java:64)
at lib.utils.HTMLReporter.reportStep(HTMLReporter.java:73)
at com.ibps.pages.PersonalDetailsPage.selectDropDownUsingIndexNew(PersonalDetailsPage.java:289)
at com.MAHAGENCO.tc.TC004_MAHAGENCOBasicDetails.basicDetails(TC004_MAHAGENCOBasicDetails.java:50)
at sun.reflect.GeneratedMethodAccessor87.invoke(Unknown Source)
at sun.reflect.DelegatingMethodAccessorImpl.invoke(Unknown Source)
at java.lang.reflect.Method.invoke(Unknown Source)
at org.testng.internal.MethodInvocationHelper.invokeMethod(MethodInvocationHelper.java:124)
at org.testng.internal.Invoker.invokeMethod(Invoker.java:583)
at org.testng.internal.Invoker.invokeTestMethod(Invoker.java:719)
at org.testng.internal.Invoker.invokeTestMethods(Invoker.java:989)
at org.testng.internal.TestMethodWorker.invokeTestMethods(TestMethodWorker.java:125)
at org.testng.internal.TestMethodWorker.run(TestMethodWorker.java:109)
at java.util.concurrent.ThreadPoolExecutor.runWorker(Unknown Source)
at java.util.concurrent.ThreadPoolExecutor$Worker.run(Unknown Source)
at java.lang.Thread.run(Unknown Source)
]]>
    </error>
  </testcase> <!-- basicDetails -->
  <testcase name="basicDetails" time="91.438" classname="com.MAHAGENCO.tc.TC004_MAHAGENCOBasicDetails"/>
  <testcase name="basicDetails" time="12.863" classname="com.MAHAGENCO.tc.TC004_MAHAGENCOBasicDetails">
    <error type="java.lang.RuntimeException">
      <![CDATA[java.lang.RuntimeException
at lib.utils.HTMLReporter.reportStep(HTMLReporter.java:64)
at lib.utils.HTMLReporter.reportStep(HTMLReporter.java:73)
at com.ibps.pages.PersonalDetailsPage.selectDropDownUsingIndexNew(PersonalDetailsPage.java:289)
at com.MAHAGENCO.tc.TC004_MAHAGENCOBasicDetails.basicDetails(TC004_MAHAGENCOBasicDetails.java:50)
at sun.reflect.GeneratedMethodAccessor87.invoke(Unknown Source)
at sun.reflect.DelegatingMethodAccessorImpl.invoke(Unknown Source)
at java.lang.reflect.Method.invoke(Unknown Source)
at org.testng.internal.MethodInvocationHelper.invokeMethod(MethodInvocationHelper.java:124)
at org.testng.internal.Invoker.invokeMethod(Invoker.java:583)
at org.testng.internal.Invoker.invokeTestMethod(Invoker.java:719)
at org.testng.internal.Invoker.invokeTestMethods(Invoker.java:989)
at org.testng.internal.TestMethodWorker.invokeTestMethods(TestMethodWorker.java:125)
at org.testng.internal.TestMethodWorker.run(TestMethodWorker.java:109)
at java.util.concurrent.ThreadPoolExecutor.runWorker(Unknown Source)
at java.util.concurrent.ThreadPoolExecutor$Worker.run(Unknown Source)
at java.lang.Thread.run(Unknown Source)
]]>
    </error>
  </testcase> <!-- basicDetails -->
  <testcase name="basicDetails" time="87.314" classname="com.MAHAGENCO.tc.TC004_MAHAGENCOBasicDetails"/>
  <testcase name="basicDetails" time="88.167" classname="com.MAHAGENCO.tc.TC004_MAHAGENCOBasicDetails"/>
  <testcase name="basicDetails" time="89.780" classname="com.MAHAGENCO.tc.TC004_MAHAGENCOBasicDetails"/>
  <testcase name="basicDetails" time="91.673" classname="com.MAHAGENCO.tc.TC004_MAHAGENCOBasicDetails"/>
  <testcase name="basicDetails" time="12.935" classname="com.MAHAGENCO.tc.TC004_MAHAGENCOBasicDetails">
    <error type="java.lang.RuntimeException">
      <![CDATA[java.lang.RuntimeException
at lib.utils.HTMLReporter.reportStep(HTMLReporter.java:64)
at lib.utils.HTMLReporter.reportStep(HTMLReporter.java:73)
at com.ibps.pages.PersonalDetailsPage.selectDropDownUsingIndexNew(PersonalDetailsPage.java:289)
at com.MAHAGENCO.tc.TC004_MAHAGENCOBasicDetails.basicDetails(TC004_MAHAGENCOBasicDetails.java:50)
at sun.reflect.GeneratedMethodAccessor87.invoke(Unknown Source)
at sun.reflect.DelegatingMethodAccessorImpl.invoke(Unknown Source)
at java.lang.reflect.Method.invoke(Unknown Source)
at org.testng.internal.MethodInvocationHelper.invokeMethod(MethodInvocationHelper.java:124)
at org.testng.internal.Invoker.invokeMethod(Invoker.java:583)
at org.testng.internal.Invoker.invokeTestMethod(Invoker.java:719)
at org.testng.internal.Invoker.invokeTestMethods(Invoker.java:989)
at org.testng.internal.TestMethodWorker.invokeTestMethods(TestMethodWorker.java:125)
at org.testng.internal.TestMethodWorker.run(TestMethodWorker.java:109)
at java.util.concurrent.ThreadPoolExecutor.runWorker(Unknown Source)
at java.util.concurrent.ThreadPoolExecutor$Worker.run(Unknown Source)
at java.lang.Thread.run(Unknown Source)
]]>
    </error>
  </testcase> <!-- basicDetails -->
  <testcase name="basicDetails" time="12.849" classname="com.MAHAGENCO.tc.TC004_MAHAGENCOBasicDetails">
    <error type="java.lang.RuntimeException">
      <![CDATA[java.lang.RuntimeException
at lib.utils.HTMLReporter.reportStep(HTMLReporter.java:64)
at lib.utils.HTMLReporter.reportStep(HTMLReporter.java:73)
at com.ibps.pages.PersonalDetailsPage.selectDropDownUsingIndexNew(PersonalDetailsPage.java:289)
at com.MAHAGENCO.tc.TC004_MAHAGENCOBasicDetails.basicDetails(TC004_MAHAGENCOBasicDetails.java:50)
at sun.reflect.GeneratedMethodAccessor87.invoke(Unknown Source)
at sun.reflect.DelegatingMethodAccessorImpl.invoke(Unknown Source)
at java.lang.reflect.Method.invoke(Unknown Source)
at org.testng.internal.MethodInvocationHelper.invokeMethod(MethodInvocationHelper.java:124)
at org.testng.internal.Invoker.invokeMethod(Invoker.java:583)
at org.testng.internal.Invoker.invokeTestMethod(Invoker.java:719)
at org.testng.internal.Invoker.invokeTestMethods(Invoker.java:989)
at org.testng.internal.TestMethodWorker.invokeTestMethods(TestMethodWorker.java:125)
at org.testng.internal.TestMethodWorker.run(TestMethodWorker.java:109)
at java.util.concurrent.ThreadPoolExecutor.runWorker(Unknown Source)
at java.util.concurrent.ThreadPoolExecutor$Worker.run(Unknown Source)
at java.lang.Thread.run(Unknown Source)
]]>
    </error>
  </testcase> <!-- basicDetails -->
  <testcase name="basicDetails" time="10.080" classname="com.MAHAGENCO.tc.TC004_MAHAGENCOBasicDetails">
    <error type="org.openqa.selenium.InvalidElementStateException" message="invalid element state: Element is not currently interactable and may not be manipulated
  (Session info: chrome=78.0.3904.97)
Build info: version: &#039;3.141.59&#039;, revision: &#039;e82be7d358&#039;, time: &#039;2018-11-14T08:17:03&#039;
System info: host: &#039;MAA015435A&#039;, ip: &#039;124.7.228.51&#039;, os.name: &#039;Windows 10&#039;, os.arch: &#039;amd64&#039;, os.version: &#039;10.0&#039;, java.version: &#039;1.8.0_201&#039;
Driver info: org.openqa.selenium.chrome.ChromeDriver
Capabilities {acceptInsecureCerts: false, browserName: chrome, browserVersion: 78.0.3904.97, chrome: {chromedriverVersion: 77.0.3865.40 (f484704e052e0..., userDataDir: C:\Users\015435\AppData\Loc...}, goog:chromeOptions: {debuggerAddress: localhost:50769}, javascriptEnabled: true, networkConnectionEnabled: false, pageLoadStrategy: normal, platform: XP, platformName: XP, proxy: Proxy(), setWindowRect: true, strictFileInteractability: false, timeouts: {implicit: 0, pageLoad: 300000, script: 30000}, unhandledPromptBehavior: dismiss and notify}
Session ID: 7fc5e57d741058e17a8b197b9a7c50d9">
      <![CDATA[org.openqa.selenium.InvalidElementStateException: invalid element state: Element is not currently interactable and may not be manipulated
  (Session info: chrome=78.0.3904.97)
Build info: version: '3.141.59', revision: 'e82be7d358', time: '2018-11-14T08:17:03'
System info: host: 'MAA015435A', ip: '124.7.228.51', os.name: 'Windows 10', os.arch: 'amd64', os.version: '10.0', java.version: '1.8.0_201'
Driver info: org.openqa.selenium.chrome.ChromeDriver
Capabilities {acceptInsecureCerts: false, browserName: chrome, browserVersion: 78.0.3904.97, chrome: {chromedriverVersion: 77.0.3865.40 (f484704e052e0..., userDataDir: C:\Users\015435\AppData\Loc...}, goog:chromeOptions: {debuggerAddress: localhost:50769}, javascriptEnabled: true, networkConnectionEnabled: false, pageLoadStrategy: normal, platform: XP, platformName: XP, proxy: Proxy(), setWindowRect: true, strictFileInteractability: false, timeouts: {implicit: 0, pageLoad: 300000, script: 30000}, unhandledPromptBehavior: dismiss and notify}
Session ID: 7fc5e57d741058e17a8b197b9a7c50d9
at sun.reflect.NativeConstructorAccessorImpl.newInstance0(Native Method)
at sun.reflect.NativeConstructorAccessorImpl.newInstance(Unknown Source)
at sun.reflect.DelegatingConstructorAccessorImpl.newInstance(Unknown Source)
at java.lang.reflect.Constructor.newInstance(Unknown Source)
at org.openqa.selenium.remote.http.W3CHttpResponseCodec.createException(W3CHttpResponseCodec.java:187)
at org.openqa.selenium.remote.http.W3CHttpResponseCodec.decode(W3CHttpResponseCodec.java:122)
at org.openqa.selenium.remote.http.W3CHttpResponseCodec.decode(W3CHttpResponseCodec.java:49)
at org.openqa.selenium.remote.HttpCommandExecutor.execute(HttpCommandExecutor.java:158)
at org.openqa.selenium.remote.service.DriverCommandExecutor.execute(DriverCommandExecutor.java:83)
at org.openqa.selenium.remote.RemoteWebDriver.execute(RemoteWebDriver.java:552)
at org.openqa.selenium.remote.RemoteWebElement.execute(RemoteWebElement.java:285)
at org.openqa.selenium.remote.RemoteWebElement.clear(RemoteWebElement.java:124)
at com.ibps.pages.PersonalDetailsPage.inputTextId(PersonalDetailsPage.java:322)
at com.MAHAGENCO.tc.TC004_MAHAGENCOBasicDetails.basicDetails(TC004_MAHAGENCOBasicDetails.java:47)
at sun.reflect.GeneratedMethodAccessor87.invoke(Unknown Source)
at sun.reflect.DelegatingMethodAccessorImpl.invoke(Unknown Source)
at java.lang.reflect.Method.invoke(Unknown Source)
at org.testng.internal.MethodInvocationHelper.invokeMethod(MethodInvocationHelper.java:124)
at org.testng.internal.Invoker.invokeMethod(Invoker.java:583)
at org.testng.internal.Invoker.invokeTestMethod(Invoker.java:719)
at org.testng.internal.Invoker.invokeTestMethods(Invoker.java:989)
at org.testng.internal.TestMethodWorker.invokeTestMethods(TestMethodWorker.java:125)
at org.testng.internal.TestMethodWorker.run(TestMethodWorker.java:109)
at java.util.concurrent.ThreadPoolExecutor.runWorker(Unknown Source)
at java.util.concurrent.ThreadPoolExecutor$Worker.run(Unknown Source)
at java.lang.Thread.run(Unknown Source)
]]>
    </error>
  </testcase> <!-- basicDetails -->
  <testcase name="basicDetails" time="12.955" classname="com.MAHAGENCO.tc.TC004_MAHAGENCOBasicDetails">
    <error type="java.lang.RuntimeException">
      <![CDATA[java.lang.RuntimeException
at lib.utils.HTMLReporter.reportStep(HTMLReporter.java:64)
at lib.utils.HTMLReporter.reportStep(HTMLReporter.java:73)
at com.ibps.pages.PersonalDetailsPage.selectDropDownUsingIndexNew(PersonalDetailsPage.java:289)
at com.MAHAGENCO.tc.TC004_MAHAGENCOBasicDetails.basicDetails(TC004_MAHAGENCOBasicDetails.java:50)
at sun.reflect.GeneratedMethodAccessor87.invoke(Unknown Source)
at sun.reflect.DelegatingMethodAccessorImpl.invoke(Unknown Source)
at java.lang.reflect.Method.invoke(Unknown Source)
at org.testng.internal.MethodInvocationHelper.invokeMethod(MethodInvocationHelper.java:124)
at org.testng.internal.Invoker.invokeMethod(Invoker.java:583)
at org.testng.internal.Invoker.invokeTestMethod(Invoker.java:719)
at org.testng.internal.Invoker.invokeTestMethods(Invoker.java:989)
at org.testng.internal.TestMethodWorker.invokeTestMethods(TestMethodWorker.java:125)
at org.testng.internal.TestMethodWorker.run(TestMethodWorker.java:109)
at java.util.concurrent.ThreadPoolExecutor.runWorker(Unknown Source)
at java.util.concurrent.ThreadPoolExecutor$Worker.run(Unknown Source)
at java.lang.Thread.run(Unknown Source)
]]>
    </error>
  </testcase> <!-- basicDetails -->
  <testcase name="basicDetails" time="88.584" classname="com.MAHAGENCO.tc.TC004_MAHAGENCOBasicDetails"/>
  <testcase name="basicDetails" time="89.421" classname="com.MAHAGENCO.tc.TC004_MAHAGENCOBasicDetails"/>
  <testcase name="basicDetails" time="89.217" classname="com.MAHAGENCO.tc.TC004_MAHAGENCOBasicDetails"/>
  <testcase name="basicDetails" time="93.664" classname="com.MAHAGENCO.tc.TC004_MAHAGENCOBasicDetails"/>
  <testcase name="basicDetails" time="89.650" classname="com.MAHAGENCO.tc.TC004_MAHAGENCOBasicDetails"/>
  <testcase name="basicDetails" time="12.559" classname="com.MAHAGENCO.tc.TC004_MAHAGENCOBasicDetails">
    <error type="java.lang.RuntimeException">
      <![CDATA[java.lang.RuntimeException
at lib.utils.HTMLReporter.reportStep(HTMLReporter.java:64)
at lib.utils.HTMLReporter.reportStep(HTMLReporter.java:73)
at com.ibps.pages.PersonalDetailsPage.selectDropDownUsingIndexNew(PersonalDetailsPage.java:289)
at com.MAHAGENCO.tc.TC004_MAHAGENCOBasicDetails.basicDetails(TC004_MAHAGENCOBasicDetails.java:50)
at sun.reflect.GeneratedMethodAccessor87.invoke(Unknown Source)
at sun.reflect.DelegatingMethodAccessorImpl.invoke(Unknown Source)
at java.lang.reflect.Method.invoke(Unknown Source)
at org.testng.internal.MethodInvocationHelper.invokeMethod(MethodInvocationHelper.java:124)
at org.testng.internal.Invoker.invokeMethod(Invoker.java:583)
at org.testng.internal.Invoker.invokeTestMethod(Invoker.java:719)
at org.testng.internal.Invoker.invokeTestMethods(Invoker.java:989)
at org.testng.internal.TestMethodWorker.invokeTestMethods(TestMethodWorker.java:125)
at org.testng.internal.TestMethodWorker.run(TestMethodWorker.java:109)
at java.util.concurrent.ThreadPoolExecutor.runWorker(Unknown Source)
at java.util.concurrent.ThreadPoolExecutor$Worker.run(Unknown Source)
at java.lang.Thread.run(Unknown Source)
]]>
    </error>
  </testcase> <!-- basicDetails -->
  <testcase name="basicDetails" time="91.487" classname="com.MAHAGENCO.tc.TC004_MAHAGENCOBasicDetails"/>
  <testcase name="basicDetails" time="12.894" classname="com.MAHAGENCO.tc.TC004_MAHAGENCOBasicDetails">
    <error type="java.lang.RuntimeException">
      <![CDATA[java.lang.RuntimeException
at lib.utils.HTMLReporter.reportStep(HTMLReporter.java:64)
at lib.utils.HTMLReporter.reportStep(HTMLReporter.java:73)
at com.ibps.pages.PersonalDetailsPage.selectDropDownUsingIndexNew(PersonalDetailsPage.java:289)
at com.MAHAGENCO.tc.TC004_MAHAGENCOBasicDetails.basicDetails(TC004_MAHAGENCOBasicDetails.java:50)
at sun.reflect.GeneratedMethodAccessor87.invoke(Unknown Source)
at sun.reflect.DelegatingMethodAccessorImpl.invoke(Unknown Source)
at java.lang.reflect.Method.invoke(Unknown Source)
at org.testng.internal.MethodInvocationHelper.invokeMethod(MethodInvocationHelper.java:124)
at org.testng.internal.Invoker.invokeMethod(Invoker.java:583)
at org.testng.internal.Invoker.invokeTestMethod(Invoker.java:719)
at org.testng.internal.Invoker.invokeTestMethods(Invoker.java:989)
at org.testng.internal.TestMethodWorker.invokeTestMethods(TestMethodWorker.java:125)
at org.testng.internal.TestMethodWorker.run(TestMethodWorker.java:109)
at java.util.concurrent.ThreadPoolExecutor.runWorker(Unknown Source)
at java.util.concurrent.ThreadPoolExecutor$Worker.run(Unknown Source)
at java.lang.Thread.run(Unknown Source)
]]>
    </error>
  </testcase> <!-- basicDetails -->
  <testcase name="basicDetails" time="90.647" classname="com.MAHAGENCO.tc.TC004_MAHAGENCOBasicDetails"/>
  <testcase name="basicDetails" time="89.237" classname="com.MAHAGENCO.tc.TC004_MAHAGENCOBasicDetails"/>
  <testcase name="basicDetails" time="88.259" classname="com.MAHAGENCO.tc.TC004_MAHAGENCOBasicDetails"/>
  <testcase name="basicDetails" time="89.002" classname="com.MAHAGENCO.tc.TC004_MAHAGENCOBasicDetails"/>
  <testcase name="basicDetails" time="93.520" classname="com.MAHAGENCO.tc.TC004_MAHAGENCOBasicDetails"/>
  <testcase name="basicDetails" time="113.933" classname="com.MAHAGENCO.tc.TC004_MAHAGENCOBasicDetails"/>
  <testcase name="basicDetails" time="91.310" classname="com.MAHAGENCO.tc.TC004_MAHAGENCOBasicDetails"/>
  <testcase name="basicDetails" time="91.108" classname="com.MAHAGENCO.tc.TC004_MAHAGENCOBasicDetails"/>
  <testcase name="basicDetails" time="16.316" classname="com.MAHAGENCO.tc.TC004_MAHAGENCOBasicDetails">
    <error type="java.lang.RuntimeException">
      <![CDATA[java.lang.RuntimeException
at lib.utils.HTMLReporter.reportStep(HTMLReporter.java:64)
at lib.utils.HTMLReporter.reportStep(HTMLReporter.java:73)
at com.ibps.pages.PersonalDetailsPage.selectDropDownUsingIndexNew(PersonalDetailsPage.java:289)
at com.MAHAGENCO.tc.TC004_MAHAGENCOBasicDetails.basicDetails(TC004_MAHAGENCOBasicDetails.java:50)
at sun.reflect.GeneratedMethodAccessor87.invoke(Unknown Source)
at sun.reflect.DelegatingMethodAccessorImpl.invoke(Unknown Source)
at java.lang.reflect.Method.invoke(Unknown Source)
at org.testng.internal.MethodInvocationHelper.invokeMethod(MethodInvocationHelper.java:124)
at org.testng.internal.Invoker.invokeMethod(Invoker.java:583)
at org.testng.internal.Invoker.invokeTestMethod(Invoker.java:719)
at org.testng.internal.Invoker.invokeTestMethods(Invoker.java:989)
at org.testng.internal.TestMethodWorker.invokeTestMethods(TestMethodWorker.java:125)
at org.testng.internal.TestMethodWorker.run(TestMethodWorker.java:109)
at java.util.concurrent.ThreadPoolExecutor.runWorker(Unknown Source)
at java.util.concurrent.ThreadPoolExecutor$Worker.run(Unknown Source)
at java.lang.Thread.run(Unknown Source)
]]>
    </error>
  </testcase> <!-- basicDetails -->
  <testcase name="basicDetails" time="88.593" classname="com.MAHAGENCO.tc.TC004_MAHAGENCOBasicDetails"/>
  <testcase name="basicDetails" time="13.822" classname="com.MAHAGENCO.tc.TC004_MAHAGENCOBasicDetails">
    <error type="java.lang.RuntimeException">
      <![CDATA[java.lang.RuntimeException
at lib.utils.HTMLReporter.reportStep(HTMLReporter.java:64)
at lib.utils.HTMLReporter.reportStep(HTMLReporter.java:73)
at com.ibps.pages.PersonalDetailsPage.selectDropDownUsingIndexNew(PersonalDetailsPage.java:289)
at com.MAHAGENCO.tc.TC004_MAHAGENCOBasicDetails.basicDetails(TC004_MAHAGENCOBasicDetails.java:50)
at sun.reflect.NativeMethodAccessorImpl.invoke0(Native Method)
at sun.reflect.NativeMethodAccessorImpl.invoke(Unknown Source)
at sun.reflect.DelegatingMethodAccessorImpl.invoke(Unknown Source)
at java.lang.reflect.Method.invoke(Unknown Source)
at org.testng.internal.MethodInvocationHelper.invokeMethod(MethodInvocationHelper.java:124)
at org.testng.internal.Invoker.invokeMethod(Invoker.java:583)
at org.testng.internal.Invoker.invokeTestMethod(Invoker.java:719)
at org.testng.internal.Invoker.invokeTestMethods(Invoker.java:989)
at org.testng.internal.TestMethodWorker.invokeTestMethods(TestMethodWorker.java:125)
at org.testng.internal.TestMethodWorker.run(TestMethodWorker.java:109)
at java.util.concurrent.ThreadPoolExecutor.runWorker(Unknown Source)
at java.util.concurrent.ThreadPoolExecutor$Worker.run(Unknown Source)
at java.lang.Thread.run(Unknown Source)
]]>
    </error>
  </testcase> <!-- basicDetails -->
  <testcase name="basicDetails" time="92.192" classname="com.MAHAGENCO.tc.TC004_MAHAGENCOBasicDetails"/>
  <testcase name="basicDetails" time="90.202" classname="com.MAHAGENCO.tc.TC004_MAHAGENCOBasicDetails"/>
  <testcase name="basicDetails" time="88.497" classname="com.MAHAGENCO.tc.TC004_MAHAGENCOBasicDetails"/>
  <testcase name="basicDetails" time="88.453" classname="com.MAHAGENCO.tc.TC004_MAHAGENCOBasicDetails"/>
  <testcase name="basicDetails" time="14.678" classname="com.MAHAGENCO.tc.TC004_MAHAGENCOBasicDetails">
    <error type="java.lang.RuntimeException">
      <![CDATA[java.lang.RuntimeException
at lib.utils.HTMLReporter.reportStep(HTMLReporter.java:64)
at lib.utils.HTMLReporter.reportStep(HTMLReporter.java:73)
at com.ibps.pages.PersonalDetailsPage.selectDropDownUsingIndexNew(PersonalDetailsPage.java:289)
at com.MAHAGENCO.tc.TC004_MAHAGENCOBasicDetails.basicDetails(TC004_MAHAGENCOBasicDetails.java:50)
at sun.reflect.GeneratedMethodAccessor87.invoke(Unknown Source)
at sun.reflect.DelegatingMethodAccessorImpl.invoke(Unknown Source)
at java.lang.reflect.Method.invoke(Unknown Source)
at org.testng.internal.MethodInvocationHelper.invokeMethod(MethodInvocationHelper.java:124)
at org.testng.internal.Invoker.invokeMethod(Invoker.java:583)
at org.testng.internal.Invoker.invokeTestMethod(Invoker.java:719)
at org.testng.internal.Invoker.invokeTestMethods(Invoker.java:989)
at org.testng.internal.TestMethodWorker.invokeTestMethods(TestMethodWorker.java:125)
at org.testng.internal.TestMethodWorker.run(TestMethodWorker.java:109)
at java.util.concurrent.ThreadPoolExecutor.runWorker(Unknown Source)
at java.util.concurrent.ThreadPoolExecutor$Worker.run(Unknown Source)
at java.lang.Thread.run(Unknown Source)
]]>
    </error>
  </testcase> <!-- basicDetails -->
  <testcase name="basicDetails" time="100.786" classname="com.MAHAGENCO.tc.TC004_MAHAGENCOBasicDetails"/>
  <testcase name="basicDetails" time="88.216" classname="com.MAHAGENCO.tc.TC004_MAHAGENCOBasicDetails"/>
  <testcase name="basicDetails" time="13.347" classname="com.MAHAGENCO.tc.TC004_MAHAGENCOBasicDetails">
    <error type="java.lang.RuntimeException">
      <![CDATA[java.lang.RuntimeException
at lib.utils.HTMLReporter.reportStep(HTMLReporter.java:64)
at lib.utils.HTMLReporter.reportStep(HTMLReporter.java:73)
at com.ibps.pages.PersonalDetailsPage.selectDropDownUsingIndexNew(PersonalDetailsPage.java:289)
at com.MAHAGENCO.tc.TC004_MAHAGENCOBasicDetails.basicDetails(TC004_MAHAGENCOBasicDetails.java:50)
at sun.reflect.GeneratedMethodAccessor87.invoke(Unknown Source)
at sun.reflect.DelegatingMethodAccessorImpl.invoke(Unknown Source)
at java.lang.reflect.Method.invoke(Unknown Source)
at org.testng.internal.MethodInvocationHelper.invokeMethod(MethodInvocationHelper.java:124)
at org.testng.internal.Invoker.invokeMethod(Invoker.java:583)
at org.testng.internal.Invoker.invokeTestMethod(Invoker.java:719)
at org.testng.internal.Invoker.invokeTestMethods(Invoker.java:989)
at org.testng.internal.TestMethodWorker.invokeTestMethods(TestMethodWorker.java:125)
at org.testng.internal.TestMethodWorker.run(TestMethodWorker.java:109)
at java.util.concurrent.ThreadPoolExecutor.runWorker(Unknown Source)
at java.util.concurrent.ThreadPoolExecutor$Worker.run(Unknown Source)
at java.lang.Thread.run(Unknown Source)
]]>
    </error>
  </testcase> <!-- basicDetails -->
  <testcase name="basicDetails" time="90.371" classname="com.MAHAGENCO.tc.TC004_MAHAGENCOBasicDetails"/>
  <testcase name="basicDetails" time="88.964" classname="com.MAHAGENCO.tc.TC004_MAHAGENCOBasicDetails"/>
  <testcase name="basicDetails" time="12.510" classname="com.MAHAGENCO.tc.TC004_MAHAGENCOBasicDetails">
    <error type="java.lang.RuntimeException">
      <![CDATA[java.lang.RuntimeException
at lib.utils.HTMLReporter.reportStep(HTMLReporter.java:64)
at lib.utils.HTMLReporter.reportStep(HTMLReporter.java:73)
at com.ibps.pages.PersonalDetailsPage.selectDropDownUsingIndexNew(PersonalDetailsPage.java:289)
at com.MAHAGENCO.tc.TC004_MAHAGENCOBasicDetails.basicDetails(TC004_MAHAGENCOBasicDetails.java:50)
at sun.reflect.GeneratedMethodAccessor87.invoke(Unknown Source)
at sun.reflect.DelegatingMethodAccessorImpl.invoke(Unknown Source)
at java.lang.reflect.Method.invoke(Unknown Source)
at org.testng.internal.MethodInvocationHelper.invokeMethod(MethodInvocationHelper.java:124)
at org.testng.internal.Invoker.invokeMethod(Invoker.java:583)
at org.testng.internal.Invoker.invokeTestMethod(Invoker.java:719)
at org.testng.internal.Invoker.invokeTestMethods(Invoker.java:989)
at org.testng.internal.TestMethodWorker.invokeTestMethods(TestMethodWorker.java:125)
at org.testng.internal.TestMethodWorker.run(TestMethodWorker.java:109)
at java.util.concurrent.ThreadPoolExecutor.runWorker(Unknown Source)
at java.util.concurrent.ThreadPoolExecutor$Worker.run(Unknown Source)
at java.lang.Thread.run(Unknown Source)
]]>
    </error>
  </testcase> <!-- basicDetails -->
  <testcase name="basicDetails" time="88.933" classname="com.MAHAGENCO.tc.TC004_MAHAGENCOBasicDetails"/>
  <testcase name="basicDetails" time="89.155" classname="com.MAHAGENCO.tc.TC004_MAHAGENCOBasicDetails"/>
  <testcase name="basicDetails" time="13.126" classname="com.MAHAGENCO.tc.TC004_MAHAGENCOBasicDetails">
    <error type="java.lang.RuntimeException">
      <![CDATA[java.lang.RuntimeException
at lib.utils.HTMLReporter.reportStep(HTMLReporter.java:64)
at lib.utils.HTMLReporter.reportStep(HTMLReporter.java:73)
at com.ibps.pages.PersonalDetailsPage.selectDropDownUsingIndexNew(PersonalDetailsPage.java:289)
at com.MAHAGENCO.tc.TC004_MAHAGENCOBasicDetails.basicDetails(TC004_MAHAGENCOBasicDetails.java:50)
at sun.reflect.GeneratedMethodAccessor87.invoke(Unknown Source)
at sun.reflect.DelegatingMethodAccessorImpl.invoke(Unknown Source)
at java.lang.reflect.Method.invoke(Unknown Source)
at org.testng.internal.MethodInvocationHelper.invokeMethod(MethodInvocationHelper.java:124)
at org.testng.internal.Invoker.invokeMethod(Invoker.java:583)
at org.testng.internal.Invoker.invokeTestMethod(Invoker.java:719)
at org.testng.internal.Invoker.invokeTestMethods(Invoker.java:989)
at org.testng.internal.TestMethodWorker.invokeTestMethods(TestMethodWorker.java:125)
at org.testng.internal.TestMethodWorker.run(TestMethodWorker.java:109)
at java.util.concurrent.ThreadPoolExecutor.runWorker(Unknown Source)
at java.util.concurrent.ThreadPoolExecutor$Worker.run(Unknown Source)
at java.lang.Thread.run(Unknown Source)
]]>
    </error>
  </testcase> <!-- basicDetails -->
  <testcase name="basicDetails" time="89.792" classname="com.MAHAGENCO.tc.TC004_MAHAGENCOBasicDetails"/>
  <testcase name="basicDetails" time="12.736" classname="com.MAHAGENCO.tc.TC004_MAHAGENCOBasicDetails">
    <error type="java.lang.RuntimeException">
      <![CDATA[java.lang.RuntimeException
at lib.utils.HTMLReporter.reportStep(HTMLReporter.java:64)
at lib.utils.HTMLReporter.reportStep(HTMLReporter.java:73)
at com.ibps.pages.PersonalDetailsPage.selectDropDownUsingIndexNew(PersonalDetailsPage.java:289)
at com.MAHAGENCO.tc.TC004_MAHAGENCOBasicDetails.basicDetails(TC004_MAHAGENCOBasicDetails.java:50)
at sun.reflect.NativeMethodAccessorImpl.invoke0(Native Method)
at sun.reflect.NativeMethodAccessorImpl.invoke(Unknown Source)
at sun.reflect.DelegatingMethodAccessorImpl.invoke(Unknown Source)
at java.lang.reflect.Method.invoke(Unknown Source)
at org.testng.internal.MethodInvocationHelper.invokeMethod(MethodInvocationHelper.java:124)
at org.testng.internal.Invoker.invokeMethod(Invoker.java:583)
at org.testng.internal.Invoker.invokeTestMethod(Invoker.java:719)
at org.testng.internal.Invoker.invokeTestMethods(Invoker.java:989)
at org.testng.internal.TestMethodWorker.invokeTestMethods(TestMethodWorker.java:125)
at org.testng.internal.TestMethodWorker.run(TestMethodWorker.java:109)
at java.util.concurrent.ThreadPoolExecutor.runWorker(Unknown Source)
at java.util.concurrent.ThreadPoolExecutor$Worker.run(Unknown Source)
at java.lang.Thread.run(Unknown Source)
]]>
    </error>
  </testcase> <!-- basicDetails -->
  <testcase name="basicDetails" time="91.867" classname="com.MAHAGENCO.tc.TC004_MAHAGENCOBasicDetails"/>
  <testcase name="basicDetails" time="89.486" classname="com.MAHAGENCO.tc.TC004_MAHAGENCOBasicDetails"/>
  <testcase name="basicDetails" time="89.195" classname="com.MAHAGENCO.tc.TC004_MAHAGENCOBasicDetails"/>
  <testcase name="basicDetails" time="90.445" classname="com.MAHAGENCO.tc.TC004_MAHAGENCOBasicDetails"/>
  <testcase name="basicDetails" time="91.982" classname="com.MAHAGENCO.tc.TC004_MAHAGENCOBasicDetails"/>
  <testcase name="basicDetails" time="93.515" classname="com.MAHAGENCO.tc.TC004_MAHAGENCOBasicDetails"/>
  <testcase name="basicDetails" time="13.055" classname="com.MAHAGENCO.tc.TC004_MAHAGENCOBasicDetails">
    <error type="java.lang.RuntimeException">
      <![CDATA[java.lang.RuntimeException
at lib.utils.HTMLReporter.reportStep(HTMLReporter.java:64)
at lib.utils.HTMLReporter.reportStep(HTMLReporter.java:73)
at com.ibps.pages.PersonalDetailsPage.selectDropDownUsingIndexNew(PersonalDetailsPage.java:289)
at com.MAHAGENCO.tc.TC004_MAHAGENCOBasicDetails.basicDetails(TC004_MAHAGENCOBasicDetails.java:50)
at sun.reflect.GeneratedMethodAccessor87.invoke(Unknown Source)
at sun.reflect.DelegatingMethodAccessorImpl.invoke(Unknown Source)
at java.lang.reflect.Method.invoke(Unknown Source)
at org.testng.internal.MethodInvocationHelper.invokeMethod(MethodInvocationHelper.java:124)
at org.testng.internal.Invoker.invokeMethod(Invoker.java:583)
at org.testng.internal.Invoker.invokeTestMethod(Invoker.java:719)
at org.testng.internal.Invoker.invokeTestMethods(Invoker.java:989)
at org.testng.internal.TestMethodWorker.invokeTestMethods(TestMethodWorker.java:125)
at org.testng.internal.TestMethodWorker.run(TestMethodWorker.java:109)
at java.util.concurrent.ThreadPoolExecutor.runWorker(Unknown Source)
at java.util.concurrent.ThreadPoolExecutor$Worker.run(Unknown Source)
at java.lang.Thread.run(Unknown Source)
]]>
    </error>
  </testcase> <!-- basicDetails -->
  <testcase name="basicDetails" time="88.827" classname="com.MAHAGENCO.tc.TC004_MAHAGENCOBasicDetails"/>
  <testcase name="basicDetails" time="91.888" classname="com.MAHAGENCO.tc.TC004_MAHAGENCOBasicDetails"/>
  <testcase name="basicDetails" time="89.379" classname="com.MAHAGENCO.tc.TC004_MAHAGENCOBasicDetails"/>
  <testcase name="basicDetails" time="89.156" classname="com.MAHAGENCO.tc.TC004_MAHAGENCOBasicDetails"/>
  <testcase name="basicDetails" time="90.366" classname="com.MAHAGENCO.tc.TC004_MAHAGENCOBasicDetails"/>
  <testcase name="basicDetails" time="12.762" classname="com.MAHAGENCO.tc.TC004_MAHAGENCOBasicDetails">
    <error type="java.lang.RuntimeException">
      <![CDATA[java.lang.RuntimeException
at lib.utils.HTMLReporter.reportStep(HTMLReporter.java:64)
at lib.utils.HTMLReporter.reportStep(HTMLReporter.java:73)
at com.ibps.pages.PersonalDetailsPage.selectDropDownUsingIndexNew(PersonalDetailsPage.java:289)
at com.MAHAGENCO.tc.TC004_MAHAGENCOBasicDetails.basicDetails(TC004_MAHAGENCOBasicDetails.java:50)
at sun.reflect.GeneratedMethodAccessor87.invoke(Unknown Source)
at sun.reflect.DelegatingMethodAccessorImpl.invoke(Unknown Source)
at java.lang.reflect.Method.invoke(Unknown Source)
at org.testng.internal.MethodInvocationHelper.invokeMethod(MethodInvocationHelper.java:124)
at org.testng.internal.Invoker.invokeMethod(Invoker.java:583)
at org.testng.internal.Invoker.invokeTestMethod(Invoker.java:719)
at org.testng.internal.Invoker.invokeTestMethods(Invoker.java:989)
at org.testng.internal.TestMethodWorker.invokeTestMethods(TestMethodWorker.java:125)
at org.testng.internal.TestMethodWorker.run(TestMethodWorker.java:109)
at java.util.concurrent.ThreadPoolExecutor.runWorker(Unknown Source)
at java.util.concurrent.ThreadPoolExecutor$Worker.run(Unknown Source)
at java.lang.Thread.run(Unknown Source)
]]>
    </error>
  </testcase> <!-- basicDetails -->
  <testcase name="basicDetails" time="12.881" classname="com.MAHAGENCO.tc.TC004_MAHAGENCOBasicDetails">
    <error type="java.lang.RuntimeException">
      <![CDATA[java.lang.RuntimeException
at lib.utils.HTMLReporter.reportStep(HTMLReporter.java:64)
at lib.utils.HTMLReporter.reportStep(HTMLReporter.java:73)
at com.ibps.pages.PersonalDetailsPage.selectDropDownUsingIndexNew(PersonalDetailsPage.java:289)
at com.MAHAGENCO.tc.TC004_MAHAGENCOBasicDetails.basicDetails(TC004_MAHAGENCOBasicDetails.java:50)
at sun.reflect.GeneratedMethodAccessor87.invoke(Unknown Source)
at sun.reflect.DelegatingMethodAccessorImpl.invoke(Unknown Source)
at java.lang.reflect.Method.invoke(Unknown Source)
at org.testng.internal.MethodInvocationHelper.invokeMethod(MethodInvocationHelper.java:124)
at org.testng.internal.Invoker.invokeMethod(Invoker.java:583)
at org.testng.internal.Invoker.invokeTestMethod(Invoker.java:719)
at org.testng.internal.Invoker.invokeTestMethods(Invoker.java:989)
at org.testng.internal.TestMethodWorker.invokeTestMethods(TestMethodWorker.java:125)
at org.testng.internal.TestMethodWorker.run(TestMethodWorker.java:109)
at java.util.concurrent.ThreadPoolExecutor.runWorker(Unknown Source)
at java.util.concurrent.ThreadPoolExecutor$Worker.run(Unknown Source)
at java.lang.Thread.run(Unknown Source)
]]>
    </error>
  </testcase> <!-- basicDetails -->
  <testcase name="basicDetails" time="99.806" classname="com.MAHAGENCO.tc.TC004_MAHAGENCOBasicDetails"/>
  <testcase name="basicDetails" time="15.993" classname="com.MAHAGENCO.tc.TC004_MAHAGENCOBasicDetails">
    <error type="java.lang.RuntimeException">
      <![CDATA[java.lang.RuntimeException
at lib.utils.HTMLReporter.reportStep(HTMLReporter.java:64)
at lib.utils.HTMLReporter.reportStep(HTMLReporter.java:73)
at com.ibps.pages.PersonalDetailsPage.selectDropDownUsingIndexNew(PersonalDetailsPage.java:289)
at com.MAHAGENCO.tc.TC004_MAHAGENCOBasicDetails.basicDetails(TC004_MAHAGENCOBasicDetails.java:50)
at sun.reflect.GeneratedMethodAccessor87.invoke(Unknown Source)
at sun.reflect.DelegatingMethodAccessorImpl.invoke(Unknown Source)
at java.lang.reflect.Method.invoke(Unknown Source)
at org.testng.internal.MethodInvocationHelper.invokeMethod(MethodInvocationHelper.java:124)
at org.testng.internal.Invoker.invokeMethod(Invoker.java:583)
at org.testng.internal.Invoker.invokeTestMethod(Invoker.java:719)
at org.testng.internal.Invoker.invokeTestMethods(Invoker.java:989)
at org.testng.internal.TestMethodWorker.invokeTestMethods(TestMethodWorker.java:125)
at org.testng.internal.TestMethodWorker.run(TestMethodWorker.java:109)
at java.util.concurrent.ThreadPoolExecutor.runWorker(Unknown Source)
at java.util.concurrent.ThreadPoolExecutor$Worker.run(Unknown Source)
at java.lang.Thread.run(Unknown Source)
]]>
    </error>
  </testcase> <!-- basicDetails -->
  <testcase name="basicDetails" time="13.227" classname="com.MAHAGENCO.tc.TC004_MAHAGENCOBasicDetails">
    <error type="java.lang.RuntimeException">
      <![CDATA[java.lang.RuntimeException
at lib.utils.HTMLReporter.reportStep(HTMLReporter.java:64)
at lib.utils.HTMLReporter.reportStep(HTMLReporter.java:73)
at com.ibps.pages.PersonalDetailsPage.selectDropDownUsingIndexNew(PersonalDetailsPage.java:289)
at com.MAHAGENCO.tc.TC004_MAHAGENCOBasicDetails.basicDetails(TC004_MAHAGENCOBasicDetails.java:50)
at sun.reflect.GeneratedMethodAccessor87.invoke(Unknown Source)
at sun.reflect.DelegatingMethodAccessorImpl.invoke(Unknown Source)
at java.lang.reflect.Method.invoke(Unknown Source)
at org.testng.internal.MethodInvocationHelper.invokeMethod(MethodInvocationHelper.java:124)
at org.testng.internal.Invoker.invokeMethod(Invoker.java:583)
at org.testng.internal.Invoker.invokeTestMethod(Invoker.java:719)
at org.testng.internal.Invoker.invokeTestMethods(Invoker.java:989)
at org.testng.internal.TestMethodWorker.invokeTestMethods(TestMethodWorker.java:125)
at org.testng.internal.TestMethodWorker.run(TestMethodWorker.java:109)
at java.util.concurrent.ThreadPoolExecutor.runWorker(Unknown Source)
at java.util.concurrent.ThreadPoolExecutor$Worker.run(Unknown Source)
at java.lang.Thread.run(Unknown Source)
]]>
    </error>
  </testcase> <!-- basicDetails -->
  <testcase name="basicDetails" time="88.319" classname="com.MAHAGENCO.tc.TC004_MAHAGENCOBasicDetails"/>
  <testcase name="basicDetails" time="90.080" classname="com.MAHAGENCO.tc.TC004_MAHAGENCOBasicDetails"/>
  <testcase name="basicDetails" time="89.829" classname="com.MAHAGENCO.tc.TC004_MAHAGENCOBasicDetails"/>
  <testcase name="basicDetails" time="13.234" classname="com.MAHAGENCO.tc.TC004_MAHAGENCOBasicDetails">
    <error type="java.lang.RuntimeException">
      <![CDATA[java.lang.RuntimeException
at lib.utils.HTMLReporter.reportStep(HTMLReporter.java:64)
at lib.utils.HTMLReporter.reportStep(HTMLReporter.java:73)
at com.ibps.pages.PersonalDetailsPage.selectDropDownUsingIndexNew(PersonalDetailsPage.java:289)
at com.MAHAGENCO.tc.TC004_MAHAGENCOBasicDetails.basicDetails(TC004_MAHAGENCOBasicDetails.java:50)
at sun.reflect.GeneratedMethodAccessor87.invoke(Unknown Source)
at sun.reflect.DelegatingMethodAccessorImpl.invoke(Unknown Source)
at java.lang.reflect.Method.invoke(Unknown Source)
at org.testng.internal.MethodInvocationHelper.invokeMethod(MethodInvocationHelper.java:124)
at org.testng.internal.Invoker.invokeMethod(Invoker.java:583)
at org.testng.internal.Invoker.invokeTestMethod(Invoker.java:719)
at org.testng.internal.Invoker.invokeTestMethods(Invoker.java:989)
at org.testng.internal.TestMethodWorker.invokeTestMethods(TestMethodWorker.java:125)
at org.testng.internal.TestMethodWorker.run(TestMethodWorker.java:109)
at java.util.concurrent.ThreadPoolExecutor.runWorker(Unknown Source)
at java.util.concurrent.ThreadPoolExecutor$Worker.run(Unknown Source)
at java.lang.Thread.run(Unknown Source)
]]>
    </error>
  </testcase> <!-- basicDetails -->
  <testcase name="basicDetails" time="90.013" classname="com.MAHAGENCO.tc.TC004_MAHAGENCOBasicDetails"/>
  <testcase name="basicDetails" time="88.949" classname="com.MAHAGENCO.tc.TC004_MAHAGENCOBasicDetails"/>
  <testcase name="basicDetails" time="100.406" classname="com.MAHAGENCO.tc.TC004_MAHAGENCOBasicDetails"/>
  <testcase name="basicDetails" time="120.049" classname="com.MAHAGENCO.tc.TC004_MAHAGENCOBasicDetails"/>
  <testcase name="basicDetails" time="109.891" classname="com.MAHAGENCO.tc.TC004_MAHAGENCOBasicDetails"/>
  <testcase name="basicDetails" time="89.673" classname="com.MAHAGENCO.tc.TC004_MAHAGENCOBasicDetails"/>
  <testcase name="basicDetails" time="12.907" classname="com.MAHAGENCO.tc.TC004_MAHAGENCOBasicDetails">
    <error type="java.lang.RuntimeException">
      <![CDATA[java.lang.RuntimeException
at lib.utils.HTMLReporter.reportStep(HTMLReporter.java:64)
at lib.utils.HTMLReporter.reportStep(HTMLReporter.java:73)
at com.ibps.pages.PersonalDetailsPage.selectDropDownUsingIndexNew(PersonalDetailsPage.java:289)
at com.MAHAGENCO.tc.TC004_MAHAGENCOBasicDetails.basicDetails(TC004_MAHAGENCOBasicDetails.java:50)
at sun.reflect.GeneratedMethodAccessor87.invoke(Unknown Source)
at sun.reflect.DelegatingMethodAccessorImpl.invoke(Unknown Source)
at java.lang.reflect.Method.invoke(Unknown Source)
at org.testng.internal.MethodInvocationHelper.invokeMethod(MethodInvocationHelper.java:124)
at org.testng.internal.Invoker.invokeMethod(Invoker.java:583)
at org.testng.internal.Invoker.invokeTestMethod(Invoker.java:719)
at org.testng.internal.Invoker.invokeTestMethods(Invoker.java:989)
at org.testng.internal.TestMethodWorker.invokeTestMethods(TestMethodWorker.java:125)
at org.testng.internal.TestMethodWorker.run(TestMethodWorker.java:109)
at java.util.concurrent.ThreadPoolExecutor.runWorker(Unknown Source)
at java.util.concurrent.ThreadPoolExecutor$Worker.run(Unknown Source)
at java.lang.Thread.run(Unknown Source)
]]>
    </error>
  </testcase> <!-- basicDetails -->
  <testcase name="basicDetails" time="90.951" classname="com.MAHAGENCO.tc.TC004_MAHAGENCOBasicDetails"/>
  <testcase name="basicDetails" time="91.046" classname="com.MAHAGENCO.tc.TC004_MAHAGENCOBasicDetails"/>
  <testcase name="basicDetails" time="87.181" classname="com.MAHAGENCO.tc.TC004_MAHAGENCOBasicDetails"/>
  <testcase name="basicDetails" time="12.894" classname="com.MAHAGENCO.tc.TC004_MAHAGENCOBasicDetails">
    <error type="java.lang.RuntimeException">
      <![CDATA[java.lang.RuntimeException
at lib.utils.HTMLReporter.reportStep(HTMLReporter.java:64)
at lib.utils.HTMLReporter.reportStep(HTMLReporter.java:73)
at com.ibps.pages.PersonalDetailsPage.selectDropDownUsingIndexNew(PersonalDetailsPage.java:289)
at com.MAHAGENCO.tc.TC004_MAHAGENCOBasicDetails.basicDetails(TC004_MAHAGENCOBasicDetails.java:50)
at sun.reflect.GeneratedMethodAccessor87.invoke(Unknown Source)
at sun.reflect.DelegatingMethodAccessorImpl.invoke(Unknown Source)
at java.lang.reflect.Method.invoke(Unknown Source)
at org.testng.internal.MethodInvocationHelper.invokeMethod(MethodInvocationHelper.java:124)
at org.testng.internal.Invoker.invokeMethod(Invoker.java:583)
at org.testng.internal.Invoker.invokeTestMethod(Invoker.java:719)
at org.testng.internal.Invoker.invokeTestMethods(Invoker.java:989)
at org.testng.internal.TestMethodWorker.invokeTestMethods(TestMethodWorker.java:125)
at org.testng.internal.TestMethodWorker.run(TestMethodWorker.java:109)
at java.util.concurrent.ThreadPoolExecutor.runWorker(Unknown Source)
at java.util.concurrent.ThreadPoolExecutor$Worker.run(Unknown Source)
at java.lang.Thread.run(Unknown Source)
]]>
    </error>
  </testcase> <!-- basicDetails -->
  <testcase name="basicDetails" time="13.023" classname="com.MAHAGENCO.tc.TC004_MAHAGENCOBasicDetails">
    <error type="java.lang.RuntimeException">
      <![CDATA[java.lang.RuntimeException
at lib.utils.HTMLReporter.reportStep(HTMLReporter.java:64)
at lib.utils.HTMLReporter.reportStep(HTMLReporter.java:73)
at com.ibps.pages.PersonalDetailsPage.selectDropDownUsingIndexNew(PersonalDetailsPage.java:289)
at com.MAHAGENCO.tc.TC004_MAHAGENCOBasicDetails.basicDetails(TC004_MAHAGENCOBasicDetails.java:50)
at sun.reflect.GeneratedMethodAccessor87.invoke(Unknown Source)
at sun.reflect.DelegatingMethodAccessorImpl.invoke(Unknown Source)
at java.lang.reflect.Method.invoke(Unknown Source)
at org.testng.internal.MethodInvocationHelper.invokeMethod(MethodInvocationHelper.java:124)
at org.testng.internal.Invoker.invokeMethod(Invoker.java:583)
at org.testng.internal.Invoker.invokeTestMethod(Invoker.java:719)
at org.testng.internal.Invoker.invokeTestMethods(Invoker.java:989)
at org.testng.internal.TestMethodWorker.invokeTestMethods(TestMethodWorker.java:125)
at org.testng.internal.TestMethodWorker.run(TestMethodWorker.java:109)
at java.util.concurrent.ThreadPoolExecutor.runWorker(Unknown Source)
at java.util.concurrent.ThreadPoolExecutor$Worker.run(Unknown Source)
at java.lang.Thread.run(Unknown Source)
]]>
    </error>
  </testcase> <!-- basicDetails -->
  <testcase name="basicDetails" time="91.228" classname="com.MAHAGENCO.tc.TC004_MAHAGENCOBasicDetails"/>
  <testcase name="basicDetails" time="13.688" classname="com.MAHAGENCO.tc.TC004_MAHAGENCOBasicDetails">
    <error type="java.lang.RuntimeException">
      <![CDATA[java.lang.RuntimeException
at lib.utils.HTMLReporter.reportStep(HTMLReporter.java:64)
at lib.utils.HTMLReporter.reportStep(HTMLReporter.java:73)
at com.ibps.pages.PersonalDetailsPage.selectDropDownUsingIndexNew(PersonalDetailsPage.java:289)
at com.MAHAGENCO.tc.TC004_MAHAGENCOBasicDetails.basicDetails(TC004_MAHAGENCOBasicDetails.java:50)
at sun.reflect.GeneratedMethodAccessor87.invoke(Unknown Source)
at sun.reflect.DelegatingMethodAccessorImpl.invoke(Unknown Source)
at java.lang.reflect.Method.invoke(Unknown Source)
at org.testng.internal.MethodInvocationHelper.invokeMethod(MethodInvocationHelper.java:124)
at org.testng.internal.Invoker.invokeMethod(Invoker.java:583)
at org.testng.internal.Invoker.invokeTestMethod(Invoker.java:719)
at org.testng.internal.Invoker.invokeTestMethods(Invoker.java:989)
at org.testng.internal.TestMethodWorker.invokeTestMethods(TestMethodWorker.java:125)
at org.testng.internal.TestMethodWorker.run(TestMethodWorker.java:109)
at java.util.concurrent.ThreadPoolExecutor.runWorker(Unknown Source)
at java.util.concurrent.ThreadPoolExecutor$Worker.run(Unknown Source)
at java.lang.Thread.run(Unknown Source)
]]>
    </error>
  </testcase> <!-- basicDetails -->
  <testcase name="basicDetails" time="88.412" classname="com.MAHAGENCO.tc.TC004_MAHAGENCOBasicDetails"/>
  <testcase name="basicDetails" time="13.025" classname="com.MAHAGENCO.tc.TC004_MAHAGENCOBasicDetails">
    <error type="java.lang.RuntimeException">
      <![CDATA[java.lang.RuntimeException
at lib.utils.HTMLReporter.reportStep(HTMLReporter.java:64)
at lib.utils.HTMLReporter.reportStep(HTMLReporter.java:73)
at com.ibps.pages.PersonalDetailsPage.selectDropDownUsingIndexNew(PersonalDetailsPage.java:289)
at com.MAHAGENCO.tc.TC004_MAHAGENCOBasicDetails.basicDetails(TC004_MAHAGENCOBasicDetails.java:50)
at sun.reflect.GeneratedMethodAccessor87.invoke(Unknown Source)
at sun.reflect.DelegatingMethodAccessorImpl.invoke(Unknown Source)
at java.lang.reflect.Method.invoke(Unknown Source)
at org.testng.internal.MethodInvocationHelper.invokeMethod(MethodInvocationHelper.java:124)
at org.testng.internal.Invoker.invokeMethod(Invoker.java:583)
at org.testng.internal.Invoker.invokeTestMethod(Invoker.java:719)
at org.testng.internal.Invoker.invokeTestMethods(Invoker.java:989)
at org.testng.internal.TestMethodWorker.invokeTestMethods(TestMethodWorker.java:125)
at org.testng.internal.TestMethodWorker.run(TestMethodWorker.java:109)
at java.util.concurrent.ThreadPoolExecutor.runWorker(Unknown Source)
at java.util.concurrent.ThreadPoolExecutor$Worker.run(Unknown Source)
at java.lang.Thread.run(Unknown Source)
]]>
    </error>
  </testcase> <!-- basicDetails -->
  <testcase name="basicDetails" time="92.614" classname="com.MAHAGENCO.tc.TC004_MAHAGENCOBasicDetails"/>
  <testcase name="basicDetails" time="88.979" classname="com.MAHAGENCO.tc.TC004_MAHAGENCOBasicDetails"/>
  <testcase name="basicDetails" time="94.352" classname="com.MAHAGENCO.tc.TC004_MAHAGENCOBasicDetails"/>
  <testcase name="basicDetails" time="90.574" classname="com.MAHAGENCO.tc.TC004_MAHAGENCOBasicDetails"/>
  <testcase name="basicDetails" time="12.718" classname="com.MAHAGENCO.tc.TC004_MAHAGENCOBasicDetails">
    <error type="java.lang.RuntimeException">
      <![CDATA[java.lang.RuntimeException
at lib.utils.HTMLReporter.reportStep(HTMLReporter.java:64)
at lib.utils.HTMLReporter.reportStep(HTMLReporter.java:73)
at com.ibps.pages.PersonalDetailsPage.selectDropDownUsingIndexNew(PersonalDetailsPage.java:289)
at com.MAHAGENCO.tc.TC004_MAHAGENCOBasicDetails.basicDetails(TC004_MAHAGENCOBasicDetails.java:50)
at sun.reflect.GeneratedMethodAccessor87.invoke(Unknown Source)
at sun.reflect.DelegatingMethodAccessorImpl.invoke(Unknown Source)
at java.lang.reflect.Method.invoke(Unknown Source)
at org.testng.internal.MethodInvocationHelper.invokeMethod(MethodInvocationHelper.java:124)
at org.testng.internal.Invoker.invokeMethod(Invoker.java:583)
at org.testng.internal.Invoker.invokeTestMethod(Invoker.java:719)
at org.testng.internal.Invoker.invokeTestMethods(Invoker.java:989)
at org.testng.internal.TestMethodWorker.invokeTestMethods(TestMethodWorker.java:125)
at org.testng.internal.TestMethodWorker.run(TestMethodWorker.java:109)
at java.util.concurrent.ThreadPoolExecutor.runWorker(Unknown Source)
at java.util.concurrent.ThreadPoolExecutor$Worker.run(Unknown Source)
at java.lang.Thread.run(Unknown Source)
]]>
    </error>
  </testcase> <!-- basicDetails -->
  <testcase name="basicDetails" time="87.595" classname="com.MAHAGENCO.tc.TC004_MAHAGENCOBasicDetails"/>
  <testcase name="basicDetails" time="12.825" classname="com.MAHAGENCO.tc.TC004_MAHAGENCOBasicDetails">
    <error type="java.lang.RuntimeException">
      <![CDATA[java.lang.RuntimeException
at lib.utils.HTMLReporter.reportStep(HTMLReporter.java:64)
at lib.utils.HTMLReporter.reportStep(HTMLReporter.java:73)
at com.ibps.pages.PersonalDetailsPage.selectDropDownUsingIndexNew(PersonalDetailsPage.java:289)
at com.MAHAGENCO.tc.TC004_MAHAGENCOBasicDetails.basicDetails(TC004_MAHAGENCOBasicDetails.java:50)
at sun.reflect.GeneratedMethodAccessor87.invoke(Unknown Source)
at sun.reflect.DelegatingMethodAccessorImpl.invoke(Unknown Source)
at java.lang.reflect.Method.invoke(Unknown Source)
at org.testng.internal.MethodInvocationHelper.invokeMethod(MethodInvocationHelper.java:124)
at org.testng.internal.Invoker.invokeMethod(Invoker.java:583)
at org.testng.internal.Invoker.invokeTestMethod(Invoker.java:719)
at org.testng.internal.Invoker.invokeTestMethods(Invoker.java:989)
at org.testng.internal.TestMethodWorker.invokeTestMethods(TestMethodWorker.java:125)
at org.testng.internal.TestMethodWorker.run(TestMethodWorker.java:109)
at java.util.concurrent.ThreadPoolExecutor.runWorker(Unknown Source)
at java.util.concurrent.ThreadPoolExecutor$Worker.run(Unknown Source)
at java.lang.Thread.run(Unknown Source)
]]>
    </error>
  </testcase> <!-- basicDetails -->
  <testcase name="basicDetails" time="87.771" classname="com.MAHAGENCO.tc.TC004_MAHAGENCOBasicDetails"/>
  <testcase name="basicDetails" time="13.294" classname="com.MAHAGENCO.tc.TC004_MAHAGENCOBasicDetails">
    <error type="java.lang.RuntimeException">
      <![CDATA[java.lang.RuntimeException
at lib.utils.HTMLReporter.reportStep(HTMLReporter.java:64)
at lib.utils.HTMLReporter.reportStep(HTMLReporter.java:73)
at com.ibps.pages.PersonalDetailsPage.selectDropDownUsingIndexNew(PersonalDetailsPage.java:289)
at com.MAHAGENCO.tc.TC004_MAHAGENCOBasicDetails.basicDetails(TC004_MAHAGENCOBasicDetails.java:50)
at sun.reflect.GeneratedMethodAccessor87.invoke(Unknown Source)
at sun.reflect.DelegatingMethodAccessorImpl.invoke(Unknown Source)
at java.lang.reflect.Method.invoke(Unknown Source)
at org.testng.internal.MethodInvocationHelper.invokeMethod(MethodInvocationHelper.java:124)
at org.testng.internal.Invoker.invokeMethod(Invoker.java:583)
at org.testng.internal.Invoker.invokeTestMethod(Invoker.java:719)
at org.testng.internal.Invoker.invokeTestMethods(Invoker.java:989)
at org.testng.internal.TestMethodWorker.invokeTestMethods(TestMethodWorker.java:125)
at org.testng.internal.TestMethodWorker.run(TestMethodWorker.java:109)
at java.util.concurrent.ThreadPoolExecutor.runWorker(Unknown Source)
at java.util.concurrent.ThreadPoolExecutor$Worker.run(Unknown Source)
at java.lang.Thread.run(Unknown Source)
]]>
    </error>
  </testcase> <!-- basicDetails -->
  <testcase name="basicDetails" time="13.938" classname="com.MAHAGENCO.tc.TC004_MAHAGENCOBasicDetails">
    <error type="java.lang.RuntimeException">
      <![CDATA[java.lang.RuntimeException
at lib.utils.HTMLReporter.reportStep(HTMLReporter.java:64)
at lib.utils.HTMLReporter.reportStep(HTMLReporter.java:73)
at com.ibps.pages.PersonalDetailsPage.selectDropDownUsingIndexNew(PersonalDetailsPage.java:289)
at com.MAHAGENCO.tc.TC004_MAHAGENCOBasicDetails.basicDetails(TC004_MAHAGENCOBasicDetails.java:50)
at sun.reflect.GeneratedMethodAccessor87.invoke(Unknown Source)
at sun.reflect.DelegatingMethodAccessorImpl.invoke(Unknown Source)
at java.lang.reflect.Method.invoke(Unknown Source)
at org.testng.internal.MethodInvocationHelper.invokeMethod(MethodInvocationHelper.java:124)
at org.testng.internal.Invoker.invokeMethod(Invoker.java:583)
at org.testng.internal.Invoker.invokeTestMethod(Invoker.java:719)
at org.testng.internal.Invoker.invokeTestMethods(Invoker.java:989)
at org.testng.internal.TestMethodWorker.invokeTestMethods(TestMethodWorker.java:125)
at org.testng.internal.TestMethodWorker.run(TestMethodWorker.java:109)
at java.util.concurrent.ThreadPoolExecutor.runWorker(Unknown Source)
at java.util.concurrent.ThreadPoolExecutor$Worker.run(Unknown Source)
at java.lang.Thread.run(Unknown Source)
]]>
    </error>
  </testcase> <!-- basicDetails -->
  <testcase name="basicDetails" time="9.467" classname="com.MAHAGENCO.tc.TC004_MAHAGENCOBasicDetails">
    <error type="org.openqa.selenium.InvalidElementStateException" message="invalid element state: Element is not currently interactable and may not be manipulated
  (Session info: chrome=78.0.3904.97)
Build info: version: &#039;3.141.59&#039;, revision: &#039;e82be7d358&#039;, time: &#039;2018-11-14T08:17:03&#039;
System info: host: &#039;MAA015435A&#039;, ip: &#039;124.7.228.51&#039;, os.name: &#039;Windows 10&#039;, os.arch: &#039;amd64&#039;, os.version: &#039;10.0&#039;, java.version: &#039;1.8.0_201&#039;
Driver info: org.openqa.selenium.chrome.ChromeDriver
Capabilities {acceptInsecureCerts: false, browserName: chrome, browserVersion: 78.0.3904.97, chrome: {chromedriverVersion: 77.0.3865.40 (f484704e052e0..., userDataDir: C:\Users\015435\AppData\Loc...}, goog:chromeOptions: {debuggerAddress: localhost:50769}, javascriptEnabled: true, networkConnectionEnabled: false, pageLoadStrategy: normal, platform: XP, platformName: XP, proxy: Proxy(), setWindowRect: true, strictFileInteractability: false, timeouts: {implicit: 0, pageLoad: 300000, script: 30000}, unhandledPromptBehavior: dismiss and notify}
Session ID: 7fc5e57d741058e17a8b197b9a7c50d9">
      <![CDATA[org.openqa.selenium.InvalidElementStateException: invalid element state: Element is not currently interactable and may not be manipulated
  (Session info: chrome=78.0.3904.97)
Build info: version: '3.141.59', revision: 'e82be7d358', time: '2018-11-14T08:17:03'
System info: host: 'MAA015435A', ip: '124.7.228.51', os.name: 'Windows 10', os.arch: 'amd64', os.version: '10.0', java.version: '1.8.0_201'
Driver info: org.openqa.selenium.chrome.ChromeDriver
Capabilities {acceptInsecureCerts: false, browserName: chrome, browserVersion: 78.0.3904.97, chrome: {chromedriverVersion: 77.0.3865.40 (f484704e052e0..., userDataDir: C:\Users\015435\AppData\Loc...}, goog:chromeOptions: {debuggerAddress: localhost:50769}, javascriptEnabled: true, networkConnectionEnabled: false, pageLoadStrategy: normal, platform: XP, platformName: XP, proxy: Proxy(), setWindowRect: true, strictFileInteractability: false, timeouts: {implicit: 0, pageLoad: 300000, script: 30000}, unhandledPromptBehavior: dismiss and notify}
Session ID: 7fc5e57d741058e17a8b197b9a7c50d9
at sun.reflect.NativeConstructorAccessorImpl.newInstance0(Native Method)
at sun.reflect.NativeConstructorAccessorImpl.newInstance(Unknown Source)
at sun.reflect.DelegatingConstructorAccessorImpl.newInstance(Unknown Source)
at java.lang.reflect.Constructor.newInstance(Unknown Source)
at org.openqa.selenium.remote.http.W3CHttpResponseCodec.createException(W3CHttpResponseCodec.java:187)
at org.openqa.selenium.remote.http.W3CHttpResponseCodec.decode(W3CHttpResponseCodec.java:122)
at org.openqa.selenium.remote.http.W3CHttpResponseCodec.decode(W3CHttpResponseCodec.java:49)
at org.openqa.selenium.remote.HttpCommandExecutor.execute(HttpCommandExecutor.java:158)
at org.openqa.selenium.remote.service.DriverCommandExecutor.execute(DriverCommandExecutor.java:83)
at org.openqa.selenium.remote.RemoteWebDriver.execute(RemoteWebDriver.java:552)
at org.openqa.selenium.remote.RemoteWebElement.execute(RemoteWebElement.java:285)
at org.openqa.selenium.remote.RemoteWebElement.clear(RemoteWebElement.java:124)
at com.ibps.pages.PersonalDetailsPage.inputTextId(PersonalDetailsPage.java:322)
at com.MAHAGENCO.tc.TC004_MAHAGENCOBasicDetails.basicDetails(TC004_MAHAGENCOBasicDetails.java:47)
at sun.reflect.GeneratedMethodAccessor87.invoke(Unknown Source)
at sun.reflect.DelegatingMethodAccessorImpl.invoke(Unknown Source)
at java.lang.reflect.Method.invoke(Unknown Source)
at org.testng.internal.MethodInvocationHelper.invokeMethod(MethodInvocationHelper.java:124)
at org.testng.internal.Invoker.invokeMethod(Invoker.java:583)
at org.testng.internal.Invoker.invokeTestMethod(Invoker.java:719)
at org.testng.internal.Invoker.invokeTestMethods(Invoker.java:989)
at org.testng.internal.TestMethodWorker.invokeTestMethods(TestMethodWorker.java:125)
at org.testng.internal.TestMethodWorker.run(TestMethodWorker.java:109)
at java.util.concurrent.ThreadPoolExecutor.runWorker(Unknown Source)
at java.util.concurrent.ThreadPoolExecutor$Worker.run(Unknown Source)
at java.lang.Thread.run(Unknown Source)
]]>
    </error>
  </testcase> <!-- basicDetails -->
  <testcase name="basicDetails" time="98.136" classname="com.MAHAGENCO.tc.TC004_MAHAGENCOBasicDetails"/>
  <testcase name="basicDetails" time="12.717" classname="com.MAHAGENCO.tc.TC004_MAHAGENCOBasicDetails">
    <error type="java.lang.RuntimeException">
      <![CDATA[java.lang.RuntimeException
at lib.utils.HTMLReporter.reportStep(HTMLReporter.java:64)
at lib.utils.HTMLReporter.reportStep(HTMLReporter.java:73)
at com.ibps.pages.PersonalDetailsPage.selectDropDownUsingIndexNew(PersonalDetailsPage.java:289)
at com.MAHAGENCO.tc.TC004_MAHAGENCOBasicDetails.basicDetails(TC004_MAHAGENCOBasicDetails.java:50)
at sun.reflect.GeneratedMethodAccessor87.invoke(Unknown Source)
at sun.reflect.DelegatingMethodAccessorImpl.invoke(Unknown Source)
at java.lang.reflect.Method.invoke(Unknown Source)
at org.testng.internal.MethodInvocationHelper.invokeMethod(MethodInvocationHelper.java:124)
at org.testng.internal.Invoker.invokeMethod(Invoker.java:583)
at org.testng.internal.Invoker.invokeTestMethod(Invoker.java:719)
at org.testng.internal.Invoker.invokeTestMethods(Invoker.java:989)
at org.testng.internal.TestMethodWorker.invokeTestMethods(TestMethodWorker.java:125)
at org.testng.internal.TestMethodWorker.run(TestMethodWorker.java:109)
at java.util.concurrent.ThreadPoolExecutor.runWorker(Unknown Source)
at java.util.concurrent.ThreadPoolExecutor$Worker.run(Unknown Source)
at java.lang.Thread.run(Unknown Source)
]]>
    </error>
  </testcase> <!-- basicDetails -->
  <testcase name="basicDetails" time="92.417" classname="com.MAHAGENCO.tc.TC004_MAHAGENCOBasicDetails"/>
  <testcase name="basicDetails" time="91.973" classname="com.MAHAGENCO.tc.TC004_MAHAGENCOBasicDetails"/>
  <testcase name="basicDetails" time="89.214" classname="com.MAHAGENCO.tc.TC004_MAHAGENCOBasicDetails"/>
  <testcase name="basicDetails" time="93.147" classname="com.MAHAGENCO.tc.TC004_MAHAGENCOBasicDetails"/>
  <testcase name="basicDetails" time="88.861" classname="com.MAHAGENCO.tc.TC004_MAHAGENCOBasicDetails"/>
  <testcase name="basicDetails" time="14.900" classname="com.MAHAGENCO.tc.TC004_MAHAGENCOBasicDetails">
    <error type="java.lang.RuntimeException">
      <![CDATA[java.lang.RuntimeException
at lib.utils.HTMLReporter.reportStep(HTMLReporter.java:64)
at lib.utils.HTMLReporter.reportStep(HTMLReporter.java:73)
at com.ibps.pages.PersonalDetailsPage.selectDropDownUsingIndexNew(PersonalDetailsPage.java:289)
at com.MAHAGENCO.tc.TC004_MAHAGENCOBasicDetails.basicDetails(TC004_MAHAGENCOBasicDetails.java:50)
at sun.reflect.GeneratedMethodAccessor87.invoke(Unknown Source)
at sun.reflect.DelegatingMethodAccessorImpl.invoke(Unknown Source)
at java.lang.reflect.Method.invoke(Unknown Source)
at org.testng.internal.MethodInvocationHelper.invokeMethod(MethodInvocationHelper.java:124)
at org.testng.internal.Invoker.invokeMethod(Invoker.java:583)
at org.testng.internal.Invoker.invokeTestMethod(Invoker.java:719)
at org.testng.internal.Invoker.invokeTestMethods(Invoker.java:989)
at org.testng.internal.TestMethodWorker.invokeTestMethods(TestMethodWorker.java:125)
at org.testng.internal.TestMethodWorker.run(TestMethodWorker.java:109)
at java.util.concurrent.ThreadPoolExecutor.runWorker(Unknown Source)
at java.util.concurrent.ThreadPoolExecutor$Worker.run(Unknown Source)
at java.lang.Thread.run(Unknown Source)
]]>
    </error>
  </testcase> <!-- basicDetails -->
  <testcase name="basicDetails" time="88.456" classname="com.MAHAGENCO.tc.TC004_MAHAGENCOBasicDetails"/>
  <testcase name="basicDetails" time="13.675" classname="com.MAHAGENCO.tc.TC004_MAHAGENCOBasicDetails">
    <error type="java.lang.RuntimeException">
      <![CDATA[java.lang.RuntimeException
at lib.utils.HTMLReporter.reportStep(HTMLReporter.java:64)
at lib.utils.HTMLReporter.reportStep(HTMLReporter.java:73)
at com.ibps.pages.PersonalDetailsPage.selectDropDownUsingIndexNew(PersonalDetailsPage.java:289)
at com.MAHAGENCO.tc.TC004_MAHAGENCOBasicDetails.basicDetails(TC004_MAHAGENCOBasicDetails.java:50)
at sun.reflect.GeneratedMethodAccessor87.invoke(Unknown Source)
at sun.reflect.DelegatingMethodAccessorImpl.invoke(Unknown Source)
at java.lang.reflect.Method.invoke(Unknown Source)
at org.testng.internal.MethodInvocationHelper.invokeMethod(MethodInvocationHelper.java:124)
at org.testng.internal.Invoker.invokeMethod(Invoker.java:583)
at org.testng.internal.Invoker.invokeTestMethod(Invoker.java:719)
at org.testng.internal.Invoker.invokeTestMethods(Invoker.java:989)
at org.testng.internal.TestMethodWorker.invokeTestMethods(TestMethodWorker.java:125)
at org.testng.internal.TestMethodWorker.run(TestMethodWorker.java:109)
at java.util.concurrent.ThreadPoolExecutor.runWorker(Unknown Source)
at java.util.concurrent.ThreadPoolExecutor$Worker.run(Unknown Source)
at java.lang.Thread.run(Unknown Source)
]]>
    </error>
  </testcase> <!-- basicDetails -->
  <testcase name="basicDetails" time="93.549" classname="com.MAHAGENCO.tc.TC004_MAHAGENCOBasicDetails"/>
  <testcase name="basicDetails" time="13.347" classname="com.MAHAGENCO.tc.TC004_MAHAGENCOBasicDetails">
    <error type="java.lang.RuntimeException">
      <![CDATA[java.lang.RuntimeException
at lib.utils.HTMLReporter.reportStep(HTMLReporter.java:64)
at lib.utils.HTMLReporter.reportStep(HTMLReporter.java:73)
at com.ibps.pages.PersonalDetailsPage.selectDropDownUsingIndexNew(PersonalDetailsPage.java:289)
at com.MAHAGENCO.tc.TC004_MAHAGENCOBasicDetails.basicDetails(TC004_MAHAGENCOBasicDetails.java:50)
at sun.reflect.GeneratedMethodAccessor87.invoke(Unknown Source)
at sun.reflect.DelegatingMethodAccessorImpl.invoke(Unknown Source)
at java.lang.reflect.Method.invoke(Unknown Source)
at org.testng.internal.MethodInvocationHelper.invokeMethod(MethodInvocationHelper.java:124)
at org.testng.internal.Invoker.invokeMethod(Invoker.java:583)
at org.testng.internal.Invoker.invokeTestMethod(Invoker.java:719)
at org.testng.internal.Invoker.invokeTestMethods(Invoker.java:989)
at org.testng.internal.TestMethodWorker.invokeTestMethods(TestMethodWorker.java:125)
at org.testng.internal.TestMethodWorker.run(TestMethodWorker.java:109)
at java.util.concurrent.ThreadPoolExecutor.runWorker(Unknown Source)
at java.util.concurrent.ThreadPoolExecutor$Worker.run(Unknown Source)
at java.lang.Thread.run(Unknown Source)
]]>
    </error>
  </testcase> <!-- basicDetails -->
  <testcase name="basicDetails" time="89.109" classname="com.MAHAGENCO.tc.TC004_MAHAGENCOBasicDetails"/>
  <testcase name="basicDetails" time="14.114" classname="com.MAHAGENCO.tc.TC004_MAHAGENCOBasicDetails">
    <error type="java.lang.RuntimeException">
      <![CDATA[java.lang.RuntimeException
at lib.utils.HTMLReporter.reportStep(HTMLReporter.java:64)
at lib.utils.HTMLReporter.reportStep(HTMLReporter.java:73)
at com.ibps.pages.PersonalDetailsPage.selectDropDownUsingIndexNew(PersonalDetailsPage.java:289)
at com.MAHAGENCO.tc.TC004_MAHAGENCOBasicDetails.basicDetails(TC004_MAHAGENCOBasicDetails.java:50)
at sun.reflect.GeneratedMethodAccessor87.invoke(Unknown Source)
at sun.reflect.DelegatingMethodAccessorImpl.invoke(Unknown Source)
at java.lang.reflect.Method.invoke(Unknown Source)
at org.testng.internal.MethodInvocationHelper.invokeMethod(MethodInvocationHelper.java:124)
at org.testng.internal.Invoker.invokeMethod(Invoker.java:583)
at org.testng.internal.Invoker.invokeTestMethod(Invoker.java:719)
at org.testng.internal.Invoker.invokeTestMethods(Invoker.java:989)
at org.testng.internal.TestMethodWorker.invokeTestMethods(TestMethodWorker.java:125)
at org.testng.internal.TestMethodWorker.run(TestMethodWorker.java:109)
at java.util.concurrent.ThreadPoolExecutor.runWorker(Unknown Source)
at java.util.concurrent.ThreadPoolExecutor$Worker.run(Unknown Source)
at java.lang.Thread.run(Unknown Source)
]]>
    </error>
  </testcase> <!-- basicDetails -->
  <testcase name="basicDetails" time="13.968" classname="com.MAHAGENCO.tc.TC004_MAHAGENCOBasicDetails">
    <error type="java.lang.RuntimeException">
      <![CDATA[java.lang.RuntimeException
at lib.utils.HTMLReporter.reportStep(HTMLReporter.java:64)
at lib.utils.HTMLReporter.reportStep(HTMLReporter.java:73)
at com.ibps.pages.PersonalDetailsPage.selectDropDownUsingIndexNew(PersonalDetailsPage.java:289)
at com.MAHAGENCO.tc.TC004_MAHAGENCOBasicDetails.basicDetails(TC004_MAHAGENCOBasicDetails.java:50)
at sun.reflect.GeneratedMethodAccessor87.invoke(Unknown Source)
at sun.reflect.DelegatingMethodAccessorImpl.invoke(Unknown Source)
at java.lang.reflect.Method.invoke(Unknown Source)
at org.testng.internal.MethodInvocationHelper.invokeMethod(MethodInvocationHelper.java:124)
at org.testng.internal.Invoker.invokeMethod(Invoker.java:583)
at org.testng.internal.Invoker.invokeTestMethod(Invoker.java:719)
at org.testng.internal.Invoker.invokeTestMethods(Invoker.java:989)
at org.testng.internal.TestMethodWorker.invokeTestMethods(TestMethodWorker.java:125)
at org.testng.internal.TestMethodWorker.run(TestMethodWorker.java:109)
at java.util.concurrent.ThreadPoolExecutor.runWorker(Unknown Source)
at java.util.concurrent.ThreadPoolExecutor$Worker.run(Unknown Source)
at java.lang.Thread.run(Unknown Source)
]]>
    </error>
  </testcase> <!-- basicDetails -->
  <testcase name="basicDetails" time="89.822" classname="com.MAHAGENCO.tc.TC004_MAHAGENCOBasicDetails"/>
  <testcase name="basicDetails" time="128.162" classname="com.MAHAGENCO.tc.TC004_MAHAGENCOBasicDetails"/>
  <testcase name="basicDetails" time="14.660" classname="com.MAHAGENCO.tc.TC004_MAHAGENCOBasicDetails">
    <error type="java.lang.RuntimeException">
      <![CDATA[java.lang.RuntimeException
at lib.utils.HTMLReporter.reportStep(HTMLReporter.java:64)
at lib.utils.HTMLReporter.reportStep(HTMLReporter.java:73)
at com.ibps.pages.PersonalDetailsPage.selectDropDownUsingIndexNew(PersonalDetailsPage.java:289)
at com.MAHAGENCO.tc.TC004_MAHAGENCOBasicDetails.basicDetails(TC004_MAHAGENCOBasicDetails.java:50)
at sun.reflect.GeneratedMethodAccessor87.invoke(Unknown Source)
at sun.reflect.DelegatingMethodAccessorImpl.invoke(Unknown Source)
at java.lang.reflect.Method.invoke(Unknown Source)
at org.testng.internal.MethodInvocationHelper.invokeMethod(MethodInvocationHelper.java:124)
at org.testng.internal.Invoker.invokeMethod(Invoker.java:583)
at org.testng.internal.Invoker.invokeTestMethod(Invoker.java:719)
at org.testng.internal.Invoker.invokeTestMethods(Invoker.java:989)
at org.testng.internal.TestMethodWorker.invokeTestMethods(TestMethodWorker.java:125)
at org.testng.internal.TestMethodWorker.run(TestMethodWorker.java:109)
at java.util.concurrent.ThreadPoolExecutor.runWorker(Unknown Source)
at java.util.concurrent.ThreadPoolExecutor$Worker.run(Unknown Source)
at java.lang.Thread.run(Unknown Source)
]]>
    </error>
  </testcase> <!-- basicDetails -->
  <testcase name="basicDetails" time="12.720" classname="com.MAHAGENCO.tc.TC004_MAHAGENCOBasicDetails">
    <error type="java.lang.RuntimeException">
      <![CDATA[java.lang.RuntimeException
at lib.utils.HTMLReporter.reportStep(HTMLReporter.java:64)
at lib.utils.HTMLReporter.reportStep(HTMLReporter.java:73)
at com.ibps.pages.PersonalDetailsPage.selectDropDownUsingIndexNew(PersonalDetailsPage.java:289)
at com.MAHAGENCO.tc.TC004_MAHAGENCOBasicDetails.basicDetails(TC004_MAHAGENCOBasicDetails.java:50)
at sun.reflect.GeneratedMethodAccessor87.invoke(Unknown Source)
at sun.reflect.DelegatingMethodAccessorImpl.invoke(Unknown Source)
at java.lang.reflect.Method.invoke(Unknown Source)
at org.testng.internal.MethodInvocationHelper.invokeMethod(MethodInvocationHelper.java:124)
at org.testng.internal.Invoker.invokeMethod(Invoker.java:583)
at org.testng.internal.Invoker.invokeTestMethod(Invoker.java:719)
at org.testng.internal.Invoker.invokeTestMethods(Invoker.java:989)
at org.testng.internal.TestMethodWorker.invokeTestMethods(TestMethodWorker.java:125)
at org.testng.internal.TestMethodWorker.run(TestMethodWorker.java:109)
at java.util.concurrent.ThreadPoolExecutor.runWorker(Unknown Source)
at java.util.concurrent.ThreadPoolExecutor$Worker.run(Unknown Source)
at java.lang.Thread.run(Unknown Source)
]]>
    </error>
  </testcase> <!-- basicDetails -->
  <testcase name="basicDetails" time="96.844" classname="com.MAHAGENCO.tc.TC004_MAHAGENCOBasicDetails"/>
  <testcase name="basicDetails" time="111.558" classname="com.MAHAGENCO.tc.TC004_MAHAGENCOBasicDetails"/>
  <testcase name="basicDetails" time="90.542" classname="com.MAHAGENCO.tc.TC004_MAHAGENCOBasicDetails"/>
  <testcase name="basicDetails" time="90.500" classname="com.MAHAGENCO.tc.TC004_MAHAGENCOBasicDetails"/>
  <testcase name="basicDetails" time="12.915" classname="com.MAHAGENCO.tc.TC004_MAHAGENCOBasicDetails">
    <error type="java.lang.RuntimeException">
      <![CDATA[java.lang.RuntimeException
at lib.utils.HTMLReporter.reportStep(HTMLReporter.java:64)
at lib.utils.HTMLReporter.reportStep(HTMLReporter.java:73)
at com.ibps.pages.PersonalDetailsPage.selectDropDownUsingIndexNew(PersonalDetailsPage.java:289)
at com.MAHAGENCO.tc.TC004_MAHAGENCOBasicDetails.basicDetails(TC004_MAHAGENCOBasicDetails.java:50)
at sun.reflect.NativeMethodAccessorImpl.invoke0(Native Method)
at sun.reflect.NativeMethodAccessorImpl.invoke(Unknown Source)
at sun.reflect.DelegatingMethodAccessorImpl.invoke(Unknown Source)
at java.lang.reflect.Method.invoke(Unknown Source)
at org.testng.internal.MethodInvocationHelper.invokeMethod(MethodInvocationHelper.java:124)
at org.testng.internal.Invoker.invokeMethod(Invoker.java:583)
at org.testng.internal.Invoker.invokeTestMethod(Invoker.java:719)
at org.testng.internal.Invoker.invokeTestMethods(Invoker.java:989)
at org.testng.internal.TestMethodWorker.invokeTestMethods(TestMethodWorker.java:125)
at org.testng.internal.TestMethodWorker.run(TestMethodWorker.java:109)
at java.util.concurrent.ThreadPoolExecutor.runWorker(Unknown Source)
at java.util.concurrent.ThreadPoolExecutor$Worker.run(Unknown Source)
at java.lang.Thread.run(Unknown Source)
]]>
    </error>
  </testcase> <!-- basicDetails -->
  <testcase name="basicDetails" time="110.801" classname="com.MAHAGENCO.tc.TC004_MAHAGENCOBasicDetails"/>
  <testcase name="basicDetails" time="89.356" classname="com.MAHAGENCO.tc.TC004_MAHAGENCOBasicDetails"/>
  <testcase name="basicDetails" time="13.294" classname="com.MAHAGENCO.tc.TC004_MAHAGENCOBasicDetails">
    <error type="java.lang.RuntimeException">
      <![CDATA[java.lang.RuntimeException
at lib.utils.HTMLReporter.reportStep(HTMLReporter.java:64)
at lib.utils.HTMLReporter.reportStep(HTMLReporter.java:73)
at com.ibps.pages.PersonalDetailsPage.selectDropDownUsingIndexNew(PersonalDetailsPage.java:289)
at com.MAHAGENCO.tc.TC004_MAHAGENCOBasicDetails.basicDetails(TC004_MAHAGENCOBasicDetails.java:50)
at sun.reflect.GeneratedMethodAccessor87.invoke(Unknown Source)
at sun.reflect.DelegatingMethodAccessorImpl.invoke(Unknown Source)
at java.lang.reflect.Method.invoke(Unknown Source)
at org.testng.internal.MethodInvocationHelper.invokeMethod(MethodInvocationHelper.java:124)
at org.testng.internal.Invoker.invokeMethod(Invoker.java:583)
at org.testng.internal.Invoker.invokeTestMethod(Invoker.java:719)
at org.testng.internal.Invoker.invokeTestMethods(Invoker.java:989)
at org.testng.internal.TestMethodWorker.invokeTestMethods(TestMethodWorker.java:125)
at org.testng.internal.TestMethodWorker.run(TestMethodWorker.java:109)
at java.util.concurrent.ThreadPoolExecutor.runWorker(Unknown Source)
at java.util.concurrent.ThreadPoolExecutor$Worker.run(Unknown Source)
at java.lang.Thread.run(Unknown Source)
]]>
    </error>
  </testcase> <!-- basicDetails -->
  <testcase name="basicDetails" time="9.669" classname="com.MAHAGENCO.tc.TC004_MAHAGENCOBasicDetails">
    <error type="org.openqa.selenium.InvalidElementStateException" message="invalid element state: Element is not currently interactable and may not be manipulated
  (Session info: chrome=78.0.3904.97)
Build info: version: &#039;3.141.59&#039;, revision: &#039;e82be7d358&#039;, time: &#039;2018-11-14T08:17:03&#039;
System info: host: &#039;MAA015435A&#039;, ip: &#039;124.7.228.51&#039;, os.name: &#039;Windows 10&#039;, os.arch: &#039;amd64&#039;, os.version: &#039;10.0&#039;, java.version: &#039;1.8.0_201&#039;
Driver info: org.openqa.selenium.chrome.ChromeDriver
Capabilities {acceptInsecureCerts: false, browserName: chrome, browserVersion: 78.0.3904.97, chrome: {chromedriverVersion: 77.0.3865.40 (f484704e052e0..., userDataDir: C:\Users\015435\AppData\Loc...}, goog:chromeOptions: {debuggerAddress: localhost:50769}, javascriptEnabled: true, networkConnectionEnabled: false, pageLoadStrategy: normal, platform: XP, platformName: XP, proxy: Proxy(), setWindowRect: true, strictFileInteractability: false, timeouts: {implicit: 0, pageLoad: 300000, script: 30000}, unhandledPromptBehavior: dismiss and notify}
Session ID: 7fc5e57d741058e17a8b197b9a7c50d9">
      <![CDATA[org.openqa.selenium.InvalidElementStateException: invalid element state: Element is not currently interactable and may not be manipulated
  (Session info: chrome=78.0.3904.97)
Build info: version: '3.141.59', revision: 'e82be7d358', time: '2018-11-14T08:17:03'
System info: host: 'MAA015435A', ip: '124.7.228.51', os.name: 'Windows 10', os.arch: 'amd64', os.version: '10.0', java.version: '1.8.0_201'
Driver info: org.openqa.selenium.chrome.ChromeDriver
Capabilities {acceptInsecureCerts: false, browserName: chrome, browserVersion: 78.0.3904.97, chrome: {chromedriverVersion: 77.0.3865.40 (f484704e052e0..., userDataDir: C:\Users\015435\AppData\Loc...}, goog:chromeOptions: {debuggerAddress: localhost:50769}, javascriptEnabled: true, networkConnectionEnabled: false, pageLoadStrategy: normal, platform: XP, platformName: XP, proxy: Proxy(), setWindowRect: true, strictFileInteractability: false, timeouts: {implicit: 0, pageLoad: 300000, script: 30000}, unhandledPromptBehavior: dismiss and notify}
Session ID: 7fc5e57d741058e17a8b197b9a7c50d9
at sun.reflect.NativeConstructorAccessorImpl.newInstance0(Native Method)
at sun.reflect.NativeConstructorAccessorImpl.newInstance(Unknown Source)
at sun.reflect.DelegatingConstructorAccessorImpl.newInstance(Unknown Source)
at java.lang.reflect.Constructor.newInstance(Unknown Source)
at org.openqa.selenium.remote.http.W3CHttpResponseCodec.createException(W3CHttpResponseCodec.java:187)
at org.openqa.selenium.remote.http.W3CHttpResponseCodec.decode(W3CHttpResponseCodec.java:122)
at org.openqa.selenium.remote.http.W3CHttpResponseCodec.decode(W3CHttpResponseCodec.java:49)
at org.openqa.selenium.remote.HttpCommandExecutor.execute(HttpCommandExecutor.java:158)
at org.openqa.selenium.remote.service.DriverCommandExecutor.execute(DriverCommandExecutor.java:83)
at org.openqa.selenium.remote.RemoteWebDriver.execute(RemoteWebDriver.java:552)
at org.openqa.selenium.remote.RemoteWebElement.execute(RemoteWebElement.java:285)
at org.openqa.selenium.remote.RemoteWebElement.clear(RemoteWebElement.java:124)
at com.ibps.pages.PersonalDetailsPage.inputTextId(PersonalDetailsPage.java:322)
at com.MAHAGENCO.tc.TC004_MAHAGENCOBasicDetails.basicDetails(TC004_MAHAGENCOBasicDetails.java:47)
at sun.reflect.GeneratedMethodAccessor87.invoke(Unknown Source)
at sun.reflect.DelegatingMethodAccessorImpl.invoke(Unknown Source)
at java.lang.reflect.Method.invoke(Unknown Source)
at org.testng.internal.MethodInvocationHelper.invokeMethod(MethodInvocationHelper.java:124)
at org.testng.internal.Invoker.invokeMethod(Invoker.java:583)
at org.testng.internal.Invoker.invokeTestMethod(Invoker.java:719)
at org.testng.internal.Invoker.invokeTestMethods(Invoker.java:989)
at org.testng.internal.TestMethodWorker.invokeTestMethods(TestMethodWorker.java:125)
at org.testng.internal.TestMethodWorker.run(TestMethodWorker.java:109)
at java.util.concurrent.ThreadPoolExecutor.runWorker(Unknown Source)
at java.util.concurrent.ThreadPoolExecutor$Worker.run(Unknown Source)
at java.lang.Thread.run(Unknown Source)
]]>
    </error>
  </testcase> <!-- basicDetails -->
  <testcase name="basicDetails" time="9.853" classname="com.MAHAGENCO.tc.TC004_MAHAGENCOBasicDetails">
    <error type="org.openqa.selenium.InvalidElementStateException" message="invalid element state: Element is not currently interactable and may not be manipulated
  (Session info: chrome=78.0.3904.97)
Build info: version: &#039;3.141.59&#039;, revision: &#039;e82be7d358&#039;, time: &#039;2018-11-14T08:17:03&#039;
System info: host: &#039;MAA015435A&#039;, ip: &#039;124.7.228.51&#039;, os.name: &#039;Windows 10&#039;, os.arch: &#039;amd64&#039;, os.version: &#039;10.0&#039;, java.version: &#039;1.8.0_201&#039;
Driver info: org.openqa.selenium.chrome.ChromeDriver
Capabilities {acceptInsecureCerts: false, browserName: chrome, browserVersion: 78.0.3904.97, chrome: {chromedriverVersion: 77.0.3865.40 (f484704e052e0..., userDataDir: C:\Users\015435\AppData\Loc...}, goog:chromeOptions: {debuggerAddress: localhost:50769}, javascriptEnabled: true, networkConnectionEnabled: false, pageLoadStrategy: normal, platform: XP, platformName: XP, proxy: Proxy(), setWindowRect: true, strictFileInteractability: false, timeouts: {implicit: 0, pageLoad: 300000, script: 30000}, unhandledPromptBehavior: dismiss and notify}
Session ID: 7fc5e57d741058e17a8b197b9a7c50d9">
      <![CDATA[org.openqa.selenium.InvalidElementStateException: invalid element state: Element is not currently interactable and may not be manipulated
  (Session info: chrome=78.0.3904.97)
Build info: version: '3.141.59', revision: 'e82be7d358', time: '2018-11-14T08:17:03'
System info: host: 'MAA015435A', ip: '124.7.228.51', os.name: 'Windows 10', os.arch: 'amd64', os.version: '10.0', java.version: '1.8.0_201'
Driver info: org.openqa.selenium.chrome.ChromeDriver
Capabilities {acceptInsecureCerts: false, browserName: chrome, browserVersion: 78.0.3904.97, chrome: {chromedriverVersion: 77.0.3865.40 (f484704e052e0..., userDataDir: C:\Users\015435\AppData\Loc...}, goog:chromeOptions: {debuggerAddress: localhost:50769}, javascriptEnabled: true, networkConnectionEnabled: false, pageLoadStrategy: normal, platform: XP, platformName: XP, proxy: Proxy(), setWindowRect: true, strictFileInteractability: false, timeouts: {implicit: 0, pageLoad: 300000, script: 30000}, unhandledPromptBehavior: dismiss and notify}
Session ID: 7fc5e57d741058e17a8b197b9a7c50d9
at sun.reflect.NativeConstructorAccessorImpl.newInstance0(Native Method)
at sun.reflect.NativeConstructorAccessorImpl.newInstance(Unknown Source)
at sun.reflect.DelegatingConstructorAccessorImpl.newInstance(Unknown Source)
at java.lang.reflect.Constructor.newInstance(Unknown Source)
at org.openqa.selenium.remote.http.W3CHttpResponseCodec.createException(W3CHttpResponseCodec.java:187)
at org.openqa.selenium.remote.http.W3CHttpResponseCodec.decode(W3CHttpResponseCodec.java:122)
at org.openqa.selenium.remote.http.W3CHttpResponseCodec.decode(W3CHttpResponseCodec.java:49)
at org.openqa.selenium.remote.HttpCommandExecutor.execute(HttpCommandExecutor.java:158)
at org.openqa.selenium.remote.service.DriverCommandExecutor.execute(DriverCommandExecutor.java:83)
at org.openqa.selenium.remote.RemoteWebDriver.execute(RemoteWebDriver.java:552)
at org.openqa.selenium.remote.RemoteWebElement.execute(RemoteWebElement.java:285)
at org.openqa.selenium.remote.RemoteWebElement.clear(RemoteWebElement.java:124)
at com.ibps.pages.PersonalDetailsPage.inputTextId(PersonalDetailsPage.java:322)
at com.MAHAGENCO.tc.TC004_MAHAGENCOBasicDetails.basicDetails(TC004_MAHAGENCOBasicDetails.java:47)
at sun.reflect.GeneratedMethodAccessor87.invoke(Unknown Source)
at sun.reflect.DelegatingMethodAccessorImpl.invoke(Unknown Source)
at java.lang.reflect.Method.invoke(Unknown Source)
at org.testng.internal.MethodInvocationHelper.invokeMethod(MethodInvocationHelper.java:124)
at org.testng.internal.Invoker.invokeMethod(Invoker.java:583)
at org.testng.internal.Invoker.invokeTestMethod(Invoker.java:719)
at org.testng.internal.Invoker.invokeTestMethods(Invoker.java:989)
at org.testng.internal.TestMethodWorker.invokeTestMethods(TestMethodWorker.java:125)
at org.testng.internal.TestMethodWorker.run(TestMethodWorker.java:109)
at java.util.concurrent.ThreadPoolExecutor.runWorker(Unknown Source)
at java.util.concurrent.ThreadPoolExecutor$Worker.run(Unknown Source)
at java.lang.Thread.run(Unknown Source)
]]>
    </error>
  </testcase> <!-- basicDetails -->
  <testcase name="basicDetails" time="88.424" classname="com.MAHAGENCO.tc.TC004_MAHAGENCOBasicDetails"/>
  <testcase name="basicDetails" time="92.333" classname="com.MAHAGENCO.tc.TC004_MAHAGENCOBasicDetails"/>
  <testcase name="basicDetails" time="11.920" classname="com.MAHAGENCO.tc.TC004_MAHAGENCOBasicDetails">
    <error type="org.openqa.selenium.InvalidElementStateException" message="invalid element state: Element is not currently interactable and may not be manipulated
  (Session info: chrome=78.0.3904.97)
Build info: version: &#039;3.141.59&#039;, revision: &#039;e82be7d358&#039;, time: &#039;2018-11-14T08:17:03&#039;
System info: host: &#039;MAA015435A&#039;, ip: &#039;124.7.228.51&#039;, os.name: &#039;Windows 10&#039;, os.arch: &#039;amd64&#039;, os.version: &#039;10.0&#039;, java.version: &#039;1.8.0_201&#039;
Driver info: org.openqa.selenium.chrome.ChromeDriver
Capabilities {acceptInsecureCerts: false, browserName: chrome, browserVersion: 78.0.3904.97, chrome: {chromedriverVersion: 77.0.3865.40 (f484704e052e0..., userDataDir: C:\Users\015435\AppData\Loc...}, goog:chromeOptions: {debuggerAddress: localhost:50769}, javascriptEnabled: true, networkConnectionEnabled: false, pageLoadStrategy: normal, platform: XP, platformName: XP, proxy: Proxy(), setWindowRect: true, strictFileInteractability: false, timeouts: {implicit: 0, pageLoad: 300000, script: 30000}, unhandledPromptBehavior: dismiss and notify}
Session ID: 7fc5e57d741058e17a8b197b9a7c50d9">
      <![CDATA[org.openqa.selenium.InvalidElementStateException: invalid element state: Element is not currently interactable and may not be manipulated
  (Session info: chrome=78.0.3904.97)
Build info: version: '3.141.59', revision: 'e82be7d358', time: '2018-11-14T08:17:03'
System info: host: 'MAA015435A', ip: '124.7.228.51', os.name: 'Windows 10', os.arch: 'amd64', os.version: '10.0', java.version: '1.8.0_201'
Driver info: org.openqa.selenium.chrome.ChromeDriver
Capabilities {acceptInsecureCerts: false, browserName: chrome, browserVersion: 78.0.3904.97, chrome: {chromedriverVersion: 77.0.3865.40 (f484704e052e0..., userDataDir: C:\Users\015435\AppData\Loc...}, goog:chromeOptions: {debuggerAddress: localhost:50769}, javascriptEnabled: true, networkConnectionEnabled: false, pageLoadStrategy: normal, platform: XP, platformName: XP, proxy: Proxy(), setWindowRect: true, strictFileInteractability: false, timeouts: {implicit: 0, pageLoad: 300000, script: 30000}, unhandledPromptBehavior: dismiss and notify}
Session ID: 7fc5e57d741058e17a8b197b9a7c50d9
at sun.reflect.NativeConstructorAccessorImpl.newInstance0(Native Method)
at sun.reflect.NativeConstructorAccessorImpl.newInstance(Unknown Source)
at sun.reflect.DelegatingConstructorAccessorImpl.newInstance(Unknown Source)
at java.lang.reflect.Constructor.newInstance(Unknown Source)
at org.openqa.selenium.remote.http.W3CHttpResponseCodec.createException(W3CHttpResponseCodec.java:187)
at org.openqa.selenium.remote.http.W3CHttpResponseCodec.decode(W3CHttpResponseCodec.java:122)
at org.openqa.selenium.remote.http.W3CHttpResponseCodec.decode(W3CHttpResponseCodec.java:49)
at org.openqa.selenium.remote.HttpCommandExecutor.execute(HttpCommandExecutor.java:158)
at org.openqa.selenium.remote.service.DriverCommandExecutor.execute(DriverCommandExecutor.java:83)
at org.openqa.selenium.remote.RemoteWebDriver.execute(RemoteWebDriver.java:552)
at org.openqa.selenium.remote.RemoteWebElement.execute(RemoteWebElement.java:285)
at org.openqa.selenium.remote.RemoteWebElement.clear(RemoteWebElement.java:124)
at com.ibps.pages.PersonalDetailsPage.inputTextId(PersonalDetailsPage.java:322)
at com.MAHAGENCO.tc.TC004_MAHAGENCOBasicDetails.basicDetails(TC004_MAHAGENCOBasicDetails.java:47)
at sun.reflect.GeneratedMethodAccessor87.invoke(Unknown Source)
at sun.reflect.DelegatingMethodAccessorImpl.invoke(Unknown Source)
at java.lang.reflect.Method.invoke(Unknown Source)
at org.testng.internal.MethodInvocationHelper.invokeMethod(MethodInvocationHelper.java:124)
at org.testng.internal.Invoker.invokeMethod(Invoker.java:583)
at org.testng.internal.Invoker.invokeTestMethod(Invoker.java:719)
at org.testng.internal.Invoker.invokeTestMethods(Invoker.java:989)
at org.testng.internal.TestMethodWorker.invokeTestMethods(TestMethodWorker.java:125)
at org.testng.internal.TestMethodWorker.run(TestMethodWorker.java:109)
at java.util.concurrent.ThreadPoolExecutor.runWorker(Unknown Source)
at java.util.concurrent.ThreadPoolExecutor$Worker.run(Unknown Source)
at java.lang.Thread.run(Unknown Source)
]]>
    </error>
  </testcase> <!-- basicDetails -->
  <testcase name="basicDetails" time="13.393" classname="com.MAHAGENCO.tc.TC004_MAHAGENCOBasicDetails">
    <error type="java.lang.RuntimeException">
      <![CDATA[java.lang.RuntimeException
at lib.utils.HTMLReporter.reportStep(HTMLReporter.java:64)
at lib.utils.HTMLReporter.reportStep(HTMLReporter.java:73)
at com.ibps.pages.PersonalDetailsPage.selectDropDownUsingIndexNew(PersonalDetailsPage.java:289)
at com.MAHAGENCO.tc.TC004_MAHAGENCOBasicDetails.basicDetails(TC004_MAHAGENCOBasicDetails.java:50)
at sun.reflect.GeneratedMethodAccessor87.invoke(Unknown Source)
at sun.reflect.DelegatingMethodAccessorImpl.invoke(Unknown Source)
at java.lang.reflect.Method.invoke(Unknown Source)
at org.testng.internal.MethodInvocationHelper.invokeMethod(MethodInvocationHelper.java:124)
at org.testng.internal.Invoker.invokeMethod(Invoker.java:583)
at org.testng.internal.Invoker.invokeTestMethod(Invoker.java:719)
at org.testng.internal.Invoker.invokeTestMethods(Invoker.java:989)
at org.testng.internal.TestMethodWorker.invokeTestMethods(TestMethodWorker.java:125)
at org.testng.internal.TestMethodWorker.run(TestMethodWorker.java:109)
at java.util.concurrent.ThreadPoolExecutor.runWorker(Unknown Source)
at java.util.concurrent.ThreadPoolExecutor$Worker.run(Unknown Source)
at java.lang.Thread.run(Unknown Source)
]]>
    </error>
  </testcase> <!-- basicDetails -->
  <testcase name="basicDetails" time="11.898" classname="com.MAHAGENCO.tc.TC004_MAHAGENCOBasicDetails">
    <error type="org.openqa.selenium.InvalidElementStateException" message="invalid element state: Element is not currently interactable and may not be manipulated
  (Session info: chrome=78.0.3904.97)
Build info: version: &#039;3.141.59&#039;, revision: &#039;e82be7d358&#039;, time: &#039;2018-11-14T08:17:03&#039;
System info: host: &#039;MAA015435A&#039;, ip: &#039;124.7.228.51&#039;, os.name: &#039;Windows 10&#039;, os.arch: &#039;amd64&#039;, os.version: &#039;10.0&#039;, java.version: &#039;1.8.0_201&#039;
Driver info: org.openqa.selenium.chrome.ChromeDriver
Capabilities {acceptInsecureCerts: false, browserName: chrome, browserVersion: 78.0.3904.97, chrome: {chromedriverVersion: 77.0.3865.40 (f484704e052e0..., userDataDir: C:\Users\015435\AppData\Loc...}, goog:chromeOptions: {debuggerAddress: localhost:50769}, javascriptEnabled: true, networkConnectionEnabled: false, pageLoadStrategy: normal, platform: XP, platformName: XP, proxy: Proxy(), setWindowRect: true, strictFileInteractability: false, timeouts: {implicit: 0, pageLoad: 300000, script: 30000}, unhandledPromptBehavior: dismiss and notify}
Session ID: 7fc5e57d741058e17a8b197b9a7c50d9">
      <![CDATA[org.openqa.selenium.InvalidElementStateException: invalid element state: Element is not currently interactable and may not be manipulated
  (Session info: chrome=78.0.3904.97)
Build info: version: '3.141.59', revision: 'e82be7d358', time: '2018-11-14T08:17:03'
System info: host: 'MAA015435A', ip: '124.7.228.51', os.name: 'Windows 10', os.arch: 'amd64', os.version: '10.0', java.version: '1.8.0_201'
Driver info: org.openqa.selenium.chrome.ChromeDriver
Capabilities {acceptInsecureCerts: false, browserName: chrome, browserVersion: 78.0.3904.97, chrome: {chromedriverVersion: 77.0.3865.40 (f484704e052e0..., userDataDir: C:\Users\015435\AppData\Loc...}, goog:chromeOptions: {debuggerAddress: localhost:50769}, javascriptEnabled: true, networkConnectionEnabled: false, pageLoadStrategy: normal, platform: XP, platformName: XP, proxy: Proxy(), setWindowRect: true, strictFileInteractability: false, timeouts: {implicit: 0, pageLoad: 300000, script: 30000}, unhandledPromptBehavior: dismiss and notify}
Session ID: 7fc5e57d741058e17a8b197b9a7c50d9
at sun.reflect.NativeConstructorAccessorImpl.newInstance0(Native Method)
at sun.reflect.NativeConstructorAccessorImpl.newInstance(Unknown Source)
at sun.reflect.DelegatingConstructorAccessorImpl.newInstance(Unknown Source)
at java.lang.reflect.Constructor.newInstance(Unknown Source)
at org.openqa.selenium.remote.http.W3CHttpResponseCodec.createException(W3CHttpResponseCodec.java:187)
at org.openqa.selenium.remote.http.W3CHttpResponseCodec.decode(W3CHttpResponseCodec.java:122)
at org.openqa.selenium.remote.http.W3CHttpResponseCodec.decode(W3CHttpResponseCodec.java:49)
at org.openqa.selenium.remote.HttpCommandExecutor.execute(HttpCommandExecutor.java:158)
at org.openqa.selenium.remote.service.DriverCommandExecutor.execute(DriverCommandExecutor.java:83)
at org.openqa.selenium.remote.RemoteWebDriver.execute(RemoteWebDriver.java:552)
at org.openqa.selenium.remote.RemoteWebElement.execute(RemoteWebElement.java:285)
at org.openqa.selenium.remote.RemoteWebElement.clear(RemoteWebElement.java:124)
at com.ibps.pages.PersonalDetailsPage.inputTextId(PersonalDetailsPage.java:322)
at com.MAHAGENCO.tc.TC004_MAHAGENCOBasicDetails.basicDetails(TC004_MAHAGENCOBasicDetails.java:47)
at sun.reflect.GeneratedMethodAccessor87.invoke(Unknown Source)
at sun.reflect.DelegatingMethodAccessorImpl.invoke(Unknown Source)
at java.lang.reflect.Method.invoke(Unknown Source)
at org.testng.internal.MethodInvocationHelper.invokeMethod(MethodInvocationHelper.java:124)
at org.testng.internal.Invoker.invokeMethod(Invoker.java:583)
at org.testng.internal.Invoker.invokeTestMethod(Invoker.java:719)
at org.testng.internal.Invoker.invokeTestMethods(Invoker.java:989)
at org.testng.internal.TestMethodWorker.invokeTestMethods(TestMethodWorker.java:125)
at org.testng.internal.TestMethodWorker.run(TestMethodWorker.java:109)
at java.util.concurrent.ThreadPoolExecutor.runWorker(Unknown Source)
at java.util.concurrent.ThreadPoolExecutor$Worker.run(Unknown Source)
at java.lang.Thread.run(Unknown Source)
]]>
    </error>
  </testcase> <!-- basicDetails -->
  <testcase name="basicDetails" time="91.645" classname="com.MAHAGENCO.tc.TC004_MAHAGENCOBasicDetails"/>
  <testcase name="basicDetails" time="91.836" classname="com.MAHAGENCO.tc.TC004_MAHAGENCOBasicDetails"/>
  <testcase name="basicDetails" time="90.182" classname="com.MAHAGENCO.tc.TC004_MAHAGENCOBasicDetails"/>
  <testcase name="basicDetails" time="90.982" classname="com.MAHAGENCO.tc.TC004_MAHAGENCOBasicDetails"/>
  <testcase name="basicDetails" time="13.077" classname="com.MAHAGENCO.tc.TC004_MAHAGENCOBasicDetails">
    <error type="java.lang.RuntimeException">
      <![CDATA[java.lang.RuntimeException
at lib.utils.HTMLReporter.reportStep(HTMLReporter.java:64)
at lib.utils.HTMLReporter.reportStep(HTMLReporter.java:73)
at com.ibps.pages.PersonalDetailsPage.selectDropDownUsingIndexNew(PersonalDetailsPage.java:289)
at com.MAHAGENCO.tc.TC004_MAHAGENCOBasicDetails.basicDetails(TC004_MAHAGENCOBasicDetails.java:50)
at sun.reflect.GeneratedMethodAccessor87.invoke(Unknown Source)
at sun.reflect.DelegatingMethodAccessorImpl.invoke(Unknown Source)
at java.lang.reflect.Method.invoke(Unknown Source)
at org.testng.internal.MethodInvocationHelper.invokeMethod(MethodInvocationHelper.java:124)
at org.testng.internal.Invoker.invokeMethod(Invoker.java:583)
at org.testng.internal.Invoker.invokeTestMethod(Invoker.java:719)
at org.testng.internal.Invoker.invokeTestMethods(Invoker.java:989)
at org.testng.internal.TestMethodWorker.invokeTestMethods(TestMethodWorker.java:125)
at org.testng.internal.TestMethodWorker.run(TestMethodWorker.java:109)
at java.util.concurrent.ThreadPoolExecutor.runWorker(Unknown Source)
at java.util.concurrent.ThreadPoolExecutor$Worker.run(Unknown Source)
at java.lang.Thread.run(Unknown Source)
]]>
    </error>
  </testcase> <!-- basicDetails -->
  <testcase name="basicDetails" time="88.623" classname="com.MAHAGENCO.tc.TC004_MAHAGENCOBasicDetails"/>
  <testcase name="basicDetails" time="89.687" classname="com.MAHAGENCO.tc.TC004_MAHAGENCOBasicDetails"/>
  <testcase name="basicDetails" time="88.576" classname="com.MAHAGENCO.tc.TC004_MAHAGENCOBasicDetails"/>
  <testcase name="basicDetails" time="93.679" classname="com.MAHAGENCO.tc.TC004_MAHAGENCOBasicDetails"/>
  <testcase name="basicDetails" time="88.762" classname="com.MAHAGENCO.tc.TC004_MAHAGENCOBasicDetails"/>
  <testcase name="basicDetails" time="87.503" classname="com.MAHAGENCO.tc.TC004_MAHAGENCOBasicDetails"/>
  <testcase name="basicDetails" time="13.056" classname="com.MAHAGENCO.tc.TC004_MAHAGENCOBasicDetails">
    <error type="java.lang.RuntimeException">
      <![CDATA[java.lang.RuntimeException
at lib.utils.HTMLReporter.reportStep(HTMLReporter.java:64)
at lib.utils.HTMLReporter.reportStep(HTMLReporter.java:73)
at com.ibps.pages.PersonalDetailsPage.selectDropDownUsingIndexNew(PersonalDetailsPage.java:289)
at com.MAHAGENCO.tc.TC004_MAHAGENCOBasicDetails.basicDetails(TC004_MAHAGENCOBasicDetails.java:50)
at sun.reflect.GeneratedMethodAccessor87.invoke(Unknown Source)
at sun.reflect.DelegatingMethodAccessorImpl.invoke(Unknown Source)
at java.lang.reflect.Method.invoke(Unknown Source)
at org.testng.internal.MethodInvocationHelper.invokeMethod(MethodInvocationHelper.java:124)
at org.testng.internal.Invoker.invokeMethod(Invoker.java:583)
at org.testng.internal.Invoker.invokeTestMethod(Invoker.java:719)
at org.testng.internal.Invoker.invokeTestMethods(Invoker.java:989)
at org.testng.internal.TestMethodWorker.invokeTestMethods(TestMethodWorker.java:125)
at org.testng.internal.TestMethodWorker.run(TestMethodWorker.java:109)
at java.util.concurrent.ThreadPoolExecutor.runWorker(Unknown Source)
at java.util.concurrent.ThreadPoolExecutor$Worker.run(Unknown Source)
at java.lang.Thread.run(Unknown Source)
]]>
    </error>
  </testcase> <!-- basicDetails -->
  <testcase name="basicDetails" time="89.133" classname="com.MAHAGENCO.tc.TC004_MAHAGENCOBasicDetails"/>
  <testcase name="basicDetails" time="89.482" classname="com.MAHAGENCO.tc.TC004_MAHAGENCOBasicDetails"/>
  <testcase name="basicDetails" time="92.058" classname="com.MAHAGENCO.tc.TC004_MAHAGENCOBasicDetails"/>
  <testcase name="basicDetails" time="97.121" classname="com.MAHAGENCO.tc.TC004_MAHAGENCOBasicDetails"/>
  <testcase name="basicDetails" time="12.952" classname="com.MAHAGENCO.tc.TC004_MAHAGENCOBasicDetails">
    <error type="java.lang.RuntimeException">
      <![CDATA[java.lang.RuntimeException
at lib.utils.HTMLReporter.reportStep(HTMLReporter.java:64)
at lib.utils.HTMLReporter.reportStep(HTMLReporter.java:73)
at com.ibps.pages.PersonalDetailsPage.selectDropDownUsingIndexNew(PersonalDetailsPage.java:289)
at com.MAHAGENCO.tc.TC004_MAHAGENCOBasicDetails.basicDetails(TC004_MAHAGENCOBasicDetails.java:50)
at sun.reflect.GeneratedMethodAccessor87.invoke(Unknown Source)
at sun.reflect.DelegatingMethodAccessorImpl.invoke(Unknown Source)
at java.lang.reflect.Method.invoke(Unknown Source)
at org.testng.internal.MethodInvocationHelper.invokeMethod(MethodInvocationHelper.java:124)
at org.testng.internal.Invoker.invokeMethod(Invoker.java:583)
at org.testng.internal.Invoker.invokeTestMethod(Invoker.java:719)
at org.testng.internal.Invoker.invokeTestMethods(Invoker.java:989)
at org.testng.internal.TestMethodWorker.invokeTestMethods(TestMethodWorker.java:125)
at org.testng.internal.TestMethodWorker.run(TestMethodWorker.java:109)
at java.util.concurrent.ThreadPoolExecutor.runWorker(Unknown Source)
at java.util.concurrent.ThreadPoolExecutor$Worker.run(Unknown Source)
at java.lang.Thread.run(Unknown Source)
]]>
    </error>
  </testcase> <!-- basicDetails -->
  <testcase name="basicDetails" time="12.651" classname="com.MAHAGENCO.tc.TC004_MAHAGENCOBasicDetails">
    <error type="java.lang.RuntimeException">
      <![CDATA[java.lang.RuntimeException
at lib.utils.HTMLReporter.reportStep(HTMLReporter.java:64)
at lib.utils.HTMLReporter.reportStep(HTMLReporter.java:73)
at com.ibps.pages.PersonalDetailsPage.selectDropDownUsingIndexNew(PersonalDetailsPage.java:289)
at com.MAHAGENCO.tc.TC004_MAHAGENCOBasicDetails.basicDetails(TC004_MAHAGENCOBasicDetails.java:50)
at sun.reflect.GeneratedMethodAccessor87.invoke(Unknown Source)
at sun.reflect.DelegatingMethodAccessorImpl.invoke(Unknown Source)
at java.lang.reflect.Method.invoke(Unknown Source)
at org.testng.internal.MethodInvocationHelper.invokeMethod(MethodInvocationHelper.java:124)
at org.testng.internal.Invoker.invokeMethod(Invoker.java:583)
at org.testng.internal.Invoker.invokeTestMethod(Invoker.java:719)
at org.testng.internal.Invoker.invokeTestMethods(Invoker.java:989)
at org.testng.internal.TestMethodWorker.invokeTestMethods(TestMethodWorker.java:125)
at org.testng.internal.TestMethodWorker.run(TestMethodWorker.java:109)
at java.util.concurrent.ThreadPoolExecutor.runWorker(Unknown Source)
at java.util.concurrent.ThreadPoolExecutor$Worker.run(Unknown Source)
at java.lang.Thread.run(Unknown Source)
]]>
    </error>
  </testcase> <!-- basicDetails -->
  <testcase name="basicDetails" time="89.042" classname="com.MAHAGENCO.tc.TC004_MAHAGENCOBasicDetails"/>
  <testcase name="basicDetails" time="93.071" classname="com.MAHAGENCO.tc.TC004_MAHAGENCOBasicDetails"/>
  <testcase name="basicDetails" time="96.189" classname="com.MAHAGENCO.tc.TC004_MAHAGENCOBasicDetails"/>
  <testcase name="basicDetails" time="89.340" classname="com.MAHAGENCO.tc.TC004_MAHAGENCOBasicDetails"/>
  <testcase name="basicDetails" time="90.852" classname="com.MAHAGENCO.tc.TC004_MAHAGENCOBasicDetails"/>
  <testcase name="basicDetails" time="88.596" classname="com.MAHAGENCO.tc.TC004_MAHAGENCOBasicDetails"/>
  <testcase name="basicDetails" time="90.544" classname="com.MAHAGENCO.tc.TC004_MAHAGENCOBasicDetails"/>
  <testcase name="basicDetails" time="91.739" classname="com.MAHAGENCO.tc.TC004_MAHAGENCOBasicDetails"/>
  <testcase name="basicDetails" time="13.059" classname="com.MAHAGENCO.tc.TC004_MAHAGENCOBasicDetails">
    <error type="java.lang.RuntimeException">
      <![CDATA[java.lang.RuntimeException
at lib.utils.HTMLReporter.reportStep(HTMLReporter.java:64)
at lib.utils.HTMLReporter.reportStep(HTMLReporter.java:73)
at com.ibps.pages.PersonalDetailsPage.selectDropDownUsingIndexNew(PersonalDetailsPage.java:289)
at com.MAHAGENCO.tc.TC004_MAHAGENCOBasicDetails.basicDetails(TC004_MAHAGENCOBasicDetails.java:50)
at sun.reflect.GeneratedMethodAccessor87.invoke(Unknown Source)
at sun.reflect.DelegatingMethodAccessorImpl.invoke(Unknown Source)
at java.lang.reflect.Method.invoke(Unknown Source)
at org.testng.internal.MethodInvocationHelper.invokeMethod(MethodInvocationHelper.java:124)
at org.testng.internal.Invoker.invokeMethod(Invoker.java:583)
at org.testng.internal.Invoker.invokeTestMethod(Invoker.java:719)
at org.testng.internal.Invoker.invokeTestMethods(Invoker.java:989)
at org.testng.internal.TestMethodWorker.invokeTestMethods(TestMethodWorker.java:125)
at org.testng.internal.TestMethodWorker.run(TestMethodWorker.java:109)
at java.util.concurrent.ThreadPoolExecutor.runWorker(Unknown Source)
at java.util.concurrent.ThreadPoolExecutor$Worker.run(Unknown Source)
at java.lang.Thread.run(Unknown Source)
]]>
    </error>
  </testcase> <!-- basicDetails -->
  <testcase name="basicDetails" time="90.097" classname="com.MAHAGENCO.tc.TC004_MAHAGENCOBasicDetails"/>
  <testcase name="basicDetails" time="89.700" classname="com.MAHAGENCO.tc.TC004_MAHAGENCOBasicDetails"/>
  <testcase name="basicDetails" time="89.082" classname="com.MAHAGENCO.tc.TC004_MAHAGENCOBasicDetails"/>
  <testcase name="basicDetails" time="12.761" classname="com.MAHAGENCO.tc.TC004_MAHAGENCOBasicDetails">
    <error type="java.lang.RuntimeException">
      <![CDATA[java.lang.RuntimeException
at lib.utils.HTMLReporter.reportStep(HTMLReporter.java:64)
at lib.utils.HTMLReporter.reportStep(HTMLReporter.java:73)
at com.ibps.pages.PersonalDetailsPage.selectDropDownUsingIndexNew(PersonalDetailsPage.java:289)
at com.MAHAGENCO.tc.TC004_MAHAGENCOBasicDetails.basicDetails(TC004_MAHAGENCOBasicDetails.java:50)
at sun.reflect.GeneratedMethodAccessor87.invoke(Unknown Source)
at sun.reflect.DelegatingMethodAccessorImpl.invoke(Unknown Source)
at java.lang.reflect.Method.invoke(Unknown Source)
at org.testng.internal.MethodInvocationHelper.invokeMethod(MethodInvocationHelper.java:124)
at org.testng.internal.Invoker.invokeMethod(Invoker.java:583)
at org.testng.internal.Invoker.invokeTestMethod(Invoker.java:719)
at org.testng.internal.Invoker.invokeTestMethods(Invoker.java:989)
at org.testng.internal.TestMethodWorker.invokeTestMethods(TestMethodWorker.java:125)
at org.testng.internal.TestMethodWorker.run(TestMethodWorker.java:109)
at java.util.concurrent.ThreadPoolExecutor.runWorker(Unknown Source)
at java.util.concurrent.ThreadPoolExecutor$Worker.run(Unknown Source)
at java.lang.Thread.run(Unknown Source)
]]>
    </error>
  </testcase> <!-- basicDetails -->
  <testcase name="basicDetails" time="12.867" classname="com.MAHAGENCO.tc.TC004_MAHAGENCOBasicDetails">
    <error type="java.lang.RuntimeException">
      <![CDATA[java.lang.RuntimeException
at lib.utils.HTMLReporter.reportStep(HTMLReporter.java:64)
at lib.utils.HTMLReporter.reportStep(HTMLReporter.java:73)
at com.ibps.pages.PersonalDetailsPage.selectDropDownUsingIndexNew(PersonalDetailsPage.java:289)
at com.MAHAGENCO.tc.TC004_MAHAGENCOBasicDetails.basicDetails(TC004_MAHAGENCOBasicDetails.java:50)
at sun.reflect.GeneratedMethodAccessor87.invoke(Unknown Source)
at sun.reflect.DelegatingMethodAccessorImpl.invoke(Unknown Source)
at java.lang.reflect.Method.invoke(Unknown Source)
at org.testng.internal.MethodInvocationHelper.invokeMethod(MethodInvocationHelper.java:124)
at org.testng.internal.Invoker.invokeMethod(Invoker.java:583)
at org.testng.internal.Invoker.invokeTestMethod(Invoker.java:719)
at org.testng.internal.Invoker.invokeTestMethods(Invoker.java:989)
at org.testng.internal.TestMethodWorker.invokeTestMethods(TestMethodWorker.java:125)
at org.testng.internal.TestMethodWorker.run(TestMethodWorker.java:109)
at java.util.concurrent.ThreadPoolExecutor.runWorker(Unknown Source)
at java.util.concurrent.ThreadPoolExecutor$Worker.run(Unknown Source)
at java.lang.Thread.run(Unknown Source)
]]>
    </error>
  </testcase> <!-- basicDetails -->
  <testcase name="basicDetails" time="88.455" classname="com.MAHAGENCO.tc.TC004_MAHAGENCOBasicDetails"/>
  <testcase name="basicDetails" time="88.772" classname="com.MAHAGENCO.tc.TC004_MAHAGENCOBasicDetails"/>
</testsuite> <!-- com.MAHAGENCO.tc.TC004_MAHAGENCOBasicDetails -->
