<?xml version="1.0" encoding="UTF-8"?>
<!-- Generated by org.testng.reporters.JUnitReportReporter -->
<testsuite skipped="0" hostname="MAA014482B" name="com.CRP_RRB_May23.tc.TC003_CRPBasicDetails" tests="64" failures="0" timestamp="2023-05-23T19:06:06 IST" time="10097.368" errors="2">
  <testcase name="basicDetails" time="161.625" classname="com.CRP_RRB_May23.tc.TC003_CRPBasicDetails"/>
  <testcase name="basicDetails" time="31.325" classname="com.CRP_RRB_May23.tc.TC003_CRPBasicDetails">
    <error type="org.openqa.selenium.UnhandledAlertException" message="unexpected alert open: {Alert text : Date Of Birth should be between 03/06/1981 to 31/05/2002}
  (Session info: chrome=113.0.5672.92): Date Of Birth should be between 03/06/1981 to 31/05/2002
Build info: version: &#039;3.141.0&#039;, revision: &#039;2ecb7d9a&#039;, time: &#039;2018-10-31T20:09:30&#039;
System info: host: &#039;MAA014482B&#039;, ip: &#039;124.7.228.19&#039;, os.name: &#039;Windows 10&#039;, os.arch: &#039;amd64&#039;, os.version: &#039;10.0&#039;, java.version: &#039;1.8.0_131&#039;
Driver info: org.openqa.selenium.chrome.ChromeDriver
Capabilities {acceptInsecureCerts: false, browserName: chrome, browserVersion: 113.0.5672.92, chrome: {chromedriverVersion: 112.0.5615.49 (bd2a7bcb881c..., userDataDir: C:\Users\016386\AppData\Loc...}, goog:chromeOptions: {debuggerAddress: localhost:55354}, javascriptEnabled: true, networkConnectionEnabled: false, pageLoadStrategy: normal, platform: WINDOWS, platformName: WINDOWS, proxy: Proxy(), setWindowRect: true, strictFileInteractability: false, timeouts: {implicit: 0, pageLoad: 300000, script: 30000}, unhandledPromptBehavior: dismiss and notify, webauthn:extension:credBlob: true, webauthn:extension:largeBlob: true, webauthn:extension:minPinLength: true, webauthn:extension:prf: true, webauthn:virtualAuthenticators: true}
Session ID: f2036fc2df89e1a9a96807eda1d10887
*** Element info: {Using=xpath, value=.//*[starts-with(@id,&#039;err_seldob&#039;)]}">
      <![CDATA[org.openqa.selenium.UnhandledAlertException: unexpected alert open: {Alert text : Date Of Birth should be between 03/06/1981 to 31/05/2002}
  (Session info: chrome=113.0.5672.92): Date Of Birth should be between 03/06/1981 to 31/05/2002
Build info: version: '3.141.0', revision: '2ecb7d9a', time: '2018-10-31T20:09:30'
System info: host: 'MAA014482B', ip: '124.7.228.19', os.name: 'Windows 10', os.arch: 'amd64', os.version: '10.0', java.version: '1.8.0_131'
Driver info: org.openqa.selenium.chrome.ChromeDriver
Capabilities {acceptInsecureCerts: false, browserName: chrome, browserVersion: 113.0.5672.92, chrome: {chromedriverVersion: 112.0.5615.49 (bd2a7bcb881c..., userDataDir: C:\Users\016386\AppData\Loc...}, goog:chromeOptions: {debuggerAddress: localhost:55354}, javascriptEnabled: true, networkConnectionEnabled: false, pageLoadStrategy: normal, platform: WINDOWS, platformName: WINDOWS, proxy: Proxy(), setWindowRect: true, strictFileInteractability: false, timeouts: {implicit: 0, pageLoad: 300000, script: 30000}, unhandledPromptBehavior: dismiss and notify, webauthn:extension:credBlob: true, webauthn:extension:largeBlob: true, webauthn:extension:minPinLength: true, webauthn:extension:prf: true, webauthn:virtualAuthenticators: true}
Session ID: f2036fc2df89e1a9a96807eda1d10887
*** Element info: {Using=xpath, value=.//*[starts-with(@id,'err_seldob')]}
at org.openqa.selenium.remote.http.W3CHttpResponseCodec.decode(W3CHttpResponseCodec.java:120)
at org.openqa.selenium.remote.http.W3CHttpResponseCodec.decode(W3CHttpResponseCodec.java:49)
at org.openqa.selenium.remote.HttpCommandExecutor.execute(HttpCommandExecutor.java:158)
at org.openqa.selenium.remote.service.DriverCommandExecutor.execute(DriverCommandExecutor.java:83)
at org.openqa.selenium.remote.RemoteWebDriver.execute(RemoteWebDriver.java:552)
at org.openqa.selenium.remote.RemoteWebDriver.findElements(RemoteWebDriver.java:353)
at org.openqa.selenium.remote.RemoteWebDriver.findElementsByXPath(RemoteWebDriver.java:432)
at org.openqa.selenium.By$ByXPath.findElements(By.java:348)
at org.openqa.selenium.remote.RemoteWebDriver.findElements(RemoteWebDriver.java:311)
at lib.selenium.WebDriverServiceImpl.noagealert(WebDriverServiceImpl.java:766)
at lib.selenium.WebDriverServiceImpl.agevalidator_max(WebDriverServiceImpl.java:857)
at com.ibps.pages.PersonalDetailsPage.ageValidatorMax(PersonalDetailsPage.java:330)
at com.CRP_RRB_May23.tc.TC003_CRPBasicDetails.basicDetails(TC003_CRPBasicDetails.java:55)
at sun.reflect.GeneratedMethodAccessor3.invoke(Unknown Source)
at sun.reflect.DelegatingMethodAccessorImpl.invoke(Unknown Source)
at java.lang.reflect.Method.invoke(Unknown Source)
at org.testng.internal.MethodInvocationHelper.invokeMethod(MethodInvocationHelper.java:133)
at org.testng.internal.TestInvoker.invokeMethod(TestInvoker.java:584)
at org.testng.internal.TestInvoker.invokeTestMethod(TestInvoker.java:172)
at org.testng.internal.MethodRunner.runInSequence(MethodRunner.java:46)
at org.testng.internal.TestInvoker$MethodInvocationAgent.invoke(TestInvoker.java:804)
at org.testng.internal.TestInvoker.invokeTestMethods(TestInvoker.java:145)
at org.testng.internal.TestMethodWorker.invokeTestMethods(TestMethodWorker.java:146)
at org.testng.internal.TestMethodWorker.run(TestMethodWorker.java:128)
at java.util.concurrent.ThreadPoolExecutor.runWorker(Unknown Source)
at java.util.concurrent.ThreadPoolExecutor$Worker.run(Unknown Source)
at java.lang.Thread.run(Unknown Source)
]]>
    </error>
  </testcase> <!-- basicDetails -->
  <testcase name="basicDetails" time="161.925" classname="com.CRP_RRB_May23.tc.TC003_CRPBasicDetails"/>
  <testcase name="basicDetails" time="161.541" classname="com.CRP_RRB_May23.tc.TC003_CRPBasicDetails"/>
  <testcase name="basicDetails" time="161.520" classname="com.CRP_RRB_May23.tc.TC003_CRPBasicDetails"/>
  <testcase name="basicDetails" time="161.684" classname="com.CRP_RRB_May23.tc.TC003_CRPBasicDetails"/>
  <testcase name="basicDetails" time="162.080" classname="com.CRP_RRB_May23.tc.TC003_CRPBasicDetails"/>
  <testcase name="basicDetails" time="161.605" classname="com.CRP_RRB_May23.tc.TC003_CRPBasicDetails"/>
  <testcase name="basicDetails" time="161.951" classname="com.CRP_RRB_May23.tc.TC003_CRPBasicDetails"/>
  <testcase name="basicDetails" time="161.695" classname="com.CRP_RRB_May23.tc.TC003_CRPBasicDetails"/>
  <testcase name="basicDetails" time="162.203" classname="com.CRP_RRB_May23.tc.TC003_CRPBasicDetails"/>
  <testcase name="basicDetails" time="161.672" classname="com.CRP_RRB_May23.tc.TC003_CRPBasicDetails"/>
  <testcase name="basicDetails" time="161.909" classname="com.CRP_RRB_May23.tc.TC003_CRPBasicDetails"/>
  <testcase name="basicDetails" time="161.999" classname="com.CRP_RRB_May23.tc.TC003_CRPBasicDetails"/>
  <testcase name="basicDetails" time="161.787" classname="com.CRP_RRB_May23.tc.TC003_CRPBasicDetails"/>
  <testcase name="basicDetails" time="161.733" classname="com.CRP_RRB_May23.tc.TC003_CRPBasicDetails"/>
  <testcase name="basicDetails" time="161.712" classname="com.CRP_RRB_May23.tc.TC003_CRPBasicDetails"/>
  <testcase name="basicDetails" time="162.139" classname="com.CRP_RRB_May23.tc.TC003_CRPBasicDetails"/>
  <testcase name="basicDetails" time="161.703" classname="com.CRP_RRB_May23.tc.TC003_CRPBasicDetails"/>
  <testcase name="basicDetails" time="161.730" classname="com.CRP_RRB_May23.tc.TC003_CRPBasicDetails"/>
  <testcase name="basicDetails" time="161.703" classname="com.CRP_RRB_May23.tc.TC003_CRPBasicDetails"/>
  <testcase name="basicDetails" time="162.119" classname="com.CRP_RRB_May23.tc.TC003_CRPBasicDetails"/>
  <testcase name="basicDetails" time="161.644" classname="com.CRP_RRB_May23.tc.TC003_CRPBasicDetails"/>
  <testcase name="basicDetails" time="161.973" classname="com.CRP_RRB_May23.tc.TC003_CRPBasicDetails"/>
  <testcase name="basicDetails" time="161.967" classname="com.CRP_RRB_May23.tc.TC003_CRPBasicDetails"/>
  <testcase name="basicDetails" time="161.647" classname="com.CRP_RRB_May23.tc.TC003_CRPBasicDetails"/>
  <testcase name="basicDetails" time="161.969" classname="com.CRP_RRB_May23.tc.TC003_CRPBasicDetails"/>
  <testcase name="basicDetails" time="161.985" classname="com.CRP_RRB_May23.tc.TC003_CRPBasicDetails"/>
  <testcase name="basicDetails" time="161.240" classname="com.CRP_RRB_May23.tc.TC003_CRPBasicDetails"/>
  <testcase name="basicDetails" time="161.854" classname="com.CRP_RRB_May23.tc.TC003_CRPBasicDetails"/>
  <testcase name="basicDetails" time="162.167" classname="com.CRP_RRB_May23.tc.TC003_CRPBasicDetails"/>
  <testcase name="basicDetails" time="161.927" classname="com.CRP_RRB_May23.tc.TC003_CRPBasicDetails"/>
  <testcase name="basicDetails" time="161.463" classname="com.CRP_RRB_May23.tc.TC003_CRPBasicDetails"/>
  <testcase name="basicDetails" time="161.939" classname="com.CRP_RRB_May23.tc.TC003_CRPBasicDetails"/>
  <testcase name="basicDetails" time="162.164" classname="com.CRP_RRB_May23.tc.TC003_CRPBasicDetails"/>
  <testcase name="basicDetails" time="161.715" classname="com.CRP_RRB_May23.tc.TC003_CRPBasicDetails"/>
  <testcase name="basicDetails" time="161.957" classname="com.CRP_RRB_May23.tc.TC003_CRPBasicDetails"/>
  <testcase name="basicDetails" time="162.073" classname="com.CRP_RRB_May23.tc.TC003_CRPBasicDetails"/>
  <testcase name="basicDetails" time="161.833" classname="com.CRP_RRB_May23.tc.TC003_CRPBasicDetails"/>
  <testcase name="basicDetails" time="162.097" classname="com.CRP_RRB_May23.tc.TC003_CRPBasicDetails"/>
  <testcase name="basicDetails" time="161.925" classname="com.CRP_RRB_May23.tc.TC003_CRPBasicDetails"/>
  <testcase name="basicDetails" time="161.495" classname="com.CRP_RRB_May23.tc.TC003_CRPBasicDetails"/>
  <testcase name="basicDetails" time="162.503" classname="com.CRP_RRB_May23.tc.TC003_CRPBasicDetails"/>
  <testcase name="basicDetails" time="161.574" classname="com.CRP_RRB_May23.tc.TC003_CRPBasicDetails"/>
  <testcase name="basicDetails" time="162.621" classname="com.CRP_RRB_May23.tc.TC003_CRPBasicDetails"/>
  <testcase name="basicDetails" time="161.961" classname="com.CRP_RRB_May23.tc.TC003_CRPBasicDetails"/>
  <testcase name="basicDetails" time="162.122" classname="com.CRP_RRB_May23.tc.TC003_CRPBasicDetails"/>
  <testcase name="basicDetails" time="161.437" classname="com.CRP_RRB_May23.tc.TC003_CRPBasicDetails"/>
  <testcase name="basicDetails" time="162.159" classname="com.CRP_RRB_May23.tc.TC003_CRPBasicDetails"/>
  <testcase name="basicDetails" time="161.452" classname="com.CRP_RRB_May23.tc.TC003_CRPBasicDetails"/>
  <testcase name="basicDetails" time="161.165" classname="com.CRP_RRB_May23.tc.TC003_CRPBasicDetails"/>
  <testcase name="basicDetails" time="161.398" classname="com.CRP_RRB_May23.tc.TC003_CRPBasicDetails"/>
  <testcase name="basicDetails" time="162.195" classname="com.CRP_RRB_May23.tc.TC003_CRPBasicDetails"/>
  <testcase name="basicDetails" time="161.771" classname="com.CRP_RRB_May23.tc.TC003_CRPBasicDetails"/>
  <testcase name="basicDetails" time="161.692" classname="com.CRP_RRB_May23.tc.TC003_CRPBasicDetails"/>
  <testcase name="basicDetails" time="161.613" classname="com.CRP_RRB_May23.tc.TC003_CRPBasicDetails"/>
  <testcase name="basicDetails" time="162.013" classname="com.CRP_RRB_May23.tc.TC003_CRPBasicDetails"/>
  <testcase name="basicDetails" time="161.574" classname="com.CRP_RRB_May23.tc.TC003_CRPBasicDetails"/>
  <testcase name="basicDetails" time="161.979" classname="com.CRP_RRB_May23.tc.TC003_CRPBasicDetails"/>
  <testcase name="basicDetails" time="161.870" classname="com.CRP_RRB_May23.tc.TC003_CRPBasicDetails"/>
  <testcase name="basicDetails" time="32.330" classname="com.CRP_RRB_May23.tc.TC003_CRPBasicDetails">
    <error type="org.openqa.selenium.UnhandledAlertException" message="unexpected alert open: {Alert text : Date Of Birth should be between 03/06/1991 to 31/05/2002}
  (Session info: chrome=113.0.5672.92): Date Of Birth should be between 03/06/1991 to 31/05/2002
Build info: version: &#039;3.141.0&#039;, revision: &#039;2ecb7d9a&#039;, time: &#039;2018-10-31T20:09:30&#039;
System info: host: &#039;MAA014482B&#039;, ip: &#039;124.7.228.19&#039;, os.name: &#039;Windows 10&#039;, os.arch: &#039;amd64&#039;, os.version: &#039;10.0&#039;, java.version: &#039;1.8.0_131&#039;
Driver info: org.openqa.selenium.chrome.ChromeDriver
Capabilities {acceptInsecureCerts: false, browserName: chrome, browserVersion: 113.0.5672.92, chrome: {chromedriverVersion: 112.0.5615.49 (bd2a7bcb881c..., userDataDir: C:\Users\016386\AppData\Loc...}, goog:chromeOptions: {debuggerAddress: localhost:55354}, javascriptEnabled: true, networkConnectionEnabled: false, pageLoadStrategy: normal, platform: WINDOWS, platformName: WINDOWS, proxy: Proxy(), setWindowRect: true, strictFileInteractability: false, timeouts: {implicit: 0, pageLoad: 300000, script: 30000}, unhandledPromptBehavior: dismiss and notify, webauthn:extension:credBlob: true, webauthn:extension:largeBlob: true, webauthn:extension:minPinLength: true, webauthn:extension:prf: true, webauthn:virtualAuthenticators: true}
Session ID: f2036fc2df89e1a9a96807eda1d10887
*** Element info: {Using=xpath, value=.//*[starts-with(@id,&#039;err_seldob&#039;)]}">
      <![CDATA[org.openqa.selenium.UnhandledAlertException: unexpected alert open: {Alert text : Date Of Birth should be between 03/06/1991 to 31/05/2002}
  (Session info: chrome=113.0.5672.92): Date Of Birth should be between 03/06/1991 to 31/05/2002
Build info: version: '3.141.0', revision: '2ecb7d9a', time: '2018-10-31T20:09:30'
System info: host: 'MAA014482B', ip: '124.7.228.19', os.name: 'Windows 10', os.arch: 'amd64', os.version: '10.0', java.version: '1.8.0_131'
Driver info: org.openqa.selenium.chrome.ChromeDriver
Capabilities {acceptInsecureCerts: false, browserName: chrome, browserVersion: 113.0.5672.92, chrome: {chromedriverVersion: 112.0.5615.49 (bd2a7bcb881c..., userDataDir: C:\Users\016386\AppData\Loc...}, goog:chromeOptions: {debuggerAddress: localhost:55354}, javascriptEnabled: true, networkConnectionEnabled: false, pageLoadStrategy: normal, platform: WINDOWS, platformName: WINDOWS, proxy: Proxy(), setWindowRect: true, strictFileInteractability: false, timeouts: {implicit: 0, pageLoad: 300000, script: 30000}, unhandledPromptBehavior: dismiss and notify, webauthn:extension:credBlob: true, webauthn:extension:largeBlob: true, webauthn:extension:minPinLength: true, webauthn:extension:prf: true, webauthn:virtualAuthenticators: true}
Session ID: f2036fc2df89e1a9a96807eda1d10887
*** Element info: {Using=xpath, value=.//*[starts-with(@id,'err_seldob')]}
at org.openqa.selenium.remote.http.W3CHttpResponseCodec.decode(W3CHttpResponseCodec.java:120)
at org.openqa.selenium.remote.http.W3CHttpResponseCodec.decode(W3CHttpResponseCodec.java:49)
at org.openqa.selenium.remote.HttpCommandExecutor.execute(HttpCommandExecutor.java:158)
at org.openqa.selenium.remote.service.DriverCommandExecutor.execute(DriverCommandExecutor.java:83)
at org.openqa.selenium.remote.RemoteWebDriver.execute(RemoteWebDriver.java:552)
at org.openqa.selenium.remote.RemoteWebDriver.findElements(RemoteWebDriver.java:353)
at org.openqa.selenium.remote.RemoteWebDriver.findElementsByXPath(RemoteWebDriver.java:432)
at org.openqa.selenium.By$ByXPath.findElements(By.java:348)
at org.openqa.selenium.remote.RemoteWebDriver.findElements(RemoteWebDriver.java:311)
at lib.selenium.WebDriverServiceImpl.noagealert(WebDriverServiceImpl.java:766)
at lib.selenium.WebDriverServiceImpl.agevalidator_max(WebDriverServiceImpl.java:857)
at com.ibps.pages.PersonalDetailsPage.ageValidatorMax(PersonalDetailsPage.java:330)
at com.CRP_RRB_May23.tc.TC003_CRPBasicDetails.basicDetails(TC003_CRPBasicDetails.java:55)
at sun.reflect.NativeMethodAccessorImpl.invoke0(Native Method)
at sun.reflect.NativeMethodAccessorImpl.invoke(Unknown Source)
at sun.reflect.DelegatingMethodAccessorImpl.invoke(Unknown Source)
at java.lang.reflect.Method.invoke(Unknown Source)
at org.testng.internal.MethodInvocationHelper.invokeMethod(MethodInvocationHelper.java:133)
at org.testng.internal.TestInvoker.invokeMethod(TestInvoker.java:584)
at org.testng.internal.TestInvoker.invokeTestMethod(TestInvoker.java:172)
at org.testng.internal.MethodRunner.runInSequence(MethodRunner.java:46)
at org.testng.internal.TestInvoker$MethodInvocationAgent.invoke(TestInvoker.java:804)
at org.testng.internal.TestInvoker.invokeTestMethods(TestInvoker.java:145)
at org.testng.internal.TestMethodWorker.invokeTestMethods(TestMethodWorker.java:146)
at org.testng.internal.TestMethodWorker.run(TestMethodWorker.java:128)
at java.util.concurrent.ThreadPoolExecutor.runWorker(Unknown Source)
at java.util.concurrent.ThreadPoolExecutor$Worker.run(Unknown Source)
at java.lang.Thread.run(Unknown Source)
]]>
    </error>
  </testcase> <!-- basicDetails -->
  <testcase name="basicDetails" time="161.800" classname="com.CRP_RRB_May23.tc.TC003_CRPBasicDetails"/>
  <testcase name="basicDetails" time="161.970" classname="com.CRP_RRB_May23.tc.TC003_CRPBasicDetails"/>
  <testcase name="basicDetails" time="161.775" classname="com.CRP_RRB_May23.tc.TC003_CRPBasicDetails"/>
</testsuite> <!-- com.CRP_RRB_May23.tc.TC003_CRPBasicDetails -->
