<?xml version="1.0" encoding="UTF-8"?>
<!-- Generated by org.testng.reporters.JUnitReportReporter -->
<testsuite skipped="0" hostname="MAA014482B" name="com.DOS_April23.tc.TC005_DOSBasicDetails" tests="18" failures="0" timestamp="2023-04-19T13:56:44 IST" time="2655.503" errors="1">
  <testcase name="basicDetails" time="160.452" classname="com.DOS_April23.tc.TC005_DOSBasicDetails"/>
  <testcase name="basicDetails" time="152.700" classname="com.DOS_April23.tc.TC005_DOSBasicDetails"/>
  <testcase name="basicDetails" time="152.139" classname="com.DOS_April23.tc.TC005_DOSBasicDetails"/>
  <testcase name="basicDetails" time="152.364" classname="com.DOS_April23.tc.TC005_DOSBasicDetails"/>
  <testcase name="basicDetails" time="152.402" classname="com.DOS_April23.tc.TC005_DOSBasicDetails"/>
  <testcase name="basicDetails" time="157.552" classname="com.DOS_April23.tc.TC005_DOSBasicDetails"/>
  <testcase name="basicDetails" time="152.398" classname="com.DOS_April23.tc.TC005_DOSBasicDetails"/>
  <testcase name="basicDetails" time="157.860" classname="com.DOS_April23.tc.TC005_DOSBasicDetails"/>
  <testcase name="basicDetails" time="152.510" classname="com.DOS_April23.tc.TC005_DOSBasicDetails"/>
  <testcase name="basicDetails" time="157.782" classname="com.DOS_April23.tc.TC005_DOSBasicDetails"/>
  <testcase name="basicDetails" time="157.843" classname="com.DOS_April23.tc.TC005_DOSBasicDetails"/>
  <testcase name="basicDetails" time="157.941" classname="com.DOS_April23.tc.TC005_DOSBasicDetails"/>
  <testcase name="basicDetails" time="152.647" classname="com.DOS_April23.tc.TC005_DOSBasicDetails"/>
  <testcase name="basicDetails" time="23.397" classname="com.DOS_April23.tc.TC005_DOSBasicDetails">
    <error type="org.openqa.selenium.UnhandledAlertException" message="unexpected alert open: {Alert text : Date Of Birth should be between 02/05/1985 to 01/05/2005}
  (Session info: chrome=111.0.5563.147): Date Of Birth should be between 02/05/1985 to 01/05/2005
Build info: version: &#039;3.141.0&#039;, revision: &#039;2ecb7d9a&#039;, time: &#039;2018-10-31T20:09:30&#039;
System info: host: &#039;MAA014482B&#039;, ip: &#039;124.7.228.19&#039;, os.name: &#039;Windows 10&#039;, os.arch: &#039;amd64&#039;, os.version: &#039;10.0&#039;, java.version: &#039;1.8.0_131&#039;
Driver info: org.openqa.selenium.chrome.ChromeDriver
Capabilities {acceptInsecureCerts: false, browserName: chrome, browserVersion: 111.0.5563.147, chrome: {chromedriverVersion: 110.0.5481.77 (65ed616c6e8e..., userDataDir: C:\Users\016386\AppData\Loc...}, goog:chromeOptions: {debuggerAddress: localhost:61006}, javascriptEnabled: true, networkConnectionEnabled: false, pageLoadStrategy: normal, platform: WINDOWS, platformName: WINDOWS, proxy: Proxy(), setWindowRect: true, strictFileInteractability: false, timeouts: {implicit: 0, pageLoad: 300000, script: 30000}, unhandledPromptBehavior: dismiss and notify, webauthn:extension:credBlob: true, webauthn:extension:largeBlob: true, webauthn:virtualAuthenticators: true}
Session ID: 00c925544e8a7cb2e56f3f1e03c006cb
*** Element info: {Using=xpath, value=.//*[starts-with(@id,&#039;err_seldob&#039;)]}">
      <![CDATA[org.openqa.selenium.UnhandledAlertException: unexpected alert open: {Alert text : Date Of Birth should be between 02/05/1985 to 01/05/2005}
  (Session info: chrome=111.0.5563.147): Date Of Birth should be between 02/05/1985 to 01/05/2005
Build info: version: '3.141.0', revision: '2ecb7d9a', time: '2018-10-31T20:09:30'
System info: host: 'MAA014482B', ip: '124.7.228.19', os.name: 'Windows 10', os.arch: 'amd64', os.version: '10.0', java.version: '1.8.0_131'
Driver info: org.openqa.selenium.chrome.ChromeDriver
Capabilities {acceptInsecureCerts: false, browserName: chrome, browserVersion: 111.0.5563.147, chrome: {chromedriverVersion: 110.0.5481.77 (65ed616c6e8e..., userDataDir: C:\Users\016386\AppData\Loc...}, goog:chromeOptions: {debuggerAddress: localhost:61006}, javascriptEnabled: true, networkConnectionEnabled: false, pageLoadStrategy: normal, platform: WINDOWS, platformName: WINDOWS, proxy: Proxy(), setWindowRect: true, strictFileInteractability: false, timeouts: {implicit: 0, pageLoad: 300000, script: 30000}, unhandledPromptBehavior: dismiss and notify, webauthn:extension:credBlob: true, webauthn:extension:largeBlob: true, webauthn:virtualAuthenticators: true}
Session ID: 00c925544e8a7cb2e56f3f1e03c006cb
*** Element info: {Using=xpath, value=.//*[starts-with(@id,'err_seldob')]}
at org.openqa.selenium.remote.http.W3CHttpResponseCodec.decode(W3CHttpResponseCodec.java:120)
at org.openqa.selenium.remote.http.W3CHttpResponseCodec.decode(W3CHttpResponseCodec.java:49)
at org.openqa.selenium.remote.HttpCommandExecutor.execute(HttpCommandExecutor.java:158)
at org.openqa.selenium.remote.service.DriverCommandExecutor.execute(DriverCommandExecutor.java:83)
at org.openqa.selenium.remote.RemoteWebDriver.execute(RemoteWebDriver.java:552)
at org.openqa.selenium.remote.RemoteWebDriver.findElements(RemoteWebDriver.java:353)
at org.openqa.selenium.remote.RemoteWebDriver.findElementsByXPath(RemoteWebDriver.java:432)
at org.openqa.selenium.By$ByXPath.findElements(By.java:348)
at org.openqa.selenium.remote.RemoteWebDriver.findElements(RemoteWebDriver.java:311)
at lib.selenium.WebDriverServiceImpl.noagealert(WebDriverServiceImpl.java:766)
at lib.selenium.WebDriverServiceImpl.agevalidator_max(WebDriverServiceImpl.java:857)
at com.ibps.pages.PersonalDetailsPage.ageValidatorMax(PersonalDetailsPage.java:330)
at com.DOS_April23.tc.TC005_DOSBasicDetails.basicDetails(TC005_DOSBasicDetails.java:66)
at sun.reflect.NativeMethodAccessorImpl.invoke0(Native Method)
at sun.reflect.NativeMethodAccessorImpl.invoke(Unknown Source)
at sun.reflect.DelegatingMethodAccessorImpl.invoke(Unknown Source)
at java.lang.reflect.Method.invoke(Unknown Source)
at org.testng.internal.MethodInvocationHelper.invokeMethod(MethodInvocationHelper.java:133)
at org.testng.internal.TestInvoker.invokeMethod(TestInvoker.java:584)
at org.testng.internal.TestInvoker.invokeTestMethod(TestInvoker.java:172)
at org.testng.internal.MethodRunner.runInSequence(MethodRunner.java:46)
at org.testng.internal.TestInvoker$MethodInvocationAgent.invoke(TestInvoker.java:804)
at org.testng.internal.TestInvoker.invokeTestMethods(TestInvoker.java:145)
at org.testng.internal.TestMethodWorker.invokeTestMethods(TestMethodWorker.java:146)
at org.testng.internal.TestMethodWorker.run(TestMethodWorker.java:128)
at java.util.concurrent.ThreadPoolExecutor.runWorker(Unknown Source)
at java.util.concurrent.ThreadPoolExecutor$Worker.run(Unknown Source)
at java.lang.Thread.run(Unknown Source)
]]>
    </error>
  </testcase> <!-- basicDetails -->
  <testcase name="basicDetails" time="152.676" classname="com.DOS_April23.tc.TC005_DOSBasicDetails"/>
  <testcase name="basicDetails" time="152.677" classname="com.DOS_April23.tc.TC005_DOSBasicDetails"/>
  <testcase name="basicDetails" time="152.289" classname="com.DOS_April23.tc.TC005_DOSBasicDetails"/>
  <testcase name="basicDetails" time="157.874" classname="com.DOS_April23.tc.TC005_DOSBasicDetails"/>
</testsuite> <!-- com.DOS_April23.tc.TC005_DOSBasicDetails -->
