<?xml version="1.0" encoding="UTF-8"?>
<!-- Generated by org.testng.reporters.JUnitReportReporter -->
<testsuite skipped="0" hostname="MAA014482B" name="com.DCCB_15Sep22.tc.TC001_DCCBBasicDetails" tests="17" failures="0" timestamp="2022-09-22T15:33:28 IST" time="2709.356" errors="1">
  <testcase name="basicDetails" time="164.123" classname="com.DCCB_15Sep22.tc.TC001_DCCBBasicDetails"/>
  <testcase name="basicDetails" time="164.300" classname="com.DCCB_15Sep22.tc.TC001_DCCBBasicDetails"/>
  <testcase name="basicDetails" time="162.902" classname="com.DCCB_15Sep22.tc.TC001_DCCBBasicDetails"/>
  <testcase name="basicDetails" time="163.512" classname="com.DCCB_15Sep22.tc.TC001_DCCBBasicDetails"/>
  <testcase name="basicDetails" time="169.705" classname="com.DCCB_15Sep22.tc.TC001_DCCBBasicDetails"/>
  <testcase name="basicDetails" time="163.031" classname="com.DCCB_15Sep22.tc.TC001_DCCBBasicDetails"/>
  <testcase name="basicDetails" time="172.543" classname="com.DCCB_15Sep22.tc.TC001_DCCBBasicDetails"/>
  <testcase name="basicDetails" time="170.734" classname="com.DCCB_15Sep22.tc.TC001_DCCBBasicDetails"/>
  <testcase name="basicDetails" time="164.811" classname="com.DCCB_15Sep22.tc.TC001_DCCBBasicDetails"/>
  <testcase name="basicDetails" time="162.795" classname="com.DCCB_15Sep22.tc.TC001_DCCBBasicDetails"/>
  <testcase name="basicDetails" time="166.323" classname="com.DCCB_15Sep22.tc.TC001_DCCBBasicDetails"/>
  <testcase name="basicDetails" time="174.133" classname="com.DCCB_15Sep22.tc.TC001_DCCBBasicDetails"/>
  <testcase name="basicDetails" time="172.464" classname="com.DCCB_15Sep22.tc.TC001_DCCBBasicDetails"/>
  <testcase name="basicDetails" time="169.356" classname="com.DCCB_15Sep22.tc.TC001_DCCBBasicDetails"/>
  <testcase name="basicDetails" time="164.531" classname="com.DCCB_15Sep22.tc.TC001_DCCBBasicDetails"/>
  <testcase name="basicDetails" time="39.724" classname="com.DCCB_15Sep22.tc.TC001_DCCBBasicDetails">
    <error type="org.openqa.selenium.UnhandledAlertException" message="unexpected alert open: {Alert text : Date Of Birth should be between 02/09/1972 to 01/09/2002}
  (Session info: chrome=105.0.5195.127): Date Of Birth should be between 02/09/1972 to 01/09/2002
Build info: version: &#039;3.141.0&#039;, revision: &#039;2ecb7d9a&#039;, time: &#039;2018-10-31T20:09:30&#039;
System info: host: &#039;MAA014482B&#039;, ip: &#039;124.7.228.19&#039;, os.name: &#039;Windows 10&#039;, os.arch: &#039;amd64&#039;, os.version: &#039;10.0&#039;, java.version: &#039;1.8.0_131&#039;
Driver info: org.openqa.selenium.chrome.ChromeDriver
Capabilities {acceptInsecureCerts: false, browserName: chrome, browserVersion: 105.0.5195.127, chrome: {chromedriverVersion: 104.0.5112.79 (3cf3e8c8a07d..., userDataDir: C:\Users\016386\AppData\Loc...}, goog:chromeOptions: {debuggerAddress: localhost:60752}, javascriptEnabled: true, networkConnectionEnabled: false, pageLoadStrategy: normal, platform: WINDOWS, platformName: WINDOWS, proxy: Proxy(), setWindowRect: true, strictFileInteractability: false, timeouts: {implicit: 0, pageLoad: 300000, script: 30000}, unhandledPromptBehavior: dismiss and notify, webauthn:extension:credBlob: true, webauthn:extension:largeBlob: true, webauthn:virtualAuthenticators: true}
Session ID: 02d41b426e33805cf4a4dda02a3f0fd9
*** Element info: {Using=xpath, value=.//*[starts-with(@id,&#039;err_seldob&#039;)]}">
      <![CDATA[org.openqa.selenium.UnhandledAlertException: unexpected alert open: {Alert text : Date Of Birth should be between 02/09/1972 to 01/09/2002}
  (Session info: chrome=105.0.5195.127): Date Of Birth should be between 02/09/1972 to 01/09/2002
Build info: version: '3.141.0', revision: '2ecb7d9a', time: '2018-10-31T20:09:30'
System info: host: 'MAA014482B', ip: '124.7.228.19', os.name: 'Windows 10', os.arch: 'amd64', os.version: '10.0', java.version: '1.8.0_131'
Driver info: org.openqa.selenium.chrome.ChromeDriver
Capabilities {acceptInsecureCerts: false, browserName: chrome, browserVersion: 105.0.5195.127, chrome: {chromedriverVersion: 104.0.5112.79 (3cf3e8c8a07d..., userDataDir: C:\Users\016386\AppData\Loc...}, goog:chromeOptions: {debuggerAddress: localhost:60752}, javascriptEnabled: true, networkConnectionEnabled: false, pageLoadStrategy: normal, platform: WINDOWS, platformName: WINDOWS, proxy: Proxy(), setWindowRect: true, strictFileInteractability: false, timeouts: {implicit: 0, pageLoad: 300000, script: 30000}, unhandledPromptBehavior: dismiss and notify, webauthn:extension:credBlob: true, webauthn:extension:largeBlob: true, webauthn:virtualAuthenticators: true}
Session ID: 02d41b426e33805cf4a4dda02a3f0fd9
*** Element info: {Using=xpath, value=.//*[starts-with(@id,'err_seldob')]}
at org.openqa.selenium.remote.http.W3CHttpResponseCodec.decode(W3CHttpResponseCodec.java:120)
at org.openqa.selenium.remote.http.W3CHttpResponseCodec.decode(W3CHttpResponseCodec.java:49)
at org.openqa.selenium.remote.HttpCommandExecutor.execute(HttpCommandExecutor.java:158)
at org.openqa.selenium.remote.service.DriverCommandExecutor.execute(DriverCommandExecutor.java:83)
at org.openqa.selenium.remote.RemoteWebDriver.execute(RemoteWebDriver.java:552)
at org.openqa.selenium.remote.RemoteWebDriver.findElements(RemoteWebDriver.java:353)
at org.openqa.selenium.remote.RemoteWebDriver.findElementsByXPath(RemoteWebDriver.java:432)
at org.openqa.selenium.By$ByXPath.findElements(By.java:348)
at org.openqa.selenium.remote.RemoteWebDriver.findElements(RemoteWebDriver.java:311)
at lib.selenium.WebDriverServiceImpl.noagealert(WebDriverServiceImpl.java:766)
at lib.selenium.WebDriverServiceImpl.agevalidator_max(WebDriverServiceImpl.java:857)
at com.ibps.pages.PersonalDetailsPage.ageValidatorMax(PersonalDetailsPage.java:330)
at com.DCCB_15Sep22.tc.TC001_DCCBBasicDetails.basicDetails(TC001_DCCBBasicDetails.java:66)
at sun.reflect.NativeMethodAccessorImpl.invoke0(Native Method)
at sun.reflect.NativeMethodAccessorImpl.invoke(Unknown Source)
at sun.reflect.DelegatingMethodAccessorImpl.invoke(Unknown Source)
at java.lang.reflect.Method.invoke(Unknown Source)
at org.testng.internal.MethodInvocationHelper.invokeMethod(MethodInvocationHelper.java:133)
at org.testng.internal.TestInvoker.invokeMethod(TestInvoker.java:584)
at org.testng.internal.TestInvoker.invokeTestMethod(TestInvoker.java:172)
at org.testng.internal.MethodRunner.runInSequence(MethodRunner.java:46)
at org.testng.internal.TestInvoker$MethodInvocationAgent.invoke(TestInvoker.java:804)
at org.testng.internal.TestInvoker.invokeTestMethods(TestInvoker.java:145)
at org.testng.internal.TestMethodWorker.invokeTestMethods(TestMethodWorker.java:146)
at org.testng.internal.TestMethodWorker.run(TestMethodWorker.java:128)
at java.util.concurrent.ThreadPoolExecutor.runWorker(Unknown Source)
at java.util.concurrent.ThreadPoolExecutor$Worker.run(Unknown Source)
at java.lang.Thread.run(Unknown Source)
]]>
    </error>
  </testcase> <!-- basicDetails -->
  <testcase name="basicDetails" time="164.369" classname="com.DCCB_15Sep22.tc.TC001_DCCBBasicDetails"/>
</testsuite> <!-- com.DCCB_15Sep22.tc.TC001_DCCBBasicDetails -->
