<?xml version="1.0" encoding="UTF-8"?>
<!-- Generated by org.testng.reporters.JUnitReportReporter -->
<testsuite skipped="0" hostname="MAA014482B" name="com.Repco.tc.TC003_RepcoBasicDetails" tests="48" failures="0" timestamp="2022-10-26T15:53:58 IST" time="7438.902" errors="2">
  <testcase name="basicDetails" time="159.209" classname="com.Repco.tc.TC003_RepcoBasicDetails"/>
  <testcase name="basicDetails" time="161.418" classname="com.Repco.tc.TC003_RepcoBasicDetails"/>
  <testcase name="basicDetails" time="160.720" classname="com.Repco.tc.TC003_RepcoBasicDetails"/>
  <testcase name="basicDetails" time="160.579" classname="com.Repco.tc.TC003_RepcoBasicDetails"/>
  <testcase name="basicDetails" time="163.065" classname="com.Repco.tc.TC003_RepcoBasicDetails"/>
  <testcase name="basicDetails" time="159.387" classname="com.Repco.tc.TC003_RepcoBasicDetails"/>
  <testcase name="basicDetails" time="160.366" classname="com.Repco.tc.TC003_RepcoBasicDetails"/>
  <testcase name="basicDetails" time="159.352" classname="com.Repco.tc.TC003_RepcoBasicDetails"/>
  <testcase name="basicDetails" time="160.763" classname="com.Repco.tc.TC003_RepcoBasicDetails"/>
  <testcase name="basicDetails" time="160.643" classname="com.Repco.tc.TC003_RepcoBasicDetails"/>
  <testcase name="basicDetails" time="161.335" classname="com.Repco.tc.TC003_RepcoBasicDetails"/>
  <testcase name="basicDetails" time="160.601" classname="com.Repco.tc.TC003_RepcoBasicDetails"/>
  <testcase name="basicDetails" time="160.639" classname="com.Repco.tc.TC003_RepcoBasicDetails"/>
  <testcase name="basicDetails" time="160.286" classname="com.Repco.tc.TC003_RepcoBasicDetails"/>
  <testcase name="basicDetails" time="160.601" classname="com.Repco.tc.TC003_RepcoBasicDetails"/>
  <testcase name="basicDetails" time="160.582" classname="com.Repco.tc.TC003_RepcoBasicDetails"/>
  <testcase name="basicDetails" time="160.281" classname="com.Repco.tc.TC003_RepcoBasicDetails"/>
  <testcase name="basicDetails" time="160.246" classname="com.Repco.tc.TC003_RepcoBasicDetails"/>
  <testcase name="basicDetails" time="188.194" classname="com.Repco.tc.TC003_RepcoBasicDetails"/>
  <testcase name="basicDetails" time="160.567" classname="com.Repco.tc.TC003_RepcoBasicDetails"/>
  <testcase name="basicDetails" time="160.578" classname="com.Repco.tc.TC003_RepcoBasicDetails"/>
  <testcase name="basicDetails" time="160.755" classname="com.Repco.tc.TC003_RepcoBasicDetails"/>
  <testcase name="basicDetails" time="161.946" classname="com.Repco.tc.TC003_RepcoBasicDetails"/>
  <testcase name="basicDetails" time="159.604" classname="com.Repco.tc.TC003_RepcoBasicDetails"/>
  <testcase name="basicDetails" time="160.709" classname="com.Repco.tc.TC003_RepcoBasicDetails"/>
  <testcase name="basicDetails" time="160.508" classname="com.Repco.tc.TC003_RepcoBasicDetails"/>
  <testcase name="basicDetails" time="161.533" classname="com.Repco.tc.TC003_RepcoBasicDetails"/>
  <testcase name="basicDetails" time="160.893" classname="com.Repco.tc.TC003_RepcoBasicDetails"/>
  <testcase name="basicDetails" time="160.639" classname="com.Repco.tc.TC003_RepcoBasicDetails"/>
  <testcase name="basicDetails" time="160.711" classname="com.Repco.tc.TC003_RepcoBasicDetails"/>
  <testcase name="basicDetails" time="160.533" classname="com.Repco.tc.TC003_RepcoBasicDetails"/>
  <testcase name="basicDetails" time="12.336" classname="com.Repco.tc.TC003_RepcoBasicDetails">
    <error type="org.openqa.selenium.InvalidElementStateException" message="invalid element state: Element is not currently interactable and may not be manipulated
  (Session info: chrome=106.0.5249.119)
Build info: version: &#039;3.141.0&#039;, revision: &#039;2ecb7d9a&#039;, time: &#039;2018-10-31T20:09:30&#039;
System info: host: &#039;MAA014482B&#039;, ip: &#039;124.7.228.19&#039;, os.name: &#039;Windows 10&#039;, os.arch: &#039;amd64&#039;, os.version: &#039;10.0&#039;, java.version: &#039;1.8.0_131&#039;
Driver info: org.openqa.selenium.chrome.ChromeDriver
Capabilities {acceptInsecureCerts: false, browserName: chrome, browserVersion: 106.0.5249.119, chrome: {chromedriverVersion: 106.0.5249.61 (511755355844..., userDataDir: C:\Users\016386\AppData\Loc...}, goog:chromeOptions: {debuggerAddress: localhost:56042}, javascriptEnabled: true, networkConnectionEnabled: false, pageLoadStrategy: normal, platform: WINDOWS, platformName: WINDOWS, proxy: Proxy(), setWindowRect: true, strictFileInteractability: false, timeouts: {implicit: 0, pageLoad: 300000, script: 30000}, unhandledPromptBehavior: dismiss and notify, webauthn:extension:credBlob: true, webauthn:extension:largeBlob: true, webauthn:virtualAuthenticators: true}
Session ID: 126ab8304ddbb8c590c1de37bf9191f5">
      <![CDATA[org.openqa.selenium.InvalidElementStateException: invalid element state: Element is not currently interactable and may not be manipulated
  (Session info: chrome=106.0.5249.119)
Build info: version: '3.141.0', revision: '2ecb7d9a', time: '2018-10-31T20:09:30'
System info: host: 'MAA014482B', ip: '124.7.228.19', os.name: 'Windows 10', os.arch: 'amd64', os.version: '10.0', java.version: '1.8.0_131'
Driver info: org.openqa.selenium.chrome.ChromeDriver
Capabilities {acceptInsecureCerts: false, browserName: chrome, browserVersion: 106.0.5249.119, chrome: {chromedriverVersion: 106.0.5249.61 (511755355844..., userDataDir: C:\Users\016386\AppData\Loc...}, goog:chromeOptions: {debuggerAddress: localhost:56042}, javascriptEnabled: true, networkConnectionEnabled: false, pageLoadStrategy: normal, platform: WINDOWS, platformName: WINDOWS, proxy: Proxy(), setWindowRect: true, strictFileInteractability: false, timeouts: {implicit: 0, pageLoad: 300000, script: 30000}, unhandledPromptBehavior: dismiss and notify, webauthn:extension:credBlob: true, webauthn:extension:largeBlob: true, webauthn:virtualAuthenticators: true}
Session ID: 126ab8304ddbb8c590c1de37bf9191f5
at sun.reflect.NativeConstructorAccessorImpl.newInstance0(Native Method)
at sun.reflect.NativeConstructorAccessorImpl.newInstance(Unknown Source)
at sun.reflect.DelegatingConstructorAccessorImpl.newInstance(Unknown Source)
at java.lang.reflect.Constructor.newInstance(Unknown Source)
at org.openqa.selenium.remote.http.W3CHttpResponseCodec.createException(W3CHttpResponseCodec.java:187)
at org.openqa.selenium.remote.http.W3CHttpResponseCodec.decode(W3CHttpResponseCodec.java:122)
at org.openqa.selenium.remote.http.W3CHttpResponseCodec.decode(W3CHttpResponseCodec.java:49)
at org.openqa.selenium.remote.HttpCommandExecutor.execute(HttpCommandExecutor.java:158)
at org.openqa.selenium.remote.service.DriverCommandExecutor.execute(DriverCommandExecutor.java:83)
at org.openqa.selenium.remote.RemoteWebDriver.execute(RemoteWebDriver.java:552)
at org.openqa.selenium.remote.RemoteWebElement.execute(RemoteWebElement.java:285)
at org.openqa.selenium.remote.RemoteWebElement.clear(RemoteWebElement.java:124)
at com.ibps.pages.PersonalDetailsPage.inputTextId(PersonalDetailsPage.java:426)
at com.Repco.tc.TC003_RepcoBasicDetails.basicDetails(TC003_RepcoBasicDetails.java:51)
at sun.reflect.GeneratedMethodAccessor6.invoke(Unknown Source)
at sun.reflect.DelegatingMethodAccessorImpl.invoke(Unknown Source)
at java.lang.reflect.Method.invoke(Unknown Source)
at org.testng.internal.MethodInvocationHelper.invokeMethod(MethodInvocationHelper.java:133)
at org.testng.internal.TestInvoker.invokeMethod(TestInvoker.java:584)
at org.testng.internal.TestInvoker.invokeTestMethod(TestInvoker.java:172)
at org.testng.internal.MethodRunner.runInSequence(MethodRunner.java:46)
at org.testng.internal.TestInvoker$MethodInvocationAgent.invoke(TestInvoker.java:804)
at org.testng.internal.TestInvoker.invokeTestMethods(TestInvoker.java:145)
at org.testng.internal.TestMethodWorker.invokeTestMethods(TestMethodWorker.java:146)
at org.testng.internal.TestMethodWorker.run(TestMethodWorker.java:128)
at java.util.concurrent.ThreadPoolExecutor.runWorker(Unknown Source)
at java.util.concurrent.ThreadPoolExecutor$Worker.run(Unknown Source)
at java.lang.Thread.run(Unknown Source)
]]>
    </error>
  </testcase> <!-- basicDetails -->
  <testcase name="basicDetails" time="160.760" classname="com.Repco.tc.TC003_RepcoBasicDetails"/>
  <testcase name="basicDetails" time="160.472" classname="com.Repco.tc.TC003_RepcoBasicDetails"/>
  <testcase name="basicDetails" time="160.772" classname="com.Repco.tc.TC003_RepcoBasicDetails"/>
  <testcase name="basicDetails" time="160.764" classname="com.Repco.tc.TC003_RepcoBasicDetails"/>
  <testcase name="basicDetails" time="160.655" classname="com.Repco.tc.TC003_RepcoBasicDetails"/>
  <testcase name="basicDetails" time="159.838" classname="com.Repco.tc.TC003_RepcoBasicDetails"/>
  <testcase name="basicDetails" time="161.062" classname="com.Repco.tc.TC003_RepcoBasicDetails"/>
  <testcase name="basicDetails" time="160.381" classname="com.Repco.tc.TC003_RepcoBasicDetails"/>
  <testcase name="basicDetails" time="160.890" classname="com.Repco.tc.TC003_RepcoBasicDetails"/>
  <testcase name="basicDetails" time="160.566" classname="com.Repco.tc.TC003_RepcoBasicDetails"/>
  <testcase name="basicDetails" time="160.525" classname="com.Repco.tc.TC003_RepcoBasicDetails"/>
  <testcase name="basicDetails" time="159.911" classname="com.Repco.tc.TC003_RepcoBasicDetails"/>
  <testcase name="basicDetails" time="159.032" classname="com.Repco.tc.TC003_RepcoBasicDetails"/>
  <testcase name="basicDetails" time="160.445" classname="com.Repco.tc.TC003_RepcoBasicDetails"/>
  <testcase name="basicDetails" time="12.322" classname="com.Repco.tc.TC003_RepcoBasicDetails">
    <error type="org.openqa.selenium.InvalidElementStateException" message="invalid element state: Element is not currently interactable and may not be manipulated
  (Session info: chrome=106.0.5249.119)
Build info: version: &#039;3.141.0&#039;, revision: &#039;2ecb7d9a&#039;, time: &#039;2018-10-31T20:09:30&#039;
System info: host: &#039;MAA014482B&#039;, ip: &#039;124.7.228.19&#039;, os.name: &#039;Windows 10&#039;, os.arch: &#039;amd64&#039;, os.version: &#039;10.0&#039;, java.version: &#039;1.8.0_131&#039;
Driver info: org.openqa.selenium.chrome.ChromeDriver
Capabilities {acceptInsecureCerts: false, browserName: chrome, browserVersion: 106.0.5249.119, chrome: {chromedriverVersion: 106.0.5249.61 (511755355844..., userDataDir: C:\Users\016386\AppData\Loc...}, goog:chromeOptions: {debuggerAddress: localhost:56042}, javascriptEnabled: true, networkConnectionEnabled: false, pageLoadStrategy: normal, platform: WINDOWS, platformName: WINDOWS, proxy: Proxy(), setWindowRect: true, strictFileInteractability: false, timeouts: {implicit: 0, pageLoad: 300000, script: 30000}, unhandledPromptBehavior: dismiss and notify, webauthn:extension:credBlob: true, webauthn:extension:largeBlob: true, webauthn:virtualAuthenticators: true}
Session ID: 126ab8304ddbb8c590c1de37bf9191f5">
      <![CDATA[org.openqa.selenium.InvalidElementStateException: invalid element state: Element is not currently interactable and may not be manipulated
  (Session info: chrome=106.0.5249.119)
Build info: version: '3.141.0', revision: '2ecb7d9a', time: '2018-10-31T20:09:30'
System info: host: 'MAA014482B', ip: '124.7.228.19', os.name: 'Windows 10', os.arch: 'amd64', os.version: '10.0', java.version: '1.8.0_131'
Driver info: org.openqa.selenium.chrome.ChromeDriver
Capabilities {acceptInsecureCerts: false, browserName: chrome, browserVersion: 106.0.5249.119, chrome: {chromedriverVersion: 106.0.5249.61 (511755355844..., userDataDir: C:\Users\016386\AppData\Loc...}, goog:chromeOptions: {debuggerAddress: localhost:56042}, javascriptEnabled: true, networkConnectionEnabled: false, pageLoadStrategy: normal, platform: WINDOWS, platformName: WINDOWS, proxy: Proxy(), setWindowRect: true, strictFileInteractability: false, timeouts: {implicit: 0, pageLoad: 300000, script: 30000}, unhandledPromptBehavior: dismiss and notify, webauthn:extension:credBlob: true, webauthn:extension:largeBlob: true, webauthn:virtualAuthenticators: true}
Session ID: 126ab8304ddbb8c590c1de37bf9191f5
at sun.reflect.NativeConstructorAccessorImpl.newInstance0(Native Method)
at sun.reflect.NativeConstructorAccessorImpl.newInstance(Unknown Source)
at sun.reflect.DelegatingConstructorAccessorImpl.newInstance(Unknown Source)
at java.lang.reflect.Constructor.newInstance(Unknown Source)
at org.openqa.selenium.remote.http.W3CHttpResponseCodec.createException(W3CHttpResponseCodec.java:187)
at org.openqa.selenium.remote.http.W3CHttpResponseCodec.decode(W3CHttpResponseCodec.java:122)
at org.openqa.selenium.remote.http.W3CHttpResponseCodec.decode(W3CHttpResponseCodec.java:49)
at org.openqa.selenium.remote.HttpCommandExecutor.execute(HttpCommandExecutor.java:158)
at org.openqa.selenium.remote.service.DriverCommandExecutor.execute(DriverCommandExecutor.java:83)
at org.openqa.selenium.remote.RemoteWebDriver.execute(RemoteWebDriver.java:552)
at org.openqa.selenium.remote.RemoteWebElement.execute(RemoteWebElement.java:285)
at org.openqa.selenium.remote.RemoteWebElement.clear(RemoteWebElement.java:124)
at com.ibps.pages.PersonalDetailsPage.inputTextId(PersonalDetailsPage.java:426)
at com.Repco.tc.TC003_RepcoBasicDetails.basicDetails(TC003_RepcoBasicDetails.java:51)
at sun.reflect.GeneratedMethodAccessor6.invoke(Unknown Source)
at sun.reflect.DelegatingMethodAccessorImpl.invoke(Unknown Source)
at java.lang.reflect.Method.invoke(Unknown Source)
at org.testng.internal.MethodInvocationHelper.invokeMethod(MethodInvocationHelper.java:133)
at org.testng.internal.TestInvoker.invokeMethod(TestInvoker.java:584)
at org.testng.internal.TestInvoker.invokeTestMethod(TestInvoker.java:172)
at org.testng.internal.MethodRunner.runInSequence(MethodRunner.java:46)
at org.testng.internal.TestInvoker$MethodInvocationAgent.invoke(TestInvoker.java:804)
at org.testng.internal.TestInvoker.invokeTestMethods(TestInvoker.java:145)
at org.testng.internal.TestMethodWorker.invokeTestMethods(TestMethodWorker.java:146)
at org.testng.internal.TestMethodWorker.run(TestMethodWorker.java:128)
at java.util.concurrent.ThreadPoolExecutor.runWorker(Unknown Source)
at java.util.concurrent.ThreadPoolExecutor$Worker.run(Unknown Source)
at java.lang.Thread.run(Unknown Source)
]]>
    </error>
  </testcase> <!-- basicDetails -->
  <testcase name="basicDetails" time="160.928" classname="com.Repco.tc.TC003_RepcoBasicDetails"/>
</testsuite> <!-- com.Repco.tc.TC003_RepcoBasicDetails -->
