<?xml version="1.0" encoding="UTF-8"?>
<!-- Generated by org.testng.reporters.JUnitReportReporter -->
<testsuite skipped="0" hostname="MAA014482B" name="com.RBI1Feb22.tc.TC005_RBIBasicDetails" tests="84" failures="0" timestamp="2022-02-14T17:20:23 IST" time="11178.554" errors="2">
  <testcase name="basicDetails" time="133.585" classname="com.RBI1Feb22.tc.TC005_RBIBasicDetails"/>
  <testcase name="basicDetails" time="133.608" classname="com.RBI1Feb22.tc.TC005_RBIBasicDetails"/>
  <testcase name="basicDetails" time="135.046" classname="com.RBI1Feb22.tc.TC005_RBIBasicDetails"/>
  <testcase name="basicDetails" time="135.120" classname="com.RBI1Feb22.tc.TC005_RBIBasicDetails"/>
  <testcase name="basicDetails" time="134.689" classname="com.RBI1Feb22.tc.TC005_RBIBasicDetails"/>
  <testcase name="basicDetails" time="135.107" classname="com.RBI1Feb22.tc.TC005_RBIBasicDetails"/>
  <testcase name="basicDetails" time="134.343" classname="com.RBI1Feb22.tc.TC005_RBIBasicDetails"/>
  <testcase name="basicDetails" time="135.371" classname="com.RBI1Feb22.tc.TC005_RBIBasicDetails"/>
  <testcase name="basicDetails" time="134.203" classname="com.RBI1Feb22.tc.TC005_RBIBasicDetails"/>
  <testcase name="basicDetails" time="134.796" classname="com.RBI1Feb22.tc.TC005_RBIBasicDetails"/>
  <testcase name="basicDetails" time="134.281" classname="com.RBI1Feb22.tc.TC005_RBIBasicDetails"/>
  <testcase name="basicDetails" time="135.786" classname="com.RBI1Feb22.tc.TC005_RBIBasicDetails"/>
  <testcase name="basicDetails" time="134.889" classname="com.RBI1Feb22.tc.TC005_RBIBasicDetails"/>
  <testcase name="basicDetails" time="135.070" classname="com.RBI1Feb22.tc.TC005_RBIBasicDetails"/>
  <testcase name="basicDetails" time="134.921" classname="com.RBI1Feb22.tc.TC005_RBIBasicDetails"/>
  <testcase name="basicDetails" time="135.271" classname="com.RBI1Feb22.tc.TC005_RBIBasicDetails"/>
  <testcase name="basicDetails" time="133.538" classname="com.RBI1Feb22.tc.TC005_RBIBasicDetails"/>
  <testcase name="basicDetails" time="135.183" classname="com.RBI1Feb22.tc.TC005_RBIBasicDetails"/>
  <testcase name="basicDetails" time="135.024" classname="com.RBI1Feb22.tc.TC005_RBIBasicDetails"/>
  <testcase name="basicDetails" time="134.156" classname="com.RBI1Feb22.tc.TC005_RBIBasicDetails"/>
  <testcase name="basicDetails" time="134.956" classname="com.RBI1Feb22.tc.TC005_RBIBasicDetails"/>
  <testcase name="basicDetails" time="133.715" classname="com.RBI1Feb22.tc.TC005_RBIBasicDetails"/>
  <testcase name="basicDetails" time="134.231" classname="com.RBI1Feb22.tc.TC005_RBIBasicDetails"/>
  <testcase name="basicDetails" time="135.048" classname="com.RBI1Feb22.tc.TC005_RBIBasicDetails"/>
  <testcase name="basicDetails" time="135.121" classname="com.RBI1Feb22.tc.TC005_RBIBasicDetails"/>
  <testcase name="basicDetails" time="133.971" classname="com.RBI1Feb22.tc.TC005_RBIBasicDetails"/>
  <testcase name="basicDetails" time="135.164" classname="com.RBI1Feb22.tc.TC005_RBIBasicDetails"/>
  <testcase name="basicDetails" time="133.612" classname="com.RBI1Feb22.tc.TC005_RBIBasicDetails"/>
  <testcase name="basicDetails" time="136.018" classname="com.RBI1Feb22.tc.TC005_RBIBasicDetails"/>
  <testcase name="basicDetails" time="39.255" classname="com.RBI1Feb22.tc.TC005_RBIBasicDetails">
    <error type="org.openqa.selenium.UnhandledAlertException" message="unexpected alert open: {Alert text : Date Of Birth should be between 02/02/1972 to 01/02/2002}
  (Session info: chrome=98.0.4758.82): Date Of Birth should be between 02/02/1972 to 01/02/2002
Build info: version: &#039;3.141.0&#039;, revision: &#039;2ecb7d9a&#039;, time: &#039;2018-10-31T20:09:30&#039;
System info: host: &#039;MAA014482B&#039;, ip: &#039;124.7.228.141&#039;, os.name: &#039;Windows 10&#039;, os.arch: &#039;amd64&#039;, os.version: &#039;10.0&#039;, java.version: &#039;1.8.0_131&#039;
Driver info: org.openqa.selenium.chrome.ChromeDriver
Capabilities {acceptInsecureCerts: false, browserName: chrome, browserVersion: 98.0.4758.82, chrome: {chromedriverVersion: 97.0.4692.71 (adefa7837d02a..., userDataDir: C:\Users\016386\AppData\Loc...}, goog:chromeOptions: {debuggerAddress: localhost:58077}, javascriptEnabled: true, networkConnectionEnabled: false, pageLoadStrategy: normal, platform: WINDOWS, platformName: WINDOWS, proxy: Proxy(), setWindowRect: true, strictFileInteractability: false, timeouts: {implicit: 0, pageLoad: 300000, script: 30000}, unhandledPromptBehavior: dismiss and notify, webauthn:extension:credBlob: true, webauthn:extension:largeBlob: true, webauthn:virtualAuthenticators: true}
Session ID: 35f758b2a24a92a1d96159947a948bd8
*** Element info: {Using=xpath, value=.//*[starts-with(@id,&#039;err_seldob&#039;)]}">
      <![CDATA[org.openqa.selenium.UnhandledAlertException: unexpected alert open: {Alert text : Date Of Birth should be between 02/02/1972 to 01/02/2002}
  (Session info: chrome=98.0.4758.82): Date Of Birth should be between 02/02/1972 to 01/02/2002
Build info: version: '3.141.0', revision: '2ecb7d9a', time: '2018-10-31T20:09:30'
System info: host: 'MAA014482B', ip: '124.7.228.141', os.name: 'Windows 10', os.arch: 'amd64', os.version: '10.0', java.version: '1.8.0_131'
Driver info: org.openqa.selenium.chrome.ChromeDriver
Capabilities {acceptInsecureCerts: false, browserName: chrome, browserVersion: 98.0.4758.82, chrome: {chromedriverVersion: 97.0.4692.71 (adefa7837d02a..., userDataDir: C:\Users\016386\AppData\Loc...}, goog:chromeOptions: {debuggerAddress: localhost:58077}, javascriptEnabled: true, networkConnectionEnabled: false, pageLoadStrategy: normal, platform: WINDOWS, platformName: WINDOWS, proxy: Proxy(), setWindowRect: true, strictFileInteractability: false, timeouts: {implicit: 0, pageLoad: 300000, script: 30000}, unhandledPromptBehavior: dismiss and notify, webauthn:extension:credBlob: true, webauthn:extension:largeBlob: true, webauthn:virtualAuthenticators: true}
Session ID: 35f758b2a24a92a1d96159947a948bd8
*** Element info: {Using=xpath, value=.//*[starts-with(@id,'err_seldob')]}
at org.openqa.selenium.remote.http.W3CHttpResponseCodec.decode(W3CHttpResponseCodec.java:120)
at org.openqa.selenium.remote.http.W3CHttpResponseCodec.decode(W3CHttpResponseCodec.java:49)
at org.openqa.selenium.remote.HttpCommandExecutor.execute(HttpCommandExecutor.java:158)
at org.openqa.selenium.remote.service.DriverCommandExecutor.execute(DriverCommandExecutor.java:83)
at org.openqa.selenium.remote.RemoteWebDriver.execute(RemoteWebDriver.java:552)
at org.openqa.selenium.remote.RemoteWebDriver.findElements(RemoteWebDriver.java:353)
at org.openqa.selenium.remote.RemoteWebDriver.findElementsByXPath(RemoteWebDriver.java:432)
at org.openqa.selenium.By$ByXPath.findElements(By.java:348)
at org.openqa.selenium.remote.RemoteWebDriver.findElements(RemoteWebDriver.java:311)
at lib.selenium.WebDriverServiceImpl.noagealert(WebDriverServiceImpl.java:761)
at lib.selenium.WebDriverServiceImpl.agevalidator_max(WebDriverServiceImpl.java:844)
at com.ibps.pages.PersonalDetailsPage.ageValidatorMax(PersonalDetailsPage.java:309)
at com.RBI1Feb22.tc.TC005_RBIBasicDetails.basicDetails(TC005_RBIBasicDetails.java:71)
at sun.reflect.GeneratedMethodAccessor4.invoke(Unknown Source)
at sun.reflect.DelegatingMethodAccessorImpl.invoke(Unknown Source)
at java.lang.reflect.Method.invoke(Unknown Source)
at org.testng.internal.MethodInvocationHelper.invokeMethod(MethodInvocationHelper.java:133)
at org.testng.internal.TestInvoker.invokeMethod(TestInvoker.java:584)
at org.testng.internal.TestInvoker.invokeTestMethod(TestInvoker.java:172)
at org.testng.internal.MethodRunner.runInSequence(MethodRunner.java:46)
at org.testng.internal.TestInvoker$MethodInvocationAgent.invoke(TestInvoker.java:804)
at org.testng.internal.TestInvoker.invokeTestMethods(TestInvoker.java:145)
at org.testng.internal.TestMethodWorker.invokeTestMethods(TestMethodWorker.java:146)
at org.testng.internal.TestMethodWorker.run(TestMethodWorker.java:128)
at java.util.concurrent.ThreadPoolExecutor.runWorker(Unknown Source)
at java.util.concurrent.ThreadPoolExecutor$Worker.run(Unknown Source)
at java.lang.Thread.run(Unknown Source)
]]>
    </error>
  </testcase> <!-- basicDetails -->
  <testcase name="basicDetails" time="135.412" classname="com.RBI1Feb22.tc.TC005_RBIBasicDetails"/>
  <testcase name="basicDetails" time="133.505" classname="com.RBI1Feb22.tc.TC005_RBIBasicDetails"/>
  <testcase name="basicDetails" time="133.870" classname="com.RBI1Feb22.tc.TC005_RBIBasicDetails"/>
  <testcase name="basicDetails" time="134.076" classname="com.RBI1Feb22.tc.TC005_RBIBasicDetails"/>
  <testcase name="basicDetails" time="135.306" classname="com.RBI1Feb22.tc.TC005_RBIBasicDetails"/>
  <testcase name="basicDetails" time="134.205" classname="com.RBI1Feb22.tc.TC005_RBIBasicDetails"/>
  <testcase name="basicDetails" time="135.558" classname="com.RBI1Feb22.tc.TC005_RBIBasicDetails"/>
  <testcase name="basicDetails" time="134.373" classname="com.RBI1Feb22.tc.TC005_RBIBasicDetails"/>
  <testcase name="basicDetails" time="133.935" classname="com.RBI1Feb22.tc.TC005_RBIBasicDetails"/>
  <testcase name="basicDetails" time="134.296" classname="com.RBI1Feb22.tc.TC005_RBIBasicDetails"/>
  <testcase name="basicDetails" time="135.343" classname="com.RBI1Feb22.tc.TC005_RBIBasicDetails"/>
  <testcase name="basicDetails" time="135.553" classname="com.RBI1Feb22.tc.TC005_RBIBasicDetails"/>
  <testcase name="basicDetails" time="135.101" classname="com.RBI1Feb22.tc.TC005_RBIBasicDetails"/>
  <testcase name="basicDetails" time="134.198" classname="com.RBI1Feb22.tc.TC005_RBIBasicDetails"/>
  <testcase name="basicDetails" time="133.919" classname="com.RBI1Feb22.tc.TC005_RBIBasicDetails"/>
  <testcase name="basicDetails" time="134.395" classname="com.RBI1Feb22.tc.TC005_RBIBasicDetails"/>
  <testcase name="basicDetails" time="134.986" classname="com.RBI1Feb22.tc.TC005_RBIBasicDetails"/>
  <testcase name="basicDetails" time="134.773" classname="com.RBI1Feb22.tc.TC005_RBIBasicDetails"/>
  <testcase name="basicDetails" time="134.974" classname="com.RBI1Feb22.tc.TC005_RBIBasicDetails"/>
  <testcase name="basicDetails" time="133.700" classname="com.RBI1Feb22.tc.TC005_RBIBasicDetails"/>
  <testcase name="basicDetails" time="134.455" classname="com.RBI1Feb22.tc.TC005_RBIBasicDetails"/>
  <testcase name="basicDetails" time="135.009" classname="com.RBI1Feb22.tc.TC005_RBIBasicDetails"/>
  <testcase name="basicDetails" time="135.067" classname="com.RBI1Feb22.tc.TC005_RBIBasicDetails"/>
  <testcase name="basicDetails" time="134.686" classname="com.RBI1Feb22.tc.TC005_RBIBasicDetails"/>
  <testcase name="basicDetails" time="135.381" classname="com.RBI1Feb22.tc.TC005_RBIBasicDetails"/>
  <testcase name="basicDetails" time="134.161" classname="com.RBI1Feb22.tc.TC005_RBIBasicDetails"/>
  <testcase name="basicDetails" time="133.708" classname="com.RBI1Feb22.tc.TC005_RBIBasicDetails"/>
  <testcase name="basicDetails" time="134.107" classname="com.RBI1Feb22.tc.TC005_RBIBasicDetails"/>
  <testcase name="basicDetails" time="135.554" classname="com.RBI1Feb22.tc.TC005_RBIBasicDetails"/>
  <testcase name="basicDetails" time="134.696" classname="com.RBI1Feb22.tc.TC005_RBIBasicDetails"/>
  <testcase name="basicDetails" time="135.471" classname="com.RBI1Feb22.tc.TC005_RBIBasicDetails"/>
  <testcase name="basicDetails" time="137.390" classname="com.RBI1Feb22.tc.TC005_RBIBasicDetails"/>
  <testcase name="basicDetails" time="133.532" classname="com.RBI1Feb22.tc.TC005_RBIBasicDetails"/>
  <testcase name="basicDetails" time="134.980" classname="com.RBI1Feb22.tc.TC005_RBIBasicDetails"/>
  <testcase name="basicDetails" time="134.156" classname="com.RBI1Feb22.tc.TC005_RBIBasicDetails"/>
  <testcase name="basicDetails" time="99.387" classname="com.RBI1Feb22.tc.TC005_RBIBasicDetails">
    <error type="org.openqa.selenium.UnhandledAlertException" message="unexpected alert open: {Alert text : Date Of Birth should be between 02/02/1962 to 01/02/2002}
  (Session info: chrome=98.0.4758.82): Date Of Birth should be between 02/02/1962 to 01/02/2002
Build info: version: &#039;3.141.0&#039;, revision: &#039;2ecb7d9a&#039;, time: &#039;2018-10-31T20:09:30&#039;
System info: host: &#039;MAA014482B&#039;, ip: &#039;124.7.228.141&#039;, os.name: &#039;Windows 10&#039;, os.arch: &#039;amd64&#039;, os.version: &#039;10.0&#039;, java.version: &#039;1.8.0_131&#039;
Driver info: org.openqa.selenium.chrome.ChromeDriver
Capabilities {acceptInsecureCerts: false, browserName: chrome, browserVersion: 98.0.4758.82, chrome: {chromedriverVersion: 97.0.4692.71 (adefa7837d02a..., userDataDir: C:\Users\016386\AppData\Loc...}, goog:chromeOptions: {debuggerAddress: localhost:58077}, javascriptEnabled: true, networkConnectionEnabled: false, pageLoadStrategy: normal, platform: WINDOWS, platformName: WINDOWS, proxy: Proxy(), setWindowRect: true, strictFileInteractability: false, timeouts: {implicit: 0, pageLoad: 300000, script: 30000}, unhandledPromptBehavior: dismiss and notify, webauthn:extension:credBlob: true, webauthn:extension:largeBlob: true, webauthn:virtualAuthenticators: true}
Session ID: 35f758b2a24a92a1d96159947a948bd8
*** Element info: {Using=xpath, value=.//*[starts-with(@id,&#039;err_seldob&#039;)]}">
      <![CDATA[org.openqa.selenium.UnhandledAlertException: unexpected alert open: {Alert text : Date Of Birth should be between 02/02/1962 to 01/02/2002}
  (Session info: chrome=98.0.4758.82): Date Of Birth should be between 02/02/1962 to 01/02/2002
Build info: version: '3.141.0', revision: '2ecb7d9a', time: '2018-10-31T20:09:30'
System info: host: 'MAA014482B', ip: '124.7.228.141', os.name: 'Windows 10', os.arch: 'amd64', os.version: '10.0', java.version: '1.8.0_131'
Driver info: org.openqa.selenium.chrome.ChromeDriver
Capabilities {acceptInsecureCerts: false, browserName: chrome, browserVersion: 98.0.4758.82, chrome: {chromedriverVersion: 97.0.4692.71 (adefa7837d02a..., userDataDir: C:\Users\016386\AppData\Loc...}, goog:chromeOptions: {debuggerAddress: localhost:58077}, javascriptEnabled: true, networkConnectionEnabled: false, pageLoadStrategy: normal, platform: WINDOWS, platformName: WINDOWS, proxy: Proxy(), setWindowRect: true, strictFileInteractability: false, timeouts: {implicit: 0, pageLoad: 300000, script: 30000}, unhandledPromptBehavior: dismiss and notify, webauthn:extension:credBlob: true, webauthn:extension:largeBlob: true, webauthn:virtualAuthenticators: true}
Session ID: 35f758b2a24a92a1d96159947a948bd8
*** Element info: {Using=xpath, value=.//*[starts-with(@id,'err_seldob')]}
at org.openqa.selenium.remote.http.W3CHttpResponseCodec.decode(W3CHttpResponseCodec.java:120)
at org.openqa.selenium.remote.http.W3CHttpResponseCodec.decode(W3CHttpResponseCodec.java:49)
at org.openqa.selenium.remote.HttpCommandExecutor.execute(HttpCommandExecutor.java:158)
at org.openqa.selenium.remote.service.DriverCommandExecutor.execute(DriverCommandExecutor.java:83)
at org.openqa.selenium.remote.RemoteWebDriver.execute(RemoteWebDriver.java:552)
at org.openqa.selenium.remote.RemoteWebDriver.findElements(RemoteWebDriver.java:353)
at org.openqa.selenium.remote.RemoteWebDriver.findElementsByXPath(RemoteWebDriver.java:432)
at org.openqa.selenium.By$ByXPath.findElements(By.java:348)
at org.openqa.selenium.remote.RemoteWebDriver.findElements(RemoteWebDriver.java:311)
at lib.selenium.WebDriverServiceImpl.noagealert(WebDriverServiceImpl.java:761)
at lib.selenium.WebDriverServiceImpl.agevalidator_min(WebDriverServiceImpl.java:919)
at com.ibps.pages.PersonalDetailsPage.ageValidatorMin(PersonalDetailsPage.java:313)
at com.RBI1Feb22.tc.TC005_RBIBasicDetails.basicDetails(TC005_RBIBasicDetails.java:72)
at sun.reflect.GeneratedMethodAccessor4.invoke(Unknown Source)
at sun.reflect.DelegatingMethodAccessorImpl.invoke(Unknown Source)
at java.lang.reflect.Method.invoke(Unknown Source)
at org.testng.internal.MethodInvocationHelper.invokeMethod(MethodInvocationHelper.java:133)
at org.testng.internal.TestInvoker.invokeMethod(TestInvoker.java:584)
at org.testng.internal.TestInvoker.invokeTestMethod(TestInvoker.java:172)
at org.testng.internal.MethodRunner.runInSequence(MethodRunner.java:46)
at org.testng.internal.TestInvoker$MethodInvocationAgent.invoke(TestInvoker.java:804)
at org.testng.internal.TestInvoker.invokeTestMethods(TestInvoker.java:145)
at org.testng.internal.TestMethodWorker.invokeTestMethods(TestMethodWorker.java:146)
at org.testng.internal.TestMethodWorker.run(TestMethodWorker.java:128)
at java.util.concurrent.ThreadPoolExecutor.runWorker(Unknown Source)
at java.util.concurrent.ThreadPoolExecutor$Worker.run(Unknown Source)
at java.lang.Thread.run(Unknown Source)
]]>
    </error>
  </testcase> <!-- basicDetails -->
  <testcase name="basicDetails" time="134.158" classname="com.RBI1Feb22.tc.TC005_RBIBasicDetails"/>
  <testcase name="basicDetails" time="134.948" classname="com.RBI1Feb22.tc.TC005_RBIBasicDetails"/>
  <testcase name="basicDetails" time="133.778" classname="com.RBI1Feb22.tc.TC005_RBIBasicDetails"/>
  <testcase name="basicDetails" time="133.562" classname="com.RBI1Feb22.tc.TC005_RBIBasicDetails"/>
  <testcase name="basicDetails" time="133.677" classname="com.RBI1Feb22.tc.TC005_RBIBasicDetails"/>
  <testcase name="basicDetails" time="137.029" classname="com.RBI1Feb22.tc.TC005_RBIBasicDetails"/>
  <testcase name="basicDetails" time="133.537" classname="com.RBI1Feb22.tc.TC005_RBIBasicDetails"/>
  <testcase name="basicDetails" time="134.574" classname="com.RBI1Feb22.tc.TC005_RBIBasicDetails"/>
  <testcase name="basicDetails" time="134.992" classname="com.RBI1Feb22.tc.TC005_RBIBasicDetails"/>
  <testcase name="basicDetails" time="133.703" classname="com.RBI1Feb22.tc.TC005_RBIBasicDetails"/>
  <testcase name="basicDetails" time="134.537" classname="com.RBI1Feb22.tc.TC005_RBIBasicDetails"/>
  <testcase name="basicDetails" time="134.600" classname="com.RBI1Feb22.tc.TC005_RBIBasicDetails"/>
  <testcase name="basicDetails" time="136.203" classname="com.RBI1Feb22.tc.TC005_RBIBasicDetails"/>
  <testcase name="basicDetails" time="135.262" classname="com.RBI1Feb22.tc.TC005_RBIBasicDetails"/>
  <testcase name="basicDetails" time="134.774" classname="com.RBI1Feb22.tc.TC005_RBIBasicDetails"/>
  <testcase name="basicDetails" time="133.516" classname="com.RBI1Feb22.tc.TC005_RBIBasicDetails"/>
  <testcase name="basicDetails" time="133.506" classname="com.RBI1Feb22.tc.TC005_RBIBasicDetails"/>
  <testcase name="basicDetails" time="133.902" classname="com.RBI1Feb22.tc.TC005_RBIBasicDetails"/>
</testsuite> <!-- com.RBI1Feb22.tc.TC005_RBIBasicDetails -->
