<?xml version="1.0" encoding="UTF-8"?>
<!-- Generated by org.testng.reporters.JUnitReportReporter -->
<testsuite hostname="MAA011253A" failures="0" tests="121" name="com.canara.tc.TC002_CANARABasicDetails" time="13999.659" errors="6" timestamp="2020-11-23T19:27:20 IST" skipped="0">
  <testcase classname="com.canara.tc.TC002_CANARABasicDetails" name="basicDetails" time="121.499"/>
  <testcase classname="com.canara.tc.TC002_CANARABasicDetails" name="basicDetails" time="121.629"/>
  <testcase classname="com.canara.tc.TC002_CANARABasicDetails" name="basicDetails" time="121.081"/>
  <testcase classname="com.canara.tc.TC002_CANARABasicDetails" name="basicDetails" time="137.936"/>
  <testcase classname="com.canara.tc.TC002_CANARABasicDetails" name="basicDetails" time="121.209"/>
  <testcase classname="com.canara.tc.TC002_CANARABasicDetails" name="basicDetails" time="120.696"/>
  <testcase classname="com.canara.tc.TC002_CANARABasicDetails" name="basicDetails" time="121.150"/>
  <testcase classname="com.canara.tc.TC002_CANARABasicDetails" name="basicDetails" time="121.430"/>
  <testcase classname="com.canara.tc.TC002_CANARABasicDetails" name="basicDetails" time="121.479"/>
  <testcase classname="com.canara.tc.TC002_CANARABasicDetails" name="basicDetails" time="0.023">
    <error type="java.lang.NullPointerException">
      <![CDATA[java.lang.NullPointerException
at com.ibps.pages.PersonalDetailsPage.selectDropDownUsingIndexNew(PersonalDetailsPage.java:314)
at com.canara.tc.TC002_CANARABasicDetails.basicDetails(TC002_CANARABasicDetails.java:36)
at jdk.internal.reflect.GeneratedMethodAccessor6.invoke(Unknown Source)
at java.base/jdk.internal.reflect.DelegatingMethodAccessorImpl.invoke(Unknown Source)
at java.base/java.lang.reflect.Method.invoke(Unknown Source)
at org.testng.internal.MethodInvocationHelper.invokeMethod(MethodInvocationHelper.java:133)
at org.testng.internal.TestInvoker.invokeMethod(TestInvoker.java:584)
at org.testng.internal.TestInvoker.invokeTestMethod(TestInvoker.java:172)
at org.testng.internal.MethodRunner.runInSequence(MethodRunner.java:46)
at org.testng.internal.TestInvoker$MethodInvocationAgent.invoke(TestInvoker.java:804)
at org.testng.internal.TestInvoker.invokeTestMethods(TestInvoker.java:145)
at org.testng.internal.TestMethodWorker.invokeTestMethods(TestMethodWorker.java:146)
at org.testng.internal.TestMethodWorker.run(TestMethodWorker.java:128)
at java.base/java.util.concurrent.ThreadPoolExecutor.runWorker(Unknown Source)
at java.base/java.util.concurrent.ThreadPoolExecutor$Worker.run(Unknown Source)
at java.base/java.lang.Thread.run(Unknown Source)
]]>
    </error>
  </testcase> <!-- basicDetails -->
  <testcase classname="com.canara.tc.TC002_CANARABasicDetails" name="basicDetails" time="122.047"/>
  <testcase classname="com.canara.tc.TC002_CANARABasicDetails" name="basicDetails" time="121.713"/>
  <testcase classname="com.canara.tc.TC002_CANARABasicDetails" name="basicDetails" time="121.140"/>
  <testcase classname="com.canara.tc.TC002_CANARABasicDetails" name="basicDetails" time="120.769"/>
  <testcase classname="com.canara.tc.TC002_CANARABasicDetails" name="basicDetails" time="121.626"/>
  <testcase classname="com.canara.tc.TC002_CANARABasicDetails" name="basicDetails" time="120.646"/>
  <testcase classname="com.canara.tc.TC002_CANARABasicDetails" name="basicDetails" time="135.255"/>
  <testcase classname="com.canara.tc.TC002_CANARABasicDetails" name="basicDetails" time="120.846"/>
  <testcase classname="com.canara.tc.TC002_CANARABasicDetails" name="basicDetails" time="121.120"/>
  <testcase classname="com.canara.tc.TC002_CANARABasicDetails" name="basicDetails" time="121.658"/>
  <testcase classname="com.canara.tc.TC002_CANARABasicDetails" name="basicDetails" time="121.656"/>
  <testcase classname="com.canara.tc.TC002_CANARABasicDetails" name="basicDetails" time="120.965"/>
  <testcase classname="com.canara.tc.TC002_CANARABasicDetails" name="basicDetails" time="0.014">
    <error type="java.lang.NullPointerException">
      <![CDATA[java.lang.NullPointerException
at com.ibps.pages.PersonalDetailsPage.selectDropDownUsingIndexNew(PersonalDetailsPage.java:314)
at com.canara.tc.TC002_CANARABasicDetails.basicDetails(TC002_CANARABasicDetails.java:36)
at jdk.internal.reflect.GeneratedMethodAccessor6.invoke(Unknown Source)
at java.base/jdk.internal.reflect.DelegatingMethodAccessorImpl.invoke(Unknown Source)
at java.base/java.lang.reflect.Method.invoke(Unknown Source)
at org.testng.internal.MethodInvocationHelper.invokeMethod(MethodInvocationHelper.java:133)
at org.testng.internal.TestInvoker.invokeMethod(TestInvoker.java:584)
at org.testng.internal.TestInvoker.invokeTestMethod(TestInvoker.java:172)
at org.testng.internal.MethodRunner.runInSequence(MethodRunner.java:46)
at org.testng.internal.TestInvoker$MethodInvocationAgent.invoke(TestInvoker.java:804)
at org.testng.internal.TestInvoker.invokeTestMethods(TestInvoker.java:145)
at org.testng.internal.TestMethodWorker.invokeTestMethods(TestMethodWorker.java:146)
at org.testng.internal.TestMethodWorker.run(TestMethodWorker.java:128)
at java.base/java.util.concurrent.ThreadPoolExecutor.runWorker(Unknown Source)
at java.base/java.util.concurrent.ThreadPoolExecutor$Worker.run(Unknown Source)
at java.base/java.lang.Thread.run(Unknown Source)
]]>
    </error>
  </testcase> <!-- basicDetails -->
  <testcase classname="com.canara.tc.TC002_CANARABasicDetails" name="basicDetails" time="120.474"/>
  <testcase classname="com.canara.tc.TC002_CANARABasicDetails" name="basicDetails" time="120.945"/>
  <testcase classname="com.canara.tc.TC002_CANARABasicDetails" name="basicDetails" time="120.966"/>
  <testcase classname="com.canara.tc.TC002_CANARABasicDetails" name="basicDetails" time="121.203"/>
  <testcase classname="com.canara.tc.TC002_CANARABasicDetails" name="basicDetails" time="121.585"/>
  <testcase classname="com.canara.tc.TC002_CANARABasicDetails" name="basicDetails" time="120.424"/>
  <testcase classname="com.canara.tc.TC002_CANARABasicDetails" name="basicDetails" time="0.010">
    <error type="java.lang.NullPointerException">
      <![CDATA[java.lang.NullPointerException
at com.ibps.pages.PersonalDetailsPage.selectDropDownUsingIndexNew(PersonalDetailsPage.java:314)
at com.canara.tc.TC002_CANARABasicDetails.basicDetails(TC002_CANARABasicDetails.java:36)
at jdk.internal.reflect.GeneratedMethodAccessor6.invoke(Unknown Source)
at java.base/jdk.internal.reflect.DelegatingMethodAccessorImpl.invoke(Unknown Source)
at java.base/java.lang.reflect.Method.invoke(Unknown Source)
at org.testng.internal.MethodInvocationHelper.invokeMethod(MethodInvocationHelper.java:133)
at org.testng.internal.TestInvoker.invokeMethod(TestInvoker.java:584)
at org.testng.internal.TestInvoker.invokeTestMethod(TestInvoker.java:172)
at org.testng.internal.MethodRunner.runInSequence(MethodRunner.java:46)
at org.testng.internal.TestInvoker$MethodInvocationAgent.invoke(TestInvoker.java:804)
at org.testng.internal.TestInvoker.invokeTestMethods(TestInvoker.java:145)
at org.testng.internal.TestMethodWorker.invokeTestMethods(TestMethodWorker.java:146)
at org.testng.internal.TestMethodWorker.run(TestMethodWorker.java:128)
at java.base/java.util.concurrent.ThreadPoolExecutor.runWorker(Unknown Source)
at java.base/java.util.concurrent.ThreadPoolExecutor$Worker.run(Unknown Source)
at java.base/java.lang.Thread.run(Unknown Source)
]]>
    </error>
  </testcase> <!-- basicDetails -->
  <testcase classname="com.canara.tc.TC002_CANARABasicDetails" name="basicDetails" time="121.321"/>
  <testcase classname="com.canara.tc.TC002_CANARABasicDetails" name="basicDetails" time="0.015">
    <error type="java.lang.NullPointerException">
      <![CDATA[java.lang.NullPointerException
at com.ibps.pages.PersonalDetailsPage.selectDropDownUsingIndexNew(PersonalDetailsPage.java:314)
at com.canara.tc.TC002_CANARABasicDetails.basicDetails(TC002_CANARABasicDetails.java:36)
at jdk.internal.reflect.GeneratedMethodAccessor6.invoke(Unknown Source)
at java.base/jdk.internal.reflect.DelegatingMethodAccessorImpl.invoke(Unknown Source)
at java.base/java.lang.reflect.Method.invoke(Unknown Source)
at org.testng.internal.MethodInvocationHelper.invokeMethod(MethodInvocationHelper.java:133)
at org.testng.internal.TestInvoker.invokeMethod(TestInvoker.java:584)
at org.testng.internal.TestInvoker.invokeTestMethod(TestInvoker.java:172)
at org.testng.internal.MethodRunner.runInSequence(MethodRunner.java:46)
at org.testng.internal.TestInvoker$MethodInvocationAgent.invoke(TestInvoker.java:804)
at org.testng.internal.TestInvoker.invokeTestMethods(TestInvoker.java:145)
at org.testng.internal.TestMethodWorker.invokeTestMethods(TestMethodWorker.java:146)
at org.testng.internal.TestMethodWorker.run(TestMethodWorker.java:128)
at java.base/java.util.concurrent.ThreadPoolExecutor.runWorker(Unknown Source)
at java.base/java.util.concurrent.ThreadPoolExecutor$Worker.run(Unknown Source)
at java.base/java.lang.Thread.run(Unknown Source)
]]>
    </error>
  </testcase> <!-- basicDetails -->
  <testcase classname="com.canara.tc.TC002_CANARABasicDetails" name="basicDetails" time="120.874"/>
  <testcase classname="com.canara.tc.TC002_CANARABasicDetails" name="basicDetails" time="121.324"/>
  <testcase classname="com.canara.tc.TC002_CANARABasicDetails" name="basicDetails" time="121.540"/>
  <testcase classname="com.canara.tc.TC002_CANARABasicDetails" name="afterClass" time="3.797">
    <error type="java.lang.NullPointerException">
      <![CDATA[java.lang.NullPointerException
at lib.utils.HTMLReporter.reportStep(HTMLReporter.java:73)
at lib.selenium.WebDriverServiceImpl.closeAllBrowsers(WebDriverServiceImpl.java:495)
at lib.selenium.PreAndPost.afterClass(PreAndPost.java:72)
at java.base/jdk.internal.reflect.NativeMethodAccessorImpl.invoke0(Native Method)
at java.base/jdk.internal.reflect.NativeMethodAccessorImpl.invoke(Unknown Source)
at java.base/jdk.internal.reflect.DelegatingMethodAccessorImpl.invoke(Unknown Source)
at java.base/java.lang.reflect.Method.invoke(Unknown Source)
at org.testng.internal.MethodInvocationHelper.invokeMethod(MethodInvocationHelper.java:133)
at org.testng.internal.MethodInvocationHelper.invokeMethodConsideringTimeout(MethodInvocationHelper.java:62)
at org.testng.internal.ConfigInvoker.invokeConfigurationMethod(ConfigInvoker.java:340)
at org.testng.internal.ConfigInvoker.invokeConfigurations(ConfigInvoker.java:294)
at org.testng.internal.TestMethodWorker.invokeAfterClassMethods(TestMethodWorker.java:217)
at org.testng.internal.TestMethodWorker.run(TestMethodWorker.java:130)
at java.base/java.util.concurrent.ThreadPoolExecutor.runWorker(Unknown Source)
at java.base/java.util.concurrent.ThreadPoolExecutor$Worker.run(Unknown Source)
at java.base/java.lang.Thread.run(Unknown Source)
]]>
    </error>
  </testcase> <!-- afterClass -->
  <testcase classname="com.canara.tc.TC002_CANARABasicDetails" name="basicDetails" time="120.846"/>
  <testcase classname="com.canara.tc.TC002_CANARABasicDetails" name="basicDetails" time="122.651"/>
  <testcase classname="com.canara.tc.TC002_CANARABasicDetails" name="basicDetails" time="120.795"/>
  <testcase classname="com.canara.tc.TC002_CANARABasicDetails" name="basicDetails" time="121.666"/>
  <testcase classname="com.canara.tc.TC002_CANARABasicDetails" name="basicDetails" time="121.828"/>
  <testcase classname="com.canara.tc.TC002_CANARABasicDetails" name="basicDetails" time="120.918"/>
  <testcase classname="com.canara.tc.TC002_CANARABasicDetails" name="basicDetails" time="121.336"/>
  <testcase classname="com.canara.tc.TC002_CANARABasicDetails" name="basicDetails" time="120.837"/>
  <testcase classname="com.canara.tc.TC002_CANARABasicDetails" name="basicDetails" time="121.093"/>
  <testcase classname="com.canara.tc.TC002_CANARABasicDetails" name="basicDetails" time="120.683"/>
  <testcase classname="com.canara.tc.TC002_CANARABasicDetails" name="basicDetails" time="120.609"/>
  <testcase classname="com.canara.tc.TC002_CANARABasicDetails" name="basicDetails" time="121.046"/>
  <testcase classname="com.canara.tc.TC002_CANARABasicDetails" name="basicDetails" time="121.233"/>
  <testcase classname="com.canara.tc.TC002_CANARABasicDetails" name="basicDetails" time="121.459"/>
  <testcase classname="com.canara.tc.TC002_CANARABasicDetails" name="basicDetails" time="121.567"/>
  <testcase classname="com.canara.tc.TC002_CANARABasicDetails" name="basicDetails" time="121.171"/>
  <testcase classname="com.canara.tc.TC002_CANARABasicDetails" name="basicDetails" time="120.717"/>
  <testcase classname="com.canara.tc.TC002_CANARABasicDetails" name="basicDetails" time="120.872"/>
  <testcase classname="com.canara.tc.TC002_CANARABasicDetails" name="basicDetails" time="121.399"/>
  <testcase classname="com.canara.tc.TC002_CANARABasicDetails" name="basicDetails" time="120.583"/>
  <testcase classname="com.canara.tc.TC002_CANARABasicDetails" name="basicDetails" time="0.014">
    <error type="java.lang.NullPointerException">
      <![CDATA[java.lang.NullPointerException
at com.ibps.pages.PersonalDetailsPage.selectDropDownUsingIndexNew(PersonalDetailsPage.java:314)
at com.canara.tc.TC002_CANARABasicDetails.basicDetails(TC002_CANARABasicDetails.java:36)
at jdk.internal.reflect.GeneratedMethodAccessor6.invoke(Unknown Source)
at java.base/jdk.internal.reflect.DelegatingMethodAccessorImpl.invoke(Unknown Source)
at java.base/java.lang.reflect.Method.invoke(Unknown Source)
at org.testng.internal.MethodInvocationHelper.invokeMethod(MethodInvocationHelper.java:133)
at org.testng.internal.TestInvoker.invokeMethod(TestInvoker.java:584)
at org.testng.internal.TestInvoker.invokeTestMethod(TestInvoker.java:172)
at org.testng.internal.MethodRunner.runInSequence(MethodRunner.java:46)
at org.testng.internal.TestInvoker$MethodInvocationAgent.invoke(TestInvoker.java:804)
at org.testng.internal.TestInvoker.invokeTestMethods(TestInvoker.java:145)
at org.testng.internal.TestMethodWorker.invokeTestMethods(TestMethodWorker.java:146)
at org.testng.internal.TestMethodWorker.run(TestMethodWorker.java:128)
at java.base/java.util.concurrent.ThreadPoolExecutor.runWorker(Unknown Source)
at java.base/java.util.concurrent.ThreadPoolExecutor$Worker.run(Unknown Source)
at java.base/java.lang.Thread.run(Unknown Source)
]]>
    </error>
  </testcase> <!-- basicDetails -->
  <testcase classname="com.canara.tc.TC002_CANARABasicDetails" name="basicDetails" time="139.446"/>
  <testcase classname="com.canara.tc.TC002_CANARABasicDetails" name="basicDetails" time="120.871"/>
  <testcase classname="com.canara.tc.TC002_CANARABasicDetails" name="basicDetails" time="131.519"/>
  <testcase classname="com.canara.tc.TC002_CANARABasicDetails" name="basicDetails" time="121.110"/>
  <testcase classname="com.canara.tc.TC002_CANARABasicDetails" name="basicDetails" time="121.773"/>
  <testcase classname="com.canara.tc.TC002_CANARABasicDetails" name="basicDetails" time="121.151"/>
  <testcase classname="com.canara.tc.TC002_CANARABasicDetails" name="basicDetails" time="120.937"/>
  <testcase classname="com.canara.tc.TC002_CANARABasicDetails" name="basicDetails" time="120.718"/>
  <testcase classname="com.canara.tc.TC002_CANARABasicDetails" name="basicDetails" time="121.023"/>
  <testcase classname="com.canara.tc.TC002_CANARABasicDetails" name="basicDetails" time="121.259"/>
  <testcase classname="com.canara.tc.TC002_CANARABasicDetails" name="basicDetails" time="120.638"/>
  <testcase classname="com.canara.tc.TC002_CANARABasicDetails" name="basicDetails" time="120.447"/>
  <testcase classname="com.canara.tc.TC002_CANARABasicDetails" name="basicDetails" time="121.566"/>
  <testcase classname="com.canara.tc.TC002_CANARABasicDetails" name="basicDetails" time="121.530"/>
  <testcase classname="com.canara.tc.TC002_CANARABasicDetails" name="basicDetails" time="120.735"/>
  <testcase classname="com.canara.tc.TC002_CANARABasicDetails" name="basicDetails" time="126.280"/>
  <testcase classname="com.canara.tc.TC002_CANARABasicDetails" name="basicDetails" time="120.999"/>
  <testcase classname="com.canara.tc.TC002_CANARABasicDetails" name="basicDetails" time="120.874"/>
  <testcase classname="com.canara.tc.TC002_CANARABasicDetails" name="basicDetails" time="121.114"/>
  <testcase classname="com.canara.tc.TC002_CANARABasicDetails" name="basicDetails" time="121.111"/>
  <testcase classname="com.canara.tc.TC002_CANARABasicDetails" name="basicDetails" time="120.924"/>
  <testcase classname="com.canara.tc.TC002_CANARABasicDetails" name="basicDetails" time="120.991"/>
  <testcase classname="com.canara.tc.TC002_CANARABasicDetails" name="basicDetails" time="121.105"/>
  <testcase classname="com.canara.tc.TC002_CANARABasicDetails" name="basicDetails" time="120.800"/>
  <testcase classname="com.canara.tc.TC002_CANARABasicDetails" name="basicDetails" time="121.015"/>
  <testcase classname="com.canara.tc.TC002_CANARABasicDetails" name="basicDetails" time="120.874"/>
  <testcase classname="com.canara.tc.TC002_CANARABasicDetails" name="basicDetails" time="121.070"/>
  <testcase classname="com.canara.tc.TC002_CANARABasicDetails" name="basicDetails" time="121.161"/>
  <testcase classname="com.canara.tc.TC002_CANARABasicDetails" name="basicDetails" time="120.902"/>
  <testcase classname="com.canara.tc.TC002_CANARABasicDetails" name="basicDetails" time="121.629"/>
  <testcase classname="com.canara.tc.TC002_CANARABasicDetails" name="basicDetails" time="121.136"/>
  <testcase classname="com.canara.tc.TC002_CANARABasicDetails" name="basicDetails" time="122.306"/>
  <testcase classname="com.canara.tc.TC002_CANARABasicDetails" name="basicDetails" time="121.608"/>
  <testcase classname="com.canara.tc.TC002_CANARABasicDetails" name="basicDetails" time="120.761"/>
  <testcase classname="com.canara.tc.TC002_CANARABasicDetails" name="basicDetails" time="121.302"/>
  <testcase classname="com.canara.tc.TC002_CANARABasicDetails" name="basicDetails" time="121.483"/>
  <testcase classname="com.canara.tc.TC002_CANARABasicDetails" name="basicDetails" time="120.742"/>
  <testcase classname="com.canara.tc.TC002_CANARABasicDetails" name="basicDetails" time="120.583"/>
  <testcase classname="com.canara.tc.TC002_CANARABasicDetails" name="basicDetails" time="121.415"/>
  <testcase classname="com.canara.tc.TC002_CANARABasicDetails" name="basicDetails" time="120.267"/>
  <testcase classname="com.canara.tc.TC002_CANARABasicDetails" name="basicDetails" time="121.766"/>
  <testcase classname="com.canara.tc.TC002_CANARABasicDetails" name="basicDetails" time="122.418"/>
  <testcase classname="com.canara.tc.TC002_CANARABasicDetails" name="basicDetails" time="121.134"/>
  <testcase classname="com.canara.tc.TC002_CANARABasicDetails" name="basicDetails" time="121.486"/>
  <testcase classname="com.canara.tc.TC002_CANARABasicDetails" name="basicDetails" time="120.744"/>
  <testcase classname="com.canara.tc.TC002_CANARABasicDetails" name="basicDetails" time="120.749"/>
  <testcase classname="com.canara.tc.TC002_CANARABasicDetails" name="basicDetails" time="120.458"/>
  <testcase classname="com.canara.tc.TC002_CANARABasicDetails" name="basicDetails" time="121.467"/>
  <testcase classname="com.canara.tc.TC002_CANARABasicDetails" name="basicDetails" time="121.063"/>
  <testcase classname="com.canara.tc.TC002_CANARABasicDetails" name="basicDetails" time="121.528"/>
  <testcase classname="com.canara.tc.TC002_CANARABasicDetails" name="basicDetails" time="121.171"/>
  <testcase classname="com.canara.tc.TC002_CANARABasicDetails" name="basicDetails" time="120.948"/>
  <testcase classname="com.canara.tc.TC002_CANARABasicDetails" name="basicDetails" time="120.386"/>
  <testcase classname="com.canara.tc.TC002_CANARABasicDetails" name="basicDetails" time="120.737"/>
  <testcase classname="com.canara.tc.TC002_CANARABasicDetails" name="basicDetails" time="120.414"/>
  <testcase classname="com.canara.tc.TC002_CANARABasicDetails" name="basicDetails" time="120.933"/>
  <testcase classname="com.canara.tc.TC002_CANARABasicDetails" name="basicDetails" time="121.393"/>
  <testcase classname="com.canara.tc.TC002_CANARABasicDetails" name="basicDetails" time="121.051"/>
  <testcase classname="com.canara.tc.TC002_CANARABasicDetails" name="basicDetails" time="120.861"/>
  <testcase classname="com.canara.tc.TC002_CANARABasicDetails" name="basicDetails" time="121.023"/>
  <testcase classname="com.canara.tc.TC002_CANARABasicDetails" name="basicDetails" time="120.649"/>
  <testcase classname="com.canara.tc.TC002_CANARABasicDetails" name="basicDetails" time="121.542"/>
  <testcase classname="com.canara.tc.TC002_CANARABasicDetails" name="basicDetails" time="121.762"/>
  <testcase classname="com.canara.tc.TC002_CANARABasicDetails" name="basicDetails" time="121.413"/>
</testsuite> <!-- com.canara.tc.TC002_CANARABasicDetails -->
