<?xml version="1.0" encoding="UTF-8"?>
<!-- Generated by org.testng.reporters.JUnitReportReporter -->
<testsuite hostname="MAA011253A" failures="0" tests="2" name="com.EXIM.tc.TC001_EXIMBasicDetails" time="1.405" errors="2" timestamp="2020-12-15T14:25:03 IST" skipped="0">
  <testcase classname="com.EXIM.tc.TC001_EXIMBasicDetails" name="basicDetails" time="0.000">
    <error message="
Data Provider public java.lang.Object[][] lib.selenium.PreAndPost.getData() returned a null value" type="org.testng.TestNGException">
      <![CDATA[org.testng.TestNGException: 
Data Provider public java.lang.Object[][] lib.selenium.PreAndPost.getData() returned a null value
at org.testng.internal.MethodInvocationHelper.invokeDataProvider(MethodInvocationHelper.java:148)
at org.testng.internal.Parameters.handleParameters(Parameters.java:820)
at org.testng.internal.Parameters.handleParameters(Parameters.java:762)
at org.testng.internal.ParameterHandler.handleParameters(ParameterHandler.java:60)
at org.testng.internal.ParameterHandler.createParameters(ParameterHandler.java:39)
at org.testng.internal.TestInvoker$MethodInvocationAgent.invoke(TestInvoker.java:771)
at org.testng.internal.TestInvoker.invokeTestMethods(TestInvoker.java:145)
at org.testng.internal.TestMethodWorker.invokeTestMethods(TestMethodWorker.java:146)
at org.testng.internal.TestMethodWorker.run(TestMethodWorker.java:128)
at java.base/java.util.ArrayList.forEach(Unknown Source)
at org.testng.TestRunner.privateRun(TestRunner.java:770)
at org.testng.TestRunner.run(TestRunner.java:591)
at org.testng.SuiteRunner.runTest(SuiteRunner.java:402)
at org.testng.SuiteRunner.runSequentially(SuiteRunner.java:396)
at org.testng.SuiteRunner.privateRun(SuiteRunner.java:355)
at org.testng.SuiteRunner.run(SuiteRunner.java:304)
at org.testng.SuiteRunnerWorker.runSuite(SuiteRunnerWorker.java:53)
at org.testng.SuiteRunnerWorker.run(SuiteRunnerWorker.java:96)
at org.testng.TestNG.runSuitesSequentially(TestNG.java:1180)
at org.testng.TestNG.runSuitesLocally(TestNG.java:1102)
at org.testng.TestNG.runSuites(TestNG.java:1032)
at org.testng.TestNG.run(TestNG.java:1000)
at org.testng.remote.AbstractRemoteTestNG.run(AbstractRemoteTestNG.java:115)
at org.testng.remote.RemoteTestNG.initAndRun(RemoteTestNG.java:251)
at org.testng.remote.RemoteTestNG.main(RemoteTestNG.java:77)
]]>
    </error>
  </testcase> <!-- basicDetails -->
  <testcase classname="com.EXIM.tc.TC001_EXIMBasicDetails" name="beforeSuite" time="1.405">
    <error type="java.lang.NullPointerException">
      <![CDATA[java.lang.NullPointerException
at com.aventstack.extentreports.reporter.converters.ExtentHtmlLogConverter.getTimestamp(ExtentHtmlLogConverter.java:73)
at com.aventstack.extentreports.reporter.converters.ExtentHtmlLogConverter.addLogsFromPreExistingMarkup(ExtentHtmlLogConverter.java:55)
at com.aventstack.extentreports.reporter.converters.ExtentHtmlLogConverter.addHtmlLogsToNode(ExtentHtmlLogConverter.java:48)
at com.aventstack.extentreports.reporter.converters.ExtentHtmlLogConverter.parseAndAddLogsToTest(ExtentHtmlLogConverter.java:31)
at com.aventstack.extentreports.reporter.converters.ExtentHtmlNodeConverter.parseAndAddNode(ExtentHtmlNodeConverter.java:81)
at com.aventstack.extentreports.reporter.converters.ExtentHtmlNodeConverter.parseAndAddNodes(ExtentHtmlNodeConverter.java:49)
at com.aventstack.extentreports.reporter.converters.ExtentHtmlTestConverter.buildStandardTestDeps(ExtentHtmlTestConverter.java:138)
at com.aventstack.extentreports.reporter.converters.ExtentHtmlTestConverter.parseAndGetTest(ExtentHtmlTestConverter.java:101)
at com.aventstack.extentreports.reporter.converters.ExtentHtmlTestConverter.parseAndGetTests(ExtentHtmlTestConverter.java:76)
at com.aventstack.extentreports.reporter.converters.ExtentHtmlReporterConverter.parseAndGetModelCollection(ExtentHtmlReporterConverter.java:17)
at com.aventstack.extentreports.reporter.ExtentHtmlReporter.parseReportBuildTestCollection(ExtentHtmlReporter.java:114)
at com.aventstack.extentreports.reporter.ExtentHtmlReporter.start(ExtentHtmlReporter.java:105)
at com.aventstack.extentreports.Report.attach(Report.java:55)
at java.base/java.util.Spliterators$ArraySpliterator.forEachRemaining(Unknown Source)
at java.base/java.util.stream.ReferencePipeline$Head.forEach(Unknown Source)
at com.aventstack.extentreports.ExtentReports.attachReporter(ExtentReports.java:68)
at lib.utils.HTMLReporter.startReport(HTMLReporter.java:33)
at lib.selenium.PreAndPost.beforeSuite(PreAndPost.java:26)
at java.base/jdk.internal.reflect.NativeMethodAccessorImpl.invoke0(Native Method)
at java.base/jdk.internal.reflect.NativeMethodAccessorImpl.invoke(Unknown Source)
at java.base/jdk.internal.reflect.DelegatingMethodAccessorImpl.invoke(Unknown Source)
at java.base/java.lang.reflect.Method.invoke(Unknown Source)
at org.testng.internal.MethodInvocationHelper.invokeMethod(MethodInvocationHelper.java:133)
at org.testng.internal.MethodInvocationHelper.invokeMethodConsideringTimeout(MethodInvocationHelper.java:62)
at org.testng.internal.ConfigInvoker.invokeConfigurationMethod(ConfigInvoker.java:340)
at org.testng.internal.ConfigInvoker.invokeConfigurations(ConfigInvoker.java:294)
at org.testng.SuiteRunner.privateRun(SuiteRunner.java:345)
at org.testng.SuiteRunner.run(SuiteRunner.java:304)
at org.testng.SuiteRunnerWorker.runSuite(SuiteRunnerWorker.java:53)
at org.testng.SuiteRunnerWorker.run(SuiteRunnerWorker.java:96)
at org.testng.TestNG.runSuitesSequentially(TestNG.java:1180)
at org.testng.TestNG.runSuitesLocally(TestNG.java:1102)
at org.testng.TestNG.runSuites(TestNG.java:1032)
at org.testng.TestNG.run(TestNG.java:1000)
at org.testng.remote.AbstractRemoteTestNG.run(AbstractRemoteTestNG.java:115)
at org.testng.remote.RemoteTestNG.initAndRun(RemoteTestNG.java:251)
at org.testng.remote.RemoteTestNG.main(RemoteTestNG.java:77)
]]>
    </error>
  </testcase> <!-- beforeSuite -->
</testsuite> <!-- com.EXIM.tc.TC001_EXIMBasicDetails -->
