<?xml version="1.0" encoding="UTF-8"?>
<!-- Generated by org.testng.reporters.JUnitReportReporter -->
<testsuite skipped="0" hostname="MAA015435A" name="com.MAHAGENCO.tc.TC003_MAHAGENCOBasicDetails" tests="210" failures="0" timestamp="21 Nov 2019 20:10:51 GMT" time="14419.775" errors="63">
  <testcase name="basicDetails" time="90.511" classname="com.MAHAGENCO.tc.TC003_MAHAGENCOBasicDetails"/>
  <testcase name="basicDetails" time="111.708" classname="com.MAHAGENCO.tc.TC003_MAHAGENCOBasicDetails"/>
  <testcase name="basicDetails" time="89.184" classname="com.MAHAGENCO.tc.TC003_MAHAGENCOBasicDetails"/>
  <testcase name="basicDetails" time="12.673" classname="com.MAHAGENCO.tc.TC003_MAHAGENCOBasicDetails">
    <error type="java.lang.RuntimeException">
      <![CDATA[java.lang.RuntimeException
at lib.utils.HTMLReporter.reportStep(HTMLReporter.java:64)
at lib.utils.HTMLReporter.reportStep(HTMLReporter.java:73)
at com.ibps.pages.PersonalDetailsPage.selectDropDownUsingIndexNew(PersonalDetailsPage.java:289)
at com.MAHAGENCO.tc.TC003_MAHAGENCOBasicDetails.basicDetails(TC003_MAHAGENCOBasicDetails.java:50)
at sun.reflect.GeneratedMethodAccessor90.invoke(Unknown Source)
at sun.reflect.DelegatingMethodAccessorImpl.invoke(Unknown Source)
at java.lang.reflect.Method.invoke(Unknown Source)
at org.testng.internal.MethodInvocationHelper.invokeMethod(MethodInvocationHelper.java:124)
at org.testng.internal.Invoker.invokeMethod(Invoker.java:583)
at org.testng.internal.Invoker.invokeTestMethod(Invoker.java:719)
at org.testng.internal.Invoker.invokeTestMethods(Invoker.java:989)
at org.testng.internal.TestMethodWorker.invokeTestMethods(TestMethodWorker.java:125)
at org.testng.internal.TestMethodWorker.run(TestMethodWorker.java:109)
at java.util.concurrent.ThreadPoolExecutor.runWorker(Unknown Source)
at java.util.concurrent.ThreadPoolExecutor$Worker.run(Unknown Source)
at java.lang.Thread.run(Unknown Source)
]]>
    </error>
  </testcase> <!-- basicDetails -->
  <testcase name="basicDetails" time="89.626" classname="com.MAHAGENCO.tc.TC003_MAHAGENCOBasicDetails"/>
  <testcase name="basicDetails" time="13.080" classname="com.MAHAGENCO.tc.TC003_MAHAGENCOBasicDetails">
    <error type="java.lang.RuntimeException">
      <![CDATA[java.lang.RuntimeException
at lib.utils.HTMLReporter.reportStep(HTMLReporter.java:64)
at lib.utils.HTMLReporter.reportStep(HTMLReporter.java:73)
at com.ibps.pages.PersonalDetailsPage.selectDropDownUsingIndexNew(PersonalDetailsPage.java:289)
at com.MAHAGENCO.tc.TC003_MAHAGENCOBasicDetails.basicDetails(TC003_MAHAGENCOBasicDetails.java:50)
at sun.reflect.GeneratedMethodAccessor90.invoke(Unknown Source)
at sun.reflect.DelegatingMethodAccessorImpl.invoke(Unknown Source)
at java.lang.reflect.Method.invoke(Unknown Source)
at org.testng.internal.MethodInvocationHelper.invokeMethod(MethodInvocationHelper.java:124)
at org.testng.internal.Invoker.invokeMethod(Invoker.java:583)
at org.testng.internal.Invoker.invokeTestMethod(Invoker.java:719)
at org.testng.internal.Invoker.invokeTestMethods(Invoker.java:989)
at org.testng.internal.TestMethodWorker.invokeTestMethods(TestMethodWorker.java:125)
at org.testng.internal.TestMethodWorker.run(TestMethodWorker.java:109)
at java.util.concurrent.ThreadPoolExecutor.runWorker(Unknown Source)
at java.util.concurrent.ThreadPoolExecutor$Worker.run(Unknown Source)
at java.lang.Thread.run(Unknown Source)
]]>
    </error>
  </testcase> <!-- basicDetails -->
  <testcase name="basicDetails" time="90.791" classname="com.MAHAGENCO.tc.TC003_MAHAGENCOBasicDetails"/>
  <testcase name="basicDetails" time="89.289" classname="com.MAHAGENCO.tc.TC003_MAHAGENCOBasicDetails"/>
  <testcase name="basicDetails" time="87.795" classname="com.MAHAGENCO.tc.TC003_MAHAGENCOBasicDetails"/>
  <testcase name="basicDetails" time="88.721" classname="com.MAHAGENCO.tc.TC003_MAHAGENCOBasicDetails"/>
  <testcase name="basicDetails" time="89.176" classname="com.MAHAGENCO.tc.TC003_MAHAGENCOBasicDetails"/>
  <testcase name="basicDetails" time="89.040" classname="com.MAHAGENCO.tc.TC003_MAHAGENCOBasicDetails"/>
  <testcase name="basicDetails" time="88.117" classname="com.MAHAGENCO.tc.TC003_MAHAGENCOBasicDetails"/>
  <testcase name="basicDetails" time="110.260" classname="com.MAHAGENCO.tc.TC003_MAHAGENCOBasicDetails"/>
  <testcase name="basicDetails" time="90.070" classname="com.MAHAGENCO.tc.TC003_MAHAGENCOBasicDetails"/>
  <testcase name="basicDetails" time="89.282" classname="com.MAHAGENCO.tc.TC003_MAHAGENCOBasicDetails"/>
  <testcase name="basicDetails" time="16.361" classname="com.MAHAGENCO.tc.TC003_MAHAGENCOBasicDetails">
    <error type="java.lang.RuntimeException">
      <![CDATA[java.lang.RuntimeException
at lib.utils.HTMLReporter.reportStep(HTMLReporter.java:64)
at lib.utils.HTMLReporter.reportStep(HTMLReporter.java:73)
at com.ibps.pages.PersonalDetailsPage.selectDropDownUsingIndexNew(PersonalDetailsPage.java:289)
at com.MAHAGENCO.tc.TC003_MAHAGENCOBasicDetails.basicDetails(TC003_MAHAGENCOBasicDetails.java:50)
at sun.reflect.GeneratedMethodAccessor90.invoke(Unknown Source)
at sun.reflect.DelegatingMethodAccessorImpl.invoke(Unknown Source)
at java.lang.reflect.Method.invoke(Unknown Source)
at org.testng.internal.MethodInvocationHelper.invokeMethod(MethodInvocationHelper.java:124)
at org.testng.internal.Invoker.invokeMethod(Invoker.java:583)
at org.testng.internal.Invoker.invokeTestMethod(Invoker.java:719)
at org.testng.internal.Invoker.invokeTestMethods(Invoker.java:989)
at org.testng.internal.TestMethodWorker.invokeTestMethods(TestMethodWorker.java:125)
at org.testng.internal.TestMethodWorker.run(TestMethodWorker.java:109)
at java.util.concurrent.ThreadPoolExecutor.runWorker(Unknown Source)
at java.util.concurrent.ThreadPoolExecutor$Worker.run(Unknown Source)
at java.lang.Thread.run(Unknown Source)
]]>
    </error>
  </testcase> <!-- basicDetails -->
  <testcase name="basicDetails" time="90.541" classname="com.MAHAGENCO.tc.TC003_MAHAGENCOBasicDetails"/>
  <testcase name="basicDetails" time="13.498" classname="com.MAHAGENCO.tc.TC003_MAHAGENCOBasicDetails">
    <error type="java.lang.RuntimeException">
      <![CDATA[java.lang.RuntimeException
at lib.utils.HTMLReporter.reportStep(HTMLReporter.java:64)
at lib.utils.HTMLReporter.reportStep(HTMLReporter.java:73)
at com.ibps.pages.PersonalDetailsPage.selectDropDownUsingIndexNew(PersonalDetailsPage.java:289)
at com.MAHAGENCO.tc.TC003_MAHAGENCOBasicDetails.basicDetails(TC003_MAHAGENCOBasicDetails.java:50)
at sun.reflect.GeneratedMethodAccessor90.invoke(Unknown Source)
at sun.reflect.DelegatingMethodAccessorImpl.invoke(Unknown Source)
at java.lang.reflect.Method.invoke(Unknown Source)
at org.testng.internal.MethodInvocationHelper.invokeMethod(MethodInvocationHelper.java:124)
at org.testng.internal.Invoker.invokeMethod(Invoker.java:583)
at org.testng.internal.Invoker.invokeTestMethod(Invoker.java:719)
at org.testng.internal.Invoker.invokeTestMethods(Invoker.java:989)
at org.testng.internal.TestMethodWorker.invokeTestMethods(TestMethodWorker.java:125)
at org.testng.internal.TestMethodWorker.run(TestMethodWorker.java:109)
at java.util.concurrent.ThreadPoolExecutor.runWorker(Unknown Source)
at java.util.concurrent.ThreadPoolExecutor$Worker.run(Unknown Source)
at java.lang.Thread.run(Unknown Source)
]]>
    </error>
  </testcase> <!-- basicDetails -->
  <testcase name="basicDetails" time="92.743" classname="com.MAHAGENCO.tc.TC003_MAHAGENCOBasicDetails"/>
  <testcase name="basicDetails" time="13.031" classname="com.MAHAGENCO.tc.TC003_MAHAGENCOBasicDetails">
    <error type="java.lang.RuntimeException">
      <![CDATA[java.lang.RuntimeException
at lib.utils.HTMLReporter.reportStep(HTMLReporter.java:64)
at lib.utils.HTMLReporter.reportStep(HTMLReporter.java:73)
at com.ibps.pages.PersonalDetailsPage.selectDropDownUsingIndexNew(PersonalDetailsPage.java:289)
at com.MAHAGENCO.tc.TC003_MAHAGENCOBasicDetails.basicDetails(TC003_MAHAGENCOBasicDetails.java:50)
at sun.reflect.NativeMethodAccessorImpl.invoke0(Native Method)
at sun.reflect.NativeMethodAccessorImpl.invoke(Unknown Source)
at sun.reflect.DelegatingMethodAccessorImpl.invoke(Unknown Source)
at java.lang.reflect.Method.invoke(Unknown Source)
at org.testng.internal.MethodInvocationHelper.invokeMethod(MethodInvocationHelper.java:124)
at org.testng.internal.Invoker.invokeMethod(Invoker.java:583)
at org.testng.internal.Invoker.invokeTestMethod(Invoker.java:719)
at org.testng.internal.Invoker.invokeTestMethods(Invoker.java:989)
at org.testng.internal.TestMethodWorker.invokeTestMethods(TestMethodWorker.java:125)
at org.testng.internal.TestMethodWorker.run(TestMethodWorker.java:109)
at java.util.concurrent.ThreadPoolExecutor.runWorker(Unknown Source)
at java.util.concurrent.ThreadPoolExecutor$Worker.run(Unknown Source)
at java.lang.Thread.run(Unknown Source)
]]>
    </error>
  </testcase> <!-- basicDetails -->
  <testcase name="basicDetails" time="89.037" classname="com.MAHAGENCO.tc.TC003_MAHAGENCOBasicDetails"/>
  <testcase name="basicDetails" time="89.686" classname="com.MAHAGENCO.tc.TC003_MAHAGENCOBasicDetails"/>
  <testcase name="basicDetails" time="90.402" classname="com.MAHAGENCO.tc.TC003_MAHAGENCOBasicDetails"/>
  <testcase name="basicDetails" time="13.610" classname="com.MAHAGENCO.tc.TC003_MAHAGENCOBasicDetails">
    <error type="java.lang.RuntimeException">
      <![CDATA[java.lang.RuntimeException
at lib.utils.HTMLReporter.reportStep(HTMLReporter.java:64)
at lib.utils.HTMLReporter.reportStep(HTMLReporter.java:73)
at com.ibps.pages.PersonalDetailsPage.selectDropDownUsingIndexNew(PersonalDetailsPage.java:289)
at com.MAHAGENCO.tc.TC003_MAHAGENCOBasicDetails.basicDetails(TC003_MAHAGENCOBasicDetails.java:50)
at sun.reflect.GeneratedMethodAccessor90.invoke(Unknown Source)
at sun.reflect.DelegatingMethodAccessorImpl.invoke(Unknown Source)
at java.lang.reflect.Method.invoke(Unknown Source)
at org.testng.internal.MethodInvocationHelper.invokeMethod(MethodInvocationHelper.java:124)
at org.testng.internal.Invoker.invokeMethod(Invoker.java:583)
at org.testng.internal.Invoker.invokeTestMethod(Invoker.java:719)
at org.testng.internal.Invoker.invokeTestMethods(Invoker.java:989)
at org.testng.internal.TestMethodWorker.invokeTestMethods(TestMethodWorker.java:125)
at org.testng.internal.TestMethodWorker.run(TestMethodWorker.java:109)
at java.util.concurrent.ThreadPoolExecutor.runWorker(Unknown Source)
at java.util.concurrent.ThreadPoolExecutor$Worker.run(Unknown Source)
at java.lang.Thread.run(Unknown Source)
]]>
    </error>
  </testcase> <!-- basicDetails -->
  <testcase name="basicDetails" time="90.414" classname="com.MAHAGENCO.tc.TC003_MAHAGENCOBasicDetails"/>
  <testcase name="basicDetails" time="16.476" classname="com.MAHAGENCO.tc.TC003_MAHAGENCOBasicDetails">
    <error type="java.lang.RuntimeException">
      <![CDATA[java.lang.RuntimeException
at lib.utils.HTMLReporter.reportStep(HTMLReporter.java:64)
at lib.utils.HTMLReporter.reportStep(HTMLReporter.java:73)
at com.ibps.pages.PersonalDetailsPage.selectDropDownUsingIndexNew(PersonalDetailsPage.java:289)
at com.MAHAGENCO.tc.TC003_MAHAGENCOBasicDetails.basicDetails(TC003_MAHAGENCOBasicDetails.java:50)
at sun.reflect.GeneratedMethodAccessor90.invoke(Unknown Source)
at sun.reflect.DelegatingMethodAccessorImpl.invoke(Unknown Source)
at java.lang.reflect.Method.invoke(Unknown Source)
at org.testng.internal.MethodInvocationHelper.invokeMethod(MethodInvocationHelper.java:124)
at org.testng.internal.Invoker.invokeMethod(Invoker.java:583)
at org.testng.internal.Invoker.invokeTestMethod(Invoker.java:719)
at org.testng.internal.Invoker.invokeTestMethods(Invoker.java:989)
at org.testng.internal.TestMethodWorker.invokeTestMethods(TestMethodWorker.java:125)
at org.testng.internal.TestMethodWorker.run(TestMethodWorker.java:109)
at java.util.concurrent.ThreadPoolExecutor.runWorker(Unknown Source)
at java.util.concurrent.ThreadPoolExecutor$Worker.run(Unknown Source)
at java.lang.Thread.run(Unknown Source)
]]>
    </error>
  </testcase> <!-- basicDetails -->
  <testcase name="basicDetails" time="12.787" classname="com.MAHAGENCO.tc.TC003_MAHAGENCOBasicDetails">
    <error type="java.lang.RuntimeException">
      <![CDATA[java.lang.RuntimeException
at lib.utils.HTMLReporter.reportStep(HTMLReporter.java:64)
at lib.utils.HTMLReporter.reportStep(HTMLReporter.java:73)
at com.ibps.pages.PersonalDetailsPage.selectDropDownUsingIndexNew(PersonalDetailsPage.java:289)
at com.MAHAGENCO.tc.TC003_MAHAGENCOBasicDetails.basicDetails(TC003_MAHAGENCOBasicDetails.java:50)
at sun.reflect.GeneratedMethodAccessor90.invoke(Unknown Source)
at sun.reflect.DelegatingMethodAccessorImpl.invoke(Unknown Source)
at java.lang.reflect.Method.invoke(Unknown Source)
at org.testng.internal.MethodInvocationHelper.invokeMethod(MethodInvocationHelper.java:124)
at org.testng.internal.Invoker.invokeMethod(Invoker.java:583)
at org.testng.internal.Invoker.invokeTestMethod(Invoker.java:719)
at org.testng.internal.Invoker.invokeTestMethods(Invoker.java:989)
at org.testng.internal.TestMethodWorker.invokeTestMethods(TestMethodWorker.java:125)
at org.testng.internal.TestMethodWorker.run(TestMethodWorker.java:109)
at java.util.concurrent.ThreadPoolExecutor.runWorker(Unknown Source)
at java.util.concurrent.ThreadPoolExecutor$Worker.run(Unknown Source)
at java.lang.Thread.run(Unknown Source)
]]>
    </error>
  </testcase> <!-- basicDetails -->
  <testcase name="basicDetails" time="95.276" classname="com.MAHAGENCO.tc.TC003_MAHAGENCOBasicDetails"/>
  <testcase name="basicDetails" time="89.000" classname="com.MAHAGENCO.tc.TC003_MAHAGENCOBasicDetails"/>
  <testcase name="basicDetails" time="94.748" classname="com.MAHAGENCO.tc.TC003_MAHAGENCOBasicDetails"/>
  <testcase name="basicDetails" time="12.656" classname="com.MAHAGENCO.tc.TC003_MAHAGENCOBasicDetails">
    <error type="java.lang.RuntimeException">
      <![CDATA[java.lang.RuntimeException
at lib.utils.HTMLReporter.reportStep(HTMLReporter.java:64)
at lib.utils.HTMLReporter.reportStep(HTMLReporter.java:73)
at com.ibps.pages.PersonalDetailsPage.selectDropDownUsingIndexNew(PersonalDetailsPage.java:289)
at com.MAHAGENCO.tc.TC003_MAHAGENCOBasicDetails.basicDetails(TC003_MAHAGENCOBasicDetails.java:50)
at sun.reflect.NativeMethodAccessorImpl.invoke0(Native Method)
at sun.reflect.NativeMethodAccessorImpl.invoke(Unknown Source)
at sun.reflect.DelegatingMethodAccessorImpl.invoke(Unknown Source)
at java.lang.reflect.Method.invoke(Unknown Source)
at org.testng.internal.MethodInvocationHelper.invokeMethod(MethodInvocationHelper.java:124)
at org.testng.internal.Invoker.invokeMethod(Invoker.java:583)
at org.testng.internal.Invoker.invokeTestMethod(Invoker.java:719)
at org.testng.internal.Invoker.invokeTestMethods(Invoker.java:989)
at org.testng.internal.TestMethodWorker.invokeTestMethods(TestMethodWorker.java:125)
at org.testng.internal.TestMethodWorker.run(TestMethodWorker.java:109)
at java.util.concurrent.ThreadPoolExecutor.runWorker(Unknown Source)
at java.util.concurrent.ThreadPoolExecutor$Worker.run(Unknown Source)
at java.lang.Thread.run(Unknown Source)
]]>
    </error>
  </testcase> <!-- basicDetails -->
  <testcase name="basicDetails" time="92.066" classname="com.MAHAGENCO.tc.TC003_MAHAGENCOBasicDetails"/>
  <testcase name="basicDetails" time="90.107" classname="com.MAHAGENCO.tc.TC003_MAHAGENCOBasicDetails"/>
  <testcase name="basicDetails" time="91.005" classname="com.MAHAGENCO.tc.TC003_MAHAGENCOBasicDetails"/>
  <testcase name="basicDetails" time="12.874" classname="com.MAHAGENCO.tc.TC003_MAHAGENCOBasicDetails">
    <error type="java.lang.RuntimeException">
      <![CDATA[java.lang.RuntimeException
at lib.utils.HTMLReporter.reportStep(HTMLReporter.java:64)
at lib.utils.HTMLReporter.reportStep(HTMLReporter.java:73)
at com.ibps.pages.PersonalDetailsPage.selectDropDownUsingIndexNew(PersonalDetailsPage.java:289)
at com.MAHAGENCO.tc.TC003_MAHAGENCOBasicDetails.basicDetails(TC003_MAHAGENCOBasicDetails.java:50)
at sun.reflect.GeneratedMethodAccessor90.invoke(Unknown Source)
at sun.reflect.DelegatingMethodAccessorImpl.invoke(Unknown Source)
at java.lang.reflect.Method.invoke(Unknown Source)
at org.testng.internal.MethodInvocationHelper.invokeMethod(MethodInvocationHelper.java:124)
at org.testng.internal.Invoker.invokeMethod(Invoker.java:583)
at org.testng.internal.Invoker.invokeTestMethod(Invoker.java:719)
at org.testng.internal.Invoker.invokeTestMethods(Invoker.java:989)
at org.testng.internal.TestMethodWorker.invokeTestMethods(TestMethodWorker.java:125)
at org.testng.internal.TestMethodWorker.run(TestMethodWorker.java:109)
at java.util.concurrent.ThreadPoolExecutor.runWorker(Unknown Source)
at java.util.concurrent.ThreadPoolExecutor$Worker.run(Unknown Source)
at java.lang.Thread.run(Unknown Source)
]]>
    </error>
  </testcase> <!-- basicDetails -->
  <testcase name="basicDetails" time="88.797" classname="com.MAHAGENCO.tc.TC003_MAHAGENCOBasicDetails"/>
  <testcase name="basicDetails" time="90.224" classname="com.MAHAGENCO.tc.TC003_MAHAGENCOBasicDetails"/>
  <testcase name="basicDetails" time="92.561" classname="com.MAHAGENCO.tc.TC003_MAHAGENCOBasicDetails"/>
  <testcase name="basicDetails" time="88.652" classname="com.MAHAGENCO.tc.TC003_MAHAGENCOBasicDetails"/>
  <testcase name="basicDetails" time="13.178" classname="com.MAHAGENCO.tc.TC003_MAHAGENCOBasicDetails">
    <error type="java.lang.RuntimeException">
      <![CDATA[java.lang.RuntimeException
at lib.utils.HTMLReporter.reportStep(HTMLReporter.java:64)
at lib.utils.HTMLReporter.reportStep(HTMLReporter.java:73)
at com.ibps.pages.PersonalDetailsPage.selectDropDownUsingIndexNew(PersonalDetailsPage.java:289)
at com.MAHAGENCO.tc.TC003_MAHAGENCOBasicDetails.basicDetails(TC003_MAHAGENCOBasicDetails.java:50)
at sun.reflect.GeneratedMethodAccessor90.invoke(Unknown Source)
at sun.reflect.DelegatingMethodAccessorImpl.invoke(Unknown Source)
at java.lang.reflect.Method.invoke(Unknown Source)
at org.testng.internal.MethodInvocationHelper.invokeMethod(MethodInvocationHelper.java:124)
at org.testng.internal.Invoker.invokeMethod(Invoker.java:583)
at org.testng.internal.Invoker.invokeTestMethod(Invoker.java:719)
at org.testng.internal.Invoker.invokeTestMethods(Invoker.java:989)
at org.testng.internal.TestMethodWorker.invokeTestMethods(TestMethodWorker.java:125)
at org.testng.internal.TestMethodWorker.run(TestMethodWorker.java:109)
at java.util.concurrent.ThreadPoolExecutor.runWorker(Unknown Source)
at java.util.concurrent.ThreadPoolExecutor$Worker.run(Unknown Source)
at java.lang.Thread.run(Unknown Source)
]]>
    </error>
  </testcase> <!-- basicDetails -->
  <testcase name="basicDetails" time="103.596" classname="com.MAHAGENCO.tc.TC003_MAHAGENCOBasicDetails"/>
  <testcase name="basicDetails" time="92.077" classname="com.MAHAGENCO.tc.TC003_MAHAGENCOBasicDetails"/>
  <testcase name="basicDetails" time="13.327" classname="com.MAHAGENCO.tc.TC003_MAHAGENCOBasicDetails">
    <error type="java.lang.RuntimeException">
      <![CDATA[java.lang.RuntimeException
at lib.utils.HTMLReporter.reportStep(HTMLReporter.java:64)
at lib.utils.HTMLReporter.reportStep(HTMLReporter.java:73)
at com.ibps.pages.PersonalDetailsPage.selectDropDownUsingIndexNew(PersonalDetailsPage.java:289)
at com.MAHAGENCO.tc.TC003_MAHAGENCOBasicDetails.basicDetails(TC003_MAHAGENCOBasicDetails.java:50)
at sun.reflect.GeneratedMethodAccessor90.invoke(Unknown Source)
at sun.reflect.DelegatingMethodAccessorImpl.invoke(Unknown Source)
at java.lang.reflect.Method.invoke(Unknown Source)
at org.testng.internal.MethodInvocationHelper.invokeMethod(MethodInvocationHelper.java:124)
at org.testng.internal.Invoker.invokeMethod(Invoker.java:583)
at org.testng.internal.Invoker.invokeTestMethod(Invoker.java:719)
at org.testng.internal.Invoker.invokeTestMethods(Invoker.java:989)
at org.testng.internal.TestMethodWorker.invokeTestMethods(TestMethodWorker.java:125)
at org.testng.internal.TestMethodWorker.run(TestMethodWorker.java:109)
at java.util.concurrent.ThreadPoolExecutor.runWorker(Unknown Source)
at java.util.concurrent.ThreadPoolExecutor$Worker.run(Unknown Source)
at java.lang.Thread.run(Unknown Source)
]]>
    </error>
  </testcase> <!-- basicDetails -->
  <testcase name="basicDetails" time="88.491" classname="com.MAHAGENCO.tc.TC003_MAHAGENCOBasicDetails"/>
  <testcase name="basicDetails" time="109.848" classname="com.MAHAGENCO.tc.TC003_MAHAGENCOBasicDetails"/>
  <testcase name="basicDetails" time="89.938" classname="com.MAHAGENCO.tc.TC003_MAHAGENCOBasicDetails"/>
  <testcase name="basicDetails" time="90.407" classname="com.MAHAGENCO.tc.TC003_MAHAGENCOBasicDetails"/>
  <testcase name="basicDetails" time="12.835" classname="com.MAHAGENCO.tc.TC003_MAHAGENCOBasicDetails">
    <error type="java.lang.RuntimeException">
      <![CDATA[java.lang.RuntimeException
at lib.utils.HTMLReporter.reportStep(HTMLReporter.java:64)
at lib.utils.HTMLReporter.reportStep(HTMLReporter.java:73)
at com.ibps.pages.PersonalDetailsPage.selectDropDownUsingIndexNew(PersonalDetailsPage.java:289)
at com.MAHAGENCO.tc.TC003_MAHAGENCOBasicDetails.basicDetails(TC003_MAHAGENCOBasicDetails.java:50)
at sun.reflect.GeneratedMethodAccessor90.invoke(Unknown Source)
at sun.reflect.DelegatingMethodAccessorImpl.invoke(Unknown Source)
at java.lang.reflect.Method.invoke(Unknown Source)
at org.testng.internal.MethodInvocationHelper.invokeMethod(MethodInvocationHelper.java:124)
at org.testng.internal.Invoker.invokeMethod(Invoker.java:583)
at org.testng.internal.Invoker.invokeTestMethod(Invoker.java:719)
at org.testng.internal.Invoker.invokeTestMethods(Invoker.java:989)
at org.testng.internal.TestMethodWorker.invokeTestMethods(TestMethodWorker.java:125)
at org.testng.internal.TestMethodWorker.run(TestMethodWorker.java:109)
at java.util.concurrent.ThreadPoolExecutor.runWorker(Unknown Source)
at java.util.concurrent.ThreadPoolExecutor$Worker.run(Unknown Source)
at java.lang.Thread.run(Unknown Source)
]]>
    </error>
  </testcase> <!-- basicDetails -->
  <testcase name="basicDetails" time="99.592" classname="com.MAHAGENCO.tc.TC003_MAHAGENCOBasicDetails"/>
  <testcase name="basicDetails" time="13.486" classname="com.MAHAGENCO.tc.TC003_MAHAGENCOBasicDetails">
    <error type="java.lang.RuntimeException">
      <![CDATA[java.lang.RuntimeException
at lib.utils.HTMLReporter.reportStep(HTMLReporter.java:64)
at lib.utils.HTMLReporter.reportStep(HTMLReporter.java:73)
at com.ibps.pages.PersonalDetailsPage.selectDropDownUsingIndexNew(PersonalDetailsPage.java:289)
at com.MAHAGENCO.tc.TC003_MAHAGENCOBasicDetails.basicDetails(TC003_MAHAGENCOBasicDetails.java:50)
at sun.reflect.GeneratedMethodAccessor90.invoke(Unknown Source)
at sun.reflect.DelegatingMethodAccessorImpl.invoke(Unknown Source)
at java.lang.reflect.Method.invoke(Unknown Source)
at org.testng.internal.MethodInvocationHelper.invokeMethod(MethodInvocationHelper.java:124)
at org.testng.internal.Invoker.invokeMethod(Invoker.java:583)
at org.testng.internal.Invoker.invokeTestMethod(Invoker.java:719)
at org.testng.internal.Invoker.invokeTestMethods(Invoker.java:989)
at org.testng.internal.TestMethodWorker.invokeTestMethods(TestMethodWorker.java:125)
at org.testng.internal.TestMethodWorker.run(TestMethodWorker.java:109)
at java.util.concurrent.ThreadPoolExecutor.runWorker(Unknown Source)
at java.util.concurrent.ThreadPoolExecutor$Worker.run(Unknown Source)
at java.lang.Thread.run(Unknown Source)
]]>
    </error>
  </testcase> <!-- basicDetails -->
  <testcase name="basicDetails" time="94.063" classname="com.MAHAGENCO.tc.TC003_MAHAGENCOBasicDetails"/>
  <testcase name="basicDetails" time="90.317" classname="com.MAHAGENCO.tc.TC003_MAHAGENCOBasicDetails"/>
  <testcase name="basicDetails" time="89.633" classname="com.MAHAGENCO.tc.TC003_MAHAGENCOBasicDetails"/>
  <testcase name="basicDetails" time="13.031" classname="com.MAHAGENCO.tc.TC003_MAHAGENCOBasicDetails">
    <error type="java.lang.RuntimeException">
      <![CDATA[java.lang.RuntimeException
at lib.utils.HTMLReporter.reportStep(HTMLReporter.java:64)
at lib.utils.HTMLReporter.reportStep(HTMLReporter.java:73)
at com.ibps.pages.PersonalDetailsPage.selectDropDownUsingIndexNew(PersonalDetailsPage.java:289)
at com.MAHAGENCO.tc.TC003_MAHAGENCOBasicDetails.basicDetails(TC003_MAHAGENCOBasicDetails.java:50)
at sun.reflect.GeneratedMethodAccessor90.invoke(Unknown Source)
at sun.reflect.DelegatingMethodAccessorImpl.invoke(Unknown Source)
at java.lang.reflect.Method.invoke(Unknown Source)
at org.testng.internal.MethodInvocationHelper.invokeMethod(MethodInvocationHelper.java:124)
at org.testng.internal.Invoker.invokeMethod(Invoker.java:583)
at org.testng.internal.Invoker.invokeTestMethod(Invoker.java:719)
at org.testng.internal.Invoker.invokeTestMethods(Invoker.java:989)
at org.testng.internal.TestMethodWorker.invokeTestMethods(TestMethodWorker.java:125)
at org.testng.internal.TestMethodWorker.run(TestMethodWorker.java:109)
at java.util.concurrent.ThreadPoolExecutor.runWorker(Unknown Source)
at java.util.concurrent.ThreadPoolExecutor$Worker.run(Unknown Source)
at java.lang.Thread.run(Unknown Source)
]]>
    </error>
  </testcase> <!-- basicDetails -->
  <testcase name="basicDetails" time="13.528" classname="com.MAHAGENCO.tc.TC003_MAHAGENCOBasicDetails">
    <error type="java.lang.RuntimeException">
      <![CDATA[java.lang.RuntimeException
at lib.utils.HTMLReporter.reportStep(HTMLReporter.java:64)
at lib.utils.HTMLReporter.reportStep(HTMLReporter.java:73)
at com.ibps.pages.PersonalDetailsPage.selectDropDownUsingIndexNew(PersonalDetailsPage.java:289)
at com.MAHAGENCO.tc.TC003_MAHAGENCOBasicDetails.basicDetails(TC003_MAHAGENCOBasicDetails.java:50)
at sun.reflect.GeneratedMethodAccessor90.invoke(Unknown Source)
at sun.reflect.DelegatingMethodAccessorImpl.invoke(Unknown Source)
at java.lang.reflect.Method.invoke(Unknown Source)
at org.testng.internal.MethodInvocationHelper.invokeMethod(MethodInvocationHelper.java:124)
at org.testng.internal.Invoker.invokeMethod(Invoker.java:583)
at org.testng.internal.Invoker.invokeTestMethod(Invoker.java:719)
at org.testng.internal.Invoker.invokeTestMethods(Invoker.java:989)
at org.testng.internal.TestMethodWorker.invokeTestMethods(TestMethodWorker.java:125)
at org.testng.internal.TestMethodWorker.run(TestMethodWorker.java:109)
at java.util.concurrent.ThreadPoolExecutor.runWorker(Unknown Source)
at java.util.concurrent.ThreadPoolExecutor$Worker.run(Unknown Source)
at java.lang.Thread.run(Unknown Source)
]]>
    </error>
  </testcase> <!-- basicDetails -->
  <testcase name="basicDetails" time="14.022" classname="com.MAHAGENCO.tc.TC003_MAHAGENCOBasicDetails">
    <error type="java.lang.RuntimeException">
      <![CDATA[java.lang.RuntimeException
at lib.utils.HTMLReporter.reportStep(HTMLReporter.java:64)
at lib.utils.HTMLReporter.reportStep(HTMLReporter.java:73)
at com.ibps.pages.PersonalDetailsPage.selectDropDownUsingIndexNew(PersonalDetailsPage.java:289)
at com.MAHAGENCO.tc.TC003_MAHAGENCOBasicDetails.basicDetails(TC003_MAHAGENCOBasicDetails.java:50)
at sun.reflect.GeneratedMethodAccessor90.invoke(Unknown Source)
at sun.reflect.DelegatingMethodAccessorImpl.invoke(Unknown Source)
at java.lang.reflect.Method.invoke(Unknown Source)
at org.testng.internal.MethodInvocationHelper.invokeMethod(MethodInvocationHelper.java:124)
at org.testng.internal.Invoker.invokeMethod(Invoker.java:583)
at org.testng.internal.Invoker.invokeTestMethod(Invoker.java:719)
at org.testng.internal.Invoker.invokeTestMethods(Invoker.java:989)
at org.testng.internal.TestMethodWorker.invokeTestMethods(TestMethodWorker.java:125)
at org.testng.internal.TestMethodWorker.run(TestMethodWorker.java:109)
at java.util.concurrent.ThreadPoolExecutor.runWorker(Unknown Source)
at java.util.concurrent.ThreadPoolExecutor$Worker.run(Unknown Source)
at java.lang.Thread.run(Unknown Source)
]]>
    </error>
  </testcase> <!-- basicDetails -->
  <testcase name="basicDetails" time="89.316" classname="com.MAHAGENCO.tc.TC003_MAHAGENCOBasicDetails"/>
  <testcase name="basicDetails" time="13.439" classname="com.MAHAGENCO.tc.TC003_MAHAGENCOBasicDetails">
    <error type="java.lang.RuntimeException">
      <![CDATA[java.lang.RuntimeException
at lib.utils.HTMLReporter.reportStep(HTMLReporter.java:64)
at lib.utils.HTMLReporter.reportStep(HTMLReporter.java:73)
at com.ibps.pages.PersonalDetailsPage.selectDropDownUsingIndexNew(PersonalDetailsPage.java:289)
at com.MAHAGENCO.tc.TC003_MAHAGENCOBasicDetails.basicDetails(TC003_MAHAGENCOBasicDetails.java:50)
at sun.reflect.GeneratedMethodAccessor90.invoke(Unknown Source)
at sun.reflect.DelegatingMethodAccessorImpl.invoke(Unknown Source)
at java.lang.reflect.Method.invoke(Unknown Source)
at org.testng.internal.MethodInvocationHelper.invokeMethod(MethodInvocationHelper.java:124)
at org.testng.internal.Invoker.invokeMethod(Invoker.java:583)
at org.testng.internal.Invoker.invokeTestMethod(Invoker.java:719)
at org.testng.internal.Invoker.invokeTestMethods(Invoker.java:989)
at org.testng.internal.TestMethodWorker.invokeTestMethods(TestMethodWorker.java:125)
at org.testng.internal.TestMethodWorker.run(TestMethodWorker.java:109)
at java.util.concurrent.ThreadPoolExecutor.runWorker(Unknown Source)
at java.util.concurrent.ThreadPoolExecutor$Worker.run(Unknown Source)
at java.lang.Thread.run(Unknown Source)
]]>
    </error>
  </testcase> <!-- basicDetails -->
  <testcase name="basicDetails" time="15.357" classname="com.MAHAGENCO.tc.TC003_MAHAGENCOBasicDetails">
    <error type="java.lang.RuntimeException">
      <![CDATA[java.lang.RuntimeException
at lib.utils.HTMLReporter.reportStep(HTMLReporter.java:64)
at lib.utils.HTMLReporter.reportStep(HTMLReporter.java:73)
at com.ibps.pages.PersonalDetailsPage.selectDropDownUsingIndexNew(PersonalDetailsPage.java:289)
at com.MAHAGENCO.tc.TC003_MAHAGENCOBasicDetails.basicDetails(TC003_MAHAGENCOBasicDetails.java:50)
at sun.reflect.GeneratedMethodAccessor90.invoke(Unknown Source)
at sun.reflect.DelegatingMethodAccessorImpl.invoke(Unknown Source)
at java.lang.reflect.Method.invoke(Unknown Source)
at org.testng.internal.MethodInvocationHelper.invokeMethod(MethodInvocationHelper.java:124)
at org.testng.internal.Invoker.invokeMethod(Invoker.java:583)
at org.testng.internal.Invoker.invokeTestMethod(Invoker.java:719)
at org.testng.internal.Invoker.invokeTestMethods(Invoker.java:989)
at org.testng.internal.TestMethodWorker.invokeTestMethods(TestMethodWorker.java:125)
at org.testng.internal.TestMethodWorker.run(TestMethodWorker.java:109)
at java.util.concurrent.ThreadPoolExecutor.runWorker(Unknown Source)
at java.util.concurrent.ThreadPoolExecutor$Worker.run(Unknown Source)
at java.lang.Thread.run(Unknown Source)
]]>
    </error>
  </testcase> <!-- basicDetails -->
  <testcase name="basicDetails" time="88.757" classname="com.MAHAGENCO.tc.TC003_MAHAGENCOBasicDetails"/>
  <testcase name="basicDetails" time="100.404" classname="com.MAHAGENCO.tc.TC003_MAHAGENCOBasicDetails"/>
  <testcase name="basicDetails" time="91.980" classname="com.MAHAGENCO.tc.TC003_MAHAGENCOBasicDetails"/>
  <testcase name="basicDetails" time="89.950" classname="com.MAHAGENCO.tc.TC003_MAHAGENCOBasicDetails"/>
  <testcase name="basicDetails" time="89.955" classname="com.MAHAGENCO.tc.TC003_MAHAGENCOBasicDetails"/>
  <testcase name="basicDetails" time="90.755" classname="com.MAHAGENCO.tc.TC003_MAHAGENCOBasicDetails"/>
  <testcase name="basicDetails" time="89.424" classname="com.MAHAGENCO.tc.TC003_MAHAGENCOBasicDetails"/>
  <testcase name="basicDetails" time="13.849" classname="com.MAHAGENCO.tc.TC003_MAHAGENCOBasicDetails">
    <error type="java.lang.RuntimeException">
      <![CDATA[java.lang.RuntimeException
at lib.utils.HTMLReporter.reportStep(HTMLReporter.java:64)
at lib.utils.HTMLReporter.reportStep(HTMLReporter.java:73)
at com.ibps.pages.PersonalDetailsPage.selectDropDownUsingIndexNew(PersonalDetailsPage.java:289)
at com.MAHAGENCO.tc.TC003_MAHAGENCOBasicDetails.basicDetails(TC003_MAHAGENCOBasicDetails.java:50)
at sun.reflect.GeneratedMethodAccessor90.invoke(Unknown Source)
at sun.reflect.DelegatingMethodAccessorImpl.invoke(Unknown Source)
at java.lang.reflect.Method.invoke(Unknown Source)
at org.testng.internal.MethodInvocationHelper.invokeMethod(MethodInvocationHelper.java:124)
at org.testng.internal.Invoker.invokeMethod(Invoker.java:583)
at org.testng.internal.Invoker.invokeTestMethod(Invoker.java:719)
at org.testng.internal.Invoker.invokeTestMethods(Invoker.java:989)
at org.testng.internal.TestMethodWorker.invokeTestMethods(TestMethodWorker.java:125)
at org.testng.internal.TestMethodWorker.run(TestMethodWorker.java:109)
at java.util.concurrent.ThreadPoolExecutor.runWorker(Unknown Source)
at java.util.concurrent.ThreadPoolExecutor$Worker.run(Unknown Source)
at java.lang.Thread.run(Unknown Source)
]]>
    </error>
  </testcase> <!-- basicDetails -->
  <testcase name="basicDetails" time="89.216" classname="com.MAHAGENCO.tc.TC003_MAHAGENCOBasicDetails"/>
  <testcase name="basicDetails" time="13.019" classname="com.MAHAGENCO.tc.TC003_MAHAGENCOBasicDetails">
    <error type="java.lang.RuntimeException">
      <![CDATA[java.lang.RuntimeException
at lib.utils.HTMLReporter.reportStep(HTMLReporter.java:64)
at lib.utils.HTMLReporter.reportStep(HTMLReporter.java:73)
at com.ibps.pages.PersonalDetailsPage.selectDropDownUsingIndexNew(PersonalDetailsPage.java:289)
at com.MAHAGENCO.tc.TC003_MAHAGENCOBasicDetails.basicDetails(TC003_MAHAGENCOBasicDetails.java:50)
at sun.reflect.GeneratedMethodAccessor90.invoke(Unknown Source)
at sun.reflect.DelegatingMethodAccessorImpl.invoke(Unknown Source)
at java.lang.reflect.Method.invoke(Unknown Source)
at org.testng.internal.MethodInvocationHelper.invokeMethod(MethodInvocationHelper.java:124)
at org.testng.internal.Invoker.invokeMethod(Invoker.java:583)
at org.testng.internal.Invoker.invokeTestMethod(Invoker.java:719)
at org.testng.internal.Invoker.invokeTestMethods(Invoker.java:989)
at org.testng.internal.TestMethodWorker.invokeTestMethods(TestMethodWorker.java:125)
at org.testng.internal.TestMethodWorker.run(TestMethodWorker.java:109)
at java.util.concurrent.ThreadPoolExecutor.runWorker(Unknown Source)
at java.util.concurrent.ThreadPoolExecutor$Worker.run(Unknown Source)
at java.lang.Thread.run(Unknown Source)
]]>
    </error>
  </testcase> <!-- basicDetails -->
  <testcase name="basicDetails" time="89.615" classname="com.MAHAGENCO.tc.TC003_MAHAGENCOBasicDetails"/>
  <testcase name="basicDetails" time="90.225" classname="com.MAHAGENCO.tc.TC003_MAHAGENCOBasicDetails"/>
  <testcase name="basicDetails" time="105.287" classname="com.MAHAGENCO.tc.TC003_MAHAGENCOBasicDetails"/>
  <testcase name="basicDetails" time="13.054" classname="com.MAHAGENCO.tc.TC003_MAHAGENCOBasicDetails">
    <error type="java.lang.RuntimeException">
      <![CDATA[java.lang.RuntimeException
at lib.utils.HTMLReporter.reportStep(HTMLReporter.java:64)
at lib.utils.HTMLReporter.reportStep(HTMLReporter.java:73)
at com.ibps.pages.PersonalDetailsPage.selectDropDownUsingIndexNew(PersonalDetailsPage.java:289)
at com.MAHAGENCO.tc.TC003_MAHAGENCOBasicDetails.basicDetails(TC003_MAHAGENCOBasicDetails.java:50)
at sun.reflect.GeneratedMethodAccessor90.invoke(Unknown Source)
at sun.reflect.DelegatingMethodAccessorImpl.invoke(Unknown Source)
at java.lang.reflect.Method.invoke(Unknown Source)
at org.testng.internal.MethodInvocationHelper.invokeMethod(MethodInvocationHelper.java:124)
at org.testng.internal.Invoker.invokeMethod(Invoker.java:583)
at org.testng.internal.Invoker.invokeTestMethod(Invoker.java:719)
at org.testng.internal.Invoker.invokeTestMethods(Invoker.java:989)
at org.testng.internal.TestMethodWorker.invokeTestMethods(TestMethodWorker.java:125)
at org.testng.internal.TestMethodWorker.run(TestMethodWorker.java:109)
at java.util.concurrent.ThreadPoolExecutor.runWorker(Unknown Source)
at java.util.concurrent.ThreadPoolExecutor$Worker.run(Unknown Source)
at java.lang.Thread.run(Unknown Source)
]]>
    </error>
  </testcase> <!-- basicDetails -->
  <testcase name="basicDetails" time="89.529" classname="com.MAHAGENCO.tc.TC003_MAHAGENCOBasicDetails"/>
  <testcase name="basicDetails" time="89.246" classname="com.MAHAGENCO.tc.TC003_MAHAGENCOBasicDetails"/>
  <testcase name="basicDetails" time="12.793" classname="com.MAHAGENCO.tc.TC003_MAHAGENCOBasicDetails">
    <error type="java.lang.RuntimeException">
      <![CDATA[java.lang.RuntimeException
at lib.utils.HTMLReporter.reportStep(HTMLReporter.java:64)
at lib.utils.HTMLReporter.reportStep(HTMLReporter.java:73)
at com.ibps.pages.PersonalDetailsPage.selectDropDownUsingIndexNew(PersonalDetailsPage.java:289)
at com.MAHAGENCO.tc.TC003_MAHAGENCOBasicDetails.basicDetails(TC003_MAHAGENCOBasicDetails.java:50)
at sun.reflect.GeneratedMethodAccessor90.invoke(Unknown Source)
at sun.reflect.DelegatingMethodAccessorImpl.invoke(Unknown Source)
at java.lang.reflect.Method.invoke(Unknown Source)
at org.testng.internal.MethodInvocationHelper.invokeMethod(MethodInvocationHelper.java:124)
at org.testng.internal.Invoker.invokeMethod(Invoker.java:583)
at org.testng.internal.Invoker.invokeTestMethod(Invoker.java:719)
at org.testng.internal.Invoker.invokeTestMethods(Invoker.java:989)
at org.testng.internal.TestMethodWorker.invokeTestMethods(TestMethodWorker.java:125)
at org.testng.internal.TestMethodWorker.run(TestMethodWorker.java:109)
at java.util.concurrent.ThreadPoolExecutor.runWorker(Unknown Source)
at java.util.concurrent.ThreadPoolExecutor$Worker.run(Unknown Source)
at java.lang.Thread.run(Unknown Source)
]]>
    </error>
  </testcase> <!-- basicDetails -->
  <testcase name="basicDetails" time="12.528" classname="com.MAHAGENCO.tc.TC003_MAHAGENCOBasicDetails">
    <error type="java.lang.RuntimeException">
      <![CDATA[java.lang.RuntimeException
at lib.utils.HTMLReporter.reportStep(HTMLReporter.java:64)
at lib.utils.HTMLReporter.reportStep(HTMLReporter.java:73)
at com.ibps.pages.PersonalDetailsPage.selectDropDownUsingIndexNew(PersonalDetailsPage.java:289)
at com.MAHAGENCO.tc.TC003_MAHAGENCOBasicDetails.basicDetails(TC003_MAHAGENCOBasicDetails.java:50)
at sun.reflect.GeneratedMethodAccessor90.invoke(Unknown Source)
at sun.reflect.DelegatingMethodAccessorImpl.invoke(Unknown Source)
at java.lang.reflect.Method.invoke(Unknown Source)
at org.testng.internal.MethodInvocationHelper.invokeMethod(MethodInvocationHelper.java:124)
at org.testng.internal.Invoker.invokeMethod(Invoker.java:583)
at org.testng.internal.Invoker.invokeTestMethod(Invoker.java:719)
at org.testng.internal.Invoker.invokeTestMethods(Invoker.java:989)
at org.testng.internal.TestMethodWorker.invokeTestMethods(TestMethodWorker.java:125)
at org.testng.internal.TestMethodWorker.run(TestMethodWorker.java:109)
at java.util.concurrent.ThreadPoolExecutor.runWorker(Unknown Source)
at java.util.concurrent.ThreadPoolExecutor$Worker.run(Unknown Source)
at java.lang.Thread.run(Unknown Source)
]]>
    </error>
  </testcase> <!-- basicDetails -->
  <testcase name="basicDetails" time="13.243" classname="com.MAHAGENCO.tc.TC003_MAHAGENCOBasicDetails">
    <error type="java.lang.RuntimeException">
      <![CDATA[java.lang.RuntimeException
at lib.utils.HTMLReporter.reportStep(HTMLReporter.java:64)
at lib.utils.HTMLReporter.reportStep(HTMLReporter.java:73)
at com.ibps.pages.PersonalDetailsPage.selectDropDownUsingIndexNew(PersonalDetailsPage.java:289)
at com.MAHAGENCO.tc.TC003_MAHAGENCOBasicDetails.basicDetails(TC003_MAHAGENCOBasicDetails.java:50)
at sun.reflect.GeneratedMethodAccessor90.invoke(Unknown Source)
at sun.reflect.DelegatingMethodAccessorImpl.invoke(Unknown Source)
at java.lang.reflect.Method.invoke(Unknown Source)
at org.testng.internal.MethodInvocationHelper.invokeMethod(MethodInvocationHelper.java:124)
at org.testng.internal.Invoker.invokeMethod(Invoker.java:583)
at org.testng.internal.Invoker.invokeTestMethod(Invoker.java:719)
at org.testng.internal.Invoker.invokeTestMethods(Invoker.java:989)
at org.testng.internal.TestMethodWorker.invokeTestMethods(TestMethodWorker.java:125)
at org.testng.internal.TestMethodWorker.run(TestMethodWorker.java:109)
at java.util.concurrent.ThreadPoolExecutor.runWorker(Unknown Source)
at java.util.concurrent.ThreadPoolExecutor$Worker.run(Unknown Source)
at java.lang.Thread.run(Unknown Source)
]]>
    </error>
  </testcase> <!-- basicDetails -->
  <testcase name="basicDetails" time="13.422" classname="com.MAHAGENCO.tc.TC003_MAHAGENCOBasicDetails">
    <error type="java.lang.RuntimeException">
      <![CDATA[java.lang.RuntimeException
at lib.utils.HTMLReporter.reportStep(HTMLReporter.java:64)
at lib.utils.HTMLReporter.reportStep(HTMLReporter.java:73)
at com.ibps.pages.PersonalDetailsPage.selectDropDownUsingIndexNew(PersonalDetailsPage.java:289)
at com.MAHAGENCO.tc.TC003_MAHAGENCOBasicDetails.basicDetails(TC003_MAHAGENCOBasicDetails.java:50)
at sun.reflect.GeneratedMethodAccessor90.invoke(Unknown Source)
at sun.reflect.DelegatingMethodAccessorImpl.invoke(Unknown Source)
at java.lang.reflect.Method.invoke(Unknown Source)
at org.testng.internal.MethodInvocationHelper.invokeMethod(MethodInvocationHelper.java:124)
at org.testng.internal.Invoker.invokeMethod(Invoker.java:583)
at org.testng.internal.Invoker.invokeTestMethod(Invoker.java:719)
at org.testng.internal.Invoker.invokeTestMethods(Invoker.java:989)
at org.testng.internal.TestMethodWorker.invokeTestMethods(TestMethodWorker.java:125)
at org.testng.internal.TestMethodWorker.run(TestMethodWorker.java:109)
at java.util.concurrent.ThreadPoolExecutor.runWorker(Unknown Source)
at java.util.concurrent.ThreadPoolExecutor$Worker.run(Unknown Source)
at java.lang.Thread.run(Unknown Source)
]]>
    </error>
  </testcase> <!-- basicDetails -->
  <testcase name="basicDetails" time="90.757" classname="com.MAHAGENCO.tc.TC003_MAHAGENCOBasicDetails"/>
  <testcase name="basicDetails" time="89.733" classname="com.MAHAGENCO.tc.TC003_MAHAGENCOBasicDetails"/>
  <testcase name="basicDetails" time="116.013" classname="com.MAHAGENCO.tc.TC003_MAHAGENCOBasicDetails"/>
  <testcase name="basicDetails" time="89.955" classname="com.MAHAGENCO.tc.TC003_MAHAGENCOBasicDetails"/>
  <testcase name="basicDetails" time="88.827" classname="com.MAHAGENCO.tc.TC003_MAHAGENCOBasicDetails"/>
  <testcase name="basicDetails" time="95.425" classname="com.MAHAGENCO.tc.TC003_MAHAGENCOBasicDetails"/>
  <testcase name="basicDetails" time="89.112" classname="com.MAHAGENCO.tc.TC003_MAHAGENCOBasicDetails"/>
  <testcase name="basicDetails" time="90.512" classname="com.MAHAGENCO.tc.TC003_MAHAGENCOBasicDetails"/>
  <testcase name="basicDetails" time="88.734" classname="com.MAHAGENCO.tc.TC003_MAHAGENCOBasicDetails"/>
  <testcase name="basicDetails" time="89.843" classname="com.MAHAGENCO.tc.TC003_MAHAGENCOBasicDetails"/>
  <testcase name="basicDetails" time="90.426" classname="com.MAHAGENCO.tc.TC003_MAHAGENCOBasicDetails"/>
  <testcase name="basicDetails" time="92.220" classname="com.MAHAGENCO.tc.TC003_MAHAGENCOBasicDetails"/>
  <testcase name="basicDetails" time="90.372" classname="com.MAHAGENCO.tc.TC003_MAHAGENCOBasicDetails"/>
  <testcase name="basicDetails" time="89.798" classname="com.MAHAGENCO.tc.TC003_MAHAGENCOBasicDetails"/>
  <testcase name="basicDetails" time="90.728" classname="com.MAHAGENCO.tc.TC003_MAHAGENCOBasicDetails"/>
  <testcase name="basicDetails" time="13.933" classname="com.MAHAGENCO.tc.TC003_MAHAGENCOBasicDetails">
    <error type="java.lang.RuntimeException">
      <![CDATA[java.lang.RuntimeException
at lib.utils.HTMLReporter.reportStep(HTMLReporter.java:64)
at lib.utils.HTMLReporter.reportStep(HTMLReporter.java:73)
at com.ibps.pages.PersonalDetailsPage.selectDropDownUsingIndexNew(PersonalDetailsPage.java:289)
at com.MAHAGENCO.tc.TC003_MAHAGENCOBasicDetails.basicDetails(TC003_MAHAGENCOBasicDetails.java:50)
at sun.reflect.GeneratedMethodAccessor90.invoke(Unknown Source)
at sun.reflect.DelegatingMethodAccessorImpl.invoke(Unknown Source)
at java.lang.reflect.Method.invoke(Unknown Source)
at org.testng.internal.MethodInvocationHelper.invokeMethod(MethodInvocationHelper.java:124)
at org.testng.internal.Invoker.invokeMethod(Invoker.java:583)
at org.testng.internal.Invoker.invokeTestMethod(Invoker.java:719)
at org.testng.internal.Invoker.invokeTestMethods(Invoker.java:989)
at org.testng.internal.TestMethodWorker.invokeTestMethods(TestMethodWorker.java:125)
at org.testng.internal.TestMethodWorker.run(TestMethodWorker.java:109)
at java.util.concurrent.ThreadPoolExecutor.runWorker(Unknown Source)
at java.util.concurrent.ThreadPoolExecutor$Worker.run(Unknown Source)
at java.lang.Thread.run(Unknown Source)
]]>
    </error>
  </testcase> <!-- basicDetails -->
  <testcase name="basicDetails" time="12.726" classname="com.MAHAGENCO.tc.TC003_MAHAGENCOBasicDetails">
    <error type="java.lang.RuntimeException">
      <![CDATA[java.lang.RuntimeException
at lib.utils.HTMLReporter.reportStep(HTMLReporter.java:64)
at lib.utils.HTMLReporter.reportStep(HTMLReporter.java:73)
at com.ibps.pages.PersonalDetailsPage.selectDropDownUsingIndexNew(PersonalDetailsPage.java:289)
at com.MAHAGENCO.tc.TC003_MAHAGENCOBasicDetails.basicDetails(TC003_MAHAGENCOBasicDetails.java:50)
at sun.reflect.GeneratedMethodAccessor90.invoke(Unknown Source)
at sun.reflect.DelegatingMethodAccessorImpl.invoke(Unknown Source)
at java.lang.reflect.Method.invoke(Unknown Source)
at org.testng.internal.MethodInvocationHelper.invokeMethod(MethodInvocationHelper.java:124)
at org.testng.internal.Invoker.invokeMethod(Invoker.java:583)
at org.testng.internal.Invoker.invokeTestMethod(Invoker.java:719)
at org.testng.internal.Invoker.invokeTestMethods(Invoker.java:989)
at org.testng.internal.TestMethodWorker.invokeTestMethods(TestMethodWorker.java:125)
at org.testng.internal.TestMethodWorker.run(TestMethodWorker.java:109)
at java.util.concurrent.ThreadPoolExecutor.runWorker(Unknown Source)
at java.util.concurrent.ThreadPoolExecutor$Worker.run(Unknown Source)
at java.lang.Thread.run(Unknown Source)
]]>
    </error>
  </testcase> <!-- basicDetails -->
  <testcase name="basicDetails" time="91.827" classname="com.MAHAGENCO.tc.TC003_MAHAGENCOBasicDetails"/>
  <testcase name="basicDetails" time="13.055" classname="com.MAHAGENCO.tc.TC003_MAHAGENCOBasicDetails">
    <error type="java.lang.RuntimeException">
      <![CDATA[java.lang.RuntimeException
at lib.utils.HTMLReporter.reportStep(HTMLReporter.java:64)
at lib.utils.HTMLReporter.reportStep(HTMLReporter.java:73)
at com.ibps.pages.PersonalDetailsPage.selectDropDownUsingIndexNew(PersonalDetailsPage.java:289)
at com.MAHAGENCO.tc.TC003_MAHAGENCOBasicDetails.basicDetails(TC003_MAHAGENCOBasicDetails.java:50)
at sun.reflect.GeneratedMethodAccessor90.invoke(Unknown Source)
at sun.reflect.DelegatingMethodAccessorImpl.invoke(Unknown Source)
at java.lang.reflect.Method.invoke(Unknown Source)
at org.testng.internal.MethodInvocationHelper.invokeMethod(MethodInvocationHelper.java:124)
at org.testng.internal.Invoker.invokeMethod(Invoker.java:583)
at org.testng.internal.Invoker.invokeTestMethod(Invoker.java:719)
at org.testng.internal.Invoker.invokeTestMethods(Invoker.java:989)
at org.testng.internal.TestMethodWorker.invokeTestMethods(TestMethodWorker.java:125)
at org.testng.internal.TestMethodWorker.run(TestMethodWorker.java:109)
at java.util.concurrent.ThreadPoolExecutor.runWorker(Unknown Source)
at java.util.concurrent.ThreadPoolExecutor$Worker.run(Unknown Source)
at java.lang.Thread.run(Unknown Source)
]]>
    </error>
  </testcase> <!-- basicDetails -->
  <testcase name="basicDetails" time="95.260" classname="com.MAHAGENCO.tc.TC003_MAHAGENCOBasicDetails"/>
  <testcase name="basicDetails" time="92.378" classname="com.MAHAGENCO.tc.TC003_MAHAGENCOBasicDetails"/>
  <testcase name="basicDetails" time="96.759" classname="com.MAHAGENCO.tc.TC003_MAHAGENCOBasicDetails"/>
  <testcase name="basicDetails" time="89.194" classname="com.MAHAGENCO.tc.TC003_MAHAGENCOBasicDetails"/>
  <testcase name="basicDetails" time="91.622" classname="com.MAHAGENCO.tc.TC003_MAHAGENCOBasicDetails"/>
  <testcase name="basicDetails" time="88.768" classname="com.MAHAGENCO.tc.TC003_MAHAGENCOBasicDetails"/>
  <testcase name="basicDetails" time="91.999" classname="com.MAHAGENCO.tc.TC003_MAHAGENCOBasicDetails"/>
  <testcase name="basicDetails" time="94.016" classname="com.MAHAGENCO.tc.TC003_MAHAGENCOBasicDetails"/>
  <testcase name="basicDetails" time="88.305" classname="com.MAHAGENCO.tc.TC003_MAHAGENCOBasicDetails"/>
  <testcase name="basicDetails" time="89.450" classname="com.MAHAGENCO.tc.TC003_MAHAGENCOBasicDetails"/>
  <testcase name="basicDetails" time="88.754" classname="com.MAHAGENCO.tc.TC003_MAHAGENCOBasicDetails"/>
  <testcase name="basicDetails" time="89.902" classname="com.MAHAGENCO.tc.TC003_MAHAGENCOBasicDetails"/>
  <testcase name="basicDetails" time="13.084" classname="com.MAHAGENCO.tc.TC003_MAHAGENCOBasicDetails">
    <error type="java.lang.RuntimeException">
      <![CDATA[java.lang.RuntimeException
at lib.utils.HTMLReporter.reportStep(HTMLReporter.java:64)
at lib.utils.HTMLReporter.reportStep(HTMLReporter.java:73)
at com.ibps.pages.PersonalDetailsPage.selectDropDownUsingIndexNew(PersonalDetailsPage.java:289)
at com.MAHAGENCO.tc.TC003_MAHAGENCOBasicDetails.basicDetails(TC003_MAHAGENCOBasicDetails.java:50)
at sun.reflect.NativeMethodAccessorImpl.invoke0(Native Method)
at sun.reflect.NativeMethodAccessorImpl.invoke(Unknown Source)
at sun.reflect.DelegatingMethodAccessorImpl.invoke(Unknown Source)
at java.lang.reflect.Method.invoke(Unknown Source)
at org.testng.internal.MethodInvocationHelper.invokeMethod(MethodInvocationHelper.java:124)
at org.testng.internal.Invoker.invokeMethod(Invoker.java:583)
at org.testng.internal.Invoker.invokeTestMethod(Invoker.java:719)
at org.testng.internal.Invoker.invokeTestMethods(Invoker.java:989)
at org.testng.internal.TestMethodWorker.invokeTestMethods(TestMethodWorker.java:125)
at org.testng.internal.TestMethodWorker.run(TestMethodWorker.java:109)
at java.util.concurrent.ThreadPoolExecutor.runWorker(Unknown Source)
at java.util.concurrent.ThreadPoolExecutor$Worker.run(Unknown Source)
at java.lang.Thread.run(Unknown Source)
]]>
    </error>
  </testcase> <!-- basicDetails -->
  <testcase name="basicDetails" time="88.388" classname="com.MAHAGENCO.tc.TC003_MAHAGENCOBasicDetails"/>
  <testcase name="basicDetails" time="88.997" classname="com.MAHAGENCO.tc.TC003_MAHAGENCOBasicDetails"/>
  <testcase name="basicDetails" time="89.420" classname="com.MAHAGENCO.tc.TC003_MAHAGENCOBasicDetails"/>
  <testcase name="basicDetails" time="13.343" classname="com.MAHAGENCO.tc.TC003_MAHAGENCOBasicDetails">
    <error type="java.lang.RuntimeException">
      <![CDATA[java.lang.RuntimeException
at lib.utils.HTMLReporter.reportStep(HTMLReporter.java:64)
at lib.utils.HTMLReporter.reportStep(HTMLReporter.java:73)
at com.ibps.pages.PersonalDetailsPage.selectDropDownUsingIndexNew(PersonalDetailsPage.java:289)
at com.MAHAGENCO.tc.TC003_MAHAGENCOBasicDetails.basicDetails(TC003_MAHAGENCOBasicDetails.java:50)
at sun.reflect.GeneratedMethodAccessor90.invoke(Unknown Source)
at sun.reflect.DelegatingMethodAccessorImpl.invoke(Unknown Source)
at java.lang.reflect.Method.invoke(Unknown Source)
at org.testng.internal.MethodInvocationHelper.invokeMethod(MethodInvocationHelper.java:124)
at org.testng.internal.Invoker.invokeMethod(Invoker.java:583)
at org.testng.internal.Invoker.invokeTestMethod(Invoker.java:719)
at org.testng.internal.Invoker.invokeTestMethods(Invoker.java:989)
at org.testng.internal.TestMethodWorker.invokeTestMethods(TestMethodWorker.java:125)
at org.testng.internal.TestMethodWorker.run(TestMethodWorker.java:109)
at java.util.concurrent.ThreadPoolExecutor.runWorker(Unknown Source)
at java.util.concurrent.ThreadPoolExecutor$Worker.run(Unknown Source)
at java.lang.Thread.run(Unknown Source)
]]>
    </error>
  </testcase> <!-- basicDetails -->
  <testcase name="basicDetails" time="89.205" classname="com.MAHAGENCO.tc.TC003_MAHAGENCOBasicDetails"/>
  <testcase name="basicDetails" time="12.763" classname="com.MAHAGENCO.tc.TC003_MAHAGENCOBasicDetails">
    <error type="java.lang.RuntimeException">
      <![CDATA[java.lang.RuntimeException
at lib.utils.HTMLReporter.reportStep(HTMLReporter.java:64)
at lib.utils.HTMLReporter.reportStep(HTMLReporter.java:73)
at com.ibps.pages.PersonalDetailsPage.selectDropDownUsingIndexNew(PersonalDetailsPage.java:289)
at com.MAHAGENCO.tc.TC003_MAHAGENCOBasicDetails.basicDetails(TC003_MAHAGENCOBasicDetails.java:50)
at sun.reflect.GeneratedMethodAccessor90.invoke(Unknown Source)
at sun.reflect.DelegatingMethodAccessorImpl.invoke(Unknown Source)
at java.lang.reflect.Method.invoke(Unknown Source)
at org.testng.internal.MethodInvocationHelper.invokeMethod(MethodInvocationHelper.java:124)
at org.testng.internal.Invoker.invokeMethod(Invoker.java:583)
at org.testng.internal.Invoker.invokeTestMethod(Invoker.java:719)
at org.testng.internal.Invoker.invokeTestMethods(Invoker.java:989)
at org.testng.internal.TestMethodWorker.invokeTestMethods(TestMethodWorker.java:125)
at org.testng.internal.TestMethodWorker.run(TestMethodWorker.java:109)
at java.util.concurrent.ThreadPoolExecutor.runWorker(Unknown Source)
at java.util.concurrent.ThreadPoolExecutor$Worker.run(Unknown Source)
at java.lang.Thread.run(Unknown Source)
]]>
    </error>
  </testcase> <!-- basicDetails -->
  <testcase name="basicDetails" time="15.273" classname="com.MAHAGENCO.tc.TC003_MAHAGENCOBasicDetails">
    <error type="java.lang.RuntimeException">
      <![CDATA[java.lang.RuntimeException
at lib.utils.HTMLReporter.reportStep(HTMLReporter.java:64)
at lib.utils.HTMLReporter.reportStep(HTMLReporter.java:73)
at com.ibps.pages.PersonalDetailsPage.selectDropDownUsingIndexNew(PersonalDetailsPage.java:289)
at com.MAHAGENCO.tc.TC003_MAHAGENCOBasicDetails.basicDetails(TC003_MAHAGENCOBasicDetails.java:50)
at sun.reflect.GeneratedMethodAccessor90.invoke(Unknown Source)
at sun.reflect.DelegatingMethodAccessorImpl.invoke(Unknown Source)
at java.lang.reflect.Method.invoke(Unknown Source)
at org.testng.internal.MethodInvocationHelper.invokeMethod(MethodInvocationHelper.java:124)
at org.testng.internal.Invoker.invokeMethod(Invoker.java:583)
at org.testng.internal.Invoker.invokeTestMethod(Invoker.java:719)
at org.testng.internal.Invoker.invokeTestMethods(Invoker.java:989)
at org.testng.internal.TestMethodWorker.invokeTestMethods(TestMethodWorker.java:125)
at org.testng.internal.TestMethodWorker.run(TestMethodWorker.java:109)
at java.util.concurrent.ThreadPoolExecutor.runWorker(Unknown Source)
at java.util.concurrent.ThreadPoolExecutor$Worker.run(Unknown Source)
at java.lang.Thread.run(Unknown Source)
]]>
    </error>
  </testcase> <!-- basicDetails -->
  <testcase name="basicDetails" time="97.552" classname="com.MAHAGENCO.tc.TC003_MAHAGENCOBasicDetails"/>
  <testcase name="basicDetails" time="12.689" classname="com.MAHAGENCO.tc.TC003_MAHAGENCOBasicDetails">
    <error type="java.lang.RuntimeException">
      <![CDATA[java.lang.RuntimeException
at lib.utils.HTMLReporter.reportStep(HTMLReporter.java:64)
at lib.utils.HTMLReporter.reportStep(HTMLReporter.java:73)
at com.ibps.pages.PersonalDetailsPage.selectDropDownUsingIndexNew(PersonalDetailsPage.java:289)
at com.MAHAGENCO.tc.TC003_MAHAGENCOBasicDetails.basicDetails(TC003_MAHAGENCOBasicDetails.java:50)
at sun.reflect.GeneratedMethodAccessor90.invoke(Unknown Source)
at sun.reflect.DelegatingMethodAccessorImpl.invoke(Unknown Source)
at java.lang.reflect.Method.invoke(Unknown Source)
at org.testng.internal.MethodInvocationHelper.invokeMethod(MethodInvocationHelper.java:124)
at org.testng.internal.Invoker.invokeMethod(Invoker.java:583)
at org.testng.internal.Invoker.invokeTestMethod(Invoker.java:719)
at org.testng.internal.Invoker.invokeTestMethods(Invoker.java:989)
at org.testng.internal.TestMethodWorker.invokeTestMethods(TestMethodWorker.java:125)
at org.testng.internal.TestMethodWorker.run(TestMethodWorker.java:109)
at java.util.concurrent.ThreadPoolExecutor.runWorker(Unknown Source)
at java.util.concurrent.ThreadPoolExecutor$Worker.run(Unknown Source)
at java.lang.Thread.run(Unknown Source)
]]>
    </error>
  </testcase> <!-- basicDetails -->
  <testcase name="basicDetails" time="97.916" classname="com.MAHAGENCO.tc.TC003_MAHAGENCOBasicDetails"/>
  <testcase name="basicDetails" time="90.288" classname="com.MAHAGENCO.tc.TC003_MAHAGENCOBasicDetails"/>
  <testcase name="basicDetails" time="13.267" classname="com.MAHAGENCO.tc.TC003_MAHAGENCOBasicDetails">
    <error type="java.lang.RuntimeException">
      <![CDATA[java.lang.RuntimeException
at lib.utils.HTMLReporter.reportStep(HTMLReporter.java:64)
at lib.utils.HTMLReporter.reportStep(HTMLReporter.java:73)
at com.ibps.pages.PersonalDetailsPage.selectDropDownUsingIndexNew(PersonalDetailsPage.java:289)
at com.MAHAGENCO.tc.TC003_MAHAGENCOBasicDetails.basicDetails(TC003_MAHAGENCOBasicDetails.java:50)
at sun.reflect.GeneratedMethodAccessor90.invoke(Unknown Source)
at sun.reflect.DelegatingMethodAccessorImpl.invoke(Unknown Source)
at java.lang.reflect.Method.invoke(Unknown Source)
at org.testng.internal.MethodInvocationHelper.invokeMethod(MethodInvocationHelper.java:124)
at org.testng.internal.Invoker.invokeMethod(Invoker.java:583)
at org.testng.internal.Invoker.invokeTestMethod(Invoker.java:719)
at org.testng.internal.Invoker.invokeTestMethods(Invoker.java:989)
at org.testng.internal.TestMethodWorker.invokeTestMethods(TestMethodWorker.java:125)
at org.testng.internal.TestMethodWorker.run(TestMethodWorker.java:109)
at java.util.concurrent.ThreadPoolExecutor.runWorker(Unknown Source)
at java.util.concurrent.ThreadPoolExecutor$Worker.run(Unknown Source)
at java.lang.Thread.run(Unknown Source)
]]>
    </error>
  </testcase> <!-- basicDetails -->
  <testcase name="basicDetails" time="90.129" classname="com.MAHAGENCO.tc.TC003_MAHAGENCOBasicDetails"/>
  <testcase name="basicDetails" time="109.134" classname="com.MAHAGENCO.tc.TC003_MAHAGENCOBasicDetails"/>
  <testcase name="basicDetails" time="12.931" classname="com.MAHAGENCO.tc.TC003_MAHAGENCOBasicDetails">
    <error type="java.lang.RuntimeException">
      <![CDATA[java.lang.RuntimeException
at lib.utils.HTMLReporter.reportStep(HTMLReporter.java:64)
at lib.utils.HTMLReporter.reportStep(HTMLReporter.java:73)
at com.ibps.pages.PersonalDetailsPage.selectDropDownUsingIndexNew(PersonalDetailsPage.java:289)
at com.MAHAGENCO.tc.TC003_MAHAGENCOBasicDetails.basicDetails(TC003_MAHAGENCOBasicDetails.java:50)
at sun.reflect.GeneratedMethodAccessor90.invoke(Unknown Source)
at sun.reflect.DelegatingMethodAccessorImpl.invoke(Unknown Source)
at java.lang.reflect.Method.invoke(Unknown Source)
at org.testng.internal.MethodInvocationHelper.invokeMethod(MethodInvocationHelper.java:124)
at org.testng.internal.Invoker.invokeMethod(Invoker.java:583)
at org.testng.internal.Invoker.invokeTestMethod(Invoker.java:719)
at org.testng.internal.Invoker.invokeTestMethods(Invoker.java:989)
at org.testng.internal.TestMethodWorker.invokeTestMethods(TestMethodWorker.java:125)
at org.testng.internal.TestMethodWorker.run(TestMethodWorker.java:109)
at java.util.concurrent.ThreadPoolExecutor.runWorker(Unknown Source)
at java.util.concurrent.ThreadPoolExecutor$Worker.run(Unknown Source)
at java.lang.Thread.run(Unknown Source)
]]>
    </error>
  </testcase> <!-- basicDetails -->
  <testcase name="basicDetails" time="91.195" classname="com.MAHAGENCO.tc.TC003_MAHAGENCOBasicDetails"/>
  <testcase name="basicDetails" time="90.372" classname="com.MAHAGENCO.tc.TC003_MAHAGENCOBasicDetails"/>
  <testcase name="basicDetails" time="13.113" classname="com.MAHAGENCO.tc.TC003_MAHAGENCOBasicDetails">
    <error type="java.lang.RuntimeException">
      <![CDATA[java.lang.RuntimeException
at lib.utils.HTMLReporter.reportStep(HTMLReporter.java:64)
at lib.utils.HTMLReporter.reportStep(HTMLReporter.java:73)
at com.ibps.pages.PersonalDetailsPage.selectDropDownUsingIndexNew(PersonalDetailsPage.java:289)
at com.MAHAGENCO.tc.TC003_MAHAGENCOBasicDetails.basicDetails(TC003_MAHAGENCOBasicDetails.java:50)
at sun.reflect.GeneratedMethodAccessor90.invoke(Unknown Source)
at sun.reflect.DelegatingMethodAccessorImpl.invoke(Unknown Source)
at java.lang.reflect.Method.invoke(Unknown Source)
at org.testng.internal.MethodInvocationHelper.invokeMethod(MethodInvocationHelper.java:124)
at org.testng.internal.Invoker.invokeMethod(Invoker.java:583)
at org.testng.internal.Invoker.invokeTestMethod(Invoker.java:719)
at org.testng.internal.Invoker.invokeTestMethods(Invoker.java:989)
at org.testng.internal.TestMethodWorker.invokeTestMethods(TestMethodWorker.java:125)
at org.testng.internal.TestMethodWorker.run(TestMethodWorker.java:109)
at java.util.concurrent.ThreadPoolExecutor.runWorker(Unknown Source)
at java.util.concurrent.ThreadPoolExecutor$Worker.run(Unknown Source)
at java.lang.Thread.run(Unknown Source)
]]>
    </error>
  </testcase> <!-- basicDetails -->
  <testcase name="basicDetails" time="13.193" classname="com.MAHAGENCO.tc.TC003_MAHAGENCOBasicDetails">
    <error type="java.lang.RuntimeException">
      <![CDATA[java.lang.RuntimeException
at lib.utils.HTMLReporter.reportStep(HTMLReporter.java:64)
at lib.utils.HTMLReporter.reportStep(HTMLReporter.java:73)
at com.ibps.pages.PersonalDetailsPage.selectDropDownUsingIndexNew(PersonalDetailsPage.java:289)
at com.MAHAGENCO.tc.TC003_MAHAGENCOBasicDetails.basicDetails(TC003_MAHAGENCOBasicDetails.java:50)
at sun.reflect.GeneratedMethodAccessor90.invoke(Unknown Source)
at sun.reflect.DelegatingMethodAccessorImpl.invoke(Unknown Source)
at java.lang.reflect.Method.invoke(Unknown Source)
at org.testng.internal.MethodInvocationHelper.invokeMethod(MethodInvocationHelper.java:124)
at org.testng.internal.Invoker.invokeMethod(Invoker.java:583)
at org.testng.internal.Invoker.invokeTestMethod(Invoker.java:719)
at org.testng.internal.Invoker.invokeTestMethods(Invoker.java:989)
at org.testng.internal.TestMethodWorker.invokeTestMethods(TestMethodWorker.java:125)
at org.testng.internal.TestMethodWorker.run(TestMethodWorker.java:109)
at java.util.concurrent.ThreadPoolExecutor.runWorker(Unknown Source)
at java.util.concurrent.ThreadPoolExecutor$Worker.run(Unknown Source)
at java.lang.Thread.run(Unknown Source)
]]>
    </error>
  </testcase> <!-- basicDetails -->
  <testcase name="basicDetails" time="88.498" classname="com.MAHAGENCO.tc.TC003_MAHAGENCOBasicDetails"/>
  <testcase name="basicDetails" time="13.222" classname="com.MAHAGENCO.tc.TC003_MAHAGENCOBasicDetails">
    <error type="java.lang.RuntimeException">
      <![CDATA[java.lang.RuntimeException
at lib.utils.HTMLReporter.reportStep(HTMLReporter.java:64)
at lib.utils.HTMLReporter.reportStep(HTMLReporter.java:73)
at com.ibps.pages.PersonalDetailsPage.selectDropDownUsingIndexNew(PersonalDetailsPage.java:289)
at com.MAHAGENCO.tc.TC003_MAHAGENCOBasicDetails.basicDetails(TC003_MAHAGENCOBasicDetails.java:50)
at sun.reflect.GeneratedMethodAccessor90.invoke(Unknown Source)
at sun.reflect.DelegatingMethodAccessorImpl.invoke(Unknown Source)
at java.lang.reflect.Method.invoke(Unknown Source)
at org.testng.internal.MethodInvocationHelper.invokeMethod(MethodInvocationHelper.java:124)
at org.testng.internal.Invoker.invokeMethod(Invoker.java:583)
at org.testng.internal.Invoker.invokeTestMethod(Invoker.java:719)
at org.testng.internal.Invoker.invokeTestMethods(Invoker.java:989)
at org.testng.internal.TestMethodWorker.invokeTestMethods(TestMethodWorker.java:125)
at org.testng.internal.TestMethodWorker.run(TestMethodWorker.java:109)
at java.util.concurrent.ThreadPoolExecutor.runWorker(Unknown Source)
at java.util.concurrent.ThreadPoolExecutor$Worker.run(Unknown Source)
at java.lang.Thread.run(Unknown Source)
]]>
    </error>
  </testcase> <!-- basicDetails -->
  <testcase name="basicDetails" time="91.295" classname="com.MAHAGENCO.tc.TC003_MAHAGENCOBasicDetails"/>
  <testcase name="basicDetails" time="101.360" classname="com.MAHAGENCO.tc.TC003_MAHAGENCOBasicDetails"/>
  <testcase name="basicDetails" time="94.739" classname="com.MAHAGENCO.tc.TC003_MAHAGENCOBasicDetails"/>
  <testcase name="basicDetails" time="14.366" classname="com.MAHAGENCO.tc.TC003_MAHAGENCOBasicDetails">
    <error type="java.lang.RuntimeException">
      <![CDATA[java.lang.RuntimeException
at lib.utils.HTMLReporter.reportStep(HTMLReporter.java:64)
at lib.utils.HTMLReporter.reportStep(HTMLReporter.java:73)
at com.ibps.pages.PersonalDetailsPage.selectDropDownUsingIndexNew(PersonalDetailsPage.java:289)
at com.MAHAGENCO.tc.TC003_MAHAGENCOBasicDetails.basicDetails(TC003_MAHAGENCOBasicDetails.java:50)
at sun.reflect.GeneratedMethodAccessor90.invoke(Unknown Source)
at sun.reflect.DelegatingMethodAccessorImpl.invoke(Unknown Source)
at java.lang.reflect.Method.invoke(Unknown Source)
at org.testng.internal.MethodInvocationHelper.invokeMethod(MethodInvocationHelper.java:124)
at org.testng.internal.Invoker.invokeMethod(Invoker.java:583)
at org.testng.internal.Invoker.invokeTestMethod(Invoker.java:719)
at org.testng.internal.Invoker.invokeTestMethods(Invoker.java:989)
at org.testng.internal.TestMethodWorker.invokeTestMethods(TestMethodWorker.java:125)
at org.testng.internal.TestMethodWorker.run(TestMethodWorker.java:109)
at java.util.concurrent.ThreadPoolExecutor.runWorker(Unknown Source)
at java.util.concurrent.ThreadPoolExecutor$Worker.run(Unknown Source)
at java.lang.Thread.run(Unknown Source)
]]>
    </error>
  </testcase> <!-- basicDetails -->
  <testcase name="basicDetails" time="98.450" classname="com.MAHAGENCO.tc.TC003_MAHAGENCOBasicDetails"/>
  <testcase name="basicDetails" time="89.875" classname="com.MAHAGENCO.tc.TC003_MAHAGENCOBasicDetails"/>
  <testcase name="basicDetails" time="12.726" classname="com.MAHAGENCO.tc.TC003_MAHAGENCOBasicDetails">
    <error type="java.lang.RuntimeException">
      <![CDATA[java.lang.RuntimeException
at lib.utils.HTMLReporter.reportStep(HTMLReporter.java:64)
at lib.utils.HTMLReporter.reportStep(HTMLReporter.java:73)
at com.ibps.pages.PersonalDetailsPage.selectDropDownUsingIndexNew(PersonalDetailsPage.java:289)
at com.MAHAGENCO.tc.TC003_MAHAGENCOBasicDetails.basicDetails(TC003_MAHAGENCOBasicDetails.java:50)
at sun.reflect.GeneratedMethodAccessor90.invoke(Unknown Source)
at sun.reflect.DelegatingMethodAccessorImpl.invoke(Unknown Source)
at java.lang.reflect.Method.invoke(Unknown Source)
at org.testng.internal.MethodInvocationHelper.invokeMethod(MethodInvocationHelper.java:124)
at org.testng.internal.Invoker.invokeMethod(Invoker.java:583)
at org.testng.internal.Invoker.invokeTestMethod(Invoker.java:719)
at org.testng.internal.Invoker.invokeTestMethods(Invoker.java:989)
at org.testng.internal.TestMethodWorker.invokeTestMethods(TestMethodWorker.java:125)
at org.testng.internal.TestMethodWorker.run(TestMethodWorker.java:109)
at java.util.concurrent.ThreadPoolExecutor.runWorker(Unknown Source)
at java.util.concurrent.ThreadPoolExecutor$Worker.run(Unknown Source)
at java.lang.Thread.run(Unknown Source)
]]>
    </error>
  </testcase> <!-- basicDetails -->
  <testcase name="basicDetails" time="12.948" classname="com.MAHAGENCO.tc.TC003_MAHAGENCOBasicDetails">
    <error type="java.lang.RuntimeException">
      <![CDATA[java.lang.RuntimeException
at lib.utils.HTMLReporter.reportStep(HTMLReporter.java:64)
at lib.utils.HTMLReporter.reportStep(HTMLReporter.java:73)
at com.ibps.pages.PersonalDetailsPage.selectDropDownUsingIndexNew(PersonalDetailsPage.java:289)
at com.MAHAGENCO.tc.TC003_MAHAGENCOBasicDetails.basicDetails(TC003_MAHAGENCOBasicDetails.java:50)
at sun.reflect.GeneratedMethodAccessor90.invoke(Unknown Source)
at sun.reflect.DelegatingMethodAccessorImpl.invoke(Unknown Source)
at java.lang.reflect.Method.invoke(Unknown Source)
at org.testng.internal.MethodInvocationHelper.invokeMethod(MethodInvocationHelper.java:124)
at org.testng.internal.Invoker.invokeMethod(Invoker.java:583)
at org.testng.internal.Invoker.invokeTestMethod(Invoker.java:719)
at org.testng.internal.Invoker.invokeTestMethods(Invoker.java:989)
at org.testng.internal.TestMethodWorker.invokeTestMethods(TestMethodWorker.java:125)
at org.testng.internal.TestMethodWorker.run(TestMethodWorker.java:109)
at java.util.concurrent.ThreadPoolExecutor.runWorker(Unknown Source)
at java.util.concurrent.ThreadPoolExecutor$Worker.run(Unknown Source)
at java.lang.Thread.run(Unknown Source)
]]>
    </error>
  </testcase> <!-- basicDetails -->
  <testcase name="basicDetails" time="91.667" classname="com.MAHAGENCO.tc.TC003_MAHAGENCOBasicDetails"/>
  <testcase name="basicDetails" time="14.048" classname="com.MAHAGENCO.tc.TC003_MAHAGENCOBasicDetails">
    <error type="java.lang.RuntimeException">
      <![CDATA[java.lang.RuntimeException
at lib.utils.HTMLReporter.reportStep(HTMLReporter.java:64)
at lib.utils.HTMLReporter.reportStep(HTMLReporter.java:73)
at com.ibps.pages.PersonalDetailsPage.selectDropDownUsingIndexNew(PersonalDetailsPage.java:289)
at com.MAHAGENCO.tc.TC003_MAHAGENCOBasicDetails.basicDetails(TC003_MAHAGENCOBasicDetails.java:50)
at sun.reflect.NativeMethodAccessorImpl.invoke0(Native Method)
at sun.reflect.NativeMethodAccessorImpl.invoke(Unknown Source)
at sun.reflect.DelegatingMethodAccessorImpl.invoke(Unknown Source)
at java.lang.reflect.Method.invoke(Unknown Source)
at org.testng.internal.MethodInvocationHelper.invokeMethod(MethodInvocationHelper.java:124)
at org.testng.internal.Invoker.invokeMethod(Invoker.java:583)
at org.testng.internal.Invoker.invokeTestMethod(Invoker.java:719)
at org.testng.internal.Invoker.invokeTestMethods(Invoker.java:989)
at org.testng.internal.TestMethodWorker.invokeTestMethods(TestMethodWorker.java:125)
at org.testng.internal.TestMethodWorker.run(TestMethodWorker.java:109)
at java.util.concurrent.ThreadPoolExecutor.runWorker(Unknown Source)
at java.util.concurrent.ThreadPoolExecutor$Worker.run(Unknown Source)
at java.lang.Thread.run(Unknown Source)
]]>
    </error>
  </testcase> <!-- basicDetails -->
  <testcase name="basicDetails" time="97.345" classname="com.MAHAGENCO.tc.TC003_MAHAGENCOBasicDetails"/>
  <testcase name="basicDetails" time="90.187" classname="com.MAHAGENCO.tc.TC003_MAHAGENCOBasicDetails"/>
  <testcase name="basicDetails" time="92.828" classname="com.MAHAGENCO.tc.TC003_MAHAGENCOBasicDetails"/>
  <testcase name="basicDetails" time="91.203" classname="com.MAHAGENCO.tc.TC003_MAHAGENCOBasicDetails"/>
  <testcase name="basicDetails" time="89.605" classname="com.MAHAGENCO.tc.TC003_MAHAGENCOBasicDetails"/>
  <testcase name="basicDetails" time="89.569" classname="com.MAHAGENCO.tc.TC003_MAHAGENCOBasicDetails"/>
  <testcase name="basicDetails" time="90.703" classname="com.MAHAGENCO.tc.TC003_MAHAGENCOBasicDetails"/>
  <testcase name="basicDetails" time="90.792" classname="com.MAHAGENCO.tc.TC003_MAHAGENCOBasicDetails"/>
  <testcase name="basicDetails" time="13.792" classname="com.MAHAGENCO.tc.TC003_MAHAGENCOBasicDetails">
    <error type="java.lang.RuntimeException">
      <![CDATA[java.lang.RuntimeException
at lib.utils.HTMLReporter.reportStep(HTMLReporter.java:64)
at lib.utils.HTMLReporter.reportStep(HTMLReporter.java:73)
at com.ibps.pages.PersonalDetailsPage.selectDropDownUsingIndexNew(PersonalDetailsPage.java:289)
at com.MAHAGENCO.tc.TC003_MAHAGENCOBasicDetails.basicDetails(TC003_MAHAGENCOBasicDetails.java:50)
at sun.reflect.GeneratedMethodAccessor90.invoke(Unknown Source)
at sun.reflect.DelegatingMethodAccessorImpl.invoke(Unknown Source)
at java.lang.reflect.Method.invoke(Unknown Source)
at org.testng.internal.MethodInvocationHelper.invokeMethod(MethodInvocationHelper.java:124)
at org.testng.internal.Invoker.invokeMethod(Invoker.java:583)
at org.testng.internal.Invoker.invokeTestMethod(Invoker.java:719)
at org.testng.internal.Invoker.invokeTestMethods(Invoker.java:989)
at org.testng.internal.TestMethodWorker.invokeTestMethods(TestMethodWorker.java:125)
at org.testng.internal.TestMethodWorker.run(TestMethodWorker.java:109)
at java.util.concurrent.ThreadPoolExecutor.runWorker(Unknown Source)
at java.util.concurrent.ThreadPoolExecutor$Worker.run(Unknown Source)
at java.lang.Thread.run(Unknown Source)
]]>
    </error>
  </testcase> <!-- basicDetails -->
  <testcase name="basicDetails" time="102.059" classname="com.MAHAGENCO.tc.TC003_MAHAGENCOBasicDetails"/>
  <testcase name="basicDetails" time="91.136" classname="com.MAHAGENCO.tc.TC003_MAHAGENCOBasicDetails"/>
  <testcase name="basicDetails" time="94.370" classname="com.MAHAGENCO.tc.TC003_MAHAGENCOBasicDetails"/>
  <testcase name="basicDetails" time="13.862" classname="com.MAHAGENCO.tc.TC003_MAHAGENCOBasicDetails">
    <error type="java.lang.RuntimeException">
      <![CDATA[java.lang.RuntimeException
at lib.utils.HTMLReporter.reportStep(HTMLReporter.java:64)
at lib.utils.HTMLReporter.reportStep(HTMLReporter.java:73)
at com.ibps.pages.PersonalDetailsPage.selectDropDownUsingIndexNew(PersonalDetailsPage.java:289)
at com.MAHAGENCO.tc.TC003_MAHAGENCOBasicDetails.basicDetails(TC003_MAHAGENCOBasicDetails.java:50)
at sun.reflect.GeneratedMethodAccessor90.invoke(Unknown Source)
at sun.reflect.DelegatingMethodAccessorImpl.invoke(Unknown Source)
at java.lang.reflect.Method.invoke(Unknown Source)
at org.testng.internal.MethodInvocationHelper.invokeMethod(MethodInvocationHelper.java:124)
at org.testng.internal.Invoker.invokeMethod(Invoker.java:583)
at org.testng.internal.Invoker.invokeTestMethod(Invoker.java:719)
at org.testng.internal.Invoker.invokeTestMethods(Invoker.java:989)
at org.testng.internal.TestMethodWorker.invokeTestMethods(TestMethodWorker.java:125)
at org.testng.internal.TestMethodWorker.run(TestMethodWorker.java:109)
at java.util.concurrent.ThreadPoolExecutor.runWorker(Unknown Source)
at java.util.concurrent.ThreadPoolExecutor$Worker.run(Unknown Source)
at java.lang.Thread.run(Unknown Source)
]]>
    </error>
  </testcase> <!-- basicDetails -->
  <testcase name="basicDetails" time="93.304" classname="com.MAHAGENCO.tc.TC003_MAHAGENCOBasicDetails"/>
  <testcase name="basicDetails" time="89.866" classname="com.MAHAGENCO.tc.TC003_MAHAGENCOBasicDetails"/>
  <testcase name="basicDetails" time="91.598" classname="com.MAHAGENCO.tc.TC003_MAHAGENCOBasicDetails"/>
  <testcase name="basicDetails" time="89.114" classname="com.MAHAGENCO.tc.TC003_MAHAGENCOBasicDetails"/>
  <testcase name="basicDetails" time="88.978" classname="com.MAHAGENCO.tc.TC003_MAHAGENCOBasicDetails"/>
  <testcase name="basicDetails" time="14.849" classname="com.MAHAGENCO.tc.TC003_MAHAGENCOBasicDetails">
    <error type="java.lang.RuntimeException">
      <![CDATA[java.lang.RuntimeException
at lib.utils.HTMLReporter.reportStep(HTMLReporter.java:64)
at lib.utils.HTMLReporter.reportStep(HTMLReporter.java:73)
at com.ibps.pages.PersonalDetailsPage.selectDropDownUsingIndexNew(PersonalDetailsPage.java:289)
at com.MAHAGENCO.tc.TC003_MAHAGENCOBasicDetails.basicDetails(TC003_MAHAGENCOBasicDetails.java:50)
at sun.reflect.GeneratedMethodAccessor90.invoke(Unknown Source)
at sun.reflect.DelegatingMethodAccessorImpl.invoke(Unknown Source)
at java.lang.reflect.Method.invoke(Unknown Source)
at org.testng.internal.MethodInvocationHelper.invokeMethod(MethodInvocationHelper.java:124)
at org.testng.internal.Invoker.invokeMethod(Invoker.java:583)
at org.testng.internal.Invoker.invokeTestMethod(Invoker.java:719)
at org.testng.internal.Invoker.invokeTestMethods(Invoker.java:989)
at org.testng.internal.TestMethodWorker.invokeTestMethods(TestMethodWorker.java:125)
at org.testng.internal.TestMethodWorker.run(TestMethodWorker.java:109)
at java.util.concurrent.ThreadPoolExecutor.runWorker(Unknown Source)
at java.util.concurrent.ThreadPoolExecutor$Worker.run(Unknown Source)
at java.lang.Thread.run(Unknown Source)
]]>
    </error>
  </testcase> <!-- basicDetails -->
  <testcase name="basicDetails" time="88.939" classname="com.MAHAGENCO.tc.TC003_MAHAGENCOBasicDetails"/>
  <testcase name="basicDetails" time="12.755" classname="com.MAHAGENCO.tc.TC003_MAHAGENCOBasicDetails">
    <error type="java.lang.RuntimeException">
      <![CDATA[java.lang.RuntimeException
at lib.utils.HTMLReporter.reportStep(HTMLReporter.java:64)
at lib.utils.HTMLReporter.reportStep(HTMLReporter.java:73)
at com.ibps.pages.PersonalDetailsPage.selectDropDownUsingIndexNew(PersonalDetailsPage.java:289)
at com.MAHAGENCO.tc.TC003_MAHAGENCOBasicDetails.basicDetails(TC003_MAHAGENCOBasicDetails.java:50)
at sun.reflect.GeneratedMethodAccessor90.invoke(Unknown Source)
at sun.reflect.DelegatingMethodAccessorImpl.invoke(Unknown Source)
at java.lang.reflect.Method.invoke(Unknown Source)
at org.testng.internal.MethodInvocationHelper.invokeMethod(MethodInvocationHelper.java:124)
at org.testng.internal.Invoker.invokeMethod(Invoker.java:583)
at org.testng.internal.Invoker.invokeTestMethod(Invoker.java:719)
at org.testng.internal.Invoker.invokeTestMethods(Invoker.java:989)
at org.testng.internal.TestMethodWorker.invokeTestMethods(TestMethodWorker.java:125)
at org.testng.internal.TestMethodWorker.run(TestMethodWorker.java:109)
at java.util.concurrent.ThreadPoolExecutor.runWorker(Unknown Source)
at java.util.concurrent.ThreadPoolExecutor$Worker.run(Unknown Source)
at java.lang.Thread.run(Unknown Source)
]]>
    </error>
  </testcase> <!-- basicDetails -->
  <testcase name="basicDetails" time="88.284" classname="com.MAHAGENCO.tc.TC003_MAHAGENCOBasicDetails"/>
  <testcase name="basicDetails" time="90.115" classname="com.MAHAGENCO.tc.TC003_MAHAGENCOBasicDetails"/>
  <testcase name="basicDetails" time="89.483" classname="com.MAHAGENCO.tc.TC003_MAHAGENCOBasicDetails"/>
  <testcase name="basicDetails" time="91.433" classname="com.MAHAGENCO.tc.TC003_MAHAGENCOBasicDetails"/>
  <testcase name="basicDetails" time="13.154" classname="com.MAHAGENCO.tc.TC003_MAHAGENCOBasicDetails">
    <error type="java.lang.RuntimeException">
      <![CDATA[java.lang.RuntimeException
at lib.utils.HTMLReporter.reportStep(HTMLReporter.java:64)
at lib.utils.HTMLReporter.reportStep(HTMLReporter.java:73)
at com.ibps.pages.PersonalDetailsPage.selectDropDownUsingIndexNew(PersonalDetailsPage.java:289)
at com.MAHAGENCO.tc.TC003_MAHAGENCOBasicDetails.basicDetails(TC003_MAHAGENCOBasicDetails.java:50)
at sun.reflect.GeneratedMethodAccessor90.invoke(Unknown Source)
at sun.reflect.DelegatingMethodAccessorImpl.invoke(Unknown Source)
at java.lang.reflect.Method.invoke(Unknown Source)
at org.testng.internal.MethodInvocationHelper.invokeMethod(MethodInvocationHelper.java:124)
at org.testng.internal.Invoker.invokeMethod(Invoker.java:583)
at org.testng.internal.Invoker.invokeTestMethod(Invoker.java:719)
at org.testng.internal.Invoker.invokeTestMethods(Invoker.java:989)
at org.testng.internal.TestMethodWorker.invokeTestMethods(TestMethodWorker.java:125)
at org.testng.internal.TestMethodWorker.run(TestMethodWorker.java:109)
at java.util.concurrent.ThreadPoolExecutor.runWorker(Unknown Source)
at java.util.concurrent.ThreadPoolExecutor$Worker.run(Unknown Source)
at java.lang.Thread.run(Unknown Source)
]]>
    </error>
  </testcase> <!-- basicDetails -->
  <testcase name="basicDetails" time="13.108" classname="com.MAHAGENCO.tc.TC003_MAHAGENCOBasicDetails">
    <error type="java.lang.RuntimeException">
      <![CDATA[java.lang.RuntimeException
at lib.utils.HTMLReporter.reportStep(HTMLReporter.java:64)
at lib.utils.HTMLReporter.reportStep(HTMLReporter.java:73)
at com.ibps.pages.PersonalDetailsPage.selectDropDownUsingIndexNew(PersonalDetailsPage.java:289)
at com.MAHAGENCO.tc.TC003_MAHAGENCOBasicDetails.basicDetails(TC003_MAHAGENCOBasicDetails.java:50)
at sun.reflect.GeneratedMethodAccessor90.invoke(Unknown Source)
at sun.reflect.DelegatingMethodAccessorImpl.invoke(Unknown Source)
at java.lang.reflect.Method.invoke(Unknown Source)
at org.testng.internal.MethodInvocationHelper.invokeMethod(MethodInvocationHelper.java:124)
at org.testng.internal.Invoker.invokeMethod(Invoker.java:583)
at org.testng.internal.Invoker.invokeTestMethod(Invoker.java:719)
at org.testng.internal.Invoker.invokeTestMethods(Invoker.java:989)
at org.testng.internal.TestMethodWorker.invokeTestMethods(TestMethodWorker.java:125)
at org.testng.internal.TestMethodWorker.run(TestMethodWorker.java:109)
at java.util.concurrent.ThreadPoolExecutor.runWorker(Unknown Source)
at java.util.concurrent.ThreadPoolExecutor$Worker.run(Unknown Source)
at java.lang.Thread.run(Unknown Source)
]]>
    </error>
  </testcase> <!-- basicDetails -->
  <testcase name="basicDetails" time="13.472" classname="com.MAHAGENCO.tc.TC003_MAHAGENCOBasicDetails">
    <error type="java.lang.RuntimeException">
      <![CDATA[java.lang.RuntimeException
at lib.utils.HTMLReporter.reportStep(HTMLReporter.java:64)
at lib.utils.HTMLReporter.reportStep(HTMLReporter.java:73)
at com.ibps.pages.PersonalDetailsPage.selectDropDownUsingIndexNew(PersonalDetailsPage.java:289)
at com.MAHAGENCO.tc.TC003_MAHAGENCOBasicDetails.basicDetails(TC003_MAHAGENCOBasicDetails.java:50)
at sun.reflect.GeneratedMethodAccessor90.invoke(Unknown Source)
at sun.reflect.DelegatingMethodAccessorImpl.invoke(Unknown Source)
at java.lang.reflect.Method.invoke(Unknown Source)
at org.testng.internal.MethodInvocationHelper.invokeMethod(MethodInvocationHelper.java:124)
at org.testng.internal.Invoker.invokeMethod(Invoker.java:583)
at org.testng.internal.Invoker.invokeTestMethod(Invoker.java:719)
at org.testng.internal.Invoker.invokeTestMethods(Invoker.java:989)
at org.testng.internal.TestMethodWorker.invokeTestMethods(TestMethodWorker.java:125)
at org.testng.internal.TestMethodWorker.run(TestMethodWorker.java:109)
at java.util.concurrent.ThreadPoolExecutor.runWorker(Unknown Source)
at java.util.concurrent.ThreadPoolExecutor$Worker.run(Unknown Source)
at java.lang.Thread.run(Unknown Source)
]]>
    </error>
  </testcase> <!-- basicDetails -->
  <testcase name="basicDetails" time="14.397" classname="com.MAHAGENCO.tc.TC003_MAHAGENCOBasicDetails">
    <error type="java.lang.RuntimeException">
      <![CDATA[java.lang.RuntimeException
at lib.utils.HTMLReporter.reportStep(HTMLReporter.java:64)
at lib.utils.HTMLReporter.reportStep(HTMLReporter.java:73)
at com.ibps.pages.PersonalDetailsPage.selectDropDownUsingIndexNew(PersonalDetailsPage.java:289)
at com.MAHAGENCO.tc.TC003_MAHAGENCOBasicDetails.basicDetails(TC003_MAHAGENCOBasicDetails.java:50)
at sun.reflect.GeneratedMethodAccessor90.invoke(Unknown Source)
at sun.reflect.DelegatingMethodAccessorImpl.invoke(Unknown Source)
at java.lang.reflect.Method.invoke(Unknown Source)
at org.testng.internal.MethodInvocationHelper.invokeMethod(MethodInvocationHelper.java:124)
at org.testng.internal.Invoker.invokeMethod(Invoker.java:583)
at org.testng.internal.Invoker.invokeTestMethod(Invoker.java:719)
at org.testng.internal.Invoker.invokeTestMethods(Invoker.java:989)
at org.testng.internal.TestMethodWorker.invokeTestMethods(TestMethodWorker.java:125)
at org.testng.internal.TestMethodWorker.run(TestMethodWorker.java:109)
at java.util.concurrent.ThreadPoolExecutor.runWorker(Unknown Source)
at java.util.concurrent.ThreadPoolExecutor$Worker.run(Unknown Source)
at java.lang.Thread.run(Unknown Source)
]]>
    </error>
  </testcase> <!-- basicDetails -->
  <testcase name="basicDetails" time="13.715" classname="com.MAHAGENCO.tc.TC003_MAHAGENCOBasicDetails">
    <error type="java.lang.RuntimeException">
      <![CDATA[java.lang.RuntimeException
at lib.utils.HTMLReporter.reportStep(HTMLReporter.java:64)
at lib.utils.HTMLReporter.reportStep(HTMLReporter.java:73)
at com.ibps.pages.PersonalDetailsPage.selectDropDownUsingIndexNew(PersonalDetailsPage.java:289)
at com.MAHAGENCO.tc.TC003_MAHAGENCOBasicDetails.basicDetails(TC003_MAHAGENCOBasicDetails.java:50)
at sun.reflect.GeneratedMethodAccessor90.invoke(Unknown Source)
at sun.reflect.DelegatingMethodAccessorImpl.invoke(Unknown Source)
at java.lang.reflect.Method.invoke(Unknown Source)
at org.testng.internal.MethodInvocationHelper.invokeMethod(MethodInvocationHelper.java:124)
at org.testng.internal.Invoker.invokeMethod(Invoker.java:583)
at org.testng.internal.Invoker.invokeTestMethod(Invoker.java:719)
at org.testng.internal.Invoker.invokeTestMethods(Invoker.java:989)
at org.testng.internal.TestMethodWorker.invokeTestMethods(TestMethodWorker.java:125)
at org.testng.internal.TestMethodWorker.run(TestMethodWorker.java:109)
at java.util.concurrent.ThreadPoolExecutor.runWorker(Unknown Source)
at java.util.concurrent.ThreadPoolExecutor$Worker.run(Unknown Source)
at java.lang.Thread.run(Unknown Source)
]]>
    </error>
  </testcase> <!-- basicDetails -->
  <testcase name="basicDetails" time="17.331" classname="com.MAHAGENCO.tc.TC003_MAHAGENCOBasicDetails">
    <error type="java.lang.RuntimeException">
      <![CDATA[java.lang.RuntimeException
at lib.utils.HTMLReporter.reportStep(HTMLReporter.java:64)
at lib.utils.HTMLReporter.reportStep(HTMLReporter.java:73)
at com.ibps.pages.PersonalDetailsPage.selectDropDownUsingIndexNew(PersonalDetailsPage.java:289)
at com.MAHAGENCO.tc.TC003_MAHAGENCOBasicDetails.basicDetails(TC003_MAHAGENCOBasicDetails.java:50)
at sun.reflect.GeneratedMethodAccessor90.invoke(Unknown Source)
at sun.reflect.DelegatingMethodAccessorImpl.invoke(Unknown Source)
at java.lang.reflect.Method.invoke(Unknown Source)
at org.testng.internal.MethodInvocationHelper.invokeMethod(MethodInvocationHelper.java:124)
at org.testng.internal.Invoker.invokeMethod(Invoker.java:583)
at org.testng.internal.Invoker.invokeTestMethod(Invoker.java:719)
at org.testng.internal.Invoker.invokeTestMethods(Invoker.java:989)
at org.testng.internal.TestMethodWorker.invokeTestMethods(TestMethodWorker.java:125)
at org.testng.internal.TestMethodWorker.run(TestMethodWorker.java:109)
at java.util.concurrent.ThreadPoolExecutor.runWorker(Unknown Source)
at java.util.concurrent.ThreadPoolExecutor$Worker.run(Unknown Source)
at java.lang.Thread.run(Unknown Source)
]]>
    </error>
  </testcase> <!-- basicDetails -->
  <testcase name="basicDetails" time="90.216" classname="com.MAHAGENCO.tc.TC003_MAHAGENCOBasicDetails"/>
  <testcase name="basicDetails" time="89.276" classname="com.MAHAGENCO.tc.TC003_MAHAGENCOBasicDetails"/>
  <testcase name="basicDetails" time="96.017" classname="com.MAHAGENCO.tc.TC003_MAHAGENCOBasicDetails"/>
  <testcase name="basicDetails" time="93.347" classname="com.MAHAGENCO.tc.TC003_MAHAGENCOBasicDetails"/>
  <testcase name="basicDetails" time="89.096" classname="com.MAHAGENCO.tc.TC003_MAHAGENCOBasicDetails"/>
  <testcase name="basicDetails" time="13.667" classname="com.MAHAGENCO.tc.TC003_MAHAGENCOBasicDetails">
    <error type="java.lang.RuntimeException">
      <![CDATA[java.lang.RuntimeException
at lib.utils.HTMLReporter.reportStep(HTMLReporter.java:64)
at lib.utils.HTMLReporter.reportStep(HTMLReporter.java:73)
at com.ibps.pages.PersonalDetailsPage.selectDropDownUsingIndexNew(PersonalDetailsPage.java:289)
at com.MAHAGENCO.tc.TC003_MAHAGENCOBasicDetails.basicDetails(TC003_MAHAGENCOBasicDetails.java:50)
at sun.reflect.GeneratedMethodAccessor90.invoke(Unknown Source)
at sun.reflect.DelegatingMethodAccessorImpl.invoke(Unknown Source)
at java.lang.reflect.Method.invoke(Unknown Source)
at org.testng.internal.MethodInvocationHelper.invokeMethod(MethodInvocationHelper.java:124)
at org.testng.internal.Invoker.invokeMethod(Invoker.java:583)
at org.testng.internal.Invoker.invokeTestMethod(Invoker.java:719)
at org.testng.internal.Invoker.invokeTestMethods(Invoker.java:989)
at org.testng.internal.TestMethodWorker.invokeTestMethods(TestMethodWorker.java:125)
at org.testng.internal.TestMethodWorker.run(TestMethodWorker.java:109)
at java.util.concurrent.ThreadPoolExecutor.runWorker(Unknown Source)
at java.util.concurrent.ThreadPoolExecutor$Worker.run(Unknown Source)
at java.lang.Thread.run(Unknown Source)
]]>
    </error>
  </testcase> <!-- basicDetails -->
  <testcase name="basicDetails" time="90.762" classname="com.MAHAGENCO.tc.TC003_MAHAGENCOBasicDetails"/>
  <testcase name="basicDetails" time="13.177" classname="com.MAHAGENCO.tc.TC003_MAHAGENCOBasicDetails">
    <error type="java.lang.RuntimeException">
      <![CDATA[java.lang.RuntimeException
at lib.utils.HTMLReporter.reportStep(HTMLReporter.java:64)
at lib.utils.HTMLReporter.reportStep(HTMLReporter.java:73)
at com.ibps.pages.PersonalDetailsPage.selectDropDownUsingIndexNew(PersonalDetailsPage.java:289)
at com.MAHAGENCO.tc.TC003_MAHAGENCOBasicDetails.basicDetails(TC003_MAHAGENCOBasicDetails.java:50)
at sun.reflect.GeneratedMethodAccessor90.invoke(Unknown Source)
at sun.reflect.DelegatingMethodAccessorImpl.invoke(Unknown Source)
at java.lang.reflect.Method.invoke(Unknown Source)
at org.testng.internal.MethodInvocationHelper.invokeMethod(MethodInvocationHelper.java:124)
at org.testng.internal.Invoker.invokeMethod(Invoker.java:583)
at org.testng.internal.Invoker.invokeTestMethod(Invoker.java:719)
at org.testng.internal.Invoker.invokeTestMethods(Invoker.java:989)
at org.testng.internal.TestMethodWorker.invokeTestMethods(TestMethodWorker.java:125)
at org.testng.internal.TestMethodWorker.run(TestMethodWorker.java:109)
at java.util.concurrent.ThreadPoolExecutor.runWorker(Unknown Source)
at java.util.concurrent.ThreadPoolExecutor$Worker.run(Unknown Source)
at java.lang.Thread.run(Unknown Source)
]]>
    </error>
  </testcase> <!-- basicDetails -->
  <testcase name="basicDetails" time="88.630" classname="com.MAHAGENCO.tc.TC003_MAHAGENCOBasicDetails"/>
  <testcase name="basicDetails" time="89.483" classname="com.MAHAGENCO.tc.TC003_MAHAGENCOBasicDetails"/>
  <testcase name="basicDetails" time="89.430" classname="com.MAHAGENCO.tc.TC003_MAHAGENCOBasicDetails"/>
  <testcase name="basicDetails" time="13.502" classname="com.MAHAGENCO.tc.TC003_MAHAGENCOBasicDetails">
    <error type="java.lang.RuntimeException">
      <![CDATA[java.lang.RuntimeException
at lib.utils.HTMLReporter.reportStep(HTMLReporter.java:64)
at lib.utils.HTMLReporter.reportStep(HTMLReporter.java:73)
at com.ibps.pages.PersonalDetailsPage.selectDropDownUsingIndexNew(PersonalDetailsPage.java:289)
at com.MAHAGENCO.tc.TC003_MAHAGENCOBasicDetails.basicDetails(TC003_MAHAGENCOBasicDetails.java:50)
at sun.reflect.GeneratedMethodAccessor90.invoke(Unknown Source)
at sun.reflect.DelegatingMethodAccessorImpl.invoke(Unknown Source)
at java.lang.reflect.Method.invoke(Unknown Source)
at org.testng.internal.MethodInvocationHelper.invokeMethod(MethodInvocationHelper.java:124)
at org.testng.internal.Invoker.invokeMethod(Invoker.java:583)
at org.testng.internal.Invoker.invokeTestMethod(Invoker.java:719)
at org.testng.internal.Invoker.invokeTestMethods(Invoker.java:989)
at org.testng.internal.TestMethodWorker.invokeTestMethods(TestMethodWorker.java:125)
at org.testng.internal.TestMethodWorker.run(TestMethodWorker.java:109)
at java.util.concurrent.ThreadPoolExecutor.runWorker(Unknown Source)
at java.util.concurrent.ThreadPoolExecutor$Worker.run(Unknown Source)
at java.lang.Thread.run(Unknown Source)
]]>
    </error>
  </testcase> <!-- basicDetails -->
  <testcase name="basicDetails" time="89.314" classname="com.MAHAGENCO.tc.TC003_MAHAGENCOBasicDetails"/>
  <testcase name="basicDetails" time="113.554" classname="com.MAHAGENCO.tc.TC003_MAHAGENCOBasicDetails"/>
  <testcase name="basicDetails" time="93.762" classname="com.MAHAGENCO.tc.TC003_MAHAGENCOBasicDetails"/>
  <testcase name="basicDetails" time="94.280" classname="com.MAHAGENCO.tc.TC003_MAHAGENCOBasicDetails"/>
  <testcase name="basicDetails" time="93.502" classname="com.MAHAGENCO.tc.TC003_MAHAGENCOBasicDetails"/>
  <testcase name="basicDetails" time="88.621" classname="com.MAHAGENCO.tc.TC003_MAHAGENCOBasicDetails"/>
  <testcase name="basicDetails" time="118.370" classname="com.MAHAGENCO.tc.TC003_MAHAGENCOBasicDetails"/>
  <testcase name="basicDetails" time="12.899" classname="com.MAHAGENCO.tc.TC003_MAHAGENCOBasicDetails">
    <error type="java.lang.RuntimeException">
      <![CDATA[java.lang.RuntimeException
at lib.utils.HTMLReporter.reportStep(HTMLReporter.java:64)
at lib.utils.HTMLReporter.reportStep(HTMLReporter.java:73)
at com.ibps.pages.PersonalDetailsPage.selectDropDownUsingIndexNew(PersonalDetailsPage.java:289)
at com.MAHAGENCO.tc.TC003_MAHAGENCOBasicDetails.basicDetails(TC003_MAHAGENCOBasicDetails.java:50)
at sun.reflect.GeneratedMethodAccessor90.invoke(Unknown Source)
at sun.reflect.DelegatingMethodAccessorImpl.invoke(Unknown Source)
at java.lang.reflect.Method.invoke(Unknown Source)
at org.testng.internal.MethodInvocationHelper.invokeMethod(MethodInvocationHelper.java:124)
at org.testng.internal.Invoker.invokeMethod(Invoker.java:583)
at org.testng.internal.Invoker.invokeTestMethod(Invoker.java:719)
at org.testng.internal.Invoker.invokeTestMethods(Invoker.java:989)
at org.testng.internal.TestMethodWorker.invokeTestMethods(TestMethodWorker.java:125)
at org.testng.internal.TestMethodWorker.run(TestMethodWorker.java:109)
at java.util.concurrent.ThreadPoolExecutor.runWorker(Unknown Source)
at java.util.concurrent.ThreadPoolExecutor$Worker.run(Unknown Source)
at java.lang.Thread.run(Unknown Source)
]]>
    </error>
  </testcase> <!-- basicDetails -->
  <testcase name="basicDetails" time="90.734" classname="com.MAHAGENCO.tc.TC003_MAHAGENCOBasicDetails"/>
  <testcase name="basicDetails" time="14.740" classname="com.MAHAGENCO.tc.TC003_MAHAGENCOBasicDetails">
    <error type="java.lang.RuntimeException">
      <![CDATA[java.lang.RuntimeException
at lib.utils.HTMLReporter.reportStep(HTMLReporter.java:64)
at lib.utils.HTMLReporter.reportStep(HTMLReporter.java:73)
at com.ibps.pages.PersonalDetailsPage.selectDropDownUsingIndexNew(PersonalDetailsPage.java:289)
at com.MAHAGENCO.tc.TC003_MAHAGENCOBasicDetails.basicDetails(TC003_MAHAGENCOBasicDetails.java:50)
at sun.reflect.GeneratedMethodAccessor90.invoke(Unknown Source)
at sun.reflect.DelegatingMethodAccessorImpl.invoke(Unknown Source)
at java.lang.reflect.Method.invoke(Unknown Source)
at org.testng.internal.MethodInvocationHelper.invokeMethod(MethodInvocationHelper.java:124)
at org.testng.internal.Invoker.invokeMethod(Invoker.java:583)
at org.testng.internal.Invoker.invokeTestMethod(Invoker.java:719)
at org.testng.internal.Invoker.invokeTestMethods(Invoker.java:989)
at org.testng.internal.TestMethodWorker.invokeTestMethods(TestMethodWorker.java:125)
at org.testng.internal.TestMethodWorker.run(TestMethodWorker.java:109)
at java.util.concurrent.ThreadPoolExecutor.runWorker(Unknown Source)
at java.util.concurrent.ThreadPoolExecutor$Worker.run(Unknown Source)
at java.lang.Thread.run(Unknown Source)
]]>
    </error>
  </testcase> <!-- basicDetails -->
  <testcase name="basicDetails" time="90.938" classname="com.MAHAGENCO.tc.TC003_MAHAGENCOBasicDetails"/>
  <testcase name="basicDetails" time="92.648" classname="com.MAHAGENCO.tc.TC003_MAHAGENCOBasicDetails"/>
  <testcase name="basicDetails" time="13.177" classname="com.MAHAGENCO.tc.TC003_MAHAGENCOBasicDetails">
    <error type="java.lang.RuntimeException">
      <![CDATA[java.lang.RuntimeException
at lib.utils.HTMLReporter.reportStep(HTMLReporter.java:64)
at lib.utils.HTMLReporter.reportStep(HTMLReporter.java:73)
at com.ibps.pages.PersonalDetailsPage.selectDropDownUsingIndexNew(PersonalDetailsPage.java:289)
at com.MAHAGENCO.tc.TC003_MAHAGENCOBasicDetails.basicDetails(TC003_MAHAGENCOBasicDetails.java:50)
at sun.reflect.GeneratedMethodAccessor90.invoke(Unknown Source)
at sun.reflect.DelegatingMethodAccessorImpl.invoke(Unknown Source)
at java.lang.reflect.Method.invoke(Unknown Source)
at org.testng.internal.MethodInvocationHelper.invokeMethod(MethodInvocationHelper.java:124)
at org.testng.internal.Invoker.invokeMethod(Invoker.java:583)
at org.testng.internal.Invoker.invokeTestMethod(Invoker.java:719)
at org.testng.internal.Invoker.invokeTestMethods(Invoker.java:989)
at org.testng.internal.TestMethodWorker.invokeTestMethods(TestMethodWorker.java:125)
at org.testng.internal.TestMethodWorker.run(TestMethodWorker.java:109)
at java.util.concurrent.ThreadPoolExecutor.runWorker(Unknown Source)
at java.util.concurrent.ThreadPoolExecutor$Worker.run(Unknown Source)
at java.lang.Thread.run(Unknown Source)
]]>
    </error>
  </testcase> <!-- basicDetails -->
  <testcase name="basicDetails" time="92.709" classname="com.MAHAGENCO.tc.TC003_MAHAGENCOBasicDetails"/>
  <testcase name="basicDetails" time="12.752" classname="com.MAHAGENCO.tc.TC003_MAHAGENCOBasicDetails">
    <error type="java.lang.RuntimeException">
      <![CDATA[java.lang.RuntimeException
at lib.utils.HTMLReporter.reportStep(HTMLReporter.java:64)
at lib.utils.HTMLReporter.reportStep(HTMLReporter.java:73)
at com.ibps.pages.PersonalDetailsPage.selectDropDownUsingIndexNew(PersonalDetailsPage.java:289)
at com.MAHAGENCO.tc.TC003_MAHAGENCOBasicDetails.basicDetails(TC003_MAHAGENCOBasicDetails.java:50)
at sun.reflect.GeneratedMethodAccessor90.invoke(Unknown Source)
at sun.reflect.DelegatingMethodAccessorImpl.invoke(Unknown Source)
at java.lang.reflect.Method.invoke(Unknown Source)
at org.testng.internal.MethodInvocationHelper.invokeMethod(MethodInvocationHelper.java:124)
at org.testng.internal.Invoker.invokeMethod(Invoker.java:583)
at org.testng.internal.Invoker.invokeTestMethod(Invoker.java:719)
at org.testng.internal.Invoker.invokeTestMethods(Invoker.java:989)
at org.testng.internal.TestMethodWorker.invokeTestMethods(TestMethodWorker.java:125)
at org.testng.internal.TestMethodWorker.run(TestMethodWorker.java:109)
at java.util.concurrent.ThreadPoolExecutor.runWorker(Unknown Source)
at java.util.concurrent.ThreadPoolExecutor$Worker.run(Unknown Source)
at java.lang.Thread.run(Unknown Source)
]]>
    </error>
  </testcase> <!-- basicDetails -->
  <testcase name="basicDetails" time="91.771" classname="com.MAHAGENCO.tc.TC003_MAHAGENCOBasicDetails"/>
  <testcase name="basicDetails" time="13.060" classname="com.MAHAGENCO.tc.TC003_MAHAGENCOBasicDetails">
    <error type="java.lang.RuntimeException">
      <![CDATA[java.lang.RuntimeException
at lib.utils.HTMLReporter.reportStep(HTMLReporter.java:64)
at lib.utils.HTMLReporter.reportStep(HTMLReporter.java:73)
at com.ibps.pages.PersonalDetailsPage.selectDropDownUsingIndexNew(PersonalDetailsPage.java:289)
at com.MAHAGENCO.tc.TC003_MAHAGENCOBasicDetails.basicDetails(TC003_MAHAGENCOBasicDetails.java:50)
at sun.reflect.GeneratedMethodAccessor90.invoke(Unknown Source)
at sun.reflect.DelegatingMethodAccessorImpl.invoke(Unknown Source)
at java.lang.reflect.Method.invoke(Unknown Source)
at org.testng.internal.MethodInvocationHelper.invokeMethod(MethodInvocationHelper.java:124)
at org.testng.internal.Invoker.invokeMethod(Invoker.java:583)
at org.testng.internal.Invoker.invokeTestMethod(Invoker.java:719)
at org.testng.internal.Invoker.invokeTestMethods(Invoker.java:989)
at org.testng.internal.TestMethodWorker.invokeTestMethods(TestMethodWorker.java:125)
at org.testng.internal.TestMethodWorker.run(TestMethodWorker.java:109)
at java.util.concurrent.ThreadPoolExecutor.runWorker(Unknown Source)
at java.util.concurrent.ThreadPoolExecutor$Worker.run(Unknown Source)
at java.lang.Thread.run(Unknown Source)
]]>
    </error>
  </testcase> <!-- basicDetails -->
  <testcase name="basicDetails" time="89.680" classname="com.MAHAGENCO.tc.TC003_MAHAGENCOBasicDetails"/>
  <testcase name="basicDetails" time="13.457" classname="com.MAHAGENCO.tc.TC003_MAHAGENCOBasicDetails">
    <error type="java.lang.RuntimeException">
      <![CDATA[java.lang.RuntimeException
at lib.utils.HTMLReporter.reportStep(HTMLReporter.java:64)
at lib.utils.HTMLReporter.reportStep(HTMLReporter.java:73)
at com.ibps.pages.PersonalDetailsPage.selectDropDownUsingIndexNew(PersonalDetailsPage.java:289)
at com.MAHAGENCO.tc.TC003_MAHAGENCOBasicDetails.basicDetails(TC003_MAHAGENCOBasicDetails.java:50)
at sun.reflect.GeneratedMethodAccessor90.invoke(Unknown Source)
at sun.reflect.DelegatingMethodAccessorImpl.invoke(Unknown Source)
at java.lang.reflect.Method.invoke(Unknown Source)
at org.testng.internal.MethodInvocationHelper.invokeMethod(MethodInvocationHelper.java:124)
at org.testng.internal.Invoker.invokeMethod(Invoker.java:583)
at org.testng.internal.Invoker.invokeTestMethod(Invoker.java:719)
at org.testng.internal.Invoker.invokeTestMethods(Invoker.java:989)
at org.testng.internal.TestMethodWorker.invokeTestMethods(TestMethodWorker.java:125)
at org.testng.internal.TestMethodWorker.run(TestMethodWorker.java:109)
at java.util.concurrent.ThreadPoolExecutor.runWorker(Unknown Source)
at java.util.concurrent.ThreadPoolExecutor$Worker.run(Unknown Source)
at java.lang.Thread.run(Unknown Source)
]]>
    </error>
  </testcase> <!-- basicDetails -->
  <testcase name="basicDetails" time="12.852" classname="com.MAHAGENCO.tc.TC003_MAHAGENCOBasicDetails">
    <error type="java.lang.RuntimeException">
      <![CDATA[java.lang.RuntimeException
at lib.utils.HTMLReporter.reportStep(HTMLReporter.java:64)
at lib.utils.HTMLReporter.reportStep(HTMLReporter.java:73)
at com.ibps.pages.PersonalDetailsPage.selectDropDownUsingIndexNew(PersonalDetailsPage.java:289)
at com.MAHAGENCO.tc.TC003_MAHAGENCOBasicDetails.basicDetails(TC003_MAHAGENCOBasicDetails.java:50)
at sun.reflect.GeneratedMethodAccessor90.invoke(Unknown Source)
at sun.reflect.DelegatingMethodAccessorImpl.invoke(Unknown Source)
at java.lang.reflect.Method.invoke(Unknown Source)
at org.testng.internal.MethodInvocationHelper.invokeMethod(MethodInvocationHelper.java:124)
at org.testng.internal.Invoker.invokeMethod(Invoker.java:583)
at org.testng.internal.Invoker.invokeTestMethod(Invoker.java:719)
at org.testng.internal.Invoker.invokeTestMethods(Invoker.java:989)
at org.testng.internal.TestMethodWorker.invokeTestMethods(TestMethodWorker.java:125)
at org.testng.internal.TestMethodWorker.run(TestMethodWorker.java:109)
at java.util.concurrent.ThreadPoolExecutor.runWorker(Unknown Source)
at java.util.concurrent.ThreadPoolExecutor$Worker.run(Unknown Source)
at java.lang.Thread.run(Unknown Source)
]]>
    </error>
  </testcase> <!-- basicDetails -->
  <testcase name="basicDetails" time="90.057" classname="com.MAHAGENCO.tc.TC003_MAHAGENCOBasicDetails"/>
  <testcase name="basicDetails" time="90.570" classname="com.MAHAGENCO.tc.TC003_MAHAGENCOBasicDetails"/>
  <testcase name="basicDetails" time="91.996" classname="com.MAHAGENCO.tc.TC003_MAHAGENCOBasicDetails"/>
  <testcase name="basicDetails" time="88.927" classname="com.MAHAGENCO.tc.TC003_MAHAGENCOBasicDetails"/>
</testsuite> <!-- com.MAHAGENCO.tc.TC003_MAHAGENCOBasicDetails -->
