<?xml version="1.0" encoding="UTF-8"?>
<!-- Generated by org.testng.reporters.JUnitReportReporter -->
<testsuite skipped="0" hostname="MAA015435A" name="com.MAHAGENCO.tc.TC005_MAHAGENCOBasicDetails" tests="214" failures="0" timestamp="21 Nov 2019 20:10:51 GMT" time="16093.023" errors="50">
  <testcase name="basicDetails" time="87.710" classname="com.MAHAGENCO.tc.TC005_MAHAGENCOBasicDetails"/>
  <testcase name="basicDetails" time="12.940" classname="com.MAHAGENCO.tc.TC005_MAHAGENCOBasicDetails">
    <error type="java.lang.RuntimeException">
      <![CDATA[java.lang.RuntimeException
at lib.utils.HTMLReporter.reportStep(HTMLReporter.java:64)
at lib.utils.HTMLReporter.reportStep(HTMLReporter.java:73)
at com.ibps.pages.PersonalDetailsPage.selectDropDownUsingIndexNew(PersonalDetailsPage.java:289)
at com.MAHAGENCO.tc.TC005_MAHAGENCOBasicDetails.basicDetails(TC005_MAHAGENCOBasicDetails.java:50)
at sun.reflect.GeneratedMethodAccessor91.invoke(Unknown Source)
at sun.reflect.DelegatingMethodAccessorImpl.invoke(Unknown Source)
at java.lang.reflect.Method.invoke(Unknown Source)
at org.testng.internal.MethodInvocationHelper.invokeMethod(MethodInvocationHelper.java:124)
at org.testng.internal.Invoker.invokeMethod(Invoker.java:583)
at org.testng.internal.Invoker.invokeTestMethod(Invoker.java:719)
at org.testng.internal.Invoker.invokeTestMethods(Invoker.java:989)
at org.testng.internal.TestMethodWorker.invokeTestMethods(TestMethodWorker.java:125)
at org.testng.internal.TestMethodWorker.run(TestMethodWorker.java:109)
at java.util.concurrent.ThreadPoolExecutor.runWorker(Unknown Source)
at java.util.concurrent.ThreadPoolExecutor$Worker.run(Unknown Source)
at java.lang.Thread.run(Unknown Source)
]]>
    </error>
  </testcase> <!-- basicDetails -->
  <testcase name="basicDetails" time="90.797" classname="com.MAHAGENCO.tc.TC005_MAHAGENCOBasicDetails"/>
  <testcase name="basicDetails" time="98.118" classname="com.MAHAGENCO.tc.TC005_MAHAGENCOBasicDetails"/>
  <testcase name="basicDetails" time="90.462" classname="com.MAHAGENCO.tc.TC005_MAHAGENCOBasicDetails"/>
  <testcase name="basicDetails" time="16.520" classname="com.MAHAGENCO.tc.TC005_MAHAGENCOBasicDetails">
    <error type="java.lang.RuntimeException">
      <![CDATA[java.lang.RuntimeException
at lib.utils.HTMLReporter.reportStep(HTMLReporter.java:64)
at lib.utils.HTMLReporter.reportStep(HTMLReporter.java:73)
at com.ibps.pages.PersonalDetailsPage.selectDropDownUsingIndexNew(PersonalDetailsPage.java:289)
at com.MAHAGENCO.tc.TC005_MAHAGENCOBasicDetails.basicDetails(TC005_MAHAGENCOBasicDetails.java:50)
at sun.reflect.GeneratedMethodAccessor91.invoke(Unknown Source)
at sun.reflect.DelegatingMethodAccessorImpl.invoke(Unknown Source)
at java.lang.reflect.Method.invoke(Unknown Source)
at org.testng.internal.MethodInvocationHelper.invokeMethod(MethodInvocationHelper.java:124)
at org.testng.internal.Invoker.invokeMethod(Invoker.java:583)
at org.testng.internal.Invoker.invokeTestMethod(Invoker.java:719)
at org.testng.internal.Invoker.invokeTestMethods(Invoker.java:989)
at org.testng.internal.TestMethodWorker.invokeTestMethods(TestMethodWorker.java:125)
at org.testng.internal.TestMethodWorker.run(TestMethodWorker.java:109)
at java.util.concurrent.ThreadPoolExecutor.runWorker(Unknown Source)
at java.util.concurrent.ThreadPoolExecutor$Worker.run(Unknown Source)
at java.lang.Thread.run(Unknown Source)
]]>
    </error>
  </testcase> <!-- basicDetails -->
  <testcase name="basicDetails" time="114.934" classname="com.MAHAGENCO.tc.TC005_MAHAGENCOBasicDetails"/>
  <testcase name="basicDetails" time="98.283" classname="com.MAHAGENCO.tc.TC005_MAHAGENCOBasicDetails"/>
  <testcase name="basicDetails" time="93.980" classname="com.MAHAGENCO.tc.TC005_MAHAGENCOBasicDetails"/>
  <testcase name="basicDetails" time="89.051" classname="com.MAHAGENCO.tc.TC005_MAHAGENCOBasicDetails"/>
  <testcase name="basicDetails" time="89.288" classname="com.MAHAGENCO.tc.TC005_MAHAGENCOBasicDetails"/>
  <testcase name="basicDetails" time="91.019" classname="com.MAHAGENCO.tc.TC005_MAHAGENCOBasicDetails"/>
  <testcase name="basicDetails" time="12.733" classname="com.MAHAGENCO.tc.TC005_MAHAGENCOBasicDetails">
    <error type="java.lang.RuntimeException">
      <![CDATA[java.lang.RuntimeException
at lib.utils.HTMLReporter.reportStep(HTMLReporter.java:64)
at lib.utils.HTMLReporter.reportStep(HTMLReporter.java:73)
at com.ibps.pages.PersonalDetailsPage.selectDropDownUsingIndexNew(PersonalDetailsPage.java:289)
at com.MAHAGENCO.tc.TC005_MAHAGENCOBasicDetails.basicDetails(TC005_MAHAGENCOBasicDetails.java:50)
at sun.reflect.GeneratedMethodAccessor91.invoke(Unknown Source)
at sun.reflect.DelegatingMethodAccessorImpl.invoke(Unknown Source)
at java.lang.reflect.Method.invoke(Unknown Source)
at org.testng.internal.MethodInvocationHelper.invokeMethod(MethodInvocationHelper.java:124)
at org.testng.internal.Invoker.invokeMethod(Invoker.java:583)
at org.testng.internal.Invoker.invokeTestMethod(Invoker.java:719)
at org.testng.internal.Invoker.invokeTestMethods(Invoker.java:989)
at org.testng.internal.TestMethodWorker.invokeTestMethods(TestMethodWorker.java:125)
at org.testng.internal.TestMethodWorker.run(TestMethodWorker.java:109)
at java.util.concurrent.ThreadPoolExecutor.runWorker(Unknown Source)
at java.util.concurrent.ThreadPoolExecutor$Worker.run(Unknown Source)
at java.lang.Thread.run(Unknown Source)
]]>
    </error>
  </testcase> <!-- basicDetails -->
  <testcase name="basicDetails" time="13.962" classname="com.MAHAGENCO.tc.TC005_MAHAGENCOBasicDetails">
    <error type="java.lang.RuntimeException">
      <![CDATA[java.lang.RuntimeException
at lib.utils.HTMLReporter.reportStep(HTMLReporter.java:64)
at lib.utils.HTMLReporter.reportStep(HTMLReporter.java:73)
at com.ibps.pages.PersonalDetailsPage.selectDropDownUsingIndexNew(PersonalDetailsPage.java:289)
at com.MAHAGENCO.tc.TC005_MAHAGENCOBasicDetails.basicDetails(TC005_MAHAGENCOBasicDetails.java:50)
at sun.reflect.GeneratedMethodAccessor91.invoke(Unknown Source)
at sun.reflect.DelegatingMethodAccessorImpl.invoke(Unknown Source)
at java.lang.reflect.Method.invoke(Unknown Source)
at org.testng.internal.MethodInvocationHelper.invokeMethod(MethodInvocationHelper.java:124)
at org.testng.internal.Invoker.invokeMethod(Invoker.java:583)
at org.testng.internal.Invoker.invokeTestMethod(Invoker.java:719)
at org.testng.internal.Invoker.invokeTestMethods(Invoker.java:989)
at org.testng.internal.TestMethodWorker.invokeTestMethods(TestMethodWorker.java:125)
at org.testng.internal.TestMethodWorker.run(TestMethodWorker.java:109)
at java.util.concurrent.ThreadPoolExecutor.runWorker(Unknown Source)
at java.util.concurrent.ThreadPoolExecutor$Worker.run(Unknown Source)
at java.lang.Thread.run(Unknown Source)
]]>
    </error>
  </testcase> <!-- basicDetails -->
  <testcase name="basicDetails" time="13.683" classname="com.MAHAGENCO.tc.TC005_MAHAGENCOBasicDetails">
    <error type="java.lang.RuntimeException">
      <![CDATA[java.lang.RuntimeException
at lib.utils.HTMLReporter.reportStep(HTMLReporter.java:64)
at lib.utils.HTMLReporter.reportStep(HTMLReporter.java:73)
at com.ibps.pages.PersonalDetailsPage.selectDropDownUsingIndexNew(PersonalDetailsPage.java:289)
at com.MAHAGENCO.tc.TC005_MAHAGENCOBasicDetails.basicDetails(TC005_MAHAGENCOBasicDetails.java:50)
at sun.reflect.GeneratedMethodAccessor91.invoke(Unknown Source)
at sun.reflect.DelegatingMethodAccessorImpl.invoke(Unknown Source)
at java.lang.reflect.Method.invoke(Unknown Source)
at org.testng.internal.MethodInvocationHelper.invokeMethod(MethodInvocationHelper.java:124)
at org.testng.internal.Invoker.invokeMethod(Invoker.java:583)
at org.testng.internal.Invoker.invokeTestMethod(Invoker.java:719)
at org.testng.internal.Invoker.invokeTestMethods(Invoker.java:989)
at org.testng.internal.TestMethodWorker.invokeTestMethods(TestMethodWorker.java:125)
at org.testng.internal.TestMethodWorker.run(TestMethodWorker.java:109)
at java.util.concurrent.ThreadPoolExecutor.runWorker(Unknown Source)
at java.util.concurrent.ThreadPoolExecutor$Worker.run(Unknown Source)
at java.lang.Thread.run(Unknown Source)
]]>
    </error>
  </testcase> <!-- basicDetails -->
  <testcase name="basicDetails" time="13.263" classname="com.MAHAGENCO.tc.TC005_MAHAGENCOBasicDetails">
    <error type="java.lang.RuntimeException">
      <![CDATA[java.lang.RuntimeException
at lib.utils.HTMLReporter.reportStep(HTMLReporter.java:64)
at lib.utils.HTMLReporter.reportStep(HTMLReporter.java:73)
at com.ibps.pages.PersonalDetailsPage.selectDropDownUsingIndexNew(PersonalDetailsPage.java:289)
at com.MAHAGENCO.tc.TC005_MAHAGENCOBasicDetails.basicDetails(TC005_MAHAGENCOBasicDetails.java:50)
at sun.reflect.GeneratedMethodAccessor91.invoke(Unknown Source)
at sun.reflect.DelegatingMethodAccessorImpl.invoke(Unknown Source)
at java.lang.reflect.Method.invoke(Unknown Source)
at org.testng.internal.MethodInvocationHelper.invokeMethod(MethodInvocationHelper.java:124)
at org.testng.internal.Invoker.invokeMethod(Invoker.java:583)
at org.testng.internal.Invoker.invokeTestMethod(Invoker.java:719)
at org.testng.internal.Invoker.invokeTestMethods(Invoker.java:989)
at org.testng.internal.TestMethodWorker.invokeTestMethods(TestMethodWorker.java:125)
at org.testng.internal.TestMethodWorker.run(TestMethodWorker.java:109)
at java.util.concurrent.ThreadPoolExecutor.runWorker(Unknown Source)
at java.util.concurrent.ThreadPoolExecutor$Worker.run(Unknown Source)
at java.lang.Thread.run(Unknown Source)
]]>
    </error>
  </testcase> <!-- basicDetails -->
  <testcase name="basicDetails" time="92.117" classname="com.MAHAGENCO.tc.TC005_MAHAGENCOBasicDetails"/>
  <testcase name="basicDetails" time="13.145" classname="com.MAHAGENCO.tc.TC005_MAHAGENCOBasicDetails">
    <error type="java.lang.RuntimeException">
      <![CDATA[java.lang.RuntimeException
at lib.utils.HTMLReporter.reportStep(HTMLReporter.java:64)
at lib.utils.HTMLReporter.reportStep(HTMLReporter.java:73)
at com.ibps.pages.PersonalDetailsPage.selectDropDownUsingIndexNew(PersonalDetailsPage.java:289)
at com.MAHAGENCO.tc.TC005_MAHAGENCOBasicDetails.basicDetails(TC005_MAHAGENCOBasicDetails.java:50)
at sun.reflect.GeneratedMethodAccessor91.invoke(Unknown Source)
at sun.reflect.DelegatingMethodAccessorImpl.invoke(Unknown Source)
at java.lang.reflect.Method.invoke(Unknown Source)
at org.testng.internal.MethodInvocationHelper.invokeMethod(MethodInvocationHelper.java:124)
at org.testng.internal.Invoker.invokeMethod(Invoker.java:583)
at org.testng.internal.Invoker.invokeTestMethod(Invoker.java:719)
at org.testng.internal.Invoker.invokeTestMethods(Invoker.java:989)
at org.testng.internal.TestMethodWorker.invokeTestMethods(TestMethodWorker.java:125)
at org.testng.internal.TestMethodWorker.run(TestMethodWorker.java:109)
at java.util.concurrent.ThreadPoolExecutor.runWorker(Unknown Source)
at java.util.concurrent.ThreadPoolExecutor$Worker.run(Unknown Source)
at java.lang.Thread.run(Unknown Source)
]]>
    </error>
  </testcase> <!-- basicDetails -->
  <testcase name="basicDetails" time="96.632" classname="com.MAHAGENCO.tc.TC005_MAHAGENCOBasicDetails"/>
  <testcase name="basicDetails" time="92.077" classname="com.MAHAGENCO.tc.TC005_MAHAGENCOBasicDetails"/>
  <testcase name="basicDetails" time="90.192" classname="com.MAHAGENCO.tc.TC005_MAHAGENCOBasicDetails"/>
  <testcase name="basicDetails" time="109.256" classname="com.MAHAGENCO.tc.TC005_MAHAGENCOBasicDetails"/>
  <testcase name="basicDetails" time="88.794" classname="com.MAHAGENCO.tc.TC005_MAHAGENCOBasicDetails"/>
  <testcase name="basicDetails" time="92.438" classname="com.MAHAGENCO.tc.TC005_MAHAGENCOBasicDetails"/>
  <testcase name="basicDetails" time="100.301" classname="com.MAHAGENCO.tc.TC005_MAHAGENCOBasicDetails"/>
  <testcase name="basicDetails" time="89.346" classname="com.MAHAGENCO.tc.TC005_MAHAGENCOBasicDetails"/>
  <testcase name="basicDetails" time="89.642" classname="com.MAHAGENCO.tc.TC005_MAHAGENCOBasicDetails"/>
  <testcase name="basicDetails" time="90.341" classname="com.MAHAGENCO.tc.TC005_MAHAGENCOBasicDetails"/>
  <testcase name="basicDetails" time="90.400" classname="com.MAHAGENCO.tc.TC005_MAHAGENCOBasicDetails"/>
  <testcase name="basicDetails" time="91.549" classname="com.MAHAGENCO.tc.TC005_MAHAGENCOBasicDetails"/>
  <testcase name="basicDetails" time="90.798" classname="com.MAHAGENCO.tc.TC005_MAHAGENCOBasicDetails"/>
  <testcase name="basicDetails" time="95.018" classname="com.MAHAGENCO.tc.TC005_MAHAGENCOBasicDetails"/>
  <testcase name="basicDetails" time="109.106" classname="com.MAHAGENCO.tc.TC005_MAHAGENCOBasicDetails"/>
  <testcase name="basicDetails" time="91.521" classname="com.MAHAGENCO.tc.TC005_MAHAGENCOBasicDetails"/>
  <testcase name="basicDetails" time="90.314" classname="com.MAHAGENCO.tc.TC005_MAHAGENCOBasicDetails"/>
  <testcase name="basicDetails" time="93.781" classname="com.MAHAGENCO.tc.TC005_MAHAGENCOBasicDetails"/>
  <testcase name="basicDetails" time="89.883" classname="com.MAHAGENCO.tc.TC005_MAHAGENCOBasicDetails"/>
  <testcase name="basicDetails" time="89.433" classname="com.MAHAGENCO.tc.TC005_MAHAGENCOBasicDetails"/>
  <testcase name="basicDetails" time="12.799" classname="com.MAHAGENCO.tc.TC005_MAHAGENCOBasicDetails">
    <error type="java.lang.RuntimeException">
      <![CDATA[java.lang.RuntimeException
at lib.utils.HTMLReporter.reportStep(HTMLReporter.java:64)
at lib.utils.HTMLReporter.reportStep(HTMLReporter.java:73)
at com.ibps.pages.PersonalDetailsPage.selectDropDownUsingIndexNew(PersonalDetailsPage.java:289)
at com.MAHAGENCO.tc.TC005_MAHAGENCOBasicDetails.basicDetails(TC005_MAHAGENCOBasicDetails.java:50)
at sun.reflect.GeneratedMethodAccessor91.invoke(Unknown Source)
at sun.reflect.DelegatingMethodAccessorImpl.invoke(Unknown Source)
at java.lang.reflect.Method.invoke(Unknown Source)
at org.testng.internal.MethodInvocationHelper.invokeMethod(MethodInvocationHelper.java:124)
at org.testng.internal.Invoker.invokeMethod(Invoker.java:583)
at org.testng.internal.Invoker.invokeTestMethod(Invoker.java:719)
at org.testng.internal.Invoker.invokeTestMethods(Invoker.java:989)
at org.testng.internal.TestMethodWorker.invokeTestMethods(TestMethodWorker.java:125)
at org.testng.internal.TestMethodWorker.run(TestMethodWorker.java:109)
at java.util.concurrent.ThreadPoolExecutor.runWorker(Unknown Source)
at java.util.concurrent.ThreadPoolExecutor$Worker.run(Unknown Source)
at java.lang.Thread.run(Unknown Source)
]]>
    </error>
  </testcase> <!-- basicDetails -->
  <testcase name="basicDetails" time="91.603" classname="com.MAHAGENCO.tc.TC005_MAHAGENCOBasicDetails"/>
  <testcase name="basicDetails" time="90.769" classname="com.MAHAGENCO.tc.TC005_MAHAGENCOBasicDetails"/>
  <testcase name="basicDetails" time="91.622" classname="com.MAHAGENCO.tc.TC005_MAHAGENCOBasicDetails"/>
  <testcase name="basicDetails" time="92.180" classname="com.MAHAGENCO.tc.TC005_MAHAGENCOBasicDetails"/>
  <testcase name="basicDetails" time="91.683" classname="com.MAHAGENCO.tc.TC005_MAHAGENCOBasicDetails"/>
  <testcase name="basicDetails" time="89.013" classname="com.MAHAGENCO.tc.TC005_MAHAGENCOBasicDetails"/>
  <testcase name="basicDetails" time="91.231" classname="com.MAHAGENCO.tc.TC005_MAHAGENCOBasicDetails"/>
  <testcase name="basicDetails" time="90.840" classname="com.MAHAGENCO.tc.TC005_MAHAGENCOBasicDetails"/>
  <testcase name="basicDetails" time="90.339" classname="com.MAHAGENCO.tc.TC005_MAHAGENCOBasicDetails"/>
  <testcase name="basicDetails" time="88.931" classname="com.MAHAGENCO.tc.TC005_MAHAGENCOBasicDetails"/>
  <testcase name="basicDetails" time="18.057" classname="com.MAHAGENCO.tc.TC005_MAHAGENCOBasicDetails">
    <error type="java.lang.RuntimeException">
      <![CDATA[java.lang.RuntimeException
at lib.utils.HTMLReporter.reportStep(HTMLReporter.java:64)
at lib.utils.HTMLReporter.reportStep(HTMLReporter.java:73)
at com.ibps.pages.PersonalDetailsPage.selectDropDownUsingIndexNew(PersonalDetailsPage.java:289)
at com.MAHAGENCO.tc.TC005_MAHAGENCOBasicDetails.basicDetails(TC005_MAHAGENCOBasicDetails.java:50)
at sun.reflect.GeneratedMethodAccessor91.invoke(Unknown Source)
at sun.reflect.DelegatingMethodAccessorImpl.invoke(Unknown Source)
at java.lang.reflect.Method.invoke(Unknown Source)
at org.testng.internal.MethodInvocationHelper.invokeMethod(MethodInvocationHelper.java:124)
at org.testng.internal.Invoker.invokeMethod(Invoker.java:583)
at org.testng.internal.Invoker.invokeTestMethod(Invoker.java:719)
at org.testng.internal.Invoker.invokeTestMethods(Invoker.java:989)
at org.testng.internal.TestMethodWorker.invokeTestMethods(TestMethodWorker.java:125)
at org.testng.internal.TestMethodWorker.run(TestMethodWorker.java:109)
at java.util.concurrent.ThreadPoolExecutor.runWorker(Unknown Source)
at java.util.concurrent.ThreadPoolExecutor$Worker.run(Unknown Source)
at java.lang.Thread.run(Unknown Source)
]]>
    </error>
  </testcase> <!-- basicDetails -->
  <testcase name="basicDetails" time="88.944" classname="com.MAHAGENCO.tc.TC005_MAHAGENCOBasicDetails"/>
  <testcase name="basicDetails" time="89.852" classname="com.MAHAGENCO.tc.TC005_MAHAGENCOBasicDetails"/>
  <testcase name="basicDetails" time="13.113" classname="com.MAHAGENCO.tc.TC005_MAHAGENCOBasicDetails">
    <error type="java.lang.RuntimeException">
      <![CDATA[java.lang.RuntimeException
at lib.utils.HTMLReporter.reportStep(HTMLReporter.java:64)
at lib.utils.HTMLReporter.reportStep(HTMLReporter.java:73)
at com.ibps.pages.PersonalDetailsPage.selectDropDownUsingIndexNew(PersonalDetailsPage.java:289)
at com.MAHAGENCO.tc.TC005_MAHAGENCOBasicDetails.basicDetails(TC005_MAHAGENCOBasicDetails.java:50)
at sun.reflect.GeneratedMethodAccessor91.invoke(Unknown Source)
at sun.reflect.DelegatingMethodAccessorImpl.invoke(Unknown Source)
at java.lang.reflect.Method.invoke(Unknown Source)
at org.testng.internal.MethodInvocationHelper.invokeMethod(MethodInvocationHelper.java:124)
at org.testng.internal.Invoker.invokeMethod(Invoker.java:583)
at org.testng.internal.Invoker.invokeTestMethod(Invoker.java:719)
at org.testng.internal.Invoker.invokeTestMethods(Invoker.java:989)
at org.testng.internal.TestMethodWorker.invokeTestMethods(TestMethodWorker.java:125)
at org.testng.internal.TestMethodWorker.run(TestMethodWorker.java:109)
at java.util.concurrent.ThreadPoolExecutor.runWorker(Unknown Source)
at java.util.concurrent.ThreadPoolExecutor$Worker.run(Unknown Source)
at java.lang.Thread.run(Unknown Source)
]]>
    </error>
  </testcase> <!-- basicDetails -->
  <testcase name="basicDetails" time="90.505" classname="com.MAHAGENCO.tc.TC005_MAHAGENCOBasicDetails"/>
  <testcase name="basicDetails" time="111.291" classname="com.MAHAGENCO.tc.TC005_MAHAGENCOBasicDetails"/>
  <testcase name="basicDetails" time="90.150" classname="com.MAHAGENCO.tc.TC005_MAHAGENCOBasicDetails"/>
  <testcase name="basicDetails" time="89.960" classname="com.MAHAGENCO.tc.TC005_MAHAGENCOBasicDetails"/>
  <testcase name="basicDetails" time="91.449" classname="com.MAHAGENCO.tc.TC005_MAHAGENCOBasicDetails"/>
  <testcase name="basicDetails" time="111.551" classname="com.MAHAGENCO.tc.TC005_MAHAGENCOBasicDetails"/>
  <testcase name="basicDetails" time="13.089" classname="com.MAHAGENCO.tc.TC005_MAHAGENCOBasicDetails">
    <error type="java.lang.RuntimeException">
      <![CDATA[java.lang.RuntimeException
at lib.utils.HTMLReporter.reportStep(HTMLReporter.java:64)
at lib.utils.HTMLReporter.reportStep(HTMLReporter.java:73)
at com.ibps.pages.PersonalDetailsPage.selectDropDownUsingIndexNew(PersonalDetailsPage.java:289)
at com.MAHAGENCO.tc.TC005_MAHAGENCOBasicDetails.basicDetails(TC005_MAHAGENCOBasicDetails.java:50)
at sun.reflect.GeneratedMethodAccessor91.invoke(Unknown Source)
at sun.reflect.DelegatingMethodAccessorImpl.invoke(Unknown Source)
at java.lang.reflect.Method.invoke(Unknown Source)
at org.testng.internal.MethodInvocationHelper.invokeMethod(MethodInvocationHelper.java:124)
at org.testng.internal.Invoker.invokeMethod(Invoker.java:583)
at org.testng.internal.Invoker.invokeTestMethod(Invoker.java:719)
at org.testng.internal.Invoker.invokeTestMethods(Invoker.java:989)
at org.testng.internal.TestMethodWorker.invokeTestMethods(TestMethodWorker.java:125)
at org.testng.internal.TestMethodWorker.run(TestMethodWorker.java:109)
at java.util.concurrent.ThreadPoolExecutor.runWorker(Unknown Source)
at java.util.concurrent.ThreadPoolExecutor$Worker.run(Unknown Source)
at java.lang.Thread.run(Unknown Source)
]]>
    </error>
  </testcase> <!-- basicDetails -->
  <testcase name="basicDetails" time="92.345" classname="com.MAHAGENCO.tc.TC005_MAHAGENCOBasicDetails"/>
  <testcase name="basicDetails" time="90.212" classname="com.MAHAGENCO.tc.TC005_MAHAGENCOBasicDetails"/>
  <testcase name="basicDetails" time="92.438" classname="com.MAHAGENCO.tc.TC005_MAHAGENCOBasicDetails"/>
  <testcase name="basicDetails" time="109.483" classname="com.MAHAGENCO.tc.TC005_MAHAGENCOBasicDetails"/>
  <testcase name="basicDetails" time="93.207" classname="com.MAHAGENCO.tc.TC005_MAHAGENCOBasicDetails"/>
  <testcase name="basicDetails" time="12.785" classname="com.MAHAGENCO.tc.TC005_MAHAGENCOBasicDetails">
    <error type="java.lang.RuntimeException">
      <![CDATA[java.lang.RuntimeException
at lib.utils.HTMLReporter.reportStep(HTMLReporter.java:64)
at lib.utils.HTMLReporter.reportStep(HTMLReporter.java:73)
at com.ibps.pages.PersonalDetailsPage.selectDropDownUsingIndexNew(PersonalDetailsPage.java:289)
at com.MAHAGENCO.tc.TC005_MAHAGENCOBasicDetails.basicDetails(TC005_MAHAGENCOBasicDetails.java:50)
at sun.reflect.GeneratedMethodAccessor91.invoke(Unknown Source)
at sun.reflect.DelegatingMethodAccessorImpl.invoke(Unknown Source)
at java.lang.reflect.Method.invoke(Unknown Source)
at org.testng.internal.MethodInvocationHelper.invokeMethod(MethodInvocationHelper.java:124)
at org.testng.internal.Invoker.invokeMethod(Invoker.java:583)
at org.testng.internal.Invoker.invokeTestMethod(Invoker.java:719)
at org.testng.internal.Invoker.invokeTestMethods(Invoker.java:989)
at org.testng.internal.TestMethodWorker.invokeTestMethods(TestMethodWorker.java:125)
at org.testng.internal.TestMethodWorker.run(TestMethodWorker.java:109)
at java.util.concurrent.ThreadPoolExecutor.runWorker(Unknown Source)
at java.util.concurrent.ThreadPoolExecutor$Worker.run(Unknown Source)
at java.lang.Thread.run(Unknown Source)
]]>
    </error>
  </testcase> <!-- basicDetails -->
  <testcase name="basicDetails" time="92.143" classname="com.MAHAGENCO.tc.TC005_MAHAGENCOBasicDetails"/>
  <testcase name="basicDetails" time="90.648" classname="com.MAHAGENCO.tc.TC005_MAHAGENCOBasicDetails"/>
  <testcase name="basicDetails" time="112.690" classname="com.MAHAGENCO.tc.TC005_MAHAGENCOBasicDetails"/>
  <testcase name="basicDetails" time="93.796" classname="com.MAHAGENCO.tc.TC005_MAHAGENCOBasicDetails"/>
  <testcase name="basicDetails" time="91.552" classname="com.MAHAGENCO.tc.TC005_MAHAGENCOBasicDetails"/>
  <testcase name="basicDetails" time="12.944" classname="com.MAHAGENCO.tc.TC005_MAHAGENCOBasicDetails">
    <error type="java.lang.RuntimeException">
      <![CDATA[java.lang.RuntimeException
at lib.utils.HTMLReporter.reportStep(HTMLReporter.java:64)
at lib.utils.HTMLReporter.reportStep(HTMLReporter.java:73)
at com.ibps.pages.PersonalDetailsPage.selectDropDownUsingIndexNew(PersonalDetailsPage.java:289)
at com.MAHAGENCO.tc.TC005_MAHAGENCOBasicDetails.basicDetails(TC005_MAHAGENCOBasicDetails.java:50)
at sun.reflect.GeneratedMethodAccessor91.invoke(Unknown Source)
at sun.reflect.DelegatingMethodAccessorImpl.invoke(Unknown Source)
at java.lang.reflect.Method.invoke(Unknown Source)
at org.testng.internal.MethodInvocationHelper.invokeMethod(MethodInvocationHelper.java:124)
at org.testng.internal.Invoker.invokeMethod(Invoker.java:583)
at org.testng.internal.Invoker.invokeTestMethod(Invoker.java:719)
at org.testng.internal.Invoker.invokeTestMethods(Invoker.java:989)
at org.testng.internal.TestMethodWorker.invokeTestMethods(TestMethodWorker.java:125)
at org.testng.internal.TestMethodWorker.run(TestMethodWorker.java:109)
at java.util.concurrent.ThreadPoolExecutor.runWorker(Unknown Source)
at java.util.concurrent.ThreadPoolExecutor$Worker.run(Unknown Source)
at java.lang.Thread.run(Unknown Source)
]]>
    </error>
  </testcase> <!-- basicDetails -->
  <testcase name="basicDetails" time="88.188" classname="com.MAHAGENCO.tc.TC005_MAHAGENCOBasicDetails"/>
  <testcase name="basicDetails" time="88.722" classname="com.MAHAGENCO.tc.TC005_MAHAGENCOBasicDetails"/>
  <testcase name="basicDetails" time="13.352" classname="com.MAHAGENCO.tc.TC005_MAHAGENCOBasicDetails">
    <error type="java.lang.RuntimeException">
      <![CDATA[java.lang.RuntimeException
at lib.utils.HTMLReporter.reportStep(HTMLReporter.java:64)
at lib.utils.HTMLReporter.reportStep(HTMLReporter.java:73)
at com.ibps.pages.PersonalDetailsPage.selectDropDownUsingIndexNew(PersonalDetailsPage.java:289)
at com.MAHAGENCO.tc.TC005_MAHAGENCOBasicDetails.basicDetails(TC005_MAHAGENCOBasicDetails.java:50)
at sun.reflect.GeneratedMethodAccessor91.invoke(Unknown Source)
at sun.reflect.DelegatingMethodAccessorImpl.invoke(Unknown Source)
at java.lang.reflect.Method.invoke(Unknown Source)
at org.testng.internal.MethodInvocationHelper.invokeMethod(MethodInvocationHelper.java:124)
at org.testng.internal.Invoker.invokeMethod(Invoker.java:583)
at org.testng.internal.Invoker.invokeTestMethod(Invoker.java:719)
at org.testng.internal.Invoker.invokeTestMethods(Invoker.java:989)
at org.testng.internal.TestMethodWorker.invokeTestMethods(TestMethodWorker.java:125)
at org.testng.internal.TestMethodWorker.run(TestMethodWorker.java:109)
at java.util.concurrent.ThreadPoolExecutor.runWorker(Unknown Source)
at java.util.concurrent.ThreadPoolExecutor$Worker.run(Unknown Source)
at java.lang.Thread.run(Unknown Source)
]]>
    </error>
  </testcase> <!-- basicDetails -->
  <testcase name="basicDetails" time="89.727" classname="com.MAHAGENCO.tc.TC005_MAHAGENCOBasicDetails"/>
  <testcase name="basicDetails" time="13.315" classname="com.MAHAGENCO.tc.TC005_MAHAGENCOBasicDetails">
    <error type="java.lang.RuntimeException">
      <![CDATA[java.lang.RuntimeException
at lib.utils.HTMLReporter.reportStep(HTMLReporter.java:64)
at lib.utils.HTMLReporter.reportStep(HTMLReporter.java:73)
at com.ibps.pages.PersonalDetailsPage.selectDropDownUsingIndexNew(PersonalDetailsPage.java:289)
at com.MAHAGENCO.tc.TC005_MAHAGENCOBasicDetails.basicDetails(TC005_MAHAGENCOBasicDetails.java:50)
at sun.reflect.GeneratedMethodAccessor91.invoke(Unknown Source)
at sun.reflect.DelegatingMethodAccessorImpl.invoke(Unknown Source)
at java.lang.reflect.Method.invoke(Unknown Source)
at org.testng.internal.MethodInvocationHelper.invokeMethod(MethodInvocationHelper.java:124)
at org.testng.internal.Invoker.invokeMethod(Invoker.java:583)
at org.testng.internal.Invoker.invokeTestMethod(Invoker.java:719)
at org.testng.internal.Invoker.invokeTestMethods(Invoker.java:989)
at org.testng.internal.TestMethodWorker.invokeTestMethods(TestMethodWorker.java:125)
at org.testng.internal.TestMethodWorker.run(TestMethodWorker.java:109)
at java.util.concurrent.ThreadPoolExecutor.runWorker(Unknown Source)
at java.util.concurrent.ThreadPoolExecutor$Worker.run(Unknown Source)
at java.lang.Thread.run(Unknown Source)
]]>
    </error>
  </testcase> <!-- basicDetails -->
  <testcase name="basicDetails" time="13.323" classname="com.MAHAGENCO.tc.TC005_MAHAGENCOBasicDetails">
    <error type="java.lang.RuntimeException">
      <![CDATA[java.lang.RuntimeException
at lib.utils.HTMLReporter.reportStep(HTMLReporter.java:64)
at lib.utils.HTMLReporter.reportStep(HTMLReporter.java:73)
at com.ibps.pages.PersonalDetailsPage.selectDropDownUsingIndexNew(PersonalDetailsPage.java:289)
at com.MAHAGENCO.tc.TC005_MAHAGENCOBasicDetails.basicDetails(TC005_MAHAGENCOBasicDetails.java:50)
at sun.reflect.GeneratedMethodAccessor91.invoke(Unknown Source)
at sun.reflect.DelegatingMethodAccessorImpl.invoke(Unknown Source)
at java.lang.reflect.Method.invoke(Unknown Source)
at org.testng.internal.MethodInvocationHelper.invokeMethod(MethodInvocationHelper.java:124)
at org.testng.internal.Invoker.invokeMethod(Invoker.java:583)
at org.testng.internal.Invoker.invokeTestMethod(Invoker.java:719)
at org.testng.internal.Invoker.invokeTestMethods(Invoker.java:989)
at org.testng.internal.TestMethodWorker.invokeTestMethods(TestMethodWorker.java:125)
at org.testng.internal.TestMethodWorker.run(TestMethodWorker.java:109)
at java.util.concurrent.ThreadPoolExecutor.runWorker(Unknown Source)
at java.util.concurrent.ThreadPoolExecutor$Worker.run(Unknown Source)
at java.lang.Thread.run(Unknown Source)
]]>
    </error>
  </testcase> <!-- basicDetails -->
  <testcase name="basicDetails" time="89.225" classname="com.MAHAGENCO.tc.TC005_MAHAGENCOBasicDetails"/>
  <testcase name="basicDetails" time="100.062" classname="com.MAHAGENCO.tc.TC005_MAHAGENCOBasicDetails"/>
  <testcase name="basicDetails" time="17.177" classname="com.MAHAGENCO.tc.TC005_MAHAGENCOBasicDetails">
    <error type="java.lang.RuntimeException">
      <![CDATA[java.lang.RuntimeException
at lib.utils.HTMLReporter.reportStep(HTMLReporter.java:64)
at lib.utils.HTMLReporter.reportStep(HTMLReporter.java:73)
at com.ibps.pages.PersonalDetailsPage.selectDropDownUsingIndexNew(PersonalDetailsPage.java:289)
at com.MAHAGENCO.tc.TC005_MAHAGENCOBasicDetails.basicDetails(TC005_MAHAGENCOBasicDetails.java:50)
at sun.reflect.GeneratedMethodAccessor91.invoke(Unknown Source)
at sun.reflect.DelegatingMethodAccessorImpl.invoke(Unknown Source)
at java.lang.reflect.Method.invoke(Unknown Source)
at org.testng.internal.MethodInvocationHelper.invokeMethod(MethodInvocationHelper.java:124)
at org.testng.internal.Invoker.invokeMethod(Invoker.java:583)
at org.testng.internal.Invoker.invokeTestMethod(Invoker.java:719)
at org.testng.internal.Invoker.invokeTestMethods(Invoker.java:989)
at org.testng.internal.TestMethodWorker.invokeTestMethods(TestMethodWorker.java:125)
at org.testng.internal.TestMethodWorker.run(TestMethodWorker.java:109)
at java.util.concurrent.ThreadPoolExecutor.runWorker(Unknown Source)
at java.util.concurrent.ThreadPoolExecutor$Worker.run(Unknown Source)
at java.lang.Thread.run(Unknown Source)
]]>
    </error>
  </testcase> <!-- basicDetails -->
  <testcase name="basicDetails" time="89.214" classname="com.MAHAGENCO.tc.TC005_MAHAGENCOBasicDetails"/>
  <testcase name="basicDetails" time="110.953" classname="com.MAHAGENCO.tc.TC005_MAHAGENCOBasicDetails"/>
  <testcase name="basicDetails" time="92.590" classname="com.MAHAGENCO.tc.TC005_MAHAGENCOBasicDetails"/>
  <testcase name="basicDetails" time="13.614" classname="com.MAHAGENCO.tc.TC005_MAHAGENCOBasicDetails">
    <error type="java.lang.RuntimeException">
      <![CDATA[java.lang.RuntimeException
at lib.utils.HTMLReporter.reportStep(HTMLReporter.java:64)
at lib.utils.HTMLReporter.reportStep(HTMLReporter.java:73)
at com.ibps.pages.PersonalDetailsPage.selectDropDownUsingIndexNew(PersonalDetailsPage.java:289)
at com.MAHAGENCO.tc.TC005_MAHAGENCOBasicDetails.basicDetails(TC005_MAHAGENCOBasicDetails.java:50)
at sun.reflect.GeneratedMethodAccessor91.invoke(Unknown Source)
at sun.reflect.DelegatingMethodAccessorImpl.invoke(Unknown Source)
at java.lang.reflect.Method.invoke(Unknown Source)
at org.testng.internal.MethodInvocationHelper.invokeMethod(MethodInvocationHelper.java:124)
at org.testng.internal.Invoker.invokeMethod(Invoker.java:583)
at org.testng.internal.Invoker.invokeTestMethod(Invoker.java:719)
at org.testng.internal.Invoker.invokeTestMethods(Invoker.java:989)
at org.testng.internal.TestMethodWorker.invokeTestMethods(TestMethodWorker.java:125)
at org.testng.internal.TestMethodWorker.run(TestMethodWorker.java:109)
at java.util.concurrent.ThreadPoolExecutor.runWorker(Unknown Source)
at java.util.concurrent.ThreadPoolExecutor$Worker.run(Unknown Source)
at java.lang.Thread.run(Unknown Source)
]]>
    </error>
  </testcase> <!-- basicDetails -->
  <testcase name="basicDetails" time="94.396" classname="com.MAHAGENCO.tc.TC005_MAHAGENCOBasicDetails"/>
  <testcase name="basicDetails" time="89.480" classname="com.MAHAGENCO.tc.TC005_MAHAGENCOBasicDetails"/>
  <testcase name="basicDetails" time="90.171" classname="com.MAHAGENCO.tc.TC005_MAHAGENCOBasicDetails"/>
  <testcase name="basicDetails" time="12.741" classname="com.MAHAGENCO.tc.TC005_MAHAGENCOBasicDetails">
    <error type="java.lang.RuntimeException">
      <![CDATA[java.lang.RuntimeException
at lib.utils.HTMLReporter.reportStep(HTMLReporter.java:64)
at lib.utils.HTMLReporter.reportStep(HTMLReporter.java:73)
at com.ibps.pages.PersonalDetailsPage.selectDropDownUsingIndexNew(PersonalDetailsPage.java:289)
at com.MAHAGENCO.tc.TC005_MAHAGENCOBasicDetails.basicDetails(TC005_MAHAGENCOBasicDetails.java:50)
at sun.reflect.GeneratedMethodAccessor91.invoke(Unknown Source)
at sun.reflect.DelegatingMethodAccessorImpl.invoke(Unknown Source)
at java.lang.reflect.Method.invoke(Unknown Source)
at org.testng.internal.MethodInvocationHelper.invokeMethod(MethodInvocationHelper.java:124)
at org.testng.internal.Invoker.invokeMethod(Invoker.java:583)
at org.testng.internal.Invoker.invokeTestMethod(Invoker.java:719)
at org.testng.internal.Invoker.invokeTestMethods(Invoker.java:989)
at org.testng.internal.TestMethodWorker.invokeTestMethods(TestMethodWorker.java:125)
at org.testng.internal.TestMethodWorker.run(TestMethodWorker.java:109)
at java.util.concurrent.ThreadPoolExecutor.runWorker(Unknown Source)
at java.util.concurrent.ThreadPoolExecutor$Worker.run(Unknown Source)
at java.lang.Thread.run(Unknown Source)
]]>
    </error>
  </testcase> <!-- basicDetails -->
  <testcase name="basicDetails" time="90.401" classname="com.MAHAGENCO.tc.TC005_MAHAGENCOBasicDetails"/>
  <testcase name="basicDetails" time="110.191" classname="com.MAHAGENCO.tc.TC005_MAHAGENCOBasicDetails"/>
  <testcase name="basicDetails" time="89.189" classname="com.MAHAGENCO.tc.TC005_MAHAGENCOBasicDetails"/>
  <testcase name="basicDetails" time="88.946" classname="com.MAHAGENCO.tc.TC005_MAHAGENCOBasicDetails"/>
  <testcase name="basicDetails" time="89.906" classname="com.MAHAGENCO.tc.TC005_MAHAGENCOBasicDetails"/>
  <testcase name="basicDetails" time="89.921" classname="com.MAHAGENCO.tc.TC005_MAHAGENCOBasicDetails"/>
  <testcase name="basicDetails" time="13.737" classname="com.MAHAGENCO.tc.TC005_MAHAGENCOBasicDetails">
    <error type="java.lang.RuntimeException">
      <![CDATA[java.lang.RuntimeException
at lib.utils.HTMLReporter.reportStep(HTMLReporter.java:64)
at lib.utils.HTMLReporter.reportStep(HTMLReporter.java:73)
at com.ibps.pages.PersonalDetailsPage.selectDropDownUsingIndexNew(PersonalDetailsPage.java:289)
at com.MAHAGENCO.tc.TC005_MAHAGENCOBasicDetails.basicDetails(TC005_MAHAGENCOBasicDetails.java:50)
at sun.reflect.GeneratedMethodAccessor91.invoke(Unknown Source)
at sun.reflect.DelegatingMethodAccessorImpl.invoke(Unknown Source)
at java.lang.reflect.Method.invoke(Unknown Source)
at org.testng.internal.MethodInvocationHelper.invokeMethod(MethodInvocationHelper.java:124)
at org.testng.internal.Invoker.invokeMethod(Invoker.java:583)
at org.testng.internal.Invoker.invokeTestMethod(Invoker.java:719)
at org.testng.internal.Invoker.invokeTestMethods(Invoker.java:989)
at org.testng.internal.TestMethodWorker.invokeTestMethods(TestMethodWorker.java:125)
at org.testng.internal.TestMethodWorker.run(TestMethodWorker.java:109)
at java.util.concurrent.ThreadPoolExecutor.runWorker(Unknown Source)
at java.util.concurrent.ThreadPoolExecutor$Worker.run(Unknown Source)
at java.lang.Thread.run(Unknown Source)
]]>
    </error>
  </testcase> <!-- basicDetails -->
  <testcase name="basicDetails" time="97.715" classname="com.MAHAGENCO.tc.TC005_MAHAGENCOBasicDetails"/>
  <testcase name="basicDetails" time="13.459" classname="com.MAHAGENCO.tc.TC005_MAHAGENCOBasicDetails">
    <error type="java.lang.RuntimeException">
      <![CDATA[java.lang.RuntimeException
at lib.utils.HTMLReporter.reportStep(HTMLReporter.java:64)
at lib.utils.HTMLReporter.reportStep(HTMLReporter.java:73)
at com.ibps.pages.PersonalDetailsPage.selectDropDownUsingIndexNew(PersonalDetailsPage.java:289)
at com.MAHAGENCO.tc.TC005_MAHAGENCOBasicDetails.basicDetails(TC005_MAHAGENCOBasicDetails.java:50)
at sun.reflect.GeneratedMethodAccessor91.invoke(Unknown Source)
at sun.reflect.DelegatingMethodAccessorImpl.invoke(Unknown Source)
at java.lang.reflect.Method.invoke(Unknown Source)
at org.testng.internal.MethodInvocationHelper.invokeMethod(MethodInvocationHelper.java:124)
at org.testng.internal.Invoker.invokeMethod(Invoker.java:583)
at org.testng.internal.Invoker.invokeTestMethod(Invoker.java:719)
at org.testng.internal.Invoker.invokeTestMethods(Invoker.java:989)
at org.testng.internal.TestMethodWorker.invokeTestMethods(TestMethodWorker.java:125)
at org.testng.internal.TestMethodWorker.run(TestMethodWorker.java:109)
at java.util.concurrent.ThreadPoolExecutor.runWorker(Unknown Source)
at java.util.concurrent.ThreadPoolExecutor$Worker.run(Unknown Source)
at java.lang.Thread.run(Unknown Source)
]]>
    </error>
  </testcase> <!-- basicDetails -->
  <testcase name="basicDetails" time="99.819" classname="com.MAHAGENCO.tc.TC005_MAHAGENCOBasicDetails"/>
  <testcase name="basicDetails" time="89.374" classname="com.MAHAGENCO.tc.TC005_MAHAGENCOBasicDetails"/>
  <testcase name="basicDetails" time="91.166" classname="com.MAHAGENCO.tc.TC005_MAHAGENCOBasicDetails"/>
  <testcase name="basicDetails" time="91.398" classname="com.MAHAGENCO.tc.TC005_MAHAGENCOBasicDetails"/>
  <testcase name="basicDetails" time="13.423" classname="com.MAHAGENCO.tc.TC005_MAHAGENCOBasicDetails">
    <error type="java.lang.RuntimeException">
      <![CDATA[java.lang.RuntimeException
at lib.utils.HTMLReporter.reportStep(HTMLReporter.java:64)
at lib.utils.HTMLReporter.reportStep(HTMLReporter.java:73)
at com.ibps.pages.PersonalDetailsPage.selectDropDownUsingIndexNew(PersonalDetailsPage.java:289)
at com.MAHAGENCO.tc.TC005_MAHAGENCOBasicDetails.basicDetails(TC005_MAHAGENCOBasicDetails.java:50)
at sun.reflect.GeneratedMethodAccessor91.invoke(Unknown Source)
at sun.reflect.DelegatingMethodAccessorImpl.invoke(Unknown Source)
at java.lang.reflect.Method.invoke(Unknown Source)
at org.testng.internal.MethodInvocationHelper.invokeMethod(MethodInvocationHelper.java:124)
at org.testng.internal.Invoker.invokeMethod(Invoker.java:583)
at org.testng.internal.Invoker.invokeTestMethod(Invoker.java:719)
at org.testng.internal.Invoker.invokeTestMethods(Invoker.java:989)
at org.testng.internal.TestMethodWorker.invokeTestMethods(TestMethodWorker.java:125)
at org.testng.internal.TestMethodWorker.run(TestMethodWorker.java:109)
at java.util.concurrent.ThreadPoolExecutor.runWorker(Unknown Source)
at java.util.concurrent.ThreadPoolExecutor$Worker.run(Unknown Source)
at java.lang.Thread.run(Unknown Source)
]]>
    </error>
  </testcase> <!-- basicDetails -->
  <testcase name="basicDetails" time="89.211" classname="com.MAHAGENCO.tc.TC005_MAHAGENCOBasicDetails"/>
  <testcase name="basicDetails" time="97.421" classname="com.MAHAGENCO.tc.TC005_MAHAGENCOBasicDetails"/>
  <testcase name="basicDetails" time="109.455" classname="com.MAHAGENCO.tc.TC005_MAHAGENCOBasicDetails"/>
  <testcase name="basicDetails" time="90.060" classname="com.MAHAGENCO.tc.TC005_MAHAGENCOBasicDetails"/>
  <testcase name="basicDetails" time="95.802" classname="com.MAHAGENCO.tc.TC005_MAHAGENCOBasicDetails"/>
  <testcase name="basicDetails" time="12.992" classname="com.MAHAGENCO.tc.TC005_MAHAGENCOBasicDetails">
    <error type="java.lang.RuntimeException">
      <![CDATA[java.lang.RuntimeException
at lib.utils.HTMLReporter.reportStep(HTMLReporter.java:64)
at lib.utils.HTMLReporter.reportStep(HTMLReporter.java:73)
at com.ibps.pages.PersonalDetailsPage.selectDropDownUsingIndexNew(PersonalDetailsPage.java:289)
at com.MAHAGENCO.tc.TC005_MAHAGENCOBasicDetails.basicDetails(TC005_MAHAGENCOBasicDetails.java:50)
at sun.reflect.GeneratedMethodAccessor91.invoke(Unknown Source)
at sun.reflect.DelegatingMethodAccessorImpl.invoke(Unknown Source)
at java.lang.reflect.Method.invoke(Unknown Source)
at org.testng.internal.MethodInvocationHelper.invokeMethod(MethodInvocationHelper.java:124)
at org.testng.internal.Invoker.invokeMethod(Invoker.java:583)
at org.testng.internal.Invoker.invokeTestMethod(Invoker.java:719)
at org.testng.internal.Invoker.invokeTestMethods(Invoker.java:989)
at org.testng.internal.TestMethodWorker.invokeTestMethods(TestMethodWorker.java:125)
at org.testng.internal.TestMethodWorker.run(TestMethodWorker.java:109)
at java.util.concurrent.ThreadPoolExecutor.runWorker(Unknown Source)
at java.util.concurrent.ThreadPoolExecutor$Worker.run(Unknown Source)
at java.lang.Thread.run(Unknown Source)
]]>
    </error>
  </testcase> <!-- basicDetails -->
  <testcase name="basicDetails" time="13.275" classname="com.MAHAGENCO.tc.TC005_MAHAGENCOBasicDetails">
    <error type="java.lang.RuntimeException">
      <![CDATA[java.lang.RuntimeException
at lib.utils.HTMLReporter.reportStep(HTMLReporter.java:64)
at lib.utils.HTMLReporter.reportStep(HTMLReporter.java:73)
at com.ibps.pages.PersonalDetailsPage.selectDropDownUsingIndexNew(PersonalDetailsPage.java:289)
at com.MAHAGENCO.tc.TC005_MAHAGENCOBasicDetails.basicDetails(TC005_MAHAGENCOBasicDetails.java:50)
at sun.reflect.NativeMethodAccessorImpl.invoke0(Native Method)
at sun.reflect.NativeMethodAccessorImpl.invoke(Unknown Source)
at sun.reflect.DelegatingMethodAccessorImpl.invoke(Unknown Source)
at java.lang.reflect.Method.invoke(Unknown Source)
at org.testng.internal.MethodInvocationHelper.invokeMethod(MethodInvocationHelper.java:124)
at org.testng.internal.Invoker.invokeMethod(Invoker.java:583)
at org.testng.internal.Invoker.invokeTestMethod(Invoker.java:719)
at org.testng.internal.Invoker.invokeTestMethods(Invoker.java:989)
at org.testng.internal.TestMethodWorker.invokeTestMethods(TestMethodWorker.java:125)
at org.testng.internal.TestMethodWorker.run(TestMethodWorker.java:109)
at java.util.concurrent.ThreadPoolExecutor.runWorker(Unknown Source)
at java.util.concurrent.ThreadPoolExecutor$Worker.run(Unknown Source)
at java.lang.Thread.run(Unknown Source)
]]>
    </error>
  </testcase> <!-- basicDetails -->
  <testcase name="basicDetails" time="95.987" classname="com.MAHAGENCO.tc.TC005_MAHAGENCOBasicDetails"/>
  <testcase name="basicDetails" time="112.051" classname="com.MAHAGENCO.tc.TC005_MAHAGENCOBasicDetails"/>
  <testcase name="basicDetails" time="12.694" classname="com.MAHAGENCO.tc.TC005_MAHAGENCOBasicDetails">
    <error type="java.lang.RuntimeException">
      <![CDATA[java.lang.RuntimeException
at lib.utils.HTMLReporter.reportStep(HTMLReporter.java:64)
at lib.utils.HTMLReporter.reportStep(HTMLReporter.java:73)
at com.ibps.pages.PersonalDetailsPage.selectDropDownUsingIndexNew(PersonalDetailsPage.java:289)
at com.MAHAGENCO.tc.TC005_MAHAGENCOBasicDetails.basicDetails(TC005_MAHAGENCOBasicDetails.java:50)
at sun.reflect.GeneratedMethodAccessor91.invoke(Unknown Source)
at sun.reflect.DelegatingMethodAccessorImpl.invoke(Unknown Source)
at java.lang.reflect.Method.invoke(Unknown Source)
at org.testng.internal.MethodInvocationHelper.invokeMethod(MethodInvocationHelper.java:124)
at org.testng.internal.Invoker.invokeMethod(Invoker.java:583)
at org.testng.internal.Invoker.invokeTestMethod(Invoker.java:719)
at org.testng.internal.Invoker.invokeTestMethods(Invoker.java:989)
at org.testng.internal.TestMethodWorker.invokeTestMethods(TestMethodWorker.java:125)
at org.testng.internal.TestMethodWorker.run(TestMethodWorker.java:109)
at java.util.concurrent.ThreadPoolExecutor.runWorker(Unknown Source)
at java.util.concurrent.ThreadPoolExecutor$Worker.run(Unknown Source)
at java.lang.Thread.run(Unknown Source)
]]>
    </error>
  </testcase> <!-- basicDetails -->
  <testcase name="basicDetails" time="90.771" classname="com.MAHAGENCO.tc.TC005_MAHAGENCOBasicDetails"/>
  <testcase name="basicDetails" time="90.401" classname="com.MAHAGENCO.tc.TC005_MAHAGENCOBasicDetails"/>
  <testcase name="basicDetails" time="12.540" classname="com.MAHAGENCO.tc.TC005_MAHAGENCOBasicDetails">
    <error type="java.lang.RuntimeException">
      <![CDATA[java.lang.RuntimeException
at lib.utils.HTMLReporter.reportStep(HTMLReporter.java:64)
at lib.utils.HTMLReporter.reportStep(HTMLReporter.java:73)
at com.ibps.pages.PersonalDetailsPage.selectDropDownUsingIndexNew(PersonalDetailsPage.java:289)
at com.MAHAGENCO.tc.TC005_MAHAGENCOBasicDetails.basicDetails(TC005_MAHAGENCOBasicDetails.java:50)
at sun.reflect.GeneratedMethodAccessor91.invoke(Unknown Source)
at sun.reflect.DelegatingMethodAccessorImpl.invoke(Unknown Source)
at java.lang.reflect.Method.invoke(Unknown Source)
at org.testng.internal.MethodInvocationHelper.invokeMethod(MethodInvocationHelper.java:124)
at org.testng.internal.Invoker.invokeMethod(Invoker.java:583)
at org.testng.internal.Invoker.invokeTestMethod(Invoker.java:719)
at org.testng.internal.Invoker.invokeTestMethods(Invoker.java:989)
at org.testng.internal.TestMethodWorker.invokeTestMethods(TestMethodWorker.java:125)
at org.testng.internal.TestMethodWorker.run(TestMethodWorker.java:109)
at java.util.concurrent.ThreadPoolExecutor.runWorker(Unknown Source)
at java.util.concurrent.ThreadPoolExecutor$Worker.run(Unknown Source)
at java.lang.Thread.run(Unknown Source)
]]>
    </error>
  </testcase> <!-- basicDetails -->
  <testcase name="basicDetails" time="112.307" classname="com.MAHAGENCO.tc.TC005_MAHAGENCOBasicDetails"/>
  <testcase name="basicDetails" time="109.915" classname="com.MAHAGENCO.tc.TC005_MAHAGENCOBasicDetails"/>
  <testcase name="basicDetails" time="91.281" classname="com.MAHAGENCO.tc.TC005_MAHAGENCOBasicDetails"/>
  <testcase name="basicDetails" time="90.847" classname="com.MAHAGENCO.tc.TC005_MAHAGENCOBasicDetails"/>
  <testcase name="basicDetails" time="89.793" classname="com.MAHAGENCO.tc.TC005_MAHAGENCOBasicDetails"/>
  <testcase name="basicDetails" time="89.257" classname="com.MAHAGENCO.tc.TC005_MAHAGENCOBasicDetails"/>
  <testcase name="basicDetails" time="91.422" classname="com.MAHAGENCO.tc.TC005_MAHAGENCOBasicDetails"/>
  <testcase name="basicDetails" time="88.854" classname="com.MAHAGENCO.tc.TC005_MAHAGENCOBasicDetails"/>
  <testcase name="basicDetails" time="14.477" classname="com.MAHAGENCO.tc.TC005_MAHAGENCOBasicDetails">
    <error type="java.lang.RuntimeException">
      <![CDATA[java.lang.RuntimeException
at lib.utils.HTMLReporter.reportStep(HTMLReporter.java:64)
at lib.utils.HTMLReporter.reportStep(HTMLReporter.java:73)
at com.ibps.pages.PersonalDetailsPage.selectDropDownUsingIndexNew(PersonalDetailsPage.java:289)
at com.MAHAGENCO.tc.TC005_MAHAGENCOBasicDetails.basicDetails(TC005_MAHAGENCOBasicDetails.java:50)
at sun.reflect.GeneratedMethodAccessor91.invoke(Unknown Source)
at sun.reflect.DelegatingMethodAccessorImpl.invoke(Unknown Source)
at java.lang.reflect.Method.invoke(Unknown Source)
at org.testng.internal.MethodInvocationHelper.invokeMethod(MethodInvocationHelper.java:124)
at org.testng.internal.Invoker.invokeMethod(Invoker.java:583)
at org.testng.internal.Invoker.invokeTestMethod(Invoker.java:719)
at org.testng.internal.Invoker.invokeTestMethods(Invoker.java:989)
at org.testng.internal.TestMethodWorker.invokeTestMethods(TestMethodWorker.java:125)
at org.testng.internal.TestMethodWorker.run(TestMethodWorker.java:109)
at java.util.concurrent.ThreadPoolExecutor.runWorker(Unknown Source)
at java.util.concurrent.ThreadPoolExecutor$Worker.run(Unknown Source)
at java.lang.Thread.run(Unknown Source)
]]>
    </error>
  </testcase> <!-- basicDetails -->
  <testcase name="basicDetails" time="90.160" classname="com.MAHAGENCO.tc.TC005_MAHAGENCOBasicDetails"/>
  <testcase name="basicDetails" time="14.399" classname="com.MAHAGENCO.tc.TC005_MAHAGENCOBasicDetails">
    <error type="java.lang.RuntimeException">
      <![CDATA[java.lang.RuntimeException
at lib.utils.HTMLReporter.reportStep(HTMLReporter.java:64)
at lib.utils.HTMLReporter.reportStep(HTMLReporter.java:73)
at com.ibps.pages.PersonalDetailsPage.selectDropDownUsingIndexNew(PersonalDetailsPage.java:289)
at com.MAHAGENCO.tc.TC005_MAHAGENCOBasicDetails.basicDetails(TC005_MAHAGENCOBasicDetails.java:50)
at sun.reflect.GeneratedMethodAccessor91.invoke(Unknown Source)
at sun.reflect.DelegatingMethodAccessorImpl.invoke(Unknown Source)
at java.lang.reflect.Method.invoke(Unknown Source)
at org.testng.internal.MethodInvocationHelper.invokeMethod(MethodInvocationHelper.java:124)
at org.testng.internal.Invoker.invokeMethod(Invoker.java:583)
at org.testng.internal.Invoker.invokeTestMethod(Invoker.java:719)
at org.testng.internal.Invoker.invokeTestMethods(Invoker.java:989)
at org.testng.internal.TestMethodWorker.invokeTestMethods(TestMethodWorker.java:125)
at org.testng.internal.TestMethodWorker.run(TestMethodWorker.java:109)
at java.util.concurrent.ThreadPoolExecutor.runWorker(Unknown Source)
at java.util.concurrent.ThreadPoolExecutor$Worker.run(Unknown Source)
at java.lang.Thread.run(Unknown Source)
]]>
    </error>
  </testcase> <!-- basicDetails -->
  <testcase name="basicDetails" time="13.290" classname="com.MAHAGENCO.tc.TC005_MAHAGENCOBasicDetails">
    <error type="java.lang.RuntimeException">
      <![CDATA[java.lang.RuntimeException
at lib.utils.HTMLReporter.reportStep(HTMLReporter.java:64)
at lib.utils.HTMLReporter.reportStep(HTMLReporter.java:73)
at com.ibps.pages.PersonalDetailsPage.selectDropDownUsingIndexNew(PersonalDetailsPage.java:289)
at com.MAHAGENCO.tc.TC005_MAHAGENCOBasicDetails.basicDetails(TC005_MAHAGENCOBasicDetails.java:50)
at sun.reflect.GeneratedMethodAccessor91.invoke(Unknown Source)
at sun.reflect.DelegatingMethodAccessorImpl.invoke(Unknown Source)
at java.lang.reflect.Method.invoke(Unknown Source)
at org.testng.internal.MethodInvocationHelper.invokeMethod(MethodInvocationHelper.java:124)
at org.testng.internal.Invoker.invokeMethod(Invoker.java:583)
at org.testng.internal.Invoker.invokeTestMethod(Invoker.java:719)
at org.testng.internal.Invoker.invokeTestMethods(Invoker.java:989)
at org.testng.internal.TestMethodWorker.invokeTestMethods(TestMethodWorker.java:125)
at org.testng.internal.TestMethodWorker.run(TestMethodWorker.java:109)
at java.util.concurrent.ThreadPoolExecutor.runWorker(Unknown Source)
at java.util.concurrent.ThreadPoolExecutor$Worker.run(Unknown Source)
at java.lang.Thread.run(Unknown Source)
]]>
    </error>
  </testcase> <!-- basicDetails -->
  <testcase name="basicDetails" time="12.783" classname="com.MAHAGENCO.tc.TC005_MAHAGENCOBasicDetails">
    <error type="java.lang.RuntimeException">
      <![CDATA[java.lang.RuntimeException
at lib.utils.HTMLReporter.reportStep(HTMLReporter.java:64)
at lib.utils.HTMLReporter.reportStep(HTMLReporter.java:73)
at com.ibps.pages.PersonalDetailsPage.selectDropDownUsingIndexNew(PersonalDetailsPage.java:289)
at com.MAHAGENCO.tc.TC005_MAHAGENCOBasicDetails.basicDetails(TC005_MAHAGENCOBasicDetails.java:50)
at sun.reflect.GeneratedMethodAccessor91.invoke(Unknown Source)
at sun.reflect.DelegatingMethodAccessorImpl.invoke(Unknown Source)
at java.lang.reflect.Method.invoke(Unknown Source)
at org.testng.internal.MethodInvocationHelper.invokeMethod(MethodInvocationHelper.java:124)
at org.testng.internal.Invoker.invokeMethod(Invoker.java:583)
at org.testng.internal.Invoker.invokeTestMethod(Invoker.java:719)
at org.testng.internal.Invoker.invokeTestMethods(Invoker.java:989)
at org.testng.internal.TestMethodWorker.invokeTestMethods(TestMethodWorker.java:125)
at org.testng.internal.TestMethodWorker.run(TestMethodWorker.java:109)
at java.util.concurrent.ThreadPoolExecutor.runWorker(Unknown Source)
at java.util.concurrent.ThreadPoolExecutor$Worker.run(Unknown Source)
at java.lang.Thread.run(Unknown Source)
]]>
    </error>
  </testcase> <!-- basicDetails -->
  <testcase name="basicDetails" time="89.967" classname="com.MAHAGENCO.tc.TC005_MAHAGENCOBasicDetails"/>
  <testcase name="basicDetails" time="90.267" classname="com.MAHAGENCO.tc.TC005_MAHAGENCOBasicDetails"/>
  <testcase name="basicDetails" time="90.092" classname="com.MAHAGENCO.tc.TC005_MAHAGENCOBasicDetails"/>
  <testcase name="basicDetails" time="88.233" classname="com.MAHAGENCO.tc.TC005_MAHAGENCOBasicDetails"/>
  <testcase name="basicDetails" time="97.599" classname="com.MAHAGENCO.tc.TC005_MAHAGENCOBasicDetails"/>
  <testcase name="basicDetails" time="12.889" classname="com.MAHAGENCO.tc.TC005_MAHAGENCOBasicDetails">
    <error type="java.lang.RuntimeException">
      <![CDATA[java.lang.RuntimeException
at lib.utils.HTMLReporter.reportStep(HTMLReporter.java:64)
at lib.utils.HTMLReporter.reportStep(HTMLReporter.java:73)
at com.ibps.pages.PersonalDetailsPage.selectDropDownUsingIndexNew(PersonalDetailsPage.java:289)
at com.MAHAGENCO.tc.TC005_MAHAGENCOBasicDetails.basicDetails(TC005_MAHAGENCOBasicDetails.java:50)
at sun.reflect.GeneratedMethodAccessor91.invoke(Unknown Source)
at sun.reflect.DelegatingMethodAccessorImpl.invoke(Unknown Source)
at java.lang.reflect.Method.invoke(Unknown Source)
at org.testng.internal.MethodInvocationHelper.invokeMethod(MethodInvocationHelper.java:124)
at org.testng.internal.Invoker.invokeMethod(Invoker.java:583)
at org.testng.internal.Invoker.invokeTestMethod(Invoker.java:719)
at org.testng.internal.Invoker.invokeTestMethods(Invoker.java:989)
at org.testng.internal.TestMethodWorker.invokeTestMethods(TestMethodWorker.java:125)
at org.testng.internal.TestMethodWorker.run(TestMethodWorker.java:109)
at java.util.concurrent.ThreadPoolExecutor.runWorker(Unknown Source)
at java.util.concurrent.ThreadPoolExecutor$Worker.run(Unknown Source)
at java.lang.Thread.run(Unknown Source)
]]>
    </error>
  </testcase> <!-- basicDetails -->
  <testcase name="basicDetails" time="12.857" classname="com.MAHAGENCO.tc.TC005_MAHAGENCOBasicDetails">
    <error type="java.lang.RuntimeException">
      <![CDATA[java.lang.RuntimeException
at lib.utils.HTMLReporter.reportStep(HTMLReporter.java:64)
at lib.utils.HTMLReporter.reportStep(HTMLReporter.java:73)
at com.ibps.pages.PersonalDetailsPage.selectDropDownUsingIndexNew(PersonalDetailsPage.java:289)
at com.MAHAGENCO.tc.TC005_MAHAGENCOBasicDetails.basicDetails(TC005_MAHAGENCOBasicDetails.java:50)
at sun.reflect.GeneratedMethodAccessor91.invoke(Unknown Source)
at sun.reflect.DelegatingMethodAccessorImpl.invoke(Unknown Source)
at java.lang.reflect.Method.invoke(Unknown Source)
at org.testng.internal.MethodInvocationHelper.invokeMethod(MethodInvocationHelper.java:124)
at org.testng.internal.Invoker.invokeMethod(Invoker.java:583)
at org.testng.internal.Invoker.invokeTestMethod(Invoker.java:719)
at org.testng.internal.Invoker.invokeTestMethods(Invoker.java:989)
at org.testng.internal.TestMethodWorker.invokeTestMethods(TestMethodWorker.java:125)
at org.testng.internal.TestMethodWorker.run(TestMethodWorker.java:109)
at java.util.concurrent.ThreadPoolExecutor.runWorker(Unknown Source)
at java.util.concurrent.ThreadPoolExecutor$Worker.run(Unknown Source)
at java.lang.Thread.run(Unknown Source)
]]>
    </error>
  </testcase> <!-- basicDetails -->
  <testcase name="basicDetails" time="88.529" classname="com.MAHAGENCO.tc.TC005_MAHAGENCOBasicDetails"/>
  <testcase name="basicDetails" time="89.026" classname="com.MAHAGENCO.tc.TC005_MAHAGENCOBasicDetails"/>
  <testcase name="basicDetails" time="88.509" classname="com.MAHAGENCO.tc.TC005_MAHAGENCOBasicDetails"/>
  <testcase name="basicDetails" time="93.452" classname="com.MAHAGENCO.tc.TC005_MAHAGENCOBasicDetails"/>
  <testcase name="basicDetails" time="13.586" classname="com.MAHAGENCO.tc.TC005_MAHAGENCOBasicDetails">
    <error type="java.lang.RuntimeException">
      <![CDATA[java.lang.RuntimeException
at lib.utils.HTMLReporter.reportStep(HTMLReporter.java:64)
at lib.utils.HTMLReporter.reportStep(HTMLReporter.java:73)
at com.ibps.pages.PersonalDetailsPage.selectDropDownUsingIndexNew(PersonalDetailsPage.java:289)
at com.MAHAGENCO.tc.TC005_MAHAGENCOBasicDetails.basicDetails(TC005_MAHAGENCOBasicDetails.java:50)
at sun.reflect.GeneratedMethodAccessor91.invoke(Unknown Source)
at sun.reflect.DelegatingMethodAccessorImpl.invoke(Unknown Source)
at java.lang.reflect.Method.invoke(Unknown Source)
at org.testng.internal.MethodInvocationHelper.invokeMethod(MethodInvocationHelper.java:124)
at org.testng.internal.Invoker.invokeMethod(Invoker.java:583)
at org.testng.internal.Invoker.invokeTestMethod(Invoker.java:719)
at org.testng.internal.Invoker.invokeTestMethods(Invoker.java:989)
at org.testng.internal.TestMethodWorker.invokeTestMethods(TestMethodWorker.java:125)
at org.testng.internal.TestMethodWorker.run(TestMethodWorker.java:109)
at java.util.concurrent.ThreadPoolExecutor.runWorker(Unknown Source)
at java.util.concurrent.ThreadPoolExecutor$Worker.run(Unknown Source)
at java.lang.Thread.run(Unknown Source)
]]>
    </error>
  </testcase> <!-- basicDetails -->
  <testcase name="basicDetails" time="88.196" classname="com.MAHAGENCO.tc.TC005_MAHAGENCOBasicDetails"/>
  <testcase name="basicDetails" time="87.984" classname="com.MAHAGENCO.tc.TC005_MAHAGENCOBasicDetails"/>
  <testcase name="basicDetails" time="112.146" classname="com.MAHAGENCO.tc.TC005_MAHAGENCOBasicDetails"/>
  <testcase name="basicDetails" time="110.497" classname="com.MAHAGENCO.tc.TC005_MAHAGENCOBasicDetails"/>
  <testcase name="basicDetails" time="91.414" classname="com.MAHAGENCO.tc.TC005_MAHAGENCOBasicDetails"/>
  <testcase name="basicDetails" time="109.228" classname="com.MAHAGENCO.tc.TC005_MAHAGENCOBasicDetails"/>
  <testcase name="basicDetails" time="14.347" classname="com.MAHAGENCO.tc.TC005_MAHAGENCOBasicDetails">
    <error type="java.lang.RuntimeException">
      <![CDATA[java.lang.RuntimeException
at lib.utils.HTMLReporter.reportStep(HTMLReporter.java:64)
at lib.utils.HTMLReporter.reportStep(HTMLReporter.java:73)
at com.ibps.pages.PersonalDetailsPage.selectDropDownUsingIndexNew(PersonalDetailsPage.java:289)
at com.MAHAGENCO.tc.TC005_MAHAGENCOBasicDetails.basicDetails(TC005_MAHAGENCOBasicDetails.java:50)
at sun.reflect.GeneratedMethodAccessor91.invoke(Unknown Source)
at sun.reflect.DelegatingMethodAccessorImpl.invoke(Unknown Source)
at java.lang.reflect.Method.invoke(Unknown Source)
at org.testng.internal.MethodInvocationHelper.invokeMethod(MethodInvocationHelper.java:124)
at org.testng.internal.Invoker.invokeMethod(Invoker.java:583)
at org.testng.internal.Invoker.invokeTestMethod(Invoker.java:719)
at org.testng.internal.Invoker.invokeTestMethods(Invoker.java:989)
at org.testng.internal.TestMethodWorker.invokeTestMethods(TestMethodWorker.java:125)
at org.testng.internal.TestMethodWorker.run(TestMethodWorker.java:109)
at java.util.concurrent.ThreadPoolExecutor.runWorker(Unknown Source)
at java.util.concurrent.ThreadPoolExecutor$Worker.run(Unknown Source)
at java.lang.Thread.run(Unknown Source)
]]>
    </error>
  </testcase> <!-- basicDetails -->
  <testcase name="basicDetails" time="89.500" classname="com.MAHAGENCO.tc.TC005_MAHAGENCOBasicDetails"/>
  <testcase name="basicDetails" time="89.524" classname="com.MAHAGENCO.tc.TC005_MAHAGENCOBasicDetails"/>
  <testcase name="basicDetails" time="113.987" classname="com.MAHAGENCO.tc.TC005_MAHAGENCOBasicDetails"/>
  <testcase name="basicDetails" time="12.830" classname="com.MAHAGENCO.tc.TC005_MAHAGENCOBasicDetails">
    <error type="java.lang.RuntimeException">
      <![CDATA[java.lang.RuntimeException
at lib.utils.HTMLReporter.reportStep(HTMLReporter.java:64)
at lib.utils.HTMLReporter.reportStep(HTMLReporter.java:73)
at com.ibps.pages.PersonalDetailsPage.selectDropDownUsingIndexNew(PersonalDetailsPage.java:289)
at com.MAHAGENCO.tc.TC005_MAHAGENCOBasicDetails.basicDetails(TC005_MAHAGENCOBasicDetails.java:50)
at sun.reflect.GeneratedMethodAccessor91.invoke(Unknown Source)
at sun.reflect.DelegatingMethodAccessorImpl.invoke(Unknown Source)
at java.lang.reflect.Method.invoke(Unknown Source)
at org.testng.internal.MethodInvocationHelper.invokeMethod(MethodInvocationHelper.java:124)
at org.testng.internal.Invoker.invokeMethod(Invoker.java:583)
at org.testng.internal.Invoker.invokeTestMethod(Invoker.java:719)
at org.testng.internal.Invoker.invokeTestMethods(Invoker.java:989)
at org.testng.internal.TestMethodWorker.invokeTestMethods(TestMethodWorker.java:125)
at org.testng.internal.TestMethodWorker.run(TestMethodWorker.java:109)
at java.util.concurrent.ThreadPoolExecutor.runWorker(Unknown Source)
at java.util.concurrent.ThreadPoolExecutor$Worker.run(Unknown Source)
at java.lang.Thread.run(Unknown Source)
]]>
    </error>
  </testcase> <!-- basicDetails -->
  <testcase name="basicDetails" time="13.031" classname="com.MAHAGENCO.tc.TC005_MAHAGENCOBasicDetails">
    <error type="java.lang.RuntimeException">
      <![CDATA[java.lang.RuntimeException
at lib.utils.HTMLReporter.reportStep(HTMLReporter.java:64)
at lib.utils.HTMLReporter.reportStep(HTMLReporter.java:73)
at com.ibps.pages.PersonalDetailsPage.selectDropDownUsingIndexNew(PersonalDetailsPage.java:289)
at com.MAHAGENCO.tc.TC005_MAHAGENCOBasicDetails.basicDetails(TC005_MAHAGENCOBasicDetails.java:50)
at sun.reflect.GeneratedMethodAccessor91.invoke(Unknown Source)
at sun.reflect.DelegatingMethodAccessorImpl.invoke(Unknown Source)
at java.lang.reflect.Method.invoke(Unknown Source)
at org.testng.internal.MethodInvocationHelper.invokeMethod(MethodInvocationHelper.java:124)
at org.testng.internal.Invoker.invokeMethod(Invoker.java:583)
at org.testng.internal.Invoker.invokeTestMethod(Invoker.java:719)
at org.testng.internal.Invoker.invokeTestMethods(Invoker.java:989)
at org.testng.internal.TestMethodWorker.invokeTestMethods(TestMethodWorker.java:125)
at org.testng.internal.TestMethodWorker.run(TestMethodWorker.java:109)
at java.util.concurrent.ThreadPoolExecutor.runWorker(Unknown Source)
at java.util.concurrent.ThreadPoolExecutor$Worker.run(Unknown Source)
at java.lang.Thread.run(Unknown Source)
]]>
    </error>
  </testcase> <!-- basicDetails -->
  <testcase name="basicDetails" time="96.422" classname="com.MAHAGENCO.tc.TC005_MAHAGENCOBasicDetails"/>
  <testcase name="basicDetails" time="89.046" classname="com.MAHAGENCO.tc.TC005_MAHAGENCOBasicDetails"/>
  <testcase name="basicDetails" time="89.025" classname="com.MAHAGENCO.tc.TC005_MAHAGENCOBasicDetails"/>
  <testcase name="basicDetails" time="109.144" classname="com.MAHAGENCO.tc.TC005_MAHAGENCOBasicDetails"/>
  <testcase name="basicDetails" time="90.383" classname="com.MAHAGENCO.tc.TC005_MAHAGENCOBasicDetails"/>
  <testcase name="basicDetails" time="94.908" classname="com.MAHAGENCO.tc.TC005_MAHAGENCOBasicDetails"/>
  <testcase name="basicDetails" time="13.059" classname="com.MAHAGENCO.tc.TC005_MAHAGENCOBasicDetails">
    <error type="java.lang.RuntimeException">
      <![CDATA[java.lang.RuntimeException
at lib.utils.HTMLReporter.reportStep(HTMLReporter.java:64)
at lib.utils.HTMLReporter.reportStep(HTMLReporter.java:73)
at com.ibps.pages.PersonalDetailsPage.selectDropDownUsingIndexNew(PersonalDetailsPage.java:289)
at com.MAHAGENCO.tc.TC005_MAHAGENCOBasicDetails.basicDetails(TC005_MAHAGENCOBasicDetails.java:50)
at sun.reflect.GeneratedMethodAccessor91.invoke(Unknown Source)
at sun.reflect.DelegatingMethodAccessorImpl.invoke(Unknown Source)
at java.lang.reflect.Method.invoke(Unknown Source)
at org.testng.internal.MethodInvocationHelper.invokeMethod(MethodInvocationHelper.java:124)
at org.testng.internal.Invoker.invokeMethod(Invoker.java:583)
at org.testng.internal.Invoker.invokeTestMethod(Invoker.java:719)
at org.testng.internal.Invoker.invokeTestMethods(Invoker.java:989)
at org.testng.internal.TestMethodWorker.invokeTestMethods(TestMethodWorker.java:125)
at org.testng.internal.TestMethodWorker.run(TestMethodWorker.java:109)
at java.util.concurrent.ThreadPoolExecutor.runWorker(Unknown Source)
at java.util.concurrent.ThreadPoolExecutor$Worker.run(Unknown Source)
at java.lang.Thread.run(Unknown Source)
]]>
    </error>
  </testcase> <!-- basicDetails -->
  <testcase name="basicDetails" time="88.935" classname="com.MAHAGENCO.tc.TC005_MAHAGENCOBasicDetails"/>
  <testcase name="basicDetails" time="89.286" classname="com.MAHAGENCO.tc.TC005_MAHAGENCOBasicDetails"/>
  <testcase name="basicDetails" time="91.718" classname="com.MAHAGENCO.tc.TC005_MAHAGENCOBasicDetails"/>
  <testcase name="basicDetails" time="91.535" classname="com.MAHAGENCO.tc.TC005_MAHAGENCOBasicDetails"/>
  <testcase name="basicDetails" time="96.757" classname="com.MAHAGENCO.tc.TC005_MAHAGENCOBasicDetails"/>
  <testcase name="basicDetails" time="88.260" classname="com.MAHAGENCO.tc.TC005_MAHAGENCOBasicDetails"/>
  <testcase name="basicDetails" time="95.784" classname="com.MAHAGENCO.tc.TC005_MAHAGENCOBasicDetails"/>
  <testcase name="basicDetails" time="93.227" classname="com.MAHAGENCO.tc.TC005_MAHAGENCOBasicDetails"/>
  <testcase name="basicDetails" time="13.894" classname="com.MAHAGENCO.tc.TC005_MAHAGENCOBasicDetails">
    <error type="java.lang.RuntimeException">
      <![CDATA[java.lang.RuntimeException
at lib.utils.HTMLReporter.reportStep(HTMLReporter.java:64)
at lib.utils.HTMLReporter.reportStep(HTMLReporter.java:73)
at com.ibps.pages.PersonalDetailsPage.selectDropDownUsingIndexNew(PersonalDetailsPage.java:289)
at com.MAHAGENCO.tc.TC005_MAHAGENCOBasicDetails.basicDetails(TC005_MAHAGENCOBasicDetails.java:50)
at sun.reflect.GeneratedMethodAccessor91.invoke(Unknown Source)
at sun.reflect.DelegatingMethodAccessorImpl.invoke(Unknown Source)
at java.lang.reflect.Method.invoke(Unknown Source)
at org.testng.internal.MethodInvocationHelper.invokeMethod(MethodInvocationHelper.java:124)
at org.testng.internal.Invoker.invokeMethod(Invoker.java:583)
at org.testng.internal.Invoker.invokeTestMethod(Invoker.java:719)
at org.testng.internal.Invoker.invokeTestMethods(Invoker.java:989)
at org.testng.internal.TestMethodWorker.invokeTestMethods(TestMethodWorker.java:125)
at org.testng.internal.TestMethodWorker.run(TestMethodWorker.java:109)
at java.util.concurrent.ThreadPoolExecutor.runWorker(Unknown Source)
at java.util.concurrent.ThreadPoolExecutor$Worker.run(Unknown Source)
at java.lang.Thread.run(Unknown Source)
]]>
    </error>
  </testcase> <!-- basicDetails -->
  <testcase name="basicDetails" time="13.365" classname="com.MAHAGENCO.tc.TC005_MAHAGENCOBasicDetails">
    <error type="java.lang.RuntimeException">
      <![CDATA[java.lang.RuntimeException
at lib.utils.HTMLReporter.reportStep(HTMLReporter.java:64)
at lib.utils.HTMLReporter.reportStep(HTMLReporter.java:73)
at com.ibps.pages.PersonalDetailsPage.selectDropDownUsingIndexNew(PersonalDetailsPage.java:289)
at com.MAHAGENCO.tc.TC005_MAHAGENCOBasicDetails.basicDetails(TC005_MAHAGENCOBasicDetails.java:50)
at sun.reflect.GeneratedMethodAccessor91.invoke(Unknown Source)
at sun.reflect.DelegatingMethodAccessorImpl.invoke(Unknown Source)
at java.lang.reflect.Method.invoke(Unknown Source)
at org.testng.internal.MethodInvocationHelper.invokeMethod(MethodInvocationHelper.java:124)
at org.testng.internal.Invoker.invokeMethod(Invoker.java:583)
at org.testng.internal.Invoker.invokeTestMethod(Invoker.java:719)
at org.testng.internal.Invoker.invokeTestMethods(Invoker.java:989)
at org.testng.internal.TestMethodWorker.invokeTestMethods(TestMethodWorker.java:125)
at org.testng.internal.TestMethodWorker.run(TestMethodWorker.java:109)
at java.util.concurrent.ThreadPoolExecutor.runWorker(Unknown Source)
at java.util.concurrent.ThreadPoolExecutor$Worker.run(Unknown Source)
at java.lang.Thread.run(Unknown Source)
]]>
    </error>
  </testcase> <!-- basicDetails -->
  <testcase name="basicDetails" time="93.199" classname="com.MAHAGENCO.tc.TC005_MAHAGENCOBasicDetails"/>
  <testcase name="basicDetails" time="91.402" classname="com.MAHAGENCO.tc.TC005_MAHAGENCOBasicDetails"/>
  <testcase name="basicDetails" time="89.918" classname="com.MAHAGENCO.tc.TC005_MAHAGENCOBasicDetails"/>
  <testcase name="basicDetails" time="12.377" classname="com.MAHAGENCO.tc.TC005_MAHAGENCOBasicDetails">
    <error type="java.lang.RuntimeException">
      <![CDATA[java.lang.RuntimeException
at lib.utils.HTMLReporter.reportStep(HTMLReporter.java:64)
at lib.utils.HTMLReporter.reportStep(HTMLReporter.java:73)
at com.ibps.pages.PersonalDetailsPage.selectDropDownUsingIndexNew(PersonalDetailsPage.java:289)
at com.MAHAGENCO.tc.TC005_MAHAGENCOBasicDetails.basicDetails(TC005_MAHAGENCOBasicDetails.java:50)
at sun.reflect.GeneratedMethodAccessor91.invoke(Unknown Source)
at sun.reflect.DelegatingMethodAccessorImpl.invoke(Unknown Source)
at java.lang.reflect.Method.invoke(Unknown Source)
at org.testng.internal.MethodInvocationHelper.invokeMethod(MethodInvocationHelper.java:124)
at org.testng.internal.Invoker.invokeMethod(Invoker.java:583)
at org.testng.internal.Invoker.invokeTestMethod(Invoker.java:719)
at org.testng.internal.Invoker.invokeTestMethods(Invoker.java:989)
at org.testng.internal.TestMethodWorker.invokeTestMethods(TestMethodWorker.java:125)
at org.testng.internal.TestMethodWorker.run(TestMethodWorker.java:109)
at java.util.concurrent.ThreadPoolExecutor.runWorker(Unknown Source)
at java.util.concurrent.ThreadPoolExecutor$Worker.run(Unknown Source)
at java.lang.Thread.run(Unknown Source)
]]>
    </error>
  </testcase> <!-- basicDetails -->
  <testcase name="basicDetails" time="13.022" classname="com.MAHAGENCO.tc.TC005_MAHAGENCOBasicDetails">
    <error type="java.lang.RuntimeException">
      <![CDATA[java.lang.RuntimeException
at lib.utils.HTMLReporter.reportStep(HTMLReporter.java:64)
at lib.utils.HTMLReporter.reportStep(HTMLReporter.java:73)
at com.ibps.pages.PersonalDetailsPage.selectDropDownUsingIndexNew(PersonalDetailsPage.java:289)
at com.MAHAGENCO.tc.TC005_MAHAGENCOBasicDetails.basicDetails(TC005_MAHAGENCOBasicDetails.java:50)
at sun.reflect.GeneratedMethodAccessor91.invoke(Unknown Source)
at sun.reflect.DelegatingMethodAccessorImpl.invoke(Unknown Source)
at java.lang.reflect.Method.invoke(Unknown Source)
at org.testng.internal.MethodInvocationHelper.invokeMethod(MethodInvocationHelper.java:124)
at org.testng.internal.Invoker.invokeMethod(Invoker.java:583)
at org.testng.internal.Invoker.invokeTestMethod(Invoker.java:719)
at org.testng.internal.Invoker.invokeTestMethods(Invoker.java:989)
at org.testng.internal.TestMethodWorker.invokeTestMethods(TestMethodWorker.java:125)
at org.testng.internal.TestMethodWorker.run(TestMethodWorker.java:109)
at java.util.concurrent.ThreadPoolExecutor.runWorker(Unknown Source)
at java.util.concurrent.ThreadPoolExecutor$Worker.run(Unknown Source)
at java.lang.Thread.run(Unknown Source)
]]>
    </error>
  </testcase> <!-- basicDetails -->
  <testcase name="basicDetails" time="94.818" classname="com.MAHAGENCO.tc.TC005_MAHAGENCOBasicDetails"/>
  <testcase name="basicDetails" time="88.650" classname="com.MAHAGENCO.tc.TC005_MAHAGENCOBasicDetails"/>
  <testcase name="basicDetails" time="13.762" classname="com.MAHAGENCO.tc.TC005_MAHAGENCOBasicDetails">
    <error type="java.lang.RuntimeException">
      <![CDATA[java.lang.RuntimeException
at lib.utils.HTMLReporter.reportStep(HTMLReporter.java:64)
at lib.utils.HTMLReporter.reportStep(HTMLReporter.java:73)
at com.ibps.pages.PersonalDetailsPage.selectDropDownUsingIndexNew(PersonalDetailsPage.java:289)
at com.MAHAGENCO.tc.TC005_MAHAGENCOBasicDetails.basicDetails(TC005_MAHAGENCOBasicDetails.java:50)
at sun.reflect.GeneratedMethodAccessor91.invoke(Unknown Source)
at sun.reflect.DelegatingMethodAccessorImpl.invoke(Unknown Source)
at java.lang.reflect.Method.invoke(Unknown Source)
at org.testng.internal.MethodInvocationHelper.invokeMethod(MethodInvocationHelper.java:124)
at org.testng.internal.Invoker.invokeMethod(Invoker.java:583)
at org.testng.internal.Invoker.invokeTestMethod(Invoker.java:719)
at org.testng.internal.Invoker.invokeTestMethods(Invoker.java:989)
at org.testng.internal.TestMethodWorker.invokeTestMethods(TestMethodWorker.java:125)
at org.testng.internal.TestMethodWorker.run(TestMethodWorker.java:109)
at java.util.concurrent.ThreadPoolExecutor.runWorker(Unknown Source)
at java.util.concurrent.ThreadPoolExecutor$Worker.run(Unknown Source)
at java.lang.Thread.run(Unknown Source)
]]>
    </error>
  </testcase> <!-- basicDetails -->
  <testcase name="basicDetails" time="90.877" classname="com.MAHAGENCO.tc.TC005_MAHAGENCOBasicDetails"/>
  <testcase name="basicDetails" time="108.882" classname="com.MAHAGENCO.tc.TC005_MAHAGENCOBasicDetails"/>
  <testcase name="basicDetails" time="91.176" classname="com.MAHAGENCO.tc.TC005_MAHAGENCOBasicDetails"/>
  <testcase name="basicDetails" time="121.532" classname="com.MAHAGENCO.tc.TC005_MAHAGENCOBasicDetails"/>
  <testcase name="basicDetails" time="89.215" classname="com.MAHAGENCO.tc.TC005_MAHAGENCOBasicDetails"/>
  <testcase name="basicDetails" time="13.535" classname="com.MAHAGENCO.tc.TC005_MAHAGENCOBasicDetails">
    <error type="java.lang.RuntimeException">
      <![CDATA[java.lang.RuntimeException
at lib.utils.HTMLReporter.reportStep(HTMLReporter.java:64)
at lib.utils.HTMLReporter.reportStep(HTMLReporter.java:73)
at com.ibps.pages.PersonalDetailsPage.selectDropDownUsingIndexNew(PersonalDetailsPage.java:289)
at com.MAHAGENCO.tc.TC005_MAHAGENCOBasicDetails.basicDetails(TC005_MAHAGENCOBasicDetails.java:50)
at sun.reflect.GeneratedMethodAccessor91.invoke(Unknown Source)
at sun.reflect.DelegatingMethodAccessorImpl.invoke(Unknown Source)
at java.lang.reflect.Method.invoke(Unknown Source)
at org.testng.internal.MethodInvocationHelper.invokeMethod(MethodInvocationHelper.java:124)
at org.testng.internal.Invoker.invokeMethod(Invoker.java:583)
at org.testng.internal.Invoker.invokeTestMethod(Invoker.java:719)
at org.testng.internal.Invoker.invokeTestMethods(Invoker.java:989)
at org.testng.internal.TestMethodWorker.invokeTestMethods(TestMethodWorker.java:125)
at org.testng.internal.TestMethodWorker.run(TestMethodWorker.java:109)
at java.util.concurrent.ThreadPoolExecutor.runWorker(Unknown Source)
at java.util.concurrent.ThreadPoolExecutor$Worker.run(Unknown Source)
at java.lang.Thread.run(Unknown Source)
]]>
    </error>
  </testcase> <!-- basicDetails -->
  <testcase name="basicDetails" time="88.442" classname="com.MAHAGENCO.tc.TC005_MAHAGENCOBasicDetails"/>
  <testcase name="basicDetails" time="12.933" classname="com.MAHAGENCO.tc.TC005_MAHAGENCOBasicDetails">
    <error type="java.lang.RuntimeException">
      <![CDATA[java.lang.RuntimeException
at lib.utils.HTMLReporter.reportStep(HTMLReporter.java:64)
at lib.utils.HTMLReporter.reportStep(HTMLReporter.java:73)
at com.ibps.pages.PersonalDetailsPage.selectDropDownUsingIndexNew(PersonalDetailsPage.java:289)
at com.MAHAGENCO.tc.TC005_MAHAGENCOBasicDetails.basicDetails(TC005_MAHAGENCOBasicDetails.java:50)
at sun.reflect.NativeMethodAccessorImpl.invoke0(Native Method)
at sun.reflect.NativeMethodAccessorImpl.invoke(Unknown Source)
at sun.reflect.DelegatingMethodAccessorImpl.invoke(Unknown Source)
at java.lang.reflect.Method.invoke(Unknown Source)
at org.testng.internal.MethodInvocationHelper.invokeMethod(MethodInvocationHelper.java:124)
at org.testng.internal.Invoker.invokeMethod(Invoker.java:583)
at org.testng.internal.Invoker.invokeTestMethod(Invoker.java:719)
at org.testng.internal.Invoker.invokeTestMethods(Invoker.java:989)
at org.testng.internal.TestMethodWorker.invokeTestMethods(TestMethodWorker.java:125)
at org.testng.internal.TestMethodWorker.run(TestMethodWorker.java:109)
at java.util.concurrent.ThreadPoolExecutor.runWorker(Unknown Source)
at java.util.concurrent.ThreadPoolExecutor$Worker.run(Unknown Source)
at java.lang.Thread.run(Unknown Source)
]]>
    </error>
  </testcase> <!-- basicDetails -->
  <testcase name="basicDetails" time="101.406" classname="com.MAHAGENCO.tc.TC005_MAHAGENCOBasicDetails"/>
  <testcase name="basicDetails" time="89.714" classname="com.MAHAGENCO.tc.TC005_MAHAGENCOBasicDetails"/>
  <testcase name="basicDetails" time="89.650" classname="com.MAHAGENCO.tc.TC005_MAHAGENCOBasicDetails"/>
  <testcase name="basicDetails" time="93.010" classname="com.MAHAGENCO.tc.TC005_MAHAGENCOBasicDetails"/>
  <testcase name="basicDetails" time="88.665" classname="com.MAHAGENCO.tc.TC005_MAHAGENCOBasicDetails"/>
  <testcase name="basicDetails" time="89.836" classname="com.MAHAGENCO.tc.TC005_MAHAGENCOBasicDetails"/>
  <testcase name="basicDetails" time="92.650" classname="com.MAHAGENCO.tc.TC005_MAHAGENCOBasicDetails"/>
  <testcase name="basicDetails" time="89.337" classname="com.MAHAGENCO.tc.TC005_MAHAGENCOBasicDetails"/>
  <testcase name="basicDetails" time="91.673" classname="com.MAHAGENCO.tc.TC005_MAHAGENCOBasicDetails"/>
  <testcase name="basicDetails" time="90.901" classname="com.MAHAGENCO.tc.TC005_MAHAGENCOBasicDetails"/>
  <testcase name="basicDetails" time="90.069" classname="com.MAHAGENCO.tc.TC005_MAHAGENCOBasicDetails"/>
  <testcase name="basicDetails" time="13.045" classname="com.MAHAGENCO.tc.TC005_MAHAGENCOBasicDetails">
    <error type="java.lang.RuntimeException">
      <![CDATA[java.lang.RuntimeException
at lib.utils.HTMLReporter.reportStep(HTMLReporter.java:64)
at lib.utils.HTMLReporter.reportStep(HTMLReporter.java:73)
at com.ibps.pages.PersonalDetailsPage.selectDropDownUsingIndexNew(PersonalDetailsPage.java:289)
at com.MAHAGENCO.tc.TC005_MAHAGENCOBasicDetails.basicDetails(TC005_MAHAGENCOBasicDetails.java:50)
at sun.reflect.GeneratedMethodAccessor91.invoke(Unknown Source)
at sun.reflect.DelegatingMethodAccessorImpl.invoke(Unknown Source)
at java.lang.reflect.Method.invoke(Unknown Source)
at org.testng.internal.MethodInvocationHelper.invokeMethod(MethodInvocationHelper.java:124)
at org.testng.internal.Invoker.invokeMethod(Invoker.java:583)
at org.testng.internal.Invoker.invokeTestMethod(Invoker.java:719)
at org.testng.internal.Invoker.invokeTestMethods(Invoker.java:989)
at org.testng.internal.TestMethodWorker.invokeTestMethods(TestMethodWorker.java:125)
at org.testng.internal.TestMethodWorker.run(TestMethodWorker.java:109)
at java.util.concurrent.ThreadPoolExecutor.runWorker(Unknown Source)
at java.util.concurrent.ThreadPoolExecutor$Worker.run(Unknown Source)
at java.lang.Thread.run(Unknown Source)
]]>
    </error>
  </testcase> <!-- basicDetails -->
  <testcase name="basicDetails" time="110.786" classname="com.MAHAGENCO.tc.TC005_MAHAGENCOBasicDetails"/>
  <testcase name="basicDetails" time="90.311" classname="com.MAHAGENCO.tc.TC005_MAHAGENCOBasicDetails"/>
  <testcase name="basicDetails" time="89.658" classname="com.MAHAGENCO.tc.TC005_MAHAGENCOBasicDetails"/>
  <testcase name="basicDetails" time="89.472" classname="com.MAHAGENCO.tc.TC005_MAHAGENCOBasicDetails"/>
  <testcase name="basicDetails" time="13.093" classname="com.MAHAGENCO.tc.TC005_MAHAGENCOBasicDetails">
    <error type="java.lang.RuntimeException">
      <![CDATA[java.lang.RuntimeException
at lib.utils.HTMLReporter.reportStep(HTMLReporter.java:64)
at lib.utils.HTMLReporter.reportStep(HTMLReporter.java:73)
at com.ibps.pages.PersonalDetailsPage.selectDropDownUsingIndexNew(PersonalDetailsPage.java:289)
at com.MAHAGENCO.tc.TC005_MAHAGENCOBasicDetails.basicDetails(TC005_MAHAGENCOBasicDetails.java:50)
at sun.reflect.GeneratedMethodAccessor91.invoke(Unknown Source)
at sun.reflect.DelegatingMethodAccessorImpl.invoke(Unknown Source)
at java.lang.reflect.Method.invoke(Unknown Source)
at org.testng.internal.MethodInvocationHelper.invokeMethod(MethodInvocationHelper.java:124)
at org.testng.internal.Invoker.invokeMethod(Invoker.java:583)
at org.testng.internal.Invoker.invokeTestMethod(Invoker.java:719)
at org.testng.internal.Invoker.invokeTestMethods(Invoker.java:989)
at org.testng.internal.TestMethodWorker.invokeTestMethods(TestMethodWorker.java:125)
at org.testng.internal.TestMethodWorker.run(TestMethodWorker.java:109)
at java.util.concurrent.ThreadPoolExecutor.runWorker(Unknown Source)
at java.util.concurrent.ThreadPoolExecutor$Worker.run(Unknown Source)
at java.lang.Thread.run(Unknown Source)
]]>
    </error>
  </testcase> <!-- basicDetails -->
  <testcase name="basicDetails" time="14.905" classname="com.MAHAGENCO.tc.TC005_MAHAGENCOBasicDetails">
    <error type="java.lang.RuntimeException">
      <![CDATA[java.lang.RuntimeException
at lib.utils.HTMLReporter.reportStep(HTMLReporter.java:64)
at lib.utils.HTMLReporter.reportStep(HTMLReporter.java:73)
at com.ibps.pages.PersonalDetailsPage.selectDropDownUsingIndexNew(PersonalDetailsPage.java:289)
at com.MAHAGENCO.tc.TC005_MAHAGENCOBasicDetails.basicDetails(TC005_MAHAGENCOBasicDetails.java:50)
at sun.reflect.GeneratedMethodAccessor91.invoke(Unknown Source)
at sun.reflect.DelegatingMethodAccessorImpl.invoke(Unknown Source)
at java.lang.reflect.Method.invoke(Unknown Source)
at org.testng.internal.MethodInvocationHelper.invokeMethod(MethodInvocationHelper.java:124)
at org.testng.internal.Invoker.invokeMethod(Invoker.java:583)
at org.testng.internal.Invoker.invokeTestMethod(Invoker.java:719)
at org.testng.internal.Invoker.invokeTestMethods(Invoker.java:989)
at org.testng.internal.TestMethodWorker.invokeTestMethods(TestMethodWorker.java:125)
at org.testng.internal.TestMethodWorker.run(TestMethodWorker.java:109)
at java.util.concurrent.ThreadPoolExecutor.runWorker(Unknown Source)
at java.util.concurrent.ThreadPoolExecutor$Worker.run(Unknown Source)
at java.lang.Thread.run(Unknown Source)
]]>
    </error>
  </testcase> <!-- basicDetails -->
  <testcase name="basicDetails" time="91.529" classname="com.MAHAGENCO.tc.TC005_MAHAGENCOBasicDetails"/>
  <testcase name="basicDetails" time="90.602" classname="com.MAHAGENCO.tc.TC005_MAHAGENCOBasicDetails"/>
  <testcase name="basicDetails" time="90.280" classname="com.MAHAGENCO.tc.TC005_MAHAGENCOBasicDetails"/>
  <testcase name="basicDetails" time="13.651" classname="com.MAHAGENCO.tc.TC005_MAHAGENCOBasicDetails">
    <error type="java.lang.RuntimeException">
      <![CDATA[java.lang.RuntimeException
at lib.utils.HTMLReporter.reportStep(HTMLReporter.java:64)
at lib.utils.HTMLReporter.reportStep(HTMLReporter.java:73)
at com.ibps.pages.PersonalDetailsPage.selectDropDownUsingIndexNew(PersonalDetailsPage.java:289)
at com.MAHAGENCO.tc.TC005_MAHAGENCOBasicDetails.basicDetails(TC005_MAHAGENCOBasicDetails.java:50)
at sun.reflect.GeneratedMethodAccessor91.invoke(Unknown Source)
at sun.reflect.DelegatingMethodAccessorImpl.invoke(Unknown Source)
at java.lang.reflect.Method.invoke(Unknown Source)
at org.testng.internal.MethodInvocationHelper.invokeMethod(MethodInvocationHelper.java:124)
at org.testng.internal.Invoker.invokeMethod(Invoker.java:583)
at org.testng.internal.Invoker.invokeTestMethod(Invoker.java:719)
at org.testng.internal.Invoker.invokeTestMethods(Invoker.java:989)
at org.testng.internal.TestMethodWorker.invokeTestMethods(TestMethodWorker.java:125)
at org.testng.internal.TestMethodWorker.run(TestMethodWorker.java:109)
at java.util.concurrent.ThreadPoolExecutor.runWorker(Unknown Source)
at java.util.concurrent.ThreadPoolExecutor$Worker.run(Unknown Source)
at java.lang.Thread.run(Unknown Source)
]]>
    </error>
  </testcase> <!-- basicDetails -->
  <testcase name="basicDetails" time="91.504" classname="com.MAHAGENCO.tc.TC005_MAHAGENCOBasicDetails"/>
  <testcase name="basicDetails" time="12.862" classname="com.MAHAGENCO.tc.TC005_MAHAGENCOBasicDetails">
    <error type="java.lang.RuntimeException">
      <![CDATA[java.lang.RuntimeException
at lib.utils.HTMLReporter.reportStep(HTMLReporter.java:64)
at lib.utils.HTMLReporter.reportStep(HTMLReporter.java:73)
at com.ibps.pages.PersonalDetailsPage.selectDropDownUsingIndexNew(PersonalDetailsPage.java:289)
at com.MAHAGENCO.tc.TC005_MAHAGENCOBasicDetails.basicDetails(TC005_MAHAGENCOBasicDetails.java:50)
at sun.reflect.GeneratedMethodAccessor91.invoke(Unknown Source)
at sun.reflect.DelegatingMethodAccessorImpl.invoke(Unknown Source)
at java.lang.reflect.Method.invoke(Unknown Source)
at org.testng.internal.MethodInvocationHelper.invokeMethod(MethodInvocationHelper.java:124)
at org.testng.internal.Invoker.invokeMethod(Invoker.java:583)
at org.testng.internal.Invoker.invokeTestMethod(Invoker.java:719)
at org.testng.internal.Invoker.invokeTestMethods(Invoker.java:989)
at org.testng.internal.TestMethodWorker.invokeTestMethods(TestMethodWorker.java:125)
at org.testng.internal.TestMethodWorker.run(TestMethodWorker.java:109)
at java.util.concurrent.ThreadPoolExecutor.runWorker(Unknown Source)
at java.util.concurrent.ThreadPoolExecutor$Worker.run(Unknown Source)
at java.lang.Thread.run(Unknown Source)
]]>
    </error>
  </testcase> <!-- basicDetails -->
  <testcase name="basicDetails" time="13.109" classname="com.MAHAGENCO.tc.TC005_MAHAGENCOBasicDetails">
    <error type="java.lang.RuntimeException">
      <![CDATA[java.lang.RuntimeException
at lib.utils.HTMLReporter.reportStep(HTMLReporter.java:64)
at lib.utils.HTMLReporter.reportStep(HTMLReporter.java:73)
at com.ibps.pages.PersonalDetailsPage.selectDropDownUsingIndexNew(PersonalDetailsPage.java:289)
at com.MAHAGENCO.tc.TC005_MAHAGENCOBasicDetails.basicDetails(TC005_MAHAGENCOBasicDetails.java:50)
at sun.reflect.GeneratedMethodAccessor91.invoke(Unknown Source)
at sun.reflect.DelegatingMethodAccessorImpl.invoke(Unknown Source)
at java.lang.reflect.Method.invoke(Unknown Source)
at org.testng.internal.MethodInvocationHelper.invokeMethod(MethodInvocationHelper.java:124)
at org.testng.internal.Invoker.invokeMethod(Invoker.java:583)
at org.testng.internal.Invoker.invokeTestMethod(Invoker.java:719)
at org.testng.internal.Invoker.invokeTestMethods(Invoker.java:989)
at org.testng.internal.TestMethodWorker.invokeTestMethods(TestMethodWorker.java:125)
at org.testng.internal.TestMethodWorker.run(TestMethodWorker.java:109)
at java.util.concurrent.ThreadPoolExecutor.runWorker(Unknown Source)
at java.util.concurrent.ThreadPoolExecutor$Worker.run(Unknown Source)
at java.lang.Thread.run(Unknown Source)
]]>
    </error>
  </testcase> <!-- basicDetails -->
  <testcase name="basicDetails" time="88.758" classname="com.MAHAGENCO.tc.TC005_MAHAGENCOBasicDetails"/>
  <testcase name="basicDetails" time="90.332" classname="com.MAHAGENCO.tc.TC005_MAHAGENCOBasicDetails"/>
  <testcase name="basicDetails" time="113.656" classname="com.MAHAGENCO.tc.TC005_MAHAGENCOBasicDetails"/>
</testsuite> <!-- com.MAHAGENCO.tc.TC005_MAHAGENCOBasicDetails -->
