<?xml version="1.0" encoding="UTF-8"?>
<!-- Generated by org.testng.reporters.JUnitReportReporter -->
<testsuite hostname="MAA011253A" failures="0" tests="177" name="com.ESIC.tc.TC004_ESICBasicDetails" time="21677.371" errors="6" timestamp="2022-01-20T14:42:02 IST" skipped="0">
  <testcase classname="com.ESIC.tc.TC004_ESICBasicDetails" name="basicDetails" time="117.782"/>
  <testcase classname="com.ESIC.tc.TC004_ESICBasicDetails" name="basicDetails" time="116.846"/>
  <testcase classname="com.ESIC.tc.TC004_ESICBasicDetails" name="basicDetails" time="118.430"/>
  <testcase classname="com.ESIC.tc.TC004_ESICBasicDetails" name="basicDetails" time="119.110"/>
  <testcase classname="com.ESIC.tc.TC004_ESICBasicDetails" name="basicDetails" time="119.205"/>
  <testcase classname="com.ESIC.tc.TC004_ESICBasicDetails" name="basicDetails" time="184.437"/>
  <testcase classname="com.ESIC.tc.TC004_ESICBasicDetails" name="basicDetails" time="117.536"/>
  <testcase classname="com.ESIC.tc.TC004_ESICBasicDetails" name="basicDetails" time="117.513"/>
  <testcase classname="com.ESIC.tc.TC004_ESICBasicDetails" name="basicDetails" time="184.679"/>
  <testcase classname="com.ESIC.tc.TC004_ESICBasicDetails" name="basicDetails" time="117.950"/>
  <testcase classname="com.ESIC.tc.TC004_ESICBasicDetails" name="basicDetails" time="118.240"/>
  <testcase classname="com.ESIC.tc.TC004_ESICBasicDetails" name="basicDetails" time="117.492"/>
  <testcase classname="com.ESIC.tc.TC004_ESICBasicDetails" name="basicDetails" time="119.504"/>
  <testcase classname="com.ESIC.tc.TC004_ESICBasicDetails" name="basicDetails" time="118.175"/>
  <testcase classname="com.ESIC.tc.TC004_ESICBasicDetails" name="basicDetails" time="118.068"/>
  <testcase classname="com.ESIC.tc.TC004_ESICBasicDetails" name="basicDetails" time="117.822"/>
  <testcase classname="com.ESIC.tc.TC004_ESICBasicDetails" name="basicDetails" time="119.320"/>
  <testcase classname="com.ESIC.tc.TC004_ESICBasicDetails" name="basicDetails" time="118.391"/>
  <testcase classname="com.ESIC.tc.TC004_ESICBasicDetails" name="basicDetails" time="23.772">
    <error message="unexpected alert open: {Alert text : Date Of Birth should be between 15/02/1980 to 15/02/2004}
  (Session info: chrome=97.0.4692.71): Date Of Birth should be between 15/02/1980 to 15/02/2004
Build info: version: &#039;3.141.0&#039;, revision: &#039;2ecb7d9a&#039;, time: &#039;2018-10-31T20:09:30&#039;
System info: host: &#039;MAA011253A&#039;, ip: &#039;210.210.127.120&#039;, os.name: &#039;Windows 10&#039;, os.arch: &#039;amd64&#039;, os.version: &#039;10.0&#039;, java.version: &#039;9.0.1&#039;
Driver info: org.openqa.selenium.chrome.ChromeDriver
Capabilities {acceptInsecureCerts: false, browserName: chrome, browserVersion: 97.0.4692.71, chrome: {chromedriverVersion: 97.0.4692.71 (adefa7837d02a..., userDataDir: C:\Users\011253\AppData\Loc...}, goog:chromeOptions: {debuggerAddress: localhost:54736}, javascriptEnabled: true, networkConnectionEnabled: false, pageLoadStrategy: normal, platform: WINDOWS, platformName: WINDOWS, proxy: Proxy(), setWindowRect: true, strictFileInteractability: false, timeouts: {implicit: 0, pageLoad: 300000, script: 30000}, unhandledPromptBehavior: dismiss and notify, webauthn:extension:credBlob: true, webauthn:extension:largeBlob: true, webauthn:virtualAuthenticators: true}
Session ID: c17c01983203ca4d2f565f79e3bc74dc
*** Element info: {Using=xpath, value=.//*[starts-with(@id,&#039;err_seldob&#039;)]}" type="org.openqa.selenium.UnhandledAlertException">
      <![CDATA[org.openqa.selenium.UnhandledAlertException: unexpected alert open: {Alert text : Date Of Birth should be between 15/02/1980 to 15/02/2004}
  (Session info: chrome=97.0.4692.71): Date Of Birth should be between 15/02/1980 to 15/02/2004
Build info: version: '3.141.0', revision: '2ecb7d9a', time: '2018-10-31T20:09:30'
System info: host: 'MAA011253A', ip: '210.210.127.120', os.name: 'Windows 10', os.arch: 'amd64', os.version: '10.0', java.version: '9.0.1'
Driver info: org.openqa.selenium.chrome.ChromeDriver
Capabilities {acceptInsecureCerts: false, browserName: chrome, browserVersion: 97.0.4692.71, chrome: {chromedriverVersion: 97.0.4692.71 (adefa7837d02a..., userDataDir: C:\Users\011253\AppData\Loc...}, goog:chromeOptions: {debuggerAddress: localhost:54736}, javascriptEnabled: true, networkConnectionEnabled: false, pageLoadStrategy: normal, platform: WINDOWS, platformName: WINDOWS, proxy: Proxy(), setWindowRect: true, strictFileInteractability: false, timeouts: {implicit: 0, pageLoad: 300000, script: 30000}, unhandledPromptBehavior: dismiss and notify, webauthn:extension:credBlob: true, webauthn:extension:largeBlob: true, webauthn:virtualAuthenticators: true}
Session ID: c17c01983203ca4d2f565f79e3bc74dc
*** Element info: {Using=xpath, value=.//*[starts-with(@id,'err_seldob')]}
at org.openqa.selenium.remote.http.W3CHttpResponseCodec.decode(W3CHttpResponseCodec.java:120)
at org.openqa.selenium.remote.http.W3CHttpResponseCodec.decode(W3CHttpResponseCodec.java:49)
at org.openqa.selenium.remote.HttpCommandExecutor.execute(HttpCommandExecutor.java:158)
at org.openqa.selenium.remote.service.DriverCommandExecutor.execute(DriverCommandExecutor.java:83)
at org.openqa.selenium.remote.RemoteWebDriver.execute(RemoteWebDriver.java:552)
at org.openqa.selenium.remote.RemoteWebDriver.findElements(RemoteWebDriver.java:353)
at org.openqa.selenium.remote.RemoteWebDriver.findElementsByXPath(RemoteWebDriver.java:432)
at org.openqa.selenium.By$ByXPath.findElements(By.java:348)
at org.openqa.selenium.remote.RemoteWebDriver.findElements(RemoteWebDriver.java:311)
at lib.selenium.WebDriverServiceImpl.noagealert(WebDriverServiceImpl.java:761)
at lib.selenium.WebDriverServiceImpl.agevalidator_max(WebDriverServiceImpl.java:844)
at com.ibps.pages.PersonalDetailsPage.ageValidatorMax(PersonalDetailsPage.java:309)
at com.ESIC.tc.TC004_ESICBasicDetails.basicDetails(TC004_ESICBasicDetails.java:62)
at jdk.internal.reflect.GeneratedMethodAccessor6.invoke(Unknown Source)
at java.base/jdk.internal.reflect.DelegatingMethodAccessorImpl.invoke(Unknown Source)
at java.base/java.lang.reflect.Method.invoke(Unknown Source)
at org.testng.internal.MethodInvocationHelper.invokeMethod(MethodInvocationHelper.java:133)
at org.testng.internal.TestInvoker.invokeMethod(TestInvoker.java:584)
at org.testng.internal.TestInvoker.invokeTestMethod(TestInvoker.java:172)
at org.testng.internal.MethodRunner.runInSequence(MethodRunner.java:46)
at org.testng.internal.TestInvoker$MethodInvocationAgent.invoke(TestInvoker.java:804)
at org.testng.internal.TestInvoker.invokeTestMethods(TestInvoker.java:145)
at org.testng.internal.TestMethodWorker.invokeTestMethods(TestMethodWorker.java:146)
at org.testng.internal.TestMethodWorker.run(TestMethodWorker.java:128)
at java.base/java.util.concurrent.ThreadPoolExecutor.runWorker(Unknown Source)
at java.base/java.util.concurrent.ThreadPoolExecutor$Worker.run(Unknown Source)
at java.base/java.lang.Thread.run(Unknown Source)
]]>
    </error>
  </testcase> <!-- basicDetails -->
  <testcase classname="com.ESIC.tc.TC004_ESICBasicDetails" name="basicDetails" time="118.340"/>
  <testcase classname="com.ESIC.tc.TC004_ESICBasicDetails" name="basicDetails" time="146.954"/>
  <testcase classname="com.ESIC.tc.TC004_ESICBasicDetails" name="basicDetails" time="117.977"/>
  <testcase classname="com.ESIC.tc.TC004_ESICBasicDetails" name="basicDetails" time="120.994"/>
  <testcase classname="com.ESIC.tc.TC004_ESICBasicDetails" name="basicDetails" time="120.563"/>
  <testcase classname="com.ESIC.tc.TC004_ESICBasicDetails" name="basicDetails" time="117.889"/>
  <testcase classname="com.ESIC.tc.TC004_ESICBasicDetails" name="basicDetails" time="117.741"/>
  <testcase classname="com.ESIC.tc.TC004_ESICBasicDetails" name="basicDetails" time="117.141"/>
  <testcase classname="com.ESIC.tc.TC004_ESICBasicDetails" name="basicDetails" time="119.382"/>
  <testcase classname="com.ESIC.tc.TC004_ESICBasicDetails" name="basicDetails" time="119.157"/>
  <testcase classname="com.ESIC.tc.TC004_ESICBasicDetails" name="basicDetails" time="117.595"/>
  <testcase classname="com.ESIC.tc.TC004_ESICBasicDetails" name="basicDetails" time="119.018"/>
  <testcase classname="com.ESIC.tc.TC004_ESICBasicDetails" name="basicDetails" time="117.942"/>
  <testcase classname="com.ESIC.tc.TC004_ESICBasicDetails" name="basicDetails" time="117.526"/>
  <testcase classname="com.ESIC.tc.TC004_ESICBasicDetails" name="basicDetails" time="118.109"/>
  <testcase classname="com.ESIC.tc.TC004_ESICBasicDetails" name="basicDetails" time="118.537"/>
  <testcase classname="com.ESIC.tc.TC004_ESICBasicDetails" name="basicDetails" time="118.949"/>
  <testcase classname="com.ESIC.tc.TC004_ESICBasicDetails" name="basicDetails" time="117.187"/>
  <testcase classname="com.ESIC.tc.TC004_ESICBasicDetails" name="basicDetails" time="118.573"/>
  <testcase classname="com.ESIC.tc.TC004_ESICBasicDetails" name="basicDetails" time="117.841"/>
  <testcase classname="com.ESIC.tc.TC004_ESICBasicDetails" name="basicDetails" time="22.584">
    <error message="unexpected alert open: {Alert text : Date Of Birth should be between 15/02/1966 to 15/02/2004}
  (Session info: chrome=97.0.4692.71): Date Of Birth should be between 15/02/1966 to 15/02/2004
Build info: version: &#039;3.141.0&#039;, revision: &#039;2ecb7d9a&#039;, time: &#039;2018-10-31T20:09:30&#039;
System info: host: &#039;MAA011253A&#039;, ip: &#039;210.210.127.120&#039;, os.name: &#039;Windows 10&#039;, os.arch: &#039;amd64&#039;, os.version: &#039;10.0&#039;, java.version: &#039;9.0.1&#039;
Driver info: org.openqa.selenium.chrome.ChromeDriver
Capabilities {acceptInsecureCerts: false, browserName: chrome, browserVersion: 97.0.4692.71, chrome: {chromedriverVersion: 97.0.4692.71 (adefa7837d02a..., userDataDir: C:\Users\011253\AppData\Loc...}, goog:chromeOptions: {debuggerAddress: localhost:54736}, javascriptEnabled: true, networkConnectionEnabled: false, pageLoadStrategy: normal, platform: WINDOWS, platformName: WINDOWS, proxy: Proxy(), setWindowRect: true, strictFileInteractability: false, timeouts: {implicit: 0, pageLoad: 300000, script: 30000}, unhandledPromptBehavior: dismiss and notify, webauthn:extension:credBlob: true, webauthn:extension:largeBlob: true, webauthn:virtualAuthenticators: true}
Session ID: c17c01983203ca4d2f565f79e3bc74dc
*** Element info: {Using=xpath, value=.//*[starts-with(@id,&#039;err_seldob&#039;)]}" type="org.openqa.selenium.UnhandledAlertException">
      <![CDATA[org.openqa.selenium.UnhandledAlertException: unexpected alert open: {Alert text : Date Of Birth should be between 15/02/1966 to 15/02/2004}
  (Session info: chrome=97.0.4692.71): Date Of Birth should be between 15/02/1966 to 15/02/2004
Build info: version: '3.141.0', revision: '2ecb7d9a', time: '2018-10-31T20:09:30'
System info: host: 'MAA011253A', ip: '210.210.127.120', os.name: 'Windows 10', os.arch: 'amd64', os.version: '10.0', java.version: '9.0.1'
Driver info: org.openqa.selenium.chrome.ChromeDriver
Capabilities {acceptInsecureCerts: false, browserName: chrome, browserVersion: 97.0.4692.71, chrome: {chromedriverVersion: 97.0.4692.71 (adefa7837d02a..., userDataDir: C:\Users\011253\AppData\Loc...}, goog:chromeOptions: {debuggerAddress: localhost:54736}, javascriptEnabled: true, networkConnectionEnabled: false, pageLoadStrategy: normal, platform: WINDOWS, platformName: WINDOWS, proxy: Proxy(), setWindowRect: true, strictFileInteractability: false, timeouts: {implicit: 0, pageLoad: 300000, script: 30000}, unhandledPromptBehavior: dismiss and notify, webauthn:extension:credBlob: true, webauthn:extension:largeBlob: true, webauthn:virtualAuthenticators: true}
Session ID: c17c01983203ca4d2f565f79e3bc74dc
*** Element info: {Using=xpath, value=.//*[starts-with(@id,'err_seldob')]}
at org.openqa.selenium.remote.http.W3CHttpResponseCodec.decode(W3CHttpResponseCodec.java:120)
at org.openqa.selenium.remote.http.W3CHttpResponseCodec.decode(W3CHttpResponseCodec.java:49)
at org.openqa.selenium.remote.HttpCommandExecutor.execute(HttpCommandExecutor.java:158)
at org.openqa.selenium.remote.service.DriverCommandExecutor.execute(DriverCommandExecutor.java:83)
at org.openqa.selenium.remote.RemoteWebDriver.execute(RemoteWebDriver.java:552)
at org.openqa.selenium.remote.RemoteWebDriver.findElements(RemoteWebDriver.java:353)
at org.openqa.selenium.remote.RemoteWebDriver.findElementsByXPath(RemoteWebDriver.java:432)
at org.openqa.selenium.By$ByXPath.findElements(By.java:348)
at org.openqa.selenium.remote.RemoteWebDriver.findElements(RemoteWebDriver.java:311)
at lib.selenium.WebDriverServiceImpl.noagealert(WebDriverServiceImpl.java:761)
at lib.selenium.WebDriverServiceImpl.agevalidator_max(WebDriverServiceImpl.java:844)
at com.ibps.pages.PersonalDetailsPage.ageValidatorMax(PersonalDetailsPage.java:309)
at com.ESIC.tc.TC004_ESICBasicDetails.basicDetails(TC004_ESICBasicDetails.java:62)
at jdk.internal.reflect.GeneratedMethodAccessor6.invoke(Unknown Source)
at java.base/jdk.internal.reflect.DelegatingMethodAccessorImpl.invoke(Unknown Source)
at java.base/java.lang.reflect.Method.invoke(Unknown Source)
at org.testng.internal.MethodInvocationHelper.invokeMethod(MethodInvocationHelper.java:133)
at org.testng.internal.TestInvoker.invokeMethod(TestInvoker.java:584)
at org.testng.internal.TestInvoker.invokeTestMethod(TestInvoker.java:172)
at org.testng.internal.MethodRunner.runInSequence(MethodRunner.java:46)
at org.testng.internal.TestInvoker$MethodInvocationAgent.invoke(TestInvoker.java:804)
at org.testng.internal.TestInvoker.invokeTestMethods(TestInvoker.java:145)
at org.testng.internal.TestMethodWorker.invokeTestMethods(TestMethodWorker.java:146)
at org.testng.internal.TestMethodWorker.run(TestMethodWorker.java:128)
at java.base/java.util.concurrent.ThreadPoolExecutor.runWorker(Unknown Source)
at java.base/java.util.concurrent.ThreadPoolExecutor$Worker.run(Unknown Source)
at java.base/java.lang.Thread.run(Unknown Source)
]]>
    </error>
  </testcase> <!-- basicDetails -->
  <testcase classname="com.ESIC.tc.TC004_ESICBasicDetails" name="basicDetails" time="117.065"/>
  <testcase classname="com.ESIC.tc.TC004_ESICBasicDetails" name="basicDetails" time="117.618"/>
  <testcase classname="com.ESIC.tc.TC004_ESICBasicDetails" name="basicDetails" time="118.098"/>
  <testcase classname="com.ESIC.tc.TC004_ESICBasicDetails" name="basicDetails" time="118.250"/>
  <testcase classname="com.ESIC.tc.TC004_ESICBasicDetails" name="basicDetails" time="122.546"/>
  <testcase classname="com.ESIC.tc.TC004_ESICBasicDetails" name="basicDetails" time="80.493">
    <error message="unexpected alert open: {Alert text : Date Of Birth should be between 15/02/1990 to 15/02/2004}
  (Session info: chrome=97.0.4692.71): Date Of Birth should be between 15/02/1990 to 15/02/2004
Build info: version: &#039;3.141.0&#039;, revision: &#039;2ecb7d9a&#039;, time: &#039;2018-10-31T20:09:30&#039;
System info: host: &#039;MAA011253A&#039;, ip: &#039;210.210.127.120&#039;, os.name: &#039;Windows 10&#039;, os.arch: &#039;amd64&#039;, os.version: &#039;10.0&#039;, java.version: &#039;9.0.1&#039;
Driver info: org.openqa.selenium.chrome.ChromeDriver
Capabilities {acceptInsecureCerts: false, browserName: chrome, browserVersion: 97.0.4692.71, chrome: {chromedriverVersion: 97.0.4692.71 (adefa7837d02a..., userDataDir: C:\Users\011253\AppData\Loc...}, goog:chromeOptions: {debuggerAddress: localhost:54736}, javascriptEnabled: true, networkConnectionEnabled: false, pageLoadStrategy: normal, platform: WINDOWS, platformName: WINDOWS, proxy: Proxy(), setWindowRect: true, strictFileInteractability: false, timeouts: {implicit: 0, pageLoad: 300000, script: 30000}, unhandledPromptBehavior: dismiss and notify, webauthn:extension:credBlob: true, webauthn:extension:largeBlob: true, webauthn:virtualAuthenticators: true}
Session ID: c17c01983203ca4d2f565f79e3bc74dc
*** Element info: {Using=xpath, value=.//*[starts-with(@id,&#039;err_seldob&#039;)]}" type="org.openqa.selenium.UnhandledAlertException">
      <![CDATA[org.openqa.selenium.UnhandledAlertException: unexpected alert open: {Alert text : Date Of Birth should be between 15/02/1990 to 15/02/2004}
  (Session info: chrome=97.0.4692.71): Date Of Birth should be between 15/02/1990 to 15/02/2004
Build info: version: '3.141.0', revision: '2ecb7d9a', time: '2018-10-31T20:09:30'
System info: host: 'MAA011253A', ip: '210.210.127.120', os.name: 'Windows 10', os.arch: 'amd64', os.version: '10.0', java.version: '9.0.1'
Driver info: org.openqa.selenium.chrome.ChromeDriver
Capabilities {acceptInsecureCerts: false, browserName: chrome, browserVersion: 97.0.4692.71, chrome: {chromedriverVersion: 97.0.4692.71 (adefa7837d02a..., userDataDir: C:\Users\011253\AppData\Loc...}, goog:chromeOptions: {debuggerAddress: localhost:54736}, javascriptEnabled: true, networkConnectionEnabled: false, pageLoadStrategy: normal, platform: WINDOWS, platformName: WINDOWS, proxy: Proxy(), setWindowRect: true, strictFileInteractability: false, timeouts: {implicit: 0, pageLoad: 300000, script: 30000}, unhandledPromptBehavior: dismiss and notify, webauthn:extension:credBlob: true, webauthn:extension:largeBlob: true, webauthn:virtualAuthenticators: true}
Session ID: c17c01983203ca4d2f565f79e3bc74dc
*** Element info: {Using=xpath, value=.//*[starts-with(@id,'err_seldob')]}
at org.openqa.selenium.remote.http.W3CHttpResponseCodec.decode(W3CHttpResponseCodec.java:120)
at org.openqa.selenium.remote.http.W3CHttpResponseCodec.decode(W3CHttpResponseCodec.java:49)
at org.openqa.selenium.remote.HttpCommandExecutor.execute(HttpCommandExecutor.java:158)
at org.openqa.selenium.remote.service.DriverCommandExecutor.execute(DriverCommandExecutor.java:83)
at org.openqa.selenium.remote.RemoteWebDriver.execute(RemoteWebDriver.java:552)
at org.openqa.selenium.remote.RemoteWebDriver.findElements(RemoteWebDriver.java:353)
at org.openqa.selenium.remote.RemoteWebDriver.findElementsByXPath(RemoteWebDriver.java:432)
at org.openqa.selenium.By$ByXPath.findElements(By.java:348)
at org.openqa.selenium.remote.RemoteWebDriver.findElements(RemoteWebDriver.java:311)
at lib.selenium.WebDriverServiceImpl.noagealert(WebDriverServiceImpl.java:761)
at lib.selenium.WebDriverServiceImpl.agevalidator_min(WebDriverServiceImpl.java:919)
at com.ibps.pages.PersonalDetailsPage.ageValidatorMin(PersonalDetailsPage.java:313)
at com.ESIC.tc.TC004_ESICBasicDetails.basicDetails(TC004_ESICBasicDetails.java:63)
at jdk.internal.reflect.GeneratedMethodAccessor6.invoke(Unknown Source)
at java.base/jdk.internal.reflect.DelegatingMethodAccessorImpl.invoke(Unknown Source)
at java.base/java.lang.reflect.Method.invoke(Unknown Source)
at org.testng.internal.MethodInvocationHelper.invokeMethod(MethodInvocationHelper.java:133)
at org.testng.internal.TestInvoker.invokeMethod(TestInvoker.java:584)
at org.testng.internal.TestInvoker.invokeTestMethod(TestInvoker.java:172)
at org.testng.internal.MethodRunner.runInSequence(MethodRunner.java:46)
at org.testng.internal.TestInvoker$MethodInvocationAgent.invoke(TestInvoker.java:804)
at org.testng.internal.TestInvoker.invokeTestMethods(TestInvoker.java:145)
at org.testng.internal.TestMethodWorker.invokeTestMethods(TestMethodWorker.java:146)
at org.testng.internal.TestMethodWorker.run(TestMethodWorker.java:128)
at java.base/java.util.concurrent.ThreadPoolExecutor.runWorker(Unknown Source)
at java.base/java.util.concurrent.ThreadPoolExecutor$Worker.run(Unknown Source)
at java.base/java.lang.Thread.run(Unknown Source)
]]>
    </error>
  </testcase> <!-- basicDetails -->
  <testcase classname="com.ESIC.tc.TC004_ESICBasicDetails" name="basicDetails" time="116.951"/>
  <testcase classname="com.ESIC.tc.TC004_ESICBasicDetails" name="basicDetails" time="120.960"/>
  <testcase classname="com.ESIC.tc.TC004_ESICBasicDetails" name="basicDetails" time="118.120"/>
  <testcase classname="com.ESIC.tc.TC004_ESICBasicDetails" name="basicDetails" time="117.062"/>
  <testcase classname="com.ESIC.tc.TC004_ESICBasicDetails" name="basicDetails" time="116.919"/>
  <testcase classname="com.ESIC.tc.TC004_ESICBasicDetails" name="basicDetails" time="119.901"/>
  <testcase classname="com.ESIC.tc.TC004_ESICBasicDetails" name="basicDetails" time="117.288"/>
  <testcase classname="com.ESIC.tc.TC004_ESICBasicDetails" name="basicDetails" time="117.923"/>
  <testcase classname="com.ESIC.tc.TC004_ESICBasicDetails" name="basicDetails" time="118.013"/>
  <testcase classname="com.ESIC.tc.TC004_ESICBasicDetails" name="basicDetails" time="118.863"/>
  <testcase classname="com.ESIC.tc.TC004_ESICBasicDetails" name="basicDetails" time="118.654"/>
  <testcase classname="com.ESIC.tc.TC004_ESICBasicDetails" name="basicDetails" time="119.117"/>
  <testcase classname="com.ESIC.tc.TC004_ESICBasicDetails" name="basicDetails" time="186.427"/>
  <testcase classname="com.ESIC.tc.TC004_ESICBasicDetails" name="basicDetails" time="119.732"/>
  <testcase classname="com.ESIC.tc.TC004_ESICBasicDetails" name="basicDetails" time="117.672"/>
  <testcase classname="com.ESIC.tc.TC004_ESICBasicDetails" name="basicDetails" time="118.831"/>
  <testcase classname="com.ESIC.tc.TC004_ESICBasicDetails" name="basicDetails" time="117.843"/>
  <testcase classname="com.ESIC.tc.TC004_ESICBasicDetails" name="basicDetails" time="117.639"/>
  <testcase classname="com.ESIC.tc.TC004_ESICBasicDetails" name="basicDetails" time="118.122"/>
  <testcase classname="com.ESIC.tc.TC004_ESICBasicDetails" name="basicDetails" time="117.979"/>
  <testcase classname="com.ESIC.tc.TC004_ESICBasicDetails" name="basicDetails" time="117.052"/>
  <testcase classname="com.ESIC.tc.TC004_ESICBasicDetails" name="basicDetails" time="118.453"/>
  <testcase classname="com.ESIC.tc.TC004_ESICBasicDetails" name="basicDetails" time="97.138">
    <error message="unexpected alert open: {Alert text : Date Of Birth should be between 15/02/1966 to 15/02/2004}
  (Session info: chrome=97.0.4692.71): Date Of Birth should be between 15/02/1966 to 15/02/2004
Build info: version: &#039;3.141.0&#039;, revision: &#039;2ecb7d9a&#039;, time: &#039;2018-10-31T20:09:30&#039;
System info: host: &#039;MAA011253A&#039;, ip: &#039;210.210.127.120&#039;, os.name: &#039;Windows 10&#039;, os.arch: &#039;amd64&#039;, os.version: &#039;10.0&#039;, java.version: &#039;9.0.1&#039;
Driver info: org.openqa.selenium.chrome.ChromeDriver
Capabilities {acceptInsecureCerts: false, browserName: chrome, browserVersion: 97.0.4692.71, chrome: {chromedriverVersion: 97.0.4692.71 (adefa7837d02a..., userDataDir: C:\Users\011253\AppData\Loc...}, goog:chromeOptions: {debuggerAddress: localhost:54736}, javascriptEnabled: true, networkConnectionEnabled: false, pageLoadStrategy: normal, platform: WINDOWS, platformName: WINDOWS, proxy: Proxy(), setWindowRect: true, strictFileInteractability: false, timeouts: {implicit: 0, pageLoad: 300000, script: 30000}, unhandledPromptBehavior: dismiss and notify, webauthn:extension:credBlob: true, webauthn:extension:largeBlob: true, webauthn:virtualAuthenticators: true}
Session ID: c17c01983203ca4d2f565f79e3bc74dc
*** Element info: {Using=id, value=txtage}" type="org.openqa.selenium.UnhandledAlertException">
      <![CDATA[org.openqa.selenium.UnhandledAlertException: unexpected alert open: {Alert text : Date Of Birth should be between 15/02/1966 to 15/02/2004}
  (Session info: chrome=97.0.4692.71): Date Of Birth should be between 15/02/1966 to 15/02/2004
Build info: version: '3.141.0', revision: '2ecb7d9a', time: '2018-10-31T20:09:30'
System info: host: 'MAA011253A', ip: '210.210.127.120', os.name: 'Windows 10', os.arch: 'amd64', os.version: '10.0', java.version: '9.0.1'
Driver info: org.openqa.selenium.chrome.ChromeDriver
Capabilities {acceptInsecureCerts: false, browserName: chrome, browserVersion: 97.0.4692.71, chrome: {chromedriverVersion: 97.0.4692.71 (adefa7837d02a..., userDataDir: C:\Users\011253\AppData\Loc...}, goog:chromeOptions: {debuggerAddress: localhost:54736}, javascriptEnabled: true, networkConnectionEnabled: false, pageLoadStrategy: normal, platform: WINDOWS, platformName: WINDOWS, proxy: Proxy(), setWindowRect: true, strictFileInteractability: false, timeouts: {implicit: 0, pageLoad: 300000, script: 30000}, unhandledPromptBehavior: dismiss and notify, webauthn:extension:credBlob: true, webauthn:extension:largeBlob: true, webauthn:virtualAuthenticators: true}
Session ID: c17c01983203ca4d2f565f79e3bc74dc
*** Element info: {Using=id, value=txtage}
at org.openqa.selenium.remote.http.W3CHttpResponseCodec.decode(W3CHttpResponseCodec.java:120)
at org.openqa.selenium.remote.http.W3CHttpResponseCodec.decode(W3CHttpResponseCodec.java:49)
at org.openqa.selenium.remote.HttpCommandExecutor.execute(HttpCommandExecutor.java:158)
at org.openqa.selenium.remote.service.DriverCommandExecutor.execute(DriverCommandExecutor.java:83)
at org.openqa.selenium.remote.RemoteWebDriver.execute(RemoteWebDriver.java:552)
at org.openqa.selenium.remote.RemoteWebDriver.findElement(RemoteWebDriver.java:323)
at org.openqa.selenium.remote.RemoteWebDriver.findElementById(RemoteWebDriver.java:372)
at org.openqa.selenium.By$ById.findElement(By.java:188)
at org.openqa.selenium.remote.RemoteWebDriver.findElement(RemoteWebDriver.java:315)
at lib.selenium.WebDriverServiceImpl.agevalidator_asondate(WebDriverServiceImpl.java:1226)
at com.ibps.pages.PersonalDetailsPage.ageValidatorAsOnDate(PersonalDetailsPage.java:322)
at com.ESIC.tc.TC004_ESICBasicDetails.basicDetails(TC004_ESICBasicDetails.java:64)
at jdk.internal.reflect.GeneratedMethodAccessor6.invoke(Unknown Source)
at java.base/jdk.internal.reflect.DelegatingMethodAccessorImpl.invoke(Unknown Source)
at java.base/java.lang.reflect.Method.invoke(Unknown Source)
at org.testng.internal.MethodInvocationHelper.invokeMethod(MethodInvocationHelper.java:133)
at org.testng.internal.TestInvoker.invokeMethod(TestInvoker.java:584)
at org.testng.internal.TestInvoker.invokeTestMethod(TestInvoker.java:172)
at org.testng.internal.MethodRunner.runInSequence(MethodRunner.java:46)
at org.testng.internal.TestInvoker$MethodInvocationAgent.invoke(TestInvoker.java:804)
at org.testng.internal.TestInvoker.invokeTestMethods(TestInvoker.java:145)
at org.testng.internal.TestMethodWorker.invokeTestMethods(TestMethodWorker.java:146)
at org.testng.internal.TestMethodWorker.run(TestMethodWorker.java:128)
at java.base/java.util.concurrent.ThreadPoolExecutor.runWorker(Unknown Source)
at java.base/java.util.concurrent.ThreadPoolExecutor$Worker.run(Unknown Source)
at java.base/java.lang.Thread.run(Unknown Source)
]]>
    </error>
  </testcase> <!-- basicDetails -->
  <testcase classname="com.ESIC.tc.TC004_ESICBasicDetails" name="basicDetails" time="117.818"/>
  <testcase classname="com.ESIC.tc.TC004_ESICBasicDetails" name="basicDetails" time="119.155"/>
  <testcase classname="com.ESIC.tc.TC004_ESICBasicDetails" name="basicDetails" time="119.110"/>
  <testcase classname="com.ESIC.tc.TC004_ESICBasicDetails" name="basicDetails" time="119.108"/>
  <testcase classname="com.ESIC.tc.TC004_ESICBasicDetails" name="basicDetails" time="117.847"/>
  <testcase classname="com.ESIC.tc.TC004_ESICBasicDetails" name="basicDetails" time="118.052"/>
  <testcase classname="com.ESIC.tc.TC004_ESICBasicDetails" name="basicDetails" time="117.604"/>
  <testcase classname="com.ESIC.tc.TC004_ESICBasicDetails" name="basicDetails" time="120.352"/>
  <testcase classname="com.ESIC.tc.TC004_ESICBasicDetails" name="basicDetails" time="119.165"/>
  <testcase classname="com.ESIC.tc.TC004_ESICBasicDetails" name="basicDetails" time="117.909"/>
  <testcase classname="com.ESIC.tc.TC004_ESICBasicDetails" name="basicDetails" time="118.904"/>
  <testcase classname="com.ESIC.tc.TC004_ESICBasicDetails" name="basicDetails" time="117.652"/>
  <testcase classname="com.ESIC.tc.TC004_ESICBasicDetails" name="basicDetails" time="117.907"/>
  <testcase classname="com.ESIC.tc.TC004_ESICBasicDetails" name="basicDetails" time="117.081"/>
  <testcase classname="com.ESIC.tc.TC004_ESICBasicDetails" name="basicDetails" time="118.313"/>
  <testcase classname="com.ESIC.tc.TC004_ESICBasicDetails" name="basicDetails" time="118.657"/>
  <testcase classname="com.ESIC.tc.TC004_ESICBasicDetails" name="basicDetails" time="116.886"/>
  <testcase classname="com.ESIC.tc.TC004_ESICBasicDetails" name="basicDetails" time="117.992"/>
  <testcase classname="com.ESIC.tc.TC004_ESICBasicDetails" name="basicDetails" time="117.415"/>
  <testcase classname="com.ESIC.tc.TC004_ESICBasicDetails" name="basicDetails" time="119.569"/>
  <testcase classname="com.ESIC.tc.TC004_ESICBasicDetails" name="basicDetails" time="426.682"/>
  <testcase classname="com.ESIC.tc.TC004_ESICBasicDetails" name="basicDetails" time="119.389"/>
  <testcase classname="com.ESIC.tc.TC004_ESICBasicDetails" name="basicDetails" time="117.725"/>
  <testcase classname="com.ESIC.tc.TC004_ESICBasicDetails" name="basicDetails" time="117.928"/>
  <testcase classname="com.ESIC.tc.TC004_ESICBasicDetails" name="basicDetails" time="118.086"/>
  <testcase classname="com.ESIC.tc.TC004_ESICBasicDetails" name="basicDetails" time="188.047"/>
  <testcase classname="com.ESIC.tc.TC004_ESICBasicDetails" name="basicDetails" time="117.619"/>
  <testcase classname="com.ESIC.tc.TC004_ESICBasicDetails" name="basicDetails" time="185.759"/>
  <testcase classname="com.ESIC.tc.TC004_ESICBasicDetails" name="basicDetails" time="117.741"/>
  <testcase classname="com.ESIC.tc.TC004_ESICBasicDetails" name="basicDetails" time="117.531"/>
  <testcase classname="com.ESIC.tc.TC004_ESICBasicDetails" name="basicDetails" time="118.033"/>
  <testcase classname="com.ESIC.tc.TC004_ESICBasicDetails" name="basicDetails" time="120.269"/>
  <testcase classname="com.ESIC.tc.TC004_ESICBasicDetails" name="basicDetails" time="141.569"/>
  <testcase classname="com.ESIC.tc.TC004_ESICBasicDetails" name="basicDetails" time="117.566"/>
  <testcase classname="com.ESIC.tc.TC004_ESICBasicDetails" name="basicDetails" time="118.396"/>
  <testcase classname="com.ESIC.tc.TC004_ESICBasicDetails" name="basicDetails" time="117.484"/>
  <testcase classname="com.ESIC.tc.TC004_ESICBasicDetails" name="basicDetails" time="184.887"/>
  <testcase classname="com.ESIC.tc.TC004_ESICBasicDetails" name="basicDetails" time="117.336"/>
  <testcase classname="com.ESIC.tc.TC004_ESICBasicDetails" name="basicDetails" time="117.972"/>
  <testcase classname="com.ESIC.tc.TC004_ESICBasicDetails" name="basicDetails" time="119.331"/>
  <testcase classname="com.ESIC.tc.TC004_ESICBasicDetails" name="basicDetails" time="119.039"/>
  <testcase classname="com.ESIC.tc.TC004_ESICBasicDetails" name="basicDetails" time="117.787"/>
  <testcase classname="com.ESIC.tc.TC004_ESICBasicDetails" name="basicDetails" time="118.996"/>
  <testcase classname="com.ESIC.tc.TC004_ESICBasicDetails" name="basicDetails" time="117.842"/>
  <testcase classname="com.ESIC.tc.TC004_ESICBasicDetails" name="basicDetails" time="116.828"/>
  <testcase classname="com.ESIC.tc.TC004_ESICBasicDetails" name="basicDetails" time="186.023"/>
  <testcase classname="com.ESIC.tc.TC004_ESICBasicDetails" name="basicDetails" time="117.914"/>
  <testcase classname="com.ESIC.tc.TC004_ESICBasicDetails" name="basicDetails" time="118.105"/>
  <testcase classname="com.ESIC.tc.TC004_ESICBasicDetails" name="basicDetails" time="116.943"/>
  <testcase classname="com.ESIC.tc.TC004_ESICBasicDetails" name="basicDetails" time="81.830">
    <error message="unexpected alert open: {Alert text : Date Of Birth should be between 15/02/1979 to 15/02/2004}
  (Session info: chrome=97.0.4692.71): Date Of Birth should be between 15/02/1979 to 15/02/2004
Build info: version: &#039;3.141.0&#039;, revision: &#039;2ecb7d9a&#039;, time: &#039;2018-10-31T20:09:30&#039;
System info: host: &#039;MAA011253A&#039;, ip: &#039;210.210.127.120&#039;, os.name: &#039;Windows 10&#039;, os.arch: &#039;amd64&#039;, os.version: &#039;10.0&#039;, java.version: &#039;9.0.1&#039;
Driver info: org.openqa.selenium.chrome.ChromeDriver
Capabilities {acceptInsecureCerts: false, browserName: chrome, browserVersion: 97.0.4692.71, chrome: {chromedriverVersion: 97.0.4692.71 (adefa7837d02a..., userDataDir: C:\Users\011253\AppData\Loc...}, goog:chromeOptions: {debuggerAddress: localhost:54736}, javascriptEnabled: true, networkConnectionEnabled: false, pageLoadStrategy: normal, platform: WINDOWS, platformName: WINDOWS, proxy: Proxy(), setWindowRect: true, strictFileInteractability: false, timeouts: {implicit: 0, pageLoad: 300000, script: 30000}, unhandledPromptBehavior: dismiss and notify, webauthn:extension:credBlob: true, webauthn:extension:largeBlob: true, webauthn:virtualAuthenticators: true}
Session ID: c17c01983203ca4d2f565f79e3bc74dc
*** Element info: {Using=xpath, value=.//*[starts-with(@id,&#039;err_seldob&#039;)]}" type="org.openqa.selenium.UnhandledAlertException">
      <![CDATA[org.openqa.selenium.UnhandledAlertException: unexpected alert open: {Alert text : Date Of Birth should be between 15/02/1979 to 15/02/2004}
  (Session info: chrome=97.0.4692.71): Date Of Birth should be between 15/02/1979 to 15/02/2004
Build info: version: '3.141.0', revision: '2ecb7d9a', time: '2018-10-31T20:09:30'
System info: host: 'MAA011253A', ip: '210.210.127.120', os.name: 'Windows 10', os.arch: 'amd64', os.version: '10.0', java.version: '9.0.1'
Driver info: org.openqa.selenium.chrome.ChromeDriver
Capabilities {acceptInsecureCerts: false, browserName: chrome, browserVersion: 97.0.4692.71, chrome: {chromedriverVersion: 97.0.4692.71 (adefa7837d02a..., userDataDir: C:\Users\011253\AppData\Loc...}, goog:chromeOptions: {debuggerAddress: localhost:54736}, javascriptEnabled: true, networkConnectionEnabled: false, pageLoadStrategy: normal, platform: WINDOWS, platformName: WINDOWS, proxy: Proxy(), setWindowRect: true, strictFileInteractability: false, timeouts: {implicit: 0, pageLoad: 300000, script: 30000}, unhandledPromptBehavior: dismiss and notify, webauthn:extension:credBlob: true, webauthn:extension:largeBlob: true, webauthn:virtualAuthenticators: true}
Session ID: c17c01983203ca4d2f565f79e3bc74dc
*** Element info: {Using=xpath, value=.//*[starts-with(@id,'err_seldob')]}
at org.openqa.selenium.remote.http.W3CHttpResponseCodec.decode(W3CHttpResponseCodec.java:120)
at org.openqa.selenium.remote.http.W3CHttpResponseCodec.decode(W3CHttpResponseCodec.java:49)
at org.openqa.selenium.remote.HttpCommandExecutor.execute(HttpCommandExecutor.java:158)
at org.openqa.selenium.remote.service.DriverCommandExecutor.execute(DriverCommandExecutor.java:83)
at org.openqa.selenium.remote.RemoteWebDriver.execute(RemoteWebDriver.java:552)
at org.openqa.selenium.remote.RemoteWebDriver.findElements(RemoteWebDriver.java:353)
at org.openqa.selenium.remote.RemoteWebDriver.findElementsByXPath(RemoteWebDriver.java:432)
at org.openqa.selenium.By$ByXPath.findElements(By.java:348)
at org.openqa.selenium.remote.RemoteWebDriver.findElements(RemoteWebDriver.java:311)
at lib.selenium.WebDriverServiceImpl.noagealert(WebDriverServiceImpl.java:761)
at lib.selenium.WebDriverServiceImpl.agevalidator_min(WebDriverServiceImpl.java:919)
at com.ibps.pages.PersonalDetailsPage.ageValidatorMin(PersonalDetailsPage.java:313)
at com.ESIC.tc.TC004_ESICBasicDetails.basicDetails(TC004_ESICBasicDetails.java:63)
at jdk.internal.reflect.GeneratedMethodAccessor6.invoke(Unknown Source)
at java.base/jdk.internal.reflect.DelegatingMethodAccessorImpl.invoke(Unknown Source)
at java.base/java.lang.reflect.Method.invoke(Unknown Source)
at org.testng.internal.MethodInvocationHelper.invokeMethod(MethodInvocationHelper.java:133)
at org.testng.internal.TestInvoker.invokeMethod(TestInvoker.java:584)
at org.testng.internal.TestInvoker.invokeTestMethod(TestInvoker.java:172)
at org.testng.internal.MethodRunner.runInSequence(MethodRunner.java:46)
at org.testng.internal.TestInvoker$MethodInvocationAgent.invoke(TestInvoker.java:804)
at org.testng.internal.TestInvoker.invokeTestMethods(TestInvoker.java:145)
at org.testng.internal.TestMethodWorker.invokeTestMethods(TestMethodWorker.java:146)
at org.testng.internal.TestMethodWorker.run(TestMethodWorker.java:128)
at java.base/java.util.concurrent.ThreadPoolExecutor.runWorker(Unknown Source)
at java.base/java.util.concurrent.ThreadPoolExecutor$Worker.run(Unknown Source)
at java.base/java.lang.Thread.run(Unknown Source)
]]>
    </error>
  </testcase> <!-- basicDetails -->
  <testcase classname="com.ESIC.tc.TC004_ESICBasicDetails" name="basicDetails" time="118.090"/>
  <testcase classname="com.ESIC.tc.TC004_ESICBasicDetails" name="basicDetails" time="117.390"/>
  <testcase classname="com.ESIC.tc.TC004_ESICBasicDetails" name="basicDetails" time="118.744"/>
  <testcase classname="com.ESIC.tc.TC004_ESICBasicDetails" name="basicDetails" time="116.686"/>
  <testcase classname="com.ESIC.tc.TC004_ESICBasicDetails" name="basicDetails" time="119.653"/>
  <testcase classname="com.ESIC.tc.TC004_ESICBasicDetails" name="basicDetails" time="24.318">
    <error message="unexpected alert open: {Alert text : Date Of Birth should be between 15/02/1979 to 15/02/2004}
  (Session info: chrome=97.0.4692.71): Date Of Birth should be between 15/02/1979 to 15/02/2004
Build info: version: &#039;3.141.0&#039;, revision: &#039;2ecb7d9a&#039;, time: &#039;2018-10-31T20:09:30&#039;
System info: host: &#039;MAA011253A&#039;, ip: &#039;210.210.127.120&#039;, os.name: &#039;Windows 10&#039;, os.arch: &#039;amd64&#039;, os.version: &#039;10.0&#039;, java.version: &#039;9.0.1&#039;
Driver info: org.openqa.selenium.chrome.ChromeDriver
Capabilities {acceptInsecureCerts: false, browserName: chrome, browserVersion: 97.0.4692.71, chrome: {chromedriverVersion: 97.0.4692.71 (adefa7837d02a..., userDataDir: C:\Users\011253\AppData\Loc...}, goog:chromeOptions: {debuggerAddress: localhost:54736}, javascriptEnabled: true, networkConnectionEnabled: false, pageLoadStrategy: normal, platform: WINDOWS, platformName: WINDOWS, proxy: Proxy(), setWindowRect: true, strictFileInteractability: false, timeouts: {implicit: 0, pageLoad: 300000, script: 30000}, unhandledPromptBehavior: dismiss and notify, webauthn:extension:credBlob: true, webauthn:extension:largeBlob: true, webauthn:virtualAuthenticators: true}
Session ID: c17c01983203ca4d2f565f79e3bc74dc
*** Element info: {Using=xpath, value=.//*[starts-with(@id,&#039;err_seldob&#039;)]}" type="org.openqa.selenium.UnhandledAlertException">
      <![CDATA[org.openqa.selenium.UnhandledAlertException: unexpected alert open: {Alert text : Date Of Birth should be between 15/02/1979 to 15/02/2004}
  (Session info: chrome=97.0.4692.71): Date Of Birth should be between 15/02/1979 to 15/02/2004
Build info: version: '3.141.0', revision: '2ecb7d9a', time: '2018-10-31T20:09:30'
System info: host: 'MAA011253A', ip: '210.210.127.120', os.name: 'Windows 10', os.arch: 'amd64', os.version: '10.0', java.version: '9.0.1'
Driver info: org.openqa.selenium.chrome.ChromeDriver
Capabilities {acceptInsecureCerts: false, browserName: chrome, browserVersion: 97.0.4692.71, chrome: {chromedriverVersion: 97.0.4692.71 (adefa7837d02a..., userDataDir: C:\Users\011253\AppData\Loc...}, goog:chromeOptions: {debuggerAddress: localhost:54736}, javascriptEnabled: true, networkConnectionEnabled: false, pageLoadStrategy: normal, platform: WINDOWS, platformName: WINDOWS, proxy: Proxy(), setWindowRect: true, strictFileInteractability: false, timeouts: {implicit: 0, pageLoad: 300000, script: 30000}, unhandledPromptBehavior: dismiss and notify, webauthn:extension:credBlob: true, webauthn:extension:largeBlob: true, webauthn:virtualAuthenticators: true}
Session ID: c17c01983203ca4d2f565f79e3bc74dc
*** Element info: {Using=xpath, value=.//*[starts-with(@id,'err_seldob')]}
at org.openqa.selenium.remote.http.W3CHttpResponseCodec.decode(W3CHttpResponseCodec.java:120)
at org.openqa.selenium.remote.http.W3CHttpResponseCodec.decode(W3CHttpResponseCodec.java:49)
at org.openqa.selenium.remote.HttpCommandExecutor.execute(HttpCommandExecutor.java:158)
at org.openqa.selenium.remote.service.DriverCommandExecutor.execute(DriverCommandExecutor.java:83)
at org.openqa.selenium.remote.RemoteWebDriver.execute(RemoteWebDriver.java:552)
at org.openqa.selenium.remote.RemoteWebDriver.findElements(RemoteWebDriver.java:353)
at org.openqa.selenium.remote.RemoteWebDriver.findElementsByXPath(RemoteWebDriver.java:432)
at org.openqa.selenium.By$ByXPath.findElements(By.java:348)
at org.openqa.selenium.remote.RemoteWebDriver.findElements(RemoteWebDriver.java:311)
at lib.selenium.WebDriverServiceImpl.noagealert(WebDriverServiceImpl.java:761)
at lib.selenium.WebDriverServiceImpl.agevalidator_max(WebDriverServiceImpl.java:844)
at com.ibps.pages.PersonalDetailsPage.ageValidatorMax(PersonalDetailsPage.java:309)
at com.ESIC.tc.TC004_ESICBasicDetails.basicDetails(TC004_ESICBasicDetails.java:62)
at jdk.internal.reflect.GeneratedMethodAccessor6.invoke(Unknown Source)
at java.base/jdk.internal.reflect.DelegatingMethodAccessorImpl.invoke(Unknown Source)
at java.base/java.lang.reflect.Method.invoke(Unknown Source)
at org.testng.internal.MethodInvocationHelper.invokeMethod(MethodInvocationHelper.java:133)
at org.testng.internal.TestInvoker.invokeMethod(TestInvoker.java:584)
at org.testng.internal.TestInvoker.invokeTestMethod(TestInvoker.java:172)
at org.testng.internal.MethodRunner.runInSequence(MethodRunner.java:46)
at org.testng.internal.TestInvoker$MethodInvocationAgent.invoke(TestInvoker.java:804)
at org.testng.internal.TestInvoker.invokeTestMethods(TestInvoker.java:145)
at org.testng.internal.TestMethodWorker.invokeTestMethods(TestMethodWorker.java:146)
at org.testng.internal.TestMethodWorker.run(TestMethodWorker.java:128)
at java.base/java.util.concurrent.ThreadPoolExecutor.runWorker(Unknown Source)
at java.base/java.util.concurrent.ThreadPoolExecutor$Worker.run(Unknown Source)
at java.base/java.lang.Thread.run(Unknown Source)
]]>
    </error>
  </testcase> <!-- basicDetails -->
  <testcase classname="com.ESIC.tc.TC004_ESICBasicDetails" name="basicDetails" time="120.460"/>
  <testcase classname="com.ESIC.tc.TC004_ESICBasicDetails" name="basicDetails" time="118.214"/>
  <testcase classname="com.ESIC.tc.TC004_ESICBasicDetails" name="basicDetails" time="119.217"/>
  <testcase classname="com.ESIC.tc.TC004_ESICBasicDetails" name="basicDetails" time="121.123"/>
  <testcase classname="com.ESIC.tc.TC004_ESICBasicDetails" name="basicDetails" time="118.909"/>
  <testcase classname="com.ESIC.tc.TC004_ESICBasicDetails" name="basicDetails" time="118.984"/>
  <testcase classname="com.ESIC.tc.TC004_ESICBasicDetails" name="basicDetails" time="117.319"/>
  <testcase classname="com.ESIC.tc.TC004_ESICBasicDetails" name="basicDetails" time="119.221"/>
  <testcase classname="com.ESIC.tc.TC004_ESICBasicDetails" name="basicDetails" time="118.038"/>
  <testcase classname="com.ESIC.tc.TC004_ESICBasicDetails" name="basicDetails" time="117.669"/>
  <testcase classname="com.ESIC.tc.TC004_ESICBasicDetails" name="basicDetails" time="118.716"/>
  <testcase classname="com.ESIC.tc.TC004_ESICBasicDetails" name="basicDetails" time="116.966"/>
  <testcase classname="com.ESIC.tc.TC004_ESICBasicDetails" name="basicDetails" time="118.946"/>
  <testcase classname="com.ESIC.tc.TC004_ESICBasicDetails" name="basicDetails" time="119.190"/>
  <testcase classname="com.ESIC.tc.TC004_ESICBasicDetails" name="basicDetails" time="118.932"/>
  <testcase classname="com.ESIC.tc.TC004_ESICBasicDetails" name="basicDetails" time="185.174"/>
  <testcase classname="com.ESIC.tc.TC004_ESICBasicDetails" name="basicDetails" time="117.181"/>
  <testcase classname="com.ESIC.tc.TC004_ESICBasicDetails" name="basicDetails" time="116.989"/>
  <testcase classname="com.ESIC.tc.TC004_ESICBasicDetails" name="basicDetails" time="119.514"/>
  <testcase classname="com.ESIC.tc.TC004_ESICBasicDetails" name="basicDetails" time="119.502"/>
  <testcase classname="com.ESIC.tc.TC004_ESICBasicDetails" name="basicDetails" time="119.009"/>
  <testcase classname="com.ESIC.tc.TC004_ESICBasicDetails" name="basicDetails" time="117.107"/>
  <testcase classname="com.ESIC.tc.TC004_ESICBasicDetails" name="basicDetails" time="119.057"/>
  <testcase classname="com.ESIC.tc.TC004_ESICBasicDetails" name="basicDetails" time="116.627"/>
  <testcase classname="com.ESIC.tc.TC004_ESICBasicDetails" name="basicDetails" time="119.592"/>
  <testcase classname="com.ESIC.tc.TC004_ESICBasicDetails" name="basicDetails" time="119.612"/>
  <testcase classname="com.ESIC.tc.TC004_ESICBasicDetails" name="basicDetails" time="120.082"/>
  <testcase classname="com.ESIC.tc.TC004_ESICBasicDetails" name="basicDetails" time="119.068"/>
  <testcase classname="com.ESIC.tc.TC004_ESICBasicDetails" name="basicDetails" time="117.812"/>
  <testcase classname="com.ESIC.tc.TC004_ESICBasicDetails" name="basicDetails" time="118.094"/>
  <testcase classname="com.ESIC.tc.TC004_ESICBasicDetails" name="basicDetails" time="186.078"/>
  <testcase classname="com.ESIC.tc.TC004_ESICBasicDetails" name="basicDetails" time="186.821"/>
  <testcase classname="com.ESIC.tc.TC004_ESICBasicDetails" name="basicDetails" time="120.921"/>
  <testcase classname="com.ESIC.tc.TC004_ESICBasicDetails" name="basicDetails" time="118.205"/>
  <testcase classname="com.ESIC.tc.TC004_ESICBasicDetails" name="basicDetails" time="118.959"/>
  <testcase classname="com.ESIC.tc.TC004_ESICBasicDetails" name="basicDetails" time="186.088"/>
  <testcase classname="com.ESIC.tc.TC004_ESICBasicDetails" name="basicDetails" time="117.598"/>
  <testcase classname="com.ESIC.tc.TC004_ESICBasicDetails" name="basicDetails" time="118.816"/>
  <testcase classname="com.ESIC.tc.TC004_ESICBasicDetails" name="basicDetails" time="118.792"/>
  <testcase classname="com.ESIC.tc.TC004_ESICBasicDetails" name="basicDetails" time="117.793"/>
  <testcase classname="com.ESIC.tc.TC004_ESICBasicDetails" name="basicDetails" time="117.784"/>
  <testcase classname="com.ESIC.tc.TC004_ESICBasicDetails" name="basicDetails" time="118.107"/>
  <testcase classname="com.ESIC.tc.TC004_ESICBasicDetails" name="basicDetails" time="117.668"/>
  <testcase classname="com.ESIC.tc.TC004_ESICBasicDetails" name="basicDetails" time="118.614"/>
  <testcase classname="com.ESIC.tc.TC004_ESICBasicDetails" name="basicDetails" time="117.446"/>
  <testcase classname="com.ESIC.tc.TC004_ESICBasicDetails" name="basicDetails" time="117.798"/>
  <testcase classname="com.ESIC.tc.TC004_ESICBasicDetails" name="basicDetails" time="118.010"/>
  <testcase classname="com.ESIC.tc.TC004_ESICBasicDetails" name="basicDetails" time="129.046"/>
  <testcase classname="com.ESIC.tc.TC004_ESICBasicDetails" name="basicDetails" time="117.154"/>
  <testcase classname="com.ESIC.tc.TC004_ESICBasicDetails" name="basicDetails" time="117.434"/>
  <testcase classname="com.ESIC.tc.TC004_ESICBasicDetails" name="basicDetails" time="116.986"/>
  <testcase classname="com.ESIC.tc.TC004_ESICBasicDetails" name="basicDetails" time="117.897"/>
</testsuite> <!-- com.ESIC.tc.TC004_ESICBasicDetails -->
