<?xml version="1.0" encoding="UTF-8"?>
<!-- Generated by org.testng.reporters.JUnitReportReporter -->
<testsuite skipped="0" hostname="MAA014482B" name="com.MAHAGEN_2Sep22.tc.TC003_MAHAGENBasicDetails" tests="18" failures="0" timestamp="2022-09-09T15:24:30 IST" time="2724.672" errors="1">
  <testcase name="basicDetails" time="154.258" classname="com.MAHAGEN_2Sep22.tc.TC003_MAHAGENBasicDetails"/>
  <testcase name="basicDetails" time="156.680" classname="com.MAHAGEN_2Sep22.tc.TC003_MAHAGENBasicDetails"/>
  <testcase name="basicDetails" time="159.592" classname="com.MAHAGEN_2Sep22.tc.TC003_MAHAGENBasicDetails"/>
  <testcase name="basicDetails" time="152.537" classname="com.MAHAGEN_2Sep22.tc.TC003_MAHAGENBasicDetails"/>
  <testcase name="basicDetails" time="151.717" classname="com.MAHAGEN_2Sep22.tc.TC003_MAHAGENBasicDetails"/>
  <testcase name="basicDetails" time="153.734" classname="com.MAHAGEN_2Sep22.tc.TC003_MAHAGENBasicDetails"/>
  <testcase name="basicDetails" time="151.962" classname="com.MAHAGEN_2Sep22.tc.TC003_MAHAGENBasicDetails"/>
  <testcase name="basicDetails" time="153.785" classname="com.MAHAGEN_2Sep22.tc.TC003_MAHAGENBasicDetails"/>
  <testcase name="basicDetails" time="154.915" classname="com.MAHAGEN_2Sep22.tc.TC003_MAHAGENBasicDetails"/>
  <testcase name="basicDetails" time="153.080" classname="com.MAHAGEN_2Sep22.tc.TC003_MAHAGENBasicDetails"/>
  <testcase name="basicDetails" time="155.148" classname="com.MAHAGEN_2Sep22.tc.TC003_MAHAGENBasicDetails"/>
  <testcase name="basicDetails" time="152.050" classname="com.MAHAGEN_2Sep22.tc.TC003_MAHAGENBasicDetails"/>
  <testcase name="basicDetails" time="155.855" classname="com.MAHAGEN_2Sep22.tc.TC003_MAHAGENBasicDetails"/>
  <testcase name="basicDetails" time="153.946" classname="com.MAHAGEN_2Sep22.tc.TC003_MAHAGENBasicDetails"/>
  <testcase name="basicDetails" time="153.880" classname="com.MAHAGEN_2Sep22.tc.TC003_MAHAGENBasicDetails"/>
  <testcase name="basicDetails" time="155.209" classname="com.MAHAGEN_2Sep22.tc.TC003_MAHAGENBasicDetails"/>
  <testcase name="basicDetails" time="102.994" classname="com.MAHAGEN_2Sep22.tc.TC003_MAHAGENBasicDetails">
    <error type="org.openqa.selenium.UnhandledAlertException" message="unexpected alert open: {Alert text : Date Of Birth should be between 17/02/1975 to 17/12/2003}
  (Session info: chrome=105.0.5195.102): Date Of Birth should be between 17/02/1975 to 17/12/2003
Build info: version: &#039;3.141.0&#039;, revision: &#039;2ecb7d9a&#039;, time: &#039;2018-10-31T20:09:30&#039;
System info: host: &#039;MAA014482B&#039;, ip: &#039;124.7.228.19&#039;, os.name: &#039;Windows 10&#039;, os.arch: &#039;amd64&#039;, os.version: &#039;10.0&#039;, java.version: &#039;1.8.0_131&#039;
Driver info: org.openqa.selenium.chrome.ChromeDriver
Capabilities {acceptInsecureCerts: false, browserName: chrome, browserVersion: 105.0.5195.102, chrome: {chromedriverVersion: 104.0.5112.79 (3cf3e8c8a07d..., userDataDir: C:\Users\016386\AppData\Loc...}, goog:chromeOptions: {debuggerAddress: localhost:64776}, javascriptEnabled: true, networkConnectionEnabled: false, pageLoadStrategy: normal, platform: WINDOWS, platformName: WINDOWS, proxy: Proxy(), setWindowRect: true, strictFileInteractability: false, timeouts: {implicit: 0, pageLoad: 300000, script: 30000}, unhandledPromptBehavior: dismiss and notify, webauthn:extension:credBlob: true, webauthn:extension:largeBlob: true, webauthn:virtualAuthenticators: true}
Session ID: bb250fd07cdc5bc21ebd19fb9bb85df3
*** Element info: {Using=xpath, value=.//*[starts-with(@id,&#039;err_seldob&#039;)]}">
      <![CDATA[org.openqa.selenium.UnhandledAlertException: unexpected alert open: {Alert text : Date Of Birth should be between 17/02/1975 to 17/12/2003}
  (Session info: chrome=105.0.5195.102): Date Of Birth should be between 17/02/1975 to 17/12/2003
Build info: version: '3.141.0', revision: '2ecb7d9a', time: '2018-10-31T20:09:30'
System info: host: 'MAA014482B', ip: '124.7.228.19', os.name: 'Windows 10', os.arch: 'amd64', os.version: '10.0', java.version: '1.8.0_131'
Driver info: org.openqa.selenium.chrome.ChromeDriver
Capabilities {acceptInsecureCerts: false, browserName: chrome, browserVersion: 105.0.5195.102, chrome: {chromedriverVersion: 104.0.5112.79 (3cf3e8c8a07d..., userDataDir: C:\Users\016386\AppData\Loc...}, goog:chromeOptions: {debuggerAddress: localhost:64776}, javascriptEnabled: true, networkConnectionEnabled: false, pageLoadStrategy: normal, platform: WINDOWS, platformName: WINDOWS, proxy: Proxy(), setWindowRect: true, strictFileInteractability: false, timeouts: {implicit: 0, pageLoad: 300000, script: 30000}, unhandledPromptBehavior: dismiss and notify, webauthn:extension:credBlob: true, webauthn:extension:largeBlob: true, webauthn:virtualAuthenticators: true}
Session ID: bb250fd07cdc5bc21ebd19fb9bb85df3
*** Element info: {Using=xpath, value=.//*[starts-with(@id,'err_seldob')]}
at org.openqa.selenium.remote.http.W3CHttpResponseCodec.decode(W3CHttpResponseCodec.java:120)
at org.openqa.selenium.remote.http.W3CHttpResponseCodec.decode(W3CHttpResponseCodec.java:49)
at org.openqa.selenium.remote.HttpCommandExecutor.execute(HttpCommandExecutor.java:158)
at org.openqa.selenium.remote.service.DriverCommandExecutor.execute(DriverCommandExecutor.java:83)
at org.openqa.selenium.remote.RemoteWebDriver.execute(RemoteWebDriver.java:552)
at org.openqa.selenium.remote.RemoteWebDriver.findElements(RemoteWebDriver.java:353)
at org.openqa.selenium.remote.RemoteWebDriver.findElementsByXPath(RemoteWebDriver.java:432)
at org.openqa.selenium.By$ByXPath.findElements(By.java:348)
at org.openqa.selenium.remote.RemoteWebDriver.findElements(RemoteWebDriver.java:311)
at lib.selenium.WebDriverServiceImpl.noagealert(WebDriverServiceImpl.java:766)
at lib.selenium.WebDriverServiceImpl.agevalidator_min(WebDriverServiceImpl.java:937)
at com.ibps.pages.PersonalDetailsPage.ageValidatorMin(PersonalDetailsPage.java:334)
at com.MAHAGEN_2Sep22.tc.TC003_MAHAGENBasicDetails.basicDetails(TC003_MAHAGENBasicDetails.java:57)
at sun.reflect.GeneratedMethodAccessor4.invoke(Unknown Source)
at sun.reflect.DelegatingMethodAccessorImpl.invoke(Unknown Source)
at java.lang.reflect.Method.invoke(Unknown Source)
at org.testng.internal.MethodInvocationHelper.invokeMethod(MethodInvocationHelper.java:133)
at org.testng.internal.TestInvoker.invokeMethod(TestInvoker.java:584)
at org.testng.internal.TestInvoker.invokeTestMethod(TestInvoker.java:172)
at org.testng.internal.MethodRunner.runInSequence(MethodRunner.java:46)
at org.testng.internal.TestInvoker$MethodInvocationAgent.invoke(TestInvoker.java:804)
at org.testng.internal.TestInvoker.invokeTestMethods(TestInvoker.java:145)
at org.testng.internal.TestMethodWorker.invokeTestMethods(TestMethodWorker.java:146)
at org.testng.internal.TestMethodWorker.run(TestMethodWorker.java:128)
at java.util.concurrent.ThreadPoolExecutor.runWorker(Unknown Source)
at java.util.concurrent.ThreadPoolExecutor$Worker.run(Unknown Source)
at java.lang.Thread.run(Unknown Source)
]]>
    </error>
  </testcase> <!-- basicDetails -->
  <testcase name="basicDetails" time="153.330" classname="com.MAHAGEN_2Sep22.tc.TC003_MAHAGENBasicDetails"/>
</testsuite> <!-- com.MAHAGEN_2Sep22.tc.TC003_MAHAGENBasicDetails -->
