<?xml version="1.0" encoding="UTF-8"?>
<!-- Generated by org.testng.reporters.JUnitReportReporter -->
<testsuite hostname="MAA011253A" failures="0" tests="131" name="com.canara.tc.TC004_CANARABasicDetails" time="14056.319" errors="16" timestamp="2020-11-23T19:27:20 IST" skipped="0">
  <testcase classname="com.canara.tc.TC004_CANARABasicDetails" name="basicDetails" time="121.307"/>
  <testcase classname="com.canara.tc.TC004_CANARABasicDetails" name="basicDetails" time="120.985"/>
  <testcase classname="com.canara.tc.TC004_CANARABasicDetails" name="basicDetails" time="121.420"/>
  <testcase classname="com.canara.tc.TC004_CANARABasicDetails" name="basicDetails" time="121.183"/>
  <testcase classname="com.canara.tc.TC004_CANARABasicDetails" name="basicDetails" time="121.177"/>
  <testcase classname="com.canara.tc.TC004_CANARABasicDetails" name="basicDetails" time="120.995"/>
  <testcase classname="com.canara.tc.TC004_CANARABasicDetails" name="basicDetails" time="121.780"/>
  <testcase classname="com.canara.tc.TC004_CANARABasicDetails" name="basicDetails" time="121.430"/>
  <testcase classname="com.canara.tc.TC004_CANARABasicDetails" name="basicDetails" time="121.027"/>
  <testcase classname="com.canara.tc.TC004_CANARABasicDetails" name="basicDetails" time="0.014">
    <error type="java.lang.NullPointerException">
      <![CDATA[java.lang.NullPointerException
at com.ibps.pages.PersonalDetailsPage.selectDropDownUsingIndexNew(PersonalDetailsPage.java:314)
at com.canara.tc.TC004_CANARABasicDetails.basicDetails(TC004_CANARABasicDetails.java:36)
at jdk.internal.reflect.GeneratedMethodAccessor4.invoke(Unknown Source)
at java.base/jdk.internal.reflect.DelegatingMethodAccessorImpl.invoke(Unknown Source)
at java.base/java.lang.reflect.Method.invoke(Unknown Source)
at org.testng.internal.MethodInvocationHelper.invokeMethod(MethodInvocationHelper.java:133)
at org.testng.internal.TestInvoker.invokeMethod(TestInvoker.java:584)
at org.testng.internal.TestInvoker.invokeTestMethod(TestInvoker.java:172)
at org.testng.internal.MethodRunner.runInSequence(MethodRunner.java:46)
at org.testng.internal.TestInvoker$MethodInvocationAgent.invoke(TestInvoker.java:804)
at org.testng.internal.TestInvoker.invokeTestMethods(TestInvoker.java:145)
at org.testng.internal.TestMethodWorker.invokeTestMethods(TestMethodWorker.java:146)
at org.testng.internal.TestMethodWorker.run(TestMethodWorker.java:128)
at java.base/java.util.concurrent.ThreadPoolExecutor.runWorker(Unknown Source)
at java.base/java.util.concurrent.ThreadPoolExecutor$Worker.run(Unknown Source)
at java.base/java.lang.Thread.run(Unknown Source)
]]>
    </error>
  </testcase> <!-- basicDetails -->
  <testcase classname="com.canara.tc.TC004_CANARABasicDetails" name="basicDetails" time="121.693"/>
  <testcase classname="com.canara.tc.TC004_CANARABasicDetails" name="basicDetails" time="120.936"/>
  <testcase classname="com.canara.tc.TC004_CANARABasicDetails" name="basicDetails" time="121.214"/>
  <testcase classname="com.canara.tc.TC004_CANARABasicDetails" name="basicDetails" time="120.678"/>
  <testcase classname="com.canara.tc.TC004_CANARABasicDetails" name="basicDetails" time="121.443"/>
  <testcase classname="com.canara.tc.TC004_CANARABasicDetails" name="basicDetails" time="121.365"/>
  <testcase classname="com.canara.tc.TC004_CANARABasicDetails" name="basicDetails" time="120.872"/>
  <testcase classname="com.canara.tc.TC004_CANARABasicDetails" name="basicDetails" time="121.089"/>
  <testcase classname="com.canara.tc.TC004_CANARABasicDetails" name="basicDetails" time="122.140"/>
  <testcase classname="com.canara.tc.TC004_CANARABasicDetails" name="basicDetails" time="121.511"/>
  <testcase classname="com.canara.tc.TC004_CANARABasicDetails" name="basicDetails" time="120.934"/>
  <testcase classname="com.canara.tc.TC004_CANARABasicDetails" name="afterClass" time="4.281">
    <error type="java.lang.NullPointerException">
      <![CDATA[java.lang.NullPointerException
at lib.utils.HTMLReporter.reportStep(HTMLReporter.java:73)
at lib.selenium.WebDriverServiceImpl.closeAllBrowsers(WebDriverServiceImpl.java:495)
at lib.selenium.PreAndPost.afterClass(PreAndPost.java:72)
at java.base/jdk.internal.reflect.NativeMethodAccessorImpl.invoke0(Native Method)
at java.base/jdk.internal.reflect.NativeMethodAccessorImpl.invoke(Unknown Source)
at java.base/jdk.internal.reflect.DelegatingMethodAccessorImpl.invoke(Unknown Source)
at java.base/java.lang.reflect.Method.invoke(Unknown Source)
at org.testng.internal.MethodInvocationHelper.invokeMethod(MethodInvocationHelper.java:133)
at org.testng.internal.MethodInvocationHelper.invokeMethodConsideringTimeout(MethodInvocationHelper.java:62)
at org.testng.internal.ConfigInvoker.invokeConfigurationMethod(ConfigInvoker.java:340)
at org.testng.internal.ConfigInvoker.invokeConfigurations(ConfigInvoker.java:294)
at org.testng.internal.TestMethodWorker.invokeAfterClassMethods(TestMethodWorker.java:217)
at org.testng.internal.TestMethodWorker.run(TestMethodWorker.java:130)
at java.base/java.util.concurrent.ThreadPoolExecutor.runWorker(Unknown Source)
at java.base/java.util.concurrent.ThreadPoolExecutor$Worker.run(Unknown Source)
at java.base/java.lang.Thread.run(Unknown Source)
]]>
    </error>
  </testcase> <!-- afterClass -->
  <testcase classname="com.canara.tc.TC004_CANARABasicDetails" name="basicDetails" time="120.624"/>
  <testcase classname="com.canara.tc.TC004_CANARABasicDetails" name="basicDetails" time="121.353"/>
  <testcase classname="com.canara.tc.TC004_CANARABasicDetails" name="basicDetails" time="120.697"/>
  <testcase classname="com.canara.tc.TC004_CANARABasicDetails" name="basicDetails" time="121.122"/>
  <testcase classname="com.canara.tc.TC004_CANARABasicDetails" name="basicDetails" time="121.701"/>
  <testcase classname="com.canara.tc.TC004_CANARABasicDetails" name="basicDetails" time="121.237"/>
  <testcase classname="com.canara.tc.TC004_CANARABasicDetails" name="basicDetails" time="121.444"/>
  <testcase classname="com.canara.tc.TC004_CANARABasicDetails" name="basicDetails" time="120.612"/>
  <testcase classname="com.canara.tc.TC004_CANARABasicDetails" name="basicDetails" time="121.170"/>
  <testcase classname="com.canara.tc.TC004_CANARABasicDetails" name="basicDetails" time="121.896"/>
  <testcase classname="com.canara.tc.TC004_CANARABasicDetails" name="basicDetails" time="121.052"/>
  <testcase classname="com.canara.tc.TC004_CANARABasicDetails" name="basicDetails" time="120.850"/>
  <testcase classname="com.canara.tc.TC004_CANARABasicDetails" name="basicDetails" time="121.233"/>
  <testcase classname="com.canara.tc.TC004_CANARABasicDetails" name="basicDetails" time="121.298"/>
  <testcase classname="com.canara.tc.TC004_CANARABasicDetails" name="basicDetails" time="0.013">
    <error type="java.lang.NullPointerException">
      <![CDATA[java.lang.NullPointerException
at com.ibps.pages.PersonalDetailsPage.selectDropDownUsingIndexNew(PersonalDetailsPage.java:314)
at com.canara.tc.TC004_CANARABasicDetails.basicDetails(TC004_CANARABasicDetails.java:36)
at jdk.internal.reflect.GeneratedMethodAccessor4.invoke(Unknown Source)
at java.base/jdk.internal.reflect.DelegatingMethodAccessorImpl.invoke(Unknown Source)
at java.base/java.lang.reflect.Method.invoke(Unknown Source)
at org.testng.internal.MethodInvocationHelper.invokeMethod(MethodInvocationHelper.java:133)
at org.testng.internal.TestInvoker.invokeMethod(TestInvoker.java:584)
at org.testng.internal.TestInvoker.invokeTestMethod(TestInvoker.java:172)
at org.testng.internal.MethodRunner.runInSequence(MethodRunner.java:46)
at org.testng.internal.TestInvoker$MethodInvocationAgent.invoke(TestInvoker.java:804)
at org.testng.internal.TestInvoker.invokeTestMethods(TestInvoker.java:145)
at org.testng.internal.TestMethodWorker.invokeTestMethods(TestMethodWorker.java:146)
at org.testng.internal.TestMethodWorker.run(TestMethodWorker.java:128)
at java.base/java.util.concurrent.ThreadPoolExecutor.runWorker(Unknown Source)
at java.base/java.util.concurrent.ThreadPoolExecutor$Worker.run(Unknown Source)
at java.base/java.lang.Thread.run(Unknown Source)
]]>
    </error>
  </testcase> <!-- basicDetails -->
  <testcase classname="com.canara.tc.TC004_CANARABasicDetails" name="basicDetails" time="121.569"/>
  <testcase classname="com.canara.tc.TC004_CANARABasicDetails" name="basicDetails" time="121.545"/>
  <testcase classname="com.canara.tc.TC004_CANARABasicDetails" name="basicDetails" time="120.891"/>
  <testcase classname="com.canara.tc.TC004_CANARABasicDetails" name="basicDetails" time="121.191"/>
  <testcase classname="com.canara.tc.TC004_CANARABasicDetails" name="basicDetails" time="121.121"/>
  <testcase classname="com.canara.tc.TC004_CANARABasicDetails" name="basicDetails" time="120.325"/>
  <testcase classname="com.canara.tc.TC004_CANARABasicDetails" name="basicDetails" time="121.625"/>
  <testcase classname="com.canara.tc.TC004_CANARABasicDetails" name="basicDetails" time="0.015">
    <error type="java.lang.NullPointerException">
      <![CDATA[java.lang.NullPointerException
at com.ibps.pages.PersonalDetailsPage.selectDropDownUsingIndexNew(PersonalDetailsPage.java:314)
at com.canara.tc.TC004_CANARABasicDetails.basicDetails(TC004_CANARABasicDetails.java:36)
at jdk.internal.reflect.GeneratedMethodAccessor4.invoke(Unknown Source)
at java.base/jdk.internal.reflect.DelegatingMethodAccessorImpl.invoke(Unknown Source)
at java.base/java.lang.reflect.Method.invoke(Unknown Source)
at org.testng.internal.MethodInvocationHelper.invokeMethod(MethodInvocationHelper.java:133)
at org.testng.internal.TestInvoker.invokeMethod(TestInvoker.java:584)
at org.testng.internal.TestInvoker.invokeTestMethod(TestInvoker.java:172)
at org.testng.internal.MethodRunner.runInSequence(MethodRunner.java:46)
at org.testng.internal.TestInvoker$MethodInvocationAgent.invoke(TestInvoker.java:804)
at org.testng.internal.TestInvoker.invokeTestMethods(TestInvoker.java:145)
at org.testng.internal.TestMethodWorker.invokeTestMethods(TestMethodWorker.java:146)
at org.testng.internal.TestMethodWorker.run(TestMethodWorker.java:128)
at java.base/java.util.concurrent.ThreadPoolExecutor.runWorker(Unknown Source)
at java.base/java.util.concurrent.ThreadPoolExecutor$Worker.run(Unknown Source)
at java.base/java.lang.Thread.run(Unknown Source)
]]>
    </error>
  </testcase> <!-- basicDetails -->
  <testcase classname="com.canara.tc.TC004_CANARABasicDetails" name="basicDetails" time="120.941"/>
  <testcase classname="com.canara.tc.TC004_CANARABasicDetails" name="basicDetails" time="121.400"/>
  <testcase classname="com.canara.tc.TC004_CANARABasicDetails" name="basicDetails" time="121.177"/>
  <testcase classname="com.canara.tc.TC004_CANARABasicDetails" name="basicDetails" time="0.016">
    <error type="java.lang.NullPointerException">
      <![CDATA[java.lang.NullPointerException
at com.ibps.pages.PersonalDetailsPage.selectDropDownUsingIndexNew(PersonalDetailsPage.java:314)
at com.canara.tc.TC004_CANARABasicDetails.basicDetails(TC004_CANARABasicDetails.java:36)
at jdk.internal.reflect.GeneratedMethodAccessor4.invoke(Unknown Source)
at java.base/jdk.internal.reflect.DelegatingMethodAccessorImpl.invoke(Unknown Source)
at java.base/java.lang.reflect.Method.invoke(Unknown Source)
at org.testng.internal.MethodInvocationHelper.invokeMethod(MethodInvocationHelper.java:133)
at org.testng.internal.TestInvoker.invokeMethod(TestInvoker.java:584)
at org.testng.internal.TestInvoker.invokeTestMethod(TestInvoker.java:172)
at org.testng.internal.MethodRunner.runInSequence(MethodRunner.java:46)
at org.testng.internal.TestInvoker$MethodInvocationAgent.invoke(TestInvoker.java:804)
at org.testng.internal.TestInvoker.invokeTestMethods(TestInvoker.java:145)
at org.testng.internal.TestMethodWorker.invokeTestMethods(TestMethodWorker.java:146)
at org.testng.internal.TestMethodWorker.run(TestMethodWorker.java:128)
at java.base/java.util.concurrent.ThreadPoolExecutor.runWorker(Unknown Source)
at java.base/java.util.concurrent.ThreadPoolExecutor$Worker.run(Unknown Source)
at java.base/java.lang.Thread.run(Unknown Source)
]]>
    </error>
  </testcase> <!-- basicDetails -->
  <testcase classname="com.canara.tc.TC004_CANARABasicDetails" name="basicDetails" time="121.767"/>
  <testcase classname="com.canara.tc.TC004_CANARABasicDetails" name="basicDetails" time="121.216"/>
  <testcase classname="com.canara.tc.TC004_CANARABasicDetails" name="basicDetails" time="121.048"/>
  <testcase classname="com.canara.tc.TC004_CANARABasicDetails" name="basicDetails" time="120.810"/>
  <testcase classname="com.canara.tc.TC004_CANARABasicDetails" name="basicDetails" time="121.366"/>
  <testcase classname="com.canara.tc.TC004_CANARABasicDetails" name="basicDetails" time="121.222"/>
  <testcase classname="com.canara.tc.TC004_CANARABasicDetails" name="basicDetails" time="121.133"/>
  <testcase classname="com.canara.tc.TC004_CANARABasicDetails" name="basicDetails" time="121.114"/>
  <testcase classname="com.canara.tc.TC004_CANARABasicDetails" name="basicDetails" time="0.014">
    <error type="java.lang.NullPointerException">
      <![CDATA[java.lang.NullPointerException
at com.ibps.pages.PersonalDetailsPage.selectDropDownUsingIndexNew(PersonalDetailsPage.java:314)
at com.canara.tc.TC004_CANARABasicDetails.basicDetails(TC004_CANARABasicDetails.java:36)
at jdk.internal.reflect.GeneratedMethodAccessor4.invoke(Unknown Source)
at java.base/jdk.internal.reflect.DelegatingMethodAccessorImpl.invoke(Unknown Source)
at java.base/java.lang.reflect.Method.invoke(Unknown Source)
at org.testng.internal.MethodInvocationHelper.invokeMethod(MethodInvocationHelper.java:133)
at org.testng.internal.TestInvoker.invokeMethod(TestInvoker.java:584)
at org.testng.internal.TestInvoker.invokeTestMethod(TestInvoker.java:172)
at org.testng.internal.MethodRunner.runInSequence(MethodRunner.java:46)
at org.testng.internal.TestInvoker$MethodInvocationAgent.invoke(TestInvoker.java:804)
at org.testng.internal.TestInvoker.invokeTestMethods(TestInvoker.java:145)
at org.testng.internal.TestMethodWorker.invokeTestMethods(TestMethodWorker.java:146)
at org.testng.internal.TestMethodWorker.run(TestMethodWorker.java:128)
at java.base/java.util.concurrent.ThreadPoolExecutor.runWorker(Unknown Source)
at java.base/java.util.concurrent.ThreadPoolExecutor$Worker.run(Unknown Source)
at java.base/java.lang.Thread.run(Unknown Source)
]]>
    </error>
  </testcase> <!-- basicDetails -->
  <testcase classname="com.canara.tc.TC004_CANARABasicDetails" name="basicDetails" time="120.674"/>
  <testcase classname="com.canara.tc.TC004_CANARABasicDetails" name="basicDetails" time="120.878"/>
  <testcase classname="com.canara.tc.TC004_CANARABasicDetails" name="basicDetails" time="121.428"/>
  <testcase classname="com.canara.tc.TC004_CANARABasicDetails" name="basicDetails" time="121.326"/>
  <testcase classname="com.canara.tc.TC004_CANARABasicDetails" name="basicDetails" time="121.390"/>
  <testcase classname="com.canara.tc.TC004_CANARABasicDetails" name="basicDetails" time="136.309"/>
  <testcase classname="com.canara.tc.TC004_CANARABasicDetails" name="basicDetails" time="120.675"/>
  <testcase classname="com.canara.tc.TC004_CANARABasicDetails" name="basicDetails" time="121.224"/>
  <testcase classname="com.canara.tc.TC004_CANARABasicDetails" name="basicDetails" time="139.665"/>
  <testcase classname="com.canara.tc.TC004_CANARABasicDetails" name="basicDetails" time="0.013">
    <error type="java.lang.NullPointerException">
      <![CDATA[java.lang.NullPointerException
at com.ibps.pages.PersonalDetailsPage.selectDropDownUsingIndexNew(PersonalDetailsPage.java:314)
at com.canara.tc.TC004_CANARABasicDetails.basicDetails(TC004_CANARABasicDetails.java:36)
at jdk.internal.reflect.GeneratedMethodAccessor4.invoke(Unknown Source)
at java.base/jdk.internal.reflect.DelegatingMethodAccessorImpl.invoke(Unknown Source)
at java.base/java.lang.reflect.Method.invoke(Unknown Source)
at org.testng.internal.MethodInvocationHelper.invokeMethod(MethodInvocationHelper.java:133)
at org.testng.internal.TestInvoker.invokeMethod(TestInvoker.java:584)
at org.testng.internal.TestInvoker.invokeTestMethod(TestInvoker.java:172)
at org.testng.internal.MethodRunner.runInSequence(MethodRunner.java:46)
at org.testng.internal.TestInvoker$MethodInvocationAgent.invoke(TestInvoker.java:804)
at org.testng.internal.TestInvoker.invokeTestMethods(TestInvoker.java:145)
at org.testng.internal.TestMethodWorker.invokeTestMethods(TestMethodWorker.java:146)
at org.testng.internal.TestMethodWorker.run(TestMethodWorker.java:128)
at java.base/java.util.concurrent.ThreadPoolExecutor.runWorker(Unknown Source)
at java.base/java.util.concurrent.ThreadPoolExecutor$Worker.run(Unknown Source)
at java.base/java.lang.Thread.run(Unknown Source)
]]>
    </error>
  </testcase> <!-- basicDetails -->
  <testcase classname="com.canara.tc.TC004_CANARABasicDetails" name="basicDetails" time="0.011">
    <error type="java.lang.NullPointerException">
      <![CDATA[java.lang.NullPointerException
at com.ibps.pages.PersonalDetailsPage.selectDropDownUsingIndexNew(PersonalDetailsPage.java:314)
at com.canara.tc.TC004_CANARABasicDetails.basicDetails(TC004_CANARABasicDetails.java:36)
at jdk.internal.reflect.GeneratedMethodAccessor4.invoke(Unknown Source)
at java.base/jdk.internal.reflect.DelegatingMethodAccessorImpl.invoke(Unknown Source)
at java.base/java.lang.reflect.Method.invoke(Unknown Source)
at org.testng.internal.MethodInvocationHelper.invokeMethod(MethodInvocationHelper.java:133)
at org.testng.internal.TestInvoker.invokeMethod(TestInvoker.java:584)
at org.testng.internal.TestInvoker.invokeTestMethod(TestInvoker.java:172)
at org.testng.internal.MethodRunner.runInSequence(MethodRunner.java:46)
at org.testng.internal.TestInvoker$MethodInvocationAgent.invoke(TestInvoker.java:804)
at org.testng.internal.TestInvoker.invokeTestMethods(TestInvoker.java:145)
at org.testng.internal.TestMethodWorker.invokeTestMethods(TestMethodWorker.java:146)
at org.testng.internal.TestMethodWorker.run(TestMethodWorker.java:128)
at java.base/java.util.concurrent.ThreadPoolExecutor.runWorker(Unknown Source)
at java.base/java.util.concurrent.ThreadPoolExecutor$Worker.run(Unknown Source)
at java.base/java.lang.Thread.run(Unknown Source)
]]>
    </error>
  </testcase> <!-- basicDetails -->
  <testcase classname="com.canara.tc.TC004_CANARABasicDetails" name="basicDetails" time="121.219"/>
  <testcase classname="com.canara.tc.TC004_CANARABasicDetails" name="basicDetails" time="121.432"/>
  <testcase classname="com.canara.tc.TC004_CANARABasicDetails" name="basicDetails" time="120.993"/>
  <testcase classname="com.canara.tc.TC004_CANARABasicDetails" name="basicDetails" time="120.642"/>
  <testcase classname="com.canara.tc.TC004_CANARABasicDetails" name="basicDetails" time="0.014">
    <error type="java.lang.NullPointerException">
      <![CDATA[java.lang.NullPointerException
at com.ibps.pages.PersonalDetailsPage.selectDropDownUsingIndexNew(PersonalDetailsPage.java:314)
at com.canara.tc.TC004_CANARABasicDetails.basicDetails(TC004_CANARABasicDetails.java:36)
at jdk.internal.reflect.GeneratedMethodAccessor4.invoke(Unknown Source)
at java.base/jdk.internal.reflect.DelegatingMethodAccessorImpl.invoke(Unknown Source)
at java.base/java.lang.reflect.Method.invoke(Unknown Source)
at org.testng.internal.MethodInvocationHelper.invokeMethod(MethodInvocationHelper.java:133)
at org.testng.internal.TestInvoker.invokeMethod(TestInvoker.java:584)
at org.testng.internal.TestInvoker.invokeTestMethod(TestInvoker.java:172)
at org.testng.internal.MethodRunner.runInSequence(MethodRunner.java:46)
at org.testng.internal.TestInvoker$MethodInvocationAgent.invoke(TestInvoker.java:804)
at org.testng.internal.TestInvoker.invokeTestMethods(TestInvoker.java:145)
at org.testng.internal.TestMethodWorker.invokeTestMethods(TestMethodWorker.java:146)
at org.testng.internal.TestMethodWorker.run(TestMethodWorker.java:128)
at java.base/java.util.concurrent.ThreadPoolExecutor.runWorker(Unknown Source)
at java.base/java.util.concurrent.ThreadPoolExecutor$Worker.run(Unknown Source)
at java.base/java.lang.Thread.run(Unknown Source)
]]>
    </error>
  </testcase> <!-- basicDetails -->
  <testcase classname="com.canara.tc.TC004_CANARABasicDetails" name="basicDetails" time="0.015">
    <error type="java.lang.NullPointerException">
      <![CDATA[java.lang.NullPointerException
at com.ibps.pages.PersonalDetailsPage.selectDropDownUsingIndexNew(PersonalDetailsPage.java:314)
at com.canara.tc.TC004_CANARABasicDetails.basicDetails(TC004_CANARABasicDetails.java:36)
at jdk.internal.reflect.GeneratedMethodAccessor4.invoke(Unknown Source)
at java.base/jdk.internal.reflect.DelegatingMethodAccessorImpl.invoke(Unknown Source)
at java.base/java.lang.reflect.Method.invoke(Unknown Source)
at org.testng.internal.MethodInvocationHelper.invokeMethod(MethodInvocationHelper.java:133)
at org.testng.internal.TestInvoker.invokeMethod(TestInvoker.java:584)
at org.testng.internal.TestInvoker.invokeTestMethod(TestInvoker.java:172)
at org.testng.internal.MethodRunner.runInSequence(MethodRunner.java:46)
at org.testng.internal.TestInvoker$MethodInvocationAgent.invoke(TestInvoker.java:804)
at org.testng.internal.TestInvoker.invokeTestMethods(TestInvoker.java:145)
at org.testng.internal.TestMethodWorker.invokeTestMethods(TestMethodWorker.java:146)
at org.testng.internal.TestMethodWorker.run(TestMethodWorker.java:128)
at java.base/java.util.concurrent.ThreadPoolExecutor.runWorker(Unknown Source)
at java.base/java.util.concurrent.ThreadPoolExecutor$Worker.run(Unknown Source)
at java.base/java.lang.Thread.run(Unknown Source)
]]>
    </error>
  </testcase> <!-- basicDetails -->
  <testcase classname="com.canara.tc.TC004_CANARABasicDetails" name="basicDetails" time="121.491"/>
  <testcase classname="com.canara.tc.TC004_CANARABasicDetails" name="basicDetails" time="121.384"/>
  <testcase classname="com.canara.tc.TC004_CANARABasicDetails" name="basicDetails" time="121.607"/>
  <testcase classname="com.canara.tc.TC004_CANARABasicDetails" name="basicDetails" time="120.785"/>
  <testcase classname="com.canara.tc.TC004_CANARABasicDetails" name="basicDetails" time="121.433"/>
  <testcase classname="com.canara.tc.TC004_CANARABasicDetails" name="basicDetails" time="121.225"/>
  <testcase classname="com.canara.tc.TC004_CANARABasicDetails" name="basicDetails" time="121.839"/>
  <testcase classname="com.canara.tc.TC004_CANARABasicDetails" name="basicDetails" time="120.965"/>
  <testcase classname="com.canara.tc.TC004_CANARABasicDetails" name="basicDetails" time="120.920"/>
  <testcase classname="com.canara.tc.TC004_CANARABasicDetails" name="basicDetails" time="120.958"/>
  <testcase classname="com.canara.tc.TC004_CANARABasicDetails" name="basicDetails" time="121.624"/>
  <testcase classname="com.canara.tc.TC004_CANARABasicDetails" name="basicDetails" time="121.440"/>
  <testcase classname="com.canara.tc.TC004_CANARABasicDetails" name="basicDetails" time="121.010"/>
  <testcase classname="com.canara.tc.TC004_CANARABasicDetails" name="basicDetails" time="121.722"/>
  <testcase classname="com.canara.tc.TC004_CANARABasicDetails" name="basicDetails" time="0.014">
    <error type="java.lang.NullPointerException">
      <![CDATA[java.lang.NullPointerException
at com.ibps.pages.PersonalDetailsPage.selectDropDownUsingIndexNew(PersonalDetailsPage.java:314)
at com.canara.tc.TC004_CANARABasicDetails.basicDetails(TC004_CANARABasicDetails.java:36)
at jdk.internal.reflect.GeneratedMethodAccessor4.invoke(Unknown Source)
at java.base/jdk.internal.reflect.DelegatingMethodAccessorImpl.invoke(Unknown Source)
at java.base/java.lang.reflect.Method.invoke(Unknown Source)
at org.testng.internal.MethodInvocationHelper.invokeMethod(MethodInvocationHelper.java:133)
at org.testng.internal.TestInvoker.invokeMethod(TestInvoker.java:584)
at org.testng.internal.TestInvoker.invokeTestMethod(TestInvoker.java:172)
at org.testng.internal.MethodRunner.runInSequence(MethodRunner.java:46)
at org.testng.internal.TestInvoker$MethodInvocationAgent.invoke(TestInvoker.java:804)
at org.testng.internal.TestInvoker.invokeTestMethods(TestInvoker.java:145)
at org.testng.internal.TestMethodWorker.invokeTestMethods(TestMethodWorker.java:146)
at org.testng.internal.TestMethodWorker.run(TestMethodWorker.java:128)
at java.base/java.util.concurrent.ThreadPoolExecutor.runWorker(Unknown Source)
at java.base/java.util.concurrent.ThreadPoolExecutor$Worker.run(Unknown Source)
at java.base/java.lang.Thread.run(Unknown Source)
]]>
    </error>
  </testcase> <!-- basicDetails -->
  <testcase classname="com.canara.tc.TC004_CANARABasicDetails" name="basicDetails" time="121.561"/>
  <testcase classname="com.canara.tc.TC004_CANARABasicDetails" name="basicDetails" time="121.082"/>
  <testcase classname="com.canara.tc.TC004_CANARABasicDetails" name="basicDetails" time="121.958"/>
  <testcase classname="com.canara.tc.TC004_CANARABasicDetails" name="basicDetails" time="121.428"/>
  <testcase classname="com.canara.tc.TC004_CANARABasicDetails" name="basicDetails" time="0.014">
    <error type="java.lang.NullPointerException">
      <![CDATA[java.lang.NullPointerException
at com.ibps.pages.PersonalDetailsPage.selectDropDownUsingIndexNew(PersonalDetailsPage.java:314)
at com.canara.tc.TC004_CANARABasicDetails.basicDetails(TC004_CANARABasicDetails.java:36)
at jdk.internal.reflect.GeneratedMethodAccessor4.invoke(Unknown Source)
at java.base/jdk.internal.reflect.DelegatingMethodAccessorImpl.invoke(Unknown Source)
at java.base/java.lang.reflect.Method.invoke(Unknown Source)
at org.testng.internal.MethodInvocationHelper.invokeMethod(MethodInvocationHelper.java:133)
at org.testng.internal.TestInvoker.invokeMethod(TestInvoker.java:584)
at org.testng.internal.TestInvoker.invokeTestMethod(TestInvoker.java:172)
at org.testng.internal.MethodRunner.runInSequence(MethodRunner.java:46)
at org.testng.internal.TestInvoker$MethodInvocationAgent.invoke(TestInvoker.java:804)
at org.testng.internal.TestInvoker.invokeTestMethods(TestInvoker.java:145)
at org.testng.internal.TestMethodWorker.invokeTestMethods(TestMethodWorker.java:146)
at org.testng.internal.TestMethodWorker.run(TestMethodWorker.java:128)
at java.base/java.util.concurrent.ThreadPoolExecutor.runWorker(Unknown Source)
at java.base/java.util.concurrent.ThreadPoolExecutor$Worker.run(Unknown Source)
at java.base/java.lang.Thread.run(Unknown Source)
]]>
    </error>
  </testcase> <!-- basicDetails -->
  <testcase classname="com.canara.tc.TC004_CANARABasicDetails" name="basicDetails" time="121.225"/>
  <testcase classname="com.canara.tc.TC004_CANARABasicDetails" name="basicDetails" time="121.430"/>
  <testcase classname="com.canara.tc.TC004_CANARABasicDetails" name="basicDetails" time="120.349"/>
  <testcase classname="com.canara.tc.TC004_CANARABasicDetails" name="basicDetails" time="121.270"/>
  <testcase classname="com.canara.tc.TC004_CANARABasicDetails" name="basicDetails" time="120.931"/>
  <testcase classname="com.canara.tc.TC004_CANARABasicDetails" name="basicDetails" time="120.399"/>
  <testcase classname="com.canara.tc.TC004_CANARABasicDetails" name="basicDetails" time="120.834"/>
  <testcase classname="com.canara.tc.TC004_CANARABasicDetails" name="basicDetails" time="121.657"/>
  <testcase classname="com.canara.tc.TC004_CANARABasicDetails" name="basicDetails" time="0.014">
    <error type="java.lang.NullPointerException">
      <![CDATA[java.lang.NullPointerException
at com.ibps.pages.PersonalDetailsPage.selectDropDownUsingIndexNew(PersonalDetailsPage.java:314)
at com.canara.tc.TC004_CANARABasicDetails.basicDetails(TC004_CANARABasicDetails.java:36)
at jdk.internal.reflect.GeneratedMethodAccessor4.invoke(Unknown Source)
at java.base/jdk.internal.reflect.DelegatingMethodAccessorImpl.invoke(Unknown Source)
at java.base/java.lang.reflect.Method.invoke(Unknown Source)
at org.testng.internal.MethodInvocationHelper.invokeMethod(MethodInvocationHelper.java:133)
at org.testng.internal.TestInvoker.invokeMethod(TestInvoker.java:584)
at org.testng.internal.TestInvoker.invokeTestMethod(TestInvoker.java:172)
at org.testng.internal.MethodRunner.runInSequence(MethodRunner.java:46)
at org.testng.internal.TestInvoker$MethodInvocationAgent.invoke(TestInvoker.java:804)
at org.testng.internal.TestInvoker.invokeTestMethods(TestInvoker.java:145)
at org.testng.internal.TestMethodWorker.invokeTestMethods(TestMethodWorker.java:146)
at org.testng.internal.TestMethodWorker.run(TestMethodWorker.java:128)
at java.base/java.util.concurrent.ThreadPoolExecutor.runWorker(Unknown Source)
at java.base/java.util.concurrent.ThreadPoolExecutor$Worker.run(Unknown Source)
at java.base/java.lang.Thread.run(Unknown Source)
]]>
    </error>
  </testcase> <!-- basicDetails -->
  <testcase classname="com.canara.tc.TC004_CANARABasicDetails" name="basicDetails" time="121.048"/>
  <testcase classname="com.canara.tc.TC004_CANARABasicDetails" name="basicDetails" time="186.596"/>
  <testcase classname="com.canara.tc.TC004_CANARABasicDetails" name="basicDetails" time="121.456"/>
  <testcase classname="com.canara.tc.TC004_CANARABasicDetails" name="basicDetails" time="121.062"/>
  <testcase classname="com.canara.tc.TC004_CANARABasicDetails" name="basicDetails" time="0.014">
    <error type="java.lang.NullPointerException">
      <![CDATA[java.lang.NullPointerException
at com.ibps.pages.PersonalDetailsPage.selectDropDownUsingIndexNew(PersonalDetailsPage.java:314)
at com.canara.tc.TC004_CANARABasicDetails.basicDetails(TC004_CANARABasicDetails.java:36)
at jdk.internal.reflect.GeneratedMethodAccessor4.invoke(Unknown Source)
at java.base/jdk.internal.reflect.DelegatingMethodAccessorImpl.invoke(Unknown Source)
at java.base/java.lang.reflect.Method.invoke(Unknown Source)
at org.testng.internal.MethodInvocationHelper.invokeMethod(MethodInvocationHelper.java:133)
at org.testng.internal.TestInvoker.invokeMethod(TestInvoker.java:584)
at org.testng.internal.TestInvoker.invokeTestMethod(TestInvoker.java:172)
at org.testng.internal.MethodRunner.runInSequence(MethodRunner.java:46)
at org.testng.internal.TestInvoker$MethodInvocationAgent.invoke(TestInvoker.java:804)
at org.testng.internal.TestInvoker.invokeTestMethods(TestInvoker.java:145)
at org.testng.internal.TestMethodWorker.invokeTestMethods(TestMethodWorker.java:146)
at org.testng.internal.TestMethodWorker.run(TestMethodWorker.java:128)
at java.base/java.util.concurrent.ThreadPoolExecutor.runWorker(Unknown Source)
at java.base/java.util.concurrent.ThreadPoolExecutor$Worker.run(Unknown Source)
at java.base/java.lang.Thread.run(Unknown Source)
]]>
    </error>
  </testcase> <!-- basicDetails -->
  <testcase classname="com.canara.tc.TC004_CANARABasicDetails" name="basicDetails" time="0.015">
    <error type="java.lang.NullPointerException">
      <![CDATA[java.lang.NullPointerException
at com.ibps.pages.PersonalDetailsPage.selectDropDownUsingIndexNew(PersonalDetailsPage.java:314)
at com.canara.tc.TC004_CANARABasicDetails.basicDetails(TC004_CANARABasicDetails.java:36)
at jdk.internal.reflect.GeneratedMethodAccessor4.invoke(Unknown Source)
at java.base/jdk.internal.reflect.DelegatingMethodAccessorImpl.invoke(Unknown Source)
at java.base/java.lang.reflect.Method.invoke(Unknown Source)
at org.testng.internal.MethodInvocationHelper.invokeMethod(MethodInvocationHelper.java:133)
at org.testng.internal.TestInvoker.invokeMethod(TestInvoker.java:584)
at org.testng.internal.TestInvoker.invokeTestMethod(TestInvoker.java:172)
at org.testng.internal.MethodRunner.runInSequence(MethodRunner.java:46)
at org.testng.internal.TestInvoker$MethodInvocationAgent.invoke(TestInvoker.java:804)
at org.testng.internal.TestInvoker.invokeTestMethods(TestInvoker.java:145)
at org.testng.internal.TestMethodWorker.invokeTestMethods(TestMethodWorker.java:146)
at org.testng.internal.TestMethodWorker.run(TestMethodWorker.java:128)
at java.base/java.util.concurrent.ThreadPoolExecutor.runWorker(Unknown Source)
at java.base/java.util.concurrent.ThreadPoolExecutor$Worker.run(Unknown Source)
at java.base/java.lang.Thread.run(Unknown Source)
]]>
    </error>
  </testcase> <!-- basicDetails -->
  <testcase classname="com.canara.tc.TC004_CANARABasicDetails" name="basicDetails" time="121.144"/>
  <testcase classname="com.canara.tc.TC004_CANARABasicDetails" name="basicDetails" time="122.078"/>
  <testcase classname="com.canara.tc.TC004_CANARABasicDetails" name="basicDetails" time="120.861"/>
  <testcase classname="com.canara.tc.TC004_CANARABasicDetails" name="basicDetails" time="121.001"/>
  <testcase classname="com.canara.tc.TC004_CANARABasicDetails" name="basicDetails" time="120.720"/>
  <testcase classname="com.canara.tc.TC004_CANARABasicDetails" name="basicDetails" time="120.885"/>
  <testcase classname="com.canara.tc.TC004_CANARABasicDetails" name="basicDetails" time="121.432"/>
  <testcase classname="com.canara.tc.TC004_CANARABasicDetails" name="basicDetails" time="121.300"/>
  <testcase classname="com.canara.tc.TC004_CANARABasicDetails" name="basicDetails" time="121.374"/>
  <testcase classname="com.canara.tc.TC004_CANARABasicDetails" name="basicDetails" time="121.169"/>
  <testcase classname="com.canara.tc.TC004_CANARABasicDetails" name="basicDetails" time="131.960"/>
  <testcase classname="com.canara.tc.TC004_CANARABasicDetails" name="basicDetails" time="121.284"/>
  <testcase classname="com.canara.tc.TC004_CANARABasicDetails" name="basicDetails" time="125.840"/>
  <testcase classname="com.canara.tc.TC004_CANARABasicDetails" name="basicDetails" time="121.006"/>
  <testcase classname="com.canara.tc.TC004_CANARABasicDetails" name="basicDetails" time="0.027">
    <error type="java.lang.NullPointerException">
      <![CDATA[java.lang.NullPointerException
at com.ibps.pages.PersonalDetailsPage.selectDropDownUsingIndexNew(PersonalDetailsPage.java:314)
at com.canara.tc.TC004_CANARABasicDetails.basicDetails(TC004_CANARABasicDetails.java:36)
at jdk.internal.reflect.GeneratedMethodAccessor4.invoke(Unknown Source)
at java.base/jdk.internal.reflect.DelegatingMethodAccessorImpl.invoke(Unknown Source)
at java.base/java.lang.reflect.Method.invoke(Unknown Source)
at org.testng.internal.MethodInvocationHelper.invokeMethod(MethodInvocationHelper.java:133)
at org.testng.internal.TestInvoker.invokeMethod(TestInvoker.java:584)
at org.testng.internal.TestInvoker.invokeTestMethod(TestInvoker.java:172)
at org.testng.internal.MethodRunner.runInSequence(MethodRunner.java:46)
at org.testng.internal.TestInvoker$MethodInvocationAgent.invoke(TestInvoker.java:804)
at org.testng.internal.TestInvoker.invokeTestMethods(TestInvoker.java:145)
at org.testng.internal.TestMethodWorker.invokeTestMethods(TestMethodWorker.java:146)
at org.testng.internal.TestMethodWorker.run(TestMethodWorker.java:128)
at java.base/java.util.concurrent.ThreadPoolExecutor.runWorker(Unknown Source)
at java.base/java.util.concurrent.ThreadPoolExecutor$Worker.run(Unknown Source)
at java.base/java.lang.Thread.run(Unknown Source)
]]>
    </error>
  </testcase> <!-- basicDetails -->
  <testcase classname="com.canara.tc.TC004_CANARABasicDetails" name="basicDetails" time="121.297"/>
  <testcase classname="com.canara.tc.TC004_CANARABasicDetails" name="basicDetails" time="120.462"/>
  <testcase classname="com.canara.tc.TC004_CANARABasicDetails" name="basicDetails" time="121.177"/>
  <testcase classname="com.canara.tc.TC004_CANARABasicDetails" name="basicDetails" time="121.116"/>
  <testcase classname="com.canara.tc.TC004_CANARABasicDetails" name="basicDetails" time="121.099"/>
  <testcase classname="com.canara.tc.TC004_CANARABasicDetails" name="basicDetails" time="121.137"/>
</testsuite> <!-- com.canara.tc.TC004_CANARABasicDetails -->
