<?xml version="1.0" encoding="UTF-8"?>
<!-- Generated by org.testng.reporters.JUnitReportReporter -->
<testsuite skipped="0" hostname="MAA014482B" name="com.HP.tc.TC002_HPBasicDetails" tests="19" failures="0" timestamp="2022-08-02T13:31:36 IST" time="2151.804" errors="1">
  <testcase name="basicDetails" time="116.206" classname="com.HP.tc.TC002_HPBasicDetails"/>
  <testcase name="basicDetails" time="115.921" classname="com.HP.tc.TC002_HPBasicDetails"/>
  <testcase name="basicDetails" time="23.055" classname="com.HP.tc.TC002_HPBasicDetails">
    <error type="org.openqa.selenium.UnhandledAlertException" message="unexpected alert open: {Alert text : Date Of Birth should be between 02/01/1977 to 01/01/2004}
  (Session info: chrome=103.0.5060.134): Date Of Birth should be between 02/01/1977 to 01/01/2004
Build info: version: &#039;3.141.0&#039;, revision: &#039;2ecb7d9a&#039;, time: &#039;2018-10-31T20:09:30&#039;
System info: host: &#039;MAA014482B&#039;, ip: &#039;124.7.228.19&#039;, os.name: &#039;Windows 10&#039;, os.arch: &#039;amd64&#039;, os.version: &#039;10.0&#039;, java.version: &#039;1.8.0_131&#039;
Driver info: org.openqa.selenium.chrome.ChromeDriver
Capabilities {acceptInsecureCerts: false, browserName: chrome, browserVersion: 103.0.5060.134, chrome: {chromedriverVersion: 103.0.5060.53 (a1711811edd7..., userDataDir: C:\Users\016386\AppData\Loc...}, goog:chromeOptions: {debuggerAddress: localhost:62044}, javascriptEnabled: true, networkConnectionEnabled: false, pageLoadStrategy: normal, platform: WINDOWS, platformName: WINDOWS, proxy: Proxy(), setWindowRect: true, strictFileInteractability: false, timeouts: {implicit: 0, pageLoad: 300000, script: 30000}, unhandledPromptBehavior: dismiss and notify, webauthn:extension:credBlob: true, webauthn:extension:largeBlob: true, webauthn:virtualAuthenticators: true}
Session ID: bb32c3653799066baa0c7cc44b968673
*** Element info: {Using=xpath, value=.//*[starts-with(@id,&#039;err_seldob&#039;)]}">
      <![CDATA[org.openqa.selenium.UnhandledAlertException: unexpected alert open: {Alert text : Date Of Birth should be between 02/01/1977 to 01/01/2004}
  (Session info: chrome=103.0.5060.134): Date Of Birth should be between 02/01/1977 to 01/01/2004
Build info: version: '3.141.0', revision: '2ecb7d9a', time: '2018-10-31T20:09:30'
System info: host: 'MAA014482B', ip: '124.7.228.19', os.name: 'Windows 10', os.arch: 'amd64', os.version: '10.0', java.version: '1.8.0_131'
Driver info: org.openqa.selenium.chrome.ChromeDriver
Capabilities {acceptInsecureCerts: false, browserName: chrome, browserVersion: 103.0.5060.134, chrome: {chromedriverVersion: 103.0.5060.53 (a1711811edd7..., userDataDir: C:\Users\016386\AppData\Loc...}, goog:chromeOptions: {debuggerAddress: localhost:62044}, javascriptEnabled: true, networkConnectionEnabled: false, pageLoadStrategy: normal, platform: WINDOWS, platformName: WINDOWS, proxy: Proxy(), setWindowRect: true, strictFileInteractability: false, timeouts: {implicit: 0, pageLoad: 300000, script: 30000}, unhandledPromptBehavior: dismiss and notify, webauthn:extension:credBlob: true, webauthn:extension:largeBlob: true, webauthn:virtualAuthenticators: true}
Session ID: bb32c3653799066baa0c7cc44b968673
*** Element info: {Using=xpath, value=.//*[starts-with(@id,'err_seldob')]}
at org.openqa.selenium.remote.http.W3CHttpResponseCodec.decode(W3CHttpResponseCodec.java:120)
at org.openqa.selenium.remote.http.W3CHttpResponseCodec.decode(W3CHttpResponseCodec.java:49)
at org.openqa.selenium.remote.HttpCommandExecutor.execute(HttpCommandExecutor.java:158)
at org.openqa.selenium.remote.service.DriverCommandExecutor.execute(DriverCommandExecutor.java:83)
at org.openqa.selenium.remote.RemoteWebDriver.execute(RemoteWebDriver.java:552)
at org.openqa.selenium.remote.RemoteWebDriver.findElements(RemoteWebDriver.java:353)
at org.openqa.selenium.remote.RemoteWebDriver.findElementsByXPath(RemoteWebDriver.java:432)
at org.openqa.selenium.By$ByXPath.findElements(By.java:348)
at org.openqa.selenium.remote.RemoteWebDriver.findElements(RemoteWebDriver.java:311)
at lib.selenium.WebDriverServiceImpl.noagealert(WebDriverServiceImpl.java:761)
at lib.selenium.WebDriverServiceImpl.agevalidator_max(WebDriverServiceImpl.java:848)
at com.ibps.pages.PersonalDetailsPage.ageValidatorMax(PersonalDetailsPage.java:329)
at com.HP.tc.TC002_HPBasicDetails.basicDetails(TC002_HPBasicDetails.java:56)
at sun.reflect.NativeMethodAccessorImpl.invoke0(Native Method)
at sun.reflect.NativeMethodAccessorImpl.invoke(Unknown Source)
at sun.reflect.DelegatingMethodAccessorImpl.invoke(Unknown Source)
at java.lang.reflect.Method.invoke(Unknown Source)
at org.testng.internal.MethodInvocationHelper.invokeMethod(MethodInvocationHelper.java:133)
at org.testng.internal.TestInvoker.invokeMethod(TestInvoker.java:584)
at org.testng.internal.TestInvoker.invokeTestMethod(TestInvoker.java:172)
at org.testng.internal.MethodRunner.runInSequence(MethodRunner.java:46)
at org.testng.internal.TestInvoker$MethodInvocationAgent.invoke(TestInvoker.java:804)
at org.testng.internal.TestInvoker.invokeTestMethods(TestInvoker.java:145)
at org.testng.internal.TestMethodWorker.invokeTestMethods(TestMethodWorker.java:146)
at org.testng.internal.TestMethodWorker.run(TestMethodWorker.java:128)
at java.util.concurrent.ThreadPoolExecutor.runWorker(Unknown Source)
at java.util.concurrent.ThreadPoolExecutor$Worker.run(Unknown Source)
at java.lang.Thread.run(Unknown Source)
]]>
    </error>
  </testcase> <!-- basicDetails -->
  <testcase name="basicDetails" time="121.223" classname="com.HP.tc.TC002_HPBasicDetails"/>
  <testcase name="basicDetails" time="115.678" classname="com.HP.tc.TC002_HPBasicDetails"/>
  <testcase name="basicDetails" time="115.646" classname="com.HP.tc.TC002_HPBasicDetails"/>
  <testcase name="basicDetails" time="121.367" classname="com.HP.tc.TC002_HPBasicDetails"/>
  <testcase name="basicDetails" time="121.478" classname="com.HP.tc.TC002_HPBasicDetails"/>
  <testcase name="basicDetails" time="115.441" classname="com.HP.tc.TC002_HPBasicDetails"/>
  <testcase name="basicDetails" time="115.710" classname="com.HP.tc.TC002_HPBasicDetails"/>
  <testcase name="basicDetails" time="116.143" classname="com.HP.tc.TC002_HPBasicDetails"/>
  <testcase name="basicDetails" time="121.263" classname="com.HP.tc.TC002_HPBasicDetails"/>
  <testcase name="basicDetails" time="121.506" classname="com.HP.tc.TC002_HPBasicDetails"/>
  <testcase name="basicDetails" time="120.753" classname="com.HP.tc.TC002_HPBasicDetails"/>
  <testcase name="basicDetails" time="121.303" classname="com.HP.tc.TC002_HPBasicDetails"/>
  <testcase name="basicDetails" time="116.114" classname="com.HP.tc.TC002_HPBasicDetails"/>
  <testcase name="basicDetails" time="115.587" classname="com.HP.tc.TC002_HPBasicDetails"/>
  <testcase name="basicDetails" time="116.133" classname="com.HP.tc.TC002_HPBasicDetails"/>
  <testcase name="basicDetails" time="121.277" classname="com.HP.tc.TC002_HPBasicDetails"/>
</testsuite> <!-- com.HP.tc.TC002_HPBasicDetails -->
