<?xml version="1.0" encoding="UTF-8"?>
<!-- Generated by org.testng.reporters.JUnitReportReporter -->
<testsuite skipped="0" hostname="MAA014482B" name="com.RBI1Feb22.tc.TC002_RBIBasicDetails" tests="87" failures="0" timestamp="2022-02-14T17:20:23 IST" time="11444.474" errors="3">
  <testcase name="basicDetails" time="134.508" classname="com.RBI1Feb22.tc.TC002_RBIBasicDetails"/>
  <testcase name="basicDetails" time="134.732" classname="com.RBI1Feb22.tc.TC002_RBIBasicDetails"/>
  <testcase name="basicDetails" time="134.634" classname="com.RBI1Feb22.tc.TC002_RBIBasicDetails"/>
  <testcase name="basicDetails" time="134.022" classname="com.RBI1Feb22.tc.TC002_RBIBasicDetails"/>
  <testcase name="basicDetails" time="135.762" classname="com.RBI1Feb22.tc.TC002_RBIBasicDetails"/>
  <testcase name="basicDetails" time="135.189" classname="com.RBI1Feb22.tc.TC002_RBIBasicDetails"/>
  <testcase name="basicDetails" time="133.856" classname="com.RBI1Feb22.tc.TC002_RBIBasicDetails"/>
  <testcase name="basicDetails" time="133.199" classname="com.RBI1Feb22.tc.TC002_RBIBasicDetails"/>
  <testcase name="basicDetails" time="134.073" classname="com.RBI1Feb22.tc.TC002_RBIBasicDetails"/>
  <testcase name="basicDetails" time="135.000" classname="com.RBI1Feb22.tc.TC002_RBIBasicDetails"/>
  <testcase name="basicDetails" time="99.796" classname="com.RBI1Feb22.tc.TC002_RBIBasicDetails">
    <error type="org.openqa.selenium.UnhandledAlertException" message="unexpected alert open: {Alert text : Date Of Birth should be between 02/02/1962 to 01/02/2002}
  (Session info: chrome=98.0.4758.82): Date Of Birth should be between 02/02/1962 to 01/02/2002
Build info: version: &#039;3.141.0&#039;, revision: &#039;2ecb7d9a&#039;, time: &#039;2018-10-31T20:09:30&#039;
System info: host: &#039;MAA014482B&#039;, ip: &#039;124.7.228.141&#039;, os.name: &#039;Windows 10&#039;, os.arch: &#039;amd64&#039;, os.version: &#039;10.0&#039;, java.version: &#039;1.8.0_131&#039;
Driver info: org.openqa.selenium.chrome.ChromeDriver
Capabilities {acceptInsecureCerts: false, browserName: chrome, browserVersion: 98.0.4758.82, chrome: {chromedriverVersion: 97.0.4692.71 (adefa7837d02a..., userDataDir: C:\Users\016386\AppData\Loc...}, goog:chromeOptions: {debuggerAddress: localhost:58066}, javascriptEnabled: true, networkConnectionEnabled: false, pageLoadStrategy: normal, platform: WINDOWS, platformName: WINDOWS, proxy: Proxy(), setWindowRect: true, strictFileInteractability: false, timeouts: {implicit: 0, pageLoad: 300000, script: 30000}, unhandledPromptBehavior: dismiss and notify, webauthn:extension:credBlob: true, webauthn:extension:largeBlob: true, webauthn:virtualAuthenticators: true}
Session ID: 9a7deaf1d4104db0f78f24d569a3569d
*** Element info: {Using=xpath, value=.//option[normalize-space(.) = &quot;Year&quot;]}">
      <![CDATA[org.openqa.selenium.UnhandledAlertException: unexpected alert open: {Alert text : Date Of Birth should be between 02/02/1962 to 01/02/2002}
  (Session info: chrome=98.0.4758.82): Date Of Birth should be between 02/02/1962 to 01/02/2002
Build info: version: '3.141.0', revision: '2ecb7d9a', time: '2018-10-31T20:09:30'
System info: host: 'MAA014482B', ip: '124.7.228.141', os.name: 'Windows 10', os.arch: 'amd64', os.version: '10.0', java.version: '1.8.0_131'
Driver info: org.openqa.selenium.chrome.ChromeDriver
Capabilities {acceptInsecureCerts: false, browserName: chrome, browserVersion: 98.0.4758.82, chrome: {chromedriverVersion: 97.0.4692.71 (adefa7837d02a..., userDataDir: C:\Users\016386\AppData\Loc...}, goog:chromeOptions: {debuggerAddress: localhost:58066}, javascriptEnabled: true, networkConnectionEnabled: false, pageLoadStrategy: normal, platform: WINDOWS, platformName: WINDOWS, proxy: Proxy(), setWindowRect: true, strictFileInteractability: false, timeouts: {implicit: 0, pageLoad: 300000, script: 30000}, unhandledPromptBehavior: dismiss and notify, webauthn:extension:credBlob: true, webauthn:extension:largeBlob: true, webauthn:virtualAuthenticators: true}
Session ID: 9a7deaf1d4104db0f78f24d569a3569d
*** Element info: {Using=xpath, value=.//option[normalize-space(.) = "Year"]}
at org.openqa.selenium.remote.http.W3CHttpResponseCodec.decode(W3CHttpResponseCodec.java:120)
at org.openqa.selenium.remote.http.W3CHttpResponseCodec.decode(W3CHttpResponseCodec.java:49)
at org.openqa.selenium.remote.HttpCommandExecutor.execute(HttpCommandExecutor.java:158)
at org.openqa.selenium.remote.service.DriverCommandExecutor.execute(DriverCommandExecutor.java:83)
at org.openqa.selenium.remote.RemoteWebDriver.execute(RemoteWebDriver.java:552)
at org.openqa.selenium.remote.RemoteWebElement.execute(RemoteWebElement.java:285)
at org.openqa.selenium.remote.RemoteWebElement.findElements(RemoteWebElement.java:204)
at org.openqa.selenium.remote.RemoteWebElement.findElementsByXPath(RemoteWebElement.java:265)
at org.openqa.selenium.By$ByXPath.findElements(By.java:348)
at org.openqa.selenium.remote.RemoteWebElement.findElements(RemoteWebElement.java:177)
at org.openqa.selenium.support.ui.Select.selectByVisibleText(Select.java:107)
at lib.selenium.WebDriverServiceImpl.selectdropdown(WebDriverServiceImpl.java:654)
at lib.selenium.WebDriverServiceImpl.agevalidator_min(WebDriverServiceImpl.java:893)
at com.ibps.pages.PersonalDetailsPage.ageValidatorMin(PersonalDetailsPage.java:313)
at com.RBI1Feb22.tc.TC002_RBIBasicDetails.basicDetails(TC002_RBIBasicDetails.java:71)
at sun.reflect.GeneratedMethodAccessor7.invoke(Unknown Source)
at sun.reflect.DelegatingMethodAccessorImpl.invoke(Unknown Source)
at java.lang.reflect.Method.invoke(Unknown Source)
at org.testng.internal.MethodInvocationHelper.invokeMethod(MethodInvocationHelper.java:133)
at org.testng.internal.TestInvoker.invokeMethod(TestInvoker.java:584)
at org.testng.internal.TestInvoker.invokeTestMethod(TestInvoker.java:172)
at org.testng.internal.MethodRunner.runInSequence(MethodRunner.java:46)
at org.testng.internal.TestInvoker$MethodInvocationAgent.invoke(TestInvoker.java:804)
at org.testng.internal.TestInvoker.invokeTestMethods(TestInvoker.java:145)
at org.testng.internal.TestMethodWorker.invokeTestMethods(TestMethodWorker.java:146)
at org.testng.internal.TestMethodWorker.run(TestMethodWorker.java:128)
at java.util.concurrent.ThreadPoolExecutor.runWorker(Unknown Source)
at java.util.concurrent.ThreadPoolExecutor$Worker.run(Unknown Source)
at java.lang.Thread.run(Unknown Source)
]]>
    </error>
  </testcase> <!-- basicDetails -->
  <testcase name="basicDetails" time="133.709" classname="com.RBI1Feb22.tc.TC002_RBIBasicDetails"/>
  <testcase name="basicDetails" time="134.201" classname="com.RBI1Feb22.tc.TC002_RBIBasicDetails"/>
  <testcase name="basicDetails" time="134.874" classname="com.RBI1Feb22.tc.TC002_RBIBasicDetails"/>
  <testcase name="basicDetails" time="133.989" classname="com.RBI1Feb22.tc.TC002_RBIBasicDetails"/>
  <testcase name="basicDetails" time="133.822" classname="com.RBI1Feb22.tc.TC002_RBIBasicDetails"/>
  <testcase name="basicDetails" time="135.353" classname="com.RBI1Feb22.tc.TC002_RBIBasicDetails"/>
  <testcase name="basicDetails" time="134.951" classname="com.RBI1Feb22.tc.TC002_RBIBasicDetails"/>
  <testcase name="basicDetails" time="135.461" classname="com.RBI1Feb22.tc.TC002_RBIBasicDetails"/>
  <testcase name="basicDetails" time="133.896" classname="com.RBI1Feb22.tc.TC002_RBIBasicDetails"/>
  <testcase name="basicDetails" time="135.562" classname="com.RBI1Feb22.tc.TC002_RBIBasicDetails"/>
  <testcase name="basicDetails" time="135.182" classname="com.RBI1Feb22.tc.TC002_RBIBasicDetails"/>
  <testcase name="basicDetails" time="133.865" classname="com.RBI1Feb22.tc.TC002_RBIBasicDetails"/>
  <testcase name="basicDetails" time="133.914" classname="com.RBI1Feb22.tc.TC002_RBIBasicDetails"/>
  <testcase name="basicDetails" time="134.374" classname="com.RBI1Feb22.tc.TC002_RBIBasicDetails"/>
  <testcase name="basicDetails" time="134.635" classname="com.RBI1Feb22.tc.TC002_RBIBasicDetails"/>
  <testcase name="basicDetails" time="133.719" classname="com.RBI1Feb22.tc.TC002_RBIBasicDetails"/>
  <testcase name="basicDetails" time="133.812" classname="com.RBI1Feb22.tc.TC002_RBIBasicDetails"/>
  <testcase name="basicDetails" time="134.484" classname="com.RBI1Feb22.tc.TC002_RBIBasicDetails"/>
  <testcase name="basicDetails" time="135.266" classname="com.RBI1Feb22.tc.TC002_RBIBasicDetails"/>
  <testcase name="basicDetails" time="134.197" classname="com.RBI1Feb22.tc.TC002_RBIBasicDetails"/>
  <testcase name="basicDetails" time="133.934" classname="com.RBI1Feb22.tc.TC002_RBIBasicDetails"/>
  <testcase name="basicDetails" time="135.168" classname="com.RBI1Feb22.tc.TC002_RBIBasicDetails"/>
  <testcase name="basicDetails" time="135.199" classname="com.RBI1Feb22.tc.TC002_RBIBasicDetails"/>
  <testcase name="basicDetails" time="134.069" classname="com.RBI1Feb22.tc.TC002_RBIBasicDetails"/>
  <testcase name="basicDetails" time="135.203" classname="com.RBI1Feb22.tc.TC002_RBIBasicDetails"/>
  <testcase name="basicDetails" time="133.896" classname="com.RBI1Feb22.tc.TC002_RBIBasicDetails"/>
  <testcase name="basicDetails" time="134.992" classname="com.RBI1Feb22.tc.TC002_RBIBasicDetails"/>
  <testcase name="basicDetails" time="133.458" classname="com.RBI1Feb22.tc.TC002_RBIBasicDetails"/>
  <testcase name="basicDetails" time="134.401" classname="com.RBI1Feb22.tc.TC002_RBIBasicDetails"/>
  <testcase name="basicDetails" time="135.296" classname="com.RBI1Feb22.tc.TC002_RBIBasicDetails"/>
  <testcase name="basicDetails" time="135.394" classname="com.RBI1Feb22.tc.TC002_RBIBasicDetails"/>
  <testcase name="basicDetails" time="134.651" classname="com.RBI1Feb22.tc.TC002_RBIBasicDetails"/>
  <testcase name="basicDetails" time="134.386" classname="com.RBI1Feb22.tc.TC002_RBIBasicDetails"/>
  <testcase name="basicDetails" time="133.446" classname="com.RBI1Feb22.tc.TC002_RBIBasicDetails"/>
  <testcase name="basicDetails" time="134.786" classname="com.RBI1Feb22.tc.TC002_RBIBasicDetails"/>
  <testcase name="basicDetails" time="133.647" classname="com.RBI1Feb22.tc.TC002_RBIBasicDetails"/>
  <testcase name="basicDetails" time="133.766" classname="com.RBI1Feb22.tc.TC002_RBIBasicDetails"/>
  <testcase name="basicDetails" time="133.826" classname="com.RBI1Feb22.tc.TC002_RBIBasicDetails"/>
  <testcase name="basicDetails" time="135.376" classname="com.RBI1Feb22.tc.TC002_RBIBasicDetails"/>
  <testcase name="basicDetails" time="134.297" classname="com.RBI1Feb22.tc.TC002_RBIBasicDetails"/>
  <testcase name="basicDetails" time="138.299" classname="com.RBI1Feb22.tc.TC002_RBIBasicDetails"/>
  <testcase name="basicDetails" time="135.205" classname="com.RBI1Feb22.tc.TC002_RBIBasicDetails"/>
  <testcase name="basicDetails" time="134.666" classname="com.RBI1Feb22.tc.TC002_RBIBasicDetails"/>
  <testcase name="basicDetails" time="135.235" classname="com.RBI1Feb22.tc.TC002_RBIBasicDetails"/>
  <testcase name="basicDetails" time="133.987" classname="com.RBI1Feb22.tc.TC002_RBIBasicDetails"/>
  <testcase name="basicDetails" time="133.693" classname="com.RBI1Feb22.tc.TC002_RBIBasicDetails"/>
  <testcase name="basicDetails" time="133.540" classname="com.RBI1Feb22.tc.TC002_RBIBasicDetails"/>
  <testcase name="basicDetails" time="135.472" classname="com.RBI1Feb22.tc.TC002_RBIBasicDetails"/>
  <testcase name="basicDetails" time="135.487" classname="com.RBI1Feb22.tc.TC002_RBIBasicDetails"/>
  <testcase name="basicDetails" time="133.817" classname="com.RBI1Feb22.tc.TC002_RBIBasicDetails"/>
  <testcase name="basicDetails" time="134.618" classname="com.RBI1Feb22.tc.TC002_RBIBasicDetails"/>
  <testcase name="basicDetails" time="133.789" classname="com.RBI1Feb22.tc.TC002_RBIBasicDetails"/>
  <testcase name="basicDetails" time="134.938" classname="com.RBI1Feb22.tc.TC002_RBIBasicDetails"/>
  <testcase name="basicDetails" time="134.479" classname="com.RBI1Feb22.tc.TC002_RBIBasicDetails"/>
  <testcase name="basicDetails" time="133.655" classname="com.RBI1Feb22.tc.TC002_RBIBasicDetails"/>
  <testcase name="basicDetails" time="134.786" classname="com.RBI1Feb22.tc.TC002_RBIBasicDetails"/>
  <testcase name="basicDetails" time="135.664" classname="com.RBI1Feb22.tc.TC002_RBIBasicDetails"/>
  <testcase name="basicDetails" time="134.441" classname="com.RBI1Feb22.tc.TC002_RBIBasicDetails"/>
  <testcase name="basicDetails" time="134.961" classname="com.RBI1Feb22.tc.TC002_RBIBasicDetails"/>
  <testcase name="basicDetails" time="134.627" classname="com.RBI1Feb22.tc.TC002_RBIBasicDetails"/>
  <testcase name="basicDetails" time="134.448" classname="com.RBI1Feb22.tc.TC002_RBIBasicDetails"/>
  <testcase name="basicDetails" time="134.223" classname="com.RBI1Feb22.tc.TC002_RBIBasicDetails"/>
  <testcase name="basicDetails" time="133.154" classname="com.RBI1Feb22.tc.TC002_RBIBasicDetails"/>
  <testcase name="basicDetails" time="135.122" classname="com.RBI1Feb22.tc.TC002_RBIBasicDetails"/>
  <testcase name="basicDetails" time="136.357" classname="com.RBI1Feb22.tc.TC002_RBIBasicDetails"/>
  <testcase name="basicDetails" time="135.174" classname="com.RBI1Feb22.tc.TC002_RBIBasicDetails"/>
  <testcase name="basicDetails" time="134.476" classname="com.RBI1Feb22.tc.TC002_RBIBasicDetails"/>
  <testcase name="basicDetails" time="134.458" classname="com.RBI1Feb22.tc.TC002_RBIBasicDetails"/>
  <testcase name="basicDetails" time="133.867" classname="com.RBI1Feb22.tc.TC002_RBIBasicDetails"/>
  <testcase name="basicDetails" time="0.014" classname="com.RBI1Feb22.tc.TC002_RBIBasicDetails">
    <error type="org.openqa.selenium.UnhandledAlertException" message="unexpected alert open: {Alert text : Date Of Birth should be between 02/02/1962 to 01/02/2002}
  (Session info: chrome=98.0.4758.82): Date Of Birth should be between 02/02/1962 to 01/02/2002
Build info: version: &#039;3.141.0&#039;, revision: &#039;2ecb7d9a&#039;, time: &#039;2018-10-31T20:09:30&#039;
System info: host: &#039;MAA014482B&#039;, ip: &#039;124.7.228.141&#039;, os.name: &#039;Windows 10&#039;, os.arch: &#039;amd64&#039;, os.version: &#039;10.0&#039;, java.version: &#039;1.8.0_131&#039;
Driver info: org.openqa.selenium.chrome.ChromeDriver
Capabilities {acceptInsecureCerts: false, browserName: chrome, browserVersion: 98.0.4758.82, chrome: {chromedriverVersion: 97.0.4692.71 (adefa7837d02a..., userDataDir: C:\Users\016386\AppData\Loc...}, goog:chromeOptions: {debuggerAddress: localhost:58066}, javascriptEnabled: true, networkConnectionEnabled: false, pageLoadStrategy: normal, platform: WINDOWS, platformName: WINDOWS, proxy: Proxy(), setWindowRect: true, strictFileInteractability: false, timeouts: {implicit: 0, pageLoad: 300000, script: 30000}, unhandledPromptBehavior: dismiss and notify, webauthn:extension:credBlob: true, webauthn:extension:largeBlob: true, webauthn:virtualAuthenticators: true}
Session ID: 9a7deaf1d4104db0f78f24d569a3569d
*** Element info: {Using=id, value=opt_cat}">
      <![CDATA[org.openqa.selenium.UnhandledAlertException: unexpected alert open: {Alert text : Date Of Birth should be between 02/02/1962 to 01/02/2002}
  (Session info: chrome=98.0.4758.82): Date Of Birth should be between 02/02/1962 to 01/02/2002
Build info: version: '3.141.0', revision: '2ecb7d9a', time: '2018-10-31T20:09:30'
System info: host: 'MAA014482B', ip: '124.7.228.141', os.name: 'Windows 10', os.arch: 'amd64', os.version: '10.0', java.version: '1.8.0_131'
Driver info: org.openqa.selenium.chrome.ChromeDriver
Capabilities {acceptInsecureCerts: false, browserName: chrome, browserVersion: 98.0.4758.82, chrome: {chromedriverVersion: 97.0.4692.71 (adefa7837d02a..., userDataDir: C:\Users\016386\AppData\Loc...}, goog:chromeOptions: {debuggerAddress: localhost:58066}, javascriptEnabled: true, networkConnectionEnabled: false, pageLoadStrategy: normal, platform: WINDOWS, platformName: WINDOWS, proxy: Proxy(), setWindowRect: true, strictFileInteractability: false, timeouts: {implicit: 0, pageLoad: 300000, script: 30000}, unhandledPromptBehavior: dismiss and notify, webauthn:extension:credBlob: true, webauthn:extension:largeBlob: true, webauthn:virtualAuthenticators: true}
Session ID: 9a7deaf1d4104db0f78f24d569a3569d
*** Element info: {Using=id, value=opt_cat}
at org.openqa.selenium.remote.http.W3CHttpResponseCodec.decode(W3CHttpResponseCodec.java:120)
at org.openqa.selenium.remote.http.W3CHttpResponseCodec.decode(W3CHttpResponseCodec.java:49)
at org.openqa.selenium.remote.HttpCommandExecutor.execute(HttpCommandExecutor.java:158)
at org.openqa.selenium.remote.service.DriverCommandExecutor.execute(DriverCommandExecutor.java:83)
at org.openqa.selenium.remote.RemoteWebDriver.execute(RemoteWebDriver.java:552)
at org.openqa.selenium.remote.RemoteWebDriver.findElements(RemoteWebDriver.java:353)
at org.openqa.selenium.remote.RemoteWebDriver.findElementsById(RemoteWebDriver.java:376)
at org.openqa.selenium.By$ById.findElements(By.java:180)
at org.openqa.selenium.remote.RemoteWebDriver.findElements(RemoteWebDriver.java:311)
at com.ibps.pages.PersonalDetailsPage.clickCategory1(PersonalDetailsPage.java:216)
at com.RBI1Feb22.tc.TC002_RBIBasicDetails.basicDetails(TC002_RBIBasicDetails.java:39)
at sun.reflect.GeneratedMethodAccessor7.invoke(Unknown Source)
at sun.reflect.DelegatingMethodAccessorImpl.invoke(Unknown Source)
at java.lang.reflect.Method.invoke(Unknown Source)
at org.testng.internal.MethodInvocationHelper.invokeMethod(MethodInvocationHelper.java:133)
at org.testng.internal.TestInvoker.invokeMethod(TestInvoker.java:584)
at org.testng.internal.TestInvoker.invokeTestMethod(TestInvoker.java:172)
at org.testng.internal.MethodRunner.runInSequence(MethodRunner.java:46)
at org.testng.internal.TestInvoker$MethodInvocationAgent.invoke(TestInvoker.java:804)
at org.testng.internal.TestInvoker.invokeTestMethods(TestInvoker.java:145)
at org.testng.internal.TestMethodWorker.invokeTestMethods(TestMethodWorker.java:146)
at org.testng.internal.TestMethodWorker.run(TestMethodWorker.java:128)
at java.util.concurrent.ThreadPoolExecutor.runWorker(Unknown Source)
at java.util.concurrent.ThreadPoolExecutor$Worker.run(Unknown Source)
at java.lang.Thread.run(Unknown Source)
]]>
    </error>
  </testcase> <!-- basicDetails -->
  <testcase name="basicDetails" time="134.353" classname="com.RBI1Feb22.tc.TC002_RBIBasicDetails"/>
  <testcase name="basicDetails" time="134.699" classname="com.RBI1Feb22.tc.TC002_RBIBasicDetails"/>
  <testcase name="basicDetails" time="41.168" classname="com.RBI1Feb22.tc.TC002_RBIBasicDetails">
    <error type="org.openqa.selenium.UnhandledAlertException" message="unexpected alert open: {Alert text : Date Of Birth should be between 02/02/1962 to 01/02/2002}
  (Session info: chrome=98.0.4758.82): Date Of Birth should be between 02/02/1962 to 01/02/2002
Build info: version: &#039;3.141.0&#039;, revision: &#039;2ecb7d9a&#039;, time: &#039;2018-10-31T20:09:30&#039;
System info: host: &#039;MAA014482B&#039;, ip: &#039;124.7.228.141&#039;, os.name: &#039;Windows 10&#039;, os.arch: &#039;amd64&#039;, os.version: &#039;10.0&#039;, java.version: &#039;1.8.0_131&#039;
Driver info: org.openqa.selenium.chrome.ChromeDriver
Capabilities {acceptInsecureCerts: false, browserName: chrome, browserVersion: 98.0.4758.82, chrome: {chromedriverVersion: 97.0.4692.71 (adefa7837d02a..., userDataDir: C:\Users\016386\AppData\Loc...}, goog:chromeOptions: {debuggerAddress: localhost:58066}, javascriptEnabled: true, networkConnectionEnabled: false, pageLoadStrategy: normal, platform: WINDOWS, platformName: WINDOWS, proxy: Proxy(), setWindowRect: true, strictFileInteractability: false, timeouts: {implicit: 0, pageLoad: 300000, script: 30000}, unhandledPromptBehavior: dismiss and notify, webauthn:extension:credBlob: true, webauthn:extension:largeBlob: true, webauthn:virtualAuthenticators: true}
Session ID: 9a7deaf1d4104db0f78f24d569a3569d
*** Element info: {Using=id, value=seldobyear}">
      <![CDATA[org.openqa.selenium.UnhandledAlertException: unexpected alert open: {Alert text : Date Of Birth should be between 02/02/1962 to 01/02/2002}
  (Session info: chrome=98.0.4758.82): Date Of Birth should be between 02/02/1962 to 01/02/2002
Build info: version: '3.141.0', revision: '2ecb7d9a', time: '2018-10-31T20:09:30'
System info: host: 'MAA014482B', ip: '124.7.228.141', os.name: 'Windows 10', os.arch: 'amd64', os.version: '10.0', java.version: '1.8.0_131'
Driver info: org.openqa.selenium.chrome.ChromeDriver
Capabilities {acceptInsecureCerts: false, browserName: chrome, browserVersion: 98.0.4758.82, chrome: {chromedriverVersion: 97.0.4692.71 (adefa7837d02a..., userDataDir: C:\Users\016386\AppData\Loc...}, goog:chromeOptions: {debuggerAddress: localhost:58066}, javascriptEnabled: true, networkConnectionEnabled: false, pageLoadStrategy: normal, platform: WINDOWS, platformName: WINDOWS, proxy: Proxy(), setWindowRect: true, strictFileInteractability: false, timeouts: {implicit: 0, pageLoad: 300000, script: 30000}, unhandledPromptBehavior: dismiss and notify, webauthn:extension:credBlob: true, webauthn:extension:largeBlob: true, webauthn:virtualAuthenticators: true}
Session ID: 9a7deaf1d4104db0f78f24d569a3569d
*** Element info: {Using=id, value=seldobyear}
at org.openqa.selenium.remote.http.W3CHttpResponseCodec.decode(W3CHttpResponseCodec.java:120)
at org.openqa.selenium.remote.http.W3CHttpResponseCodec.decode(W3CHttpResponseCodec.java:49)
at org.openqa.selenium.remote.HttpCommandExecutor.execute(HttpCommandExecutor.java:158)
at org.openqa.selenium.remote.service.DriverCommandExecutor.execute(DriverCommandExecutor.java:83)
at org.openqa.selenium.remote.RemoteWebDriver.execute(RemoteWebDriver.java:552)
at org.openqa.selenium.remote.RemoteWebDriver.findElement(RemoteWebDriver.java:323)
at org.openqa.selenium.remote.RemoteWebDriver.findElementById(RemoteWebDriver.java:372)
at org.openqa.selenium.By$ById.findElement(By.java:188)
at org.openqa.selenium.remote.RemoteWebDriver.findElement(RemoteWebDriver.java:315)
at lib.selenium.WebDriverServiceImpl.selectDropDown(WebDriverServiceImpl.java:711)
at lib.selenium.WebDriverServiceImpl.agevalidator_max(WebDriverServiceImpl.java:815)
at com.ibps.pages.PersonalDetailsPage.ageValidatorMax(PersonalDetailsPage.java:309)
at com.RBI1Feb22.tc.TC002_RBIBasicDetails.basicDetails(TC002_RBIBasicDetails.java:70)
at sun.reflect.GeneratedMethodAccessor7.invoke(Unknown Source)
at sun.reflect.DelegatingMethodAccessorImpl.invoke(Unknown Source)
at java.lang.reflect.Method.invoke(Unknown Source)
at org.testng.internal.MethodInvocationHelper.invokeMethod(MethodInvocationHelper.java:133)
at org.testng.internal.TestInvoker.invokeMethod(TestInvoker.java:584)
at org.testng.internal.TestInvoker.invokeTestMethod(TestInvoker.java:172)
at org.testng.internal.MethodRunner.runInSequence(MethodRunner.java:46)
at org.testng.internal.TestInvoker$MethodInvocationAgent.invoke(TestInvoker.java:804)
at org.testng.internal.TestInvoker.invokeTestMethods(TestInvoker.java:145)
at org.testng.internal.TestMethodWorker.invokeTestMethods(TestMethodWorker.java:146)
at org.testng.internal.TestMethodWorker.run(TestMethodWorker.java:128)
at java.util.concurrent.ThreadPoolExecutor.runWorker(Unknown Source)
at java.util.concurrent.ThreadPoolExecutor$Worker.run(Unknown Source)
at java.lang.Thread.run(Unknown Source)
]]>
    </error>
  </testcase> <!-- basicDetails -->
  <testcase name="basicDetails" time="134.518" classname="com.RBI1Feb22.tc.TC002_RBIBasicDetails"/>
  <testcase name="basicDetails" time="135.290" classname="com.RBI1Feb22.tc.TC002_RBIBasicDetails"/>
  <testcase name="basicDetails" time="134.566" classname="com.RBI1Feb22.tc.TC002_RBIBasicDetails"/>
</testsuite> <!-- com.RBI1Feb22.tc.TC002_RBIBasicDetails -->
