<?xml version="1.0" encoding="UTF-8"?>
<!-- Generated by org.testng.reporters.JUnitReportReporter -->
<testsuite skipped="0" hostname="MAA014482B" name="com.RBI1Feb22.tc.TC003_RBIBasicDetails" tests="87" failures="0" timestamp="2022-02-14T17:20:23 IST" time="11474.634" errors="4">
  <testcase name="basicDetails" time="134.385" classname="com.RBI1Feb22.tc.TC003_RBIBasicDetails"/>
  <testcase name="basicDetails" time="134.740" classname="com.RBI1Feb22.tc.TC003_RBIBasicDetails"/>
  <testcase name="basicDetails" time="135.268" classname="com.RBI1Feb22.tc.TC003_RBIBasicDetails"/>
  <testcase name="basicDetails" time="135.028" classname="com.RBI1Feb22.tc.TC003_RBIBasicDetails"/>
  <testcase name="basicDetails" time="133.769" classname="com.RBI1Feb22.tc.TC003_RBIBasicDetails"/>
  <testcase name="basicDetails" time="135.832" classname="com.RBI1Feb22.tc.TC003_RBIBasicDetails"/>
  <testcase name="basicDetails" time="133.576" classname="com.RBI1Feb22.tc.TC003_RBIBasicDetails"/>
  <testcase name="basicDetails" time="133.818" classname="com.RBI1Feb22.tc.TC003_RBIBasicDetails"/>
  <testcase name="basicDetails" time="134.778" classname="com.RBI1Feb22.tc.TC003_RBIBasicDetails"/>
  <testcase name="basicDetails" time="135.587" classname="com.RBI1Feb22.tc.TC003_RBIBasicDetails"/>
  <testcase name="basicDetails" time="135.147" classname="com.RBI1Feb22.tc.TC003_RBIBasicDetails"/>
  <testcase name="basicDetails" time="133.459" classname="com.RBI1Feb22.tc.TC003_RBIBasicDetails"/>
  <testcase name="basicDetails" time="134.415" classname="com.RBI1Feb22.tc.TC003_RBIBasicDetails"/>
  <testcase name="basicDetails" time="135.142" classname="com.RBI1Feb22.tc.TC003_RBIBasicDetails"/>
  <testcase name="basicDetails" time="97.362" classname="com.RBI1Feb22.tc.TC003_RBIBasicDetails">
    <error type="org.openqa.selenium.UnhandledAlertException" message="unexpected alert open: {Alert text : Date Of Birth should be between 02/02/1972 to 01/02/2002}
  (Session info: chrome=98.0.4758.82): Date Of Birth should be between 02/02/1972 to 01/02/2002
Build info: version: &#039;3.141.0&#039;, revision: &#039;2ecb7d9a&#039;, time: &#039;2018-10-31T20:09:30&#039;
System info: host: &#039;MAA014482B&#039;, ip: &#039;124.7.228.141&#039;, os.name: &#039;Windows 10&#039;, os.arch: &#039;amd64&#039;, os.version: &#039;10.0&#039;, java.version: &#039;1.8.0_131&#039;
Driver info: org.openqa.selenium.chrome.ChromeDriver
Capabilities {acceptInsecureCerts: false, browserName: chrome, browserVersion: 98.0.4758.82, chrome: {chromedriverVersion: 97.0.4692.71 (adefa7837d02a..., userDataDir: C:\Users\016386\AppData\Loc...}, goog:chromeOptions: {debuggerAddress: localhost:58062}, javascriptEnabled: true, networkConnectionEnabled: false, pageLoadStrategy: normal, platform: WINDOWS, platformName: WINDOWS, proxy: Proxy(), setWindowRect: true, strictFileInteractability: false, timeouts: {implicit: 0, pageLoad: 300000, script: 30000}, unhandledPromptBehavior: dismiss and notify, webauthn:extension:credBlob: true, webauthn:extension:largeBlob: true, webauthn:virtualAuthenticators: true}
Session ID: 272d5183da3d64a05b43342cbf4ff860">
      <![CDATA[org.openqa.selenium.UnhandledAlertException: unexpected alert open: {Alert text : Date Of Birth should be between 02/02/1972 to 01/02/2002}
  (Session info: chrome=98.0.4758.82): Date Of Birth should be between 02/02/1972 to 01/02/2002
Build info: version: '3.141.0', revision: '2ecb7d9a', time: '2018-10-31T20:09:30'
System info: host: 'MAA014482B', ip: '124.7.228.141', os.name: 'Windows 10', os.arch: 'amd64', os.version: '10.0', java.version: '1.8.0_131'
Driver info: org.openqa.selenium.chrome.ChromeDriver
Capabilities {acceptInsecureCerts: false, browserName: chrome, browserVersion: 98.0.4758.82, chrome: {chromedriverVersion: 97.0.4692.71 (adefa7837d02a..., userDataDir: C:\Users\016386\AppData\Loc...}, goog:chromeOptions: {debuggerAddress: localhost:58062}, javascriptEnabled: true, networkConnectionEnabled: false, pageLoadStrategy: normal, platform: WINDOWS, platformName: WINDOWS, proxy: Proxy(), setWindowRect: true, strictFileInteractability: false, timeouts: {implicit: 0, pageLoad: 300000, script: 30000}, unhandledPromptBehavior: dismiss and notify, webauthn:extension:credBlob: true, webauthn:extension:largeBlob: true, webauthn:virtualAuthenticators: true}
Session ID: 272d5183da3d64a05b43342cbf4ff860
at org.openqa.selenium.remote.http.W3CHttpResponseCodec.decode(W3CHttpResponseCodec.java:120)
at org.openqa.selenium.remote.http.W3CHttpResponseCodec.decode(W3CHttpResponseCodec.java:49)
at org.openqa.selenium.remote.HttpCommandExecutor.execute(HttpCommandExecutor.java:158)
at org.openqa.selenium.remote.service.DriverCommandExecutor.execute(DriverCommandExecutor.java:83)
at org.openqa.selenium.remote.RemoteWebDriver.execute(RemoteWebDriver.java:552)
at org.openqa.selenium.remote.RemoteWebElement.execute(RemoteWebElement.java:285)
at org.openqa.selenium.remote.RemoteWebElement.click(RemoteWebElement.java:84)
at lib.selenium.WebDriverServiceImpl.agevalidator_min(WebDriverServiceImpl.java:917)
at com.ibps.pages.PersonalDetailsPage.ageValidatorMin(PersonalDetailsPage.java:313)
at com.RBI1Feb22.tc.TC003_RBIBasicDetails.basicDetails(TC003_RBIBasicDetails.java:71)
at sun.reflect.GeneratedMethodAccessor3.invoke(Unknown Source)
at sun.reflect.DelegatingMethodAccessorImpl.invoke(Unknown Source)
at java.lang.reflect.Method.invoke(Unknown Source)
at org.testng.internal.MethodInvocationHelper.invokeMethod(MethodInvocationHelper.java:133)
at org.testng.internal.TestInvoker.invokeMethod(TestInvoker.java:584)
at org.testng.internal.TestInvoker.invokeTestMethod(TestInvoker.java:172)
at org.testng.internal.MethodRunner.runInSequence(MethodRunner.java:46)
at org.testng.internal.TestInvoker$MethodInvocationAgent.invoke(TestInvoker.java:804)
at org.testng.internal.TestInvoker.invokeTestMethods(TestInvoker.java:145)
at org.testng.internal.TestMethodWorker.invokeTestMethods(TestMethodWorker.java:146)
at org.testng.internal.TestMethodWorker.run(TestMethodWorker.java:128)
at java.util.concurrent.ThreadPoolExecutor.runWorker(Unknown Source)
at java.util.concurrent.ThreadPoolExecutor$Worker.run(Unknown Source)
at java.lang.Thread.run(Unknown Source)
]]>
    </error>
  </testcase> <!-- basicDetails -->
  <testcase name="basicDetails" time="135.178" classname="com.RBI1Feb22.tc.TC003_RBIBasicDetails"/>
  <testcase name="basicDetails" time="135.420" classname="com.RBI1Feb22.tc.TC003_RBIBasicDetails"/>
  <testcase name="basicDetails" time="134.062" classname="com.RBI1Feb22.tc.TC003_RBIBasicDetails"/>
  <testcase name="basicDetails" time="135.698" classname="com.RBI1Feb22.tc.TC003_RBIBasicDetails"/>
  <testcase name="basicDetails" time="137.193" classname="com.RBI1Feb22.tc.TC003_RBIBasicDetails"/>
  <testcase name="basicDetails" time="135.256" classname="com.RBI1Feb22.tc.TC003_RBIBasicDetails"/>
  <testcase name="basicDetails" time="133.878" classname="com.RBI1Feb22.tc.TC003_RBIBasicDetails"/>
  <testcase name="basicDetails" time="135.488" classname="com.RBI1Feb22.tc.TC003_RBIBasicDetails"/>
  <testcase name="basicDetails" time="135.661" classname="com.RBI1Feb22.tc.TC003_RBIBasicDetails"/>
  <testcase name="basicDetails" time="134.432" classname="com.RBI1Feb22.tc.TC003_RBIBasicDetails"/>
  <testcase name="basicDetails" time="133.601" classname="com.RBI1Feb22.tc.TC003_RBIBasicDetails"/>
  <testcase name="basicDetails" time="133.669" classname="com.RBI1Feb22.tc.TC003_RBIBasicDetails"/>
  <testcase name="basicDetails" time="135.035" classname="com.RBI1Feb22.tc.TC003_RBIBasicDetails"/>
  <testcase name="basicDetails" time="134.669" classname="com.RBI1Feb22.tc.TC003_RBIBasicDetails"/>
  <testcase name="basicDetails" time="134.078" classname="com.RBI1Feb22.tc.TC003_RBIBasicDetails"/>
  <testcase name="basicDetails" time="135.479" classname="com.RBI1Feb22.tc.TC003_RBIBasicDetails"/>
  <testcase name="basicDetails" time="134.692" classname="com.RBI1Feb22.tc.TC003_RBIBasicDetails"/>
  <testcase name="basicDetails" time="133.648" classname="com.RBI1Feb22.tc.TC003_RBIBasicDetails"/>
  <testcase name="basicDetails" time="0.011" classname="com.RBI1Feb22.tc.TC003_RBIBasicDetails">
    <error type="org.openqa.selenium.UnhandledAlertException" message="unexpected alert open: {Alert text : Date Of Birth should be between 02/02/1972 to 01/02/2002}
  (Session info: chrome=98.0.4758.82): Date Of Birth should be between 02/02/1972 to 01/02/2002
Build info: version: &#039;3.141.0&#039;, revision: &#039;2ecb7d9a&#039;, time: &#039;2018-10-31T20:09:30&#039;
System info: host: &#039;MAA014482B&#039;, ip: &#039;124.7.228.141&#039;, os.name: &#039;Windows 10&#039;, os.arch: &#039;amd64&#039;, os.version: &#039;10.0&#039;, java.version: &#039;1.8.0_131&#039;
Driver info: org.openqa.selenium.chrome.ChromeDriver
Capabilities {acceptInsecureCerts: false, browserName: chrome, browserVersion: 98.0.4758.82, chrome: {chromedriverVersion: 97.0.4692.71 (adefa7837d02a..., userDataDir: C:\Users\016386\AppData\Loc...}, goog:chromeOptions: {debuggerAddress: localhost:58062}, javascriptEnabled: true, networkConnectionEnabled: false, pageLoadStrategy: normal, platform: WINDOWS, platformName: WINDOWS, proxy: Proxy(), setWindowRect: true, strictFileInteractability: false, timeouts: {implicit: 0, pageLoad: 300000, script: 30000}, unhandledPromptBehavior: dismiss and notify, webauthn:extension:credBlob: true, webauthn:extension:largeBlob: true, webauthn:virtualAuthenticators: true}
Session ID: 272d5183da3d64a05b43342cbf4ff860
*** Element info: {Using=id, value=opt_cat}">
      <![CDATA[org.openqa.selenium.UnhandledAlertException: unexpected alert open: {Alert text : Date Of Birth should be between 02/02/1972 to 01/02/2002}
  (Session info: chrome=98.0.4758.82): Date Of Birth should be between 02/02/1972 to 01/02/2002
Build info: version: '3.141.0', revision: '2ecb7d9a', time: '2018-10-31T20:09:30'
System info: host: 'MAA014482B', ip: '124.7.228.141', os.name: 'Windows 10', os.arch: 'amd64', os.version: '10.0', java.version: '1.8.0_131'
Driver info: org.openqa.selenium.chrome.ChromeDriver
Capabilities {acceptInsecureCerts: false, browserName: chrome, browserVersion: 98.0.4758.82, chrome: {chromedriverVersion: 97.0.4692.71 (adefa7837d02a..., userDataDir: C:\Users\016386\AppData\Loc...}, goog:chromeOptions: {debuggerAddress: localhost:58062}, javascriptEnabled: true, networkConnectionEnabled: false, pageLoadStrategy: normal, platform: WINDOWS, platformName: WINDOWS, proxy: Proxy(), setWindowRect: true, strictFileInteractability: false, timeouts: {implicit: 0, pageLoad: 300000, script: 30000}, unhandledPromptBehavior: dismiss and notify, webauthn:extension:credBlob: true, webauthn:extension:largeBlob: true, webauthn:virtualAuthenticators: true}
Session ID: 272d5183da3d64a05b43342cbf4ff860
*** Element info: {Using=id, value=opt_cat}
at org.openqa.selenium.remote.http.W3CHttpResponseCodec.decode(W3CHttpResponseCodec.java:120)
at org.openqa.selenium.remote.http.W3CHttpResponseCodec.decode(W3CHttpResponseCodec.java:49)
at org.openqa.selenium.remote.HttpCommandExecutor.execute(HttpCommandExecutor.java:158)
at org.openqa.selenium.remote.service.DriverCommandExecutor.execute(DriverCommandExecutor.java:83)
at org.openqa.selenium.remote.RemoteWebDriver.execute(RemoteWebDriver.java:552)
at org.openqa.selenium.remote.RemoteWebDriver.findElements(RemoteWebDriver.java:353)
at org.openqa.selenium.remote.RemoteWebDriver.findElementsById(RemoteWebDriver.java:376)
at org.openqa.selenium.By$ById.findElements(By.java:180)
at org.openqa.selenium.remote.RemoteWebDriver.findElements(RemoteWebDriver.java:311)
at com.ibps.pages.PersonalDetailsPage.clickCategory1(PersonalDetailsPage.java:216)
at com.RBI1Feb22.tc.TC003_RBIBasicDetails.basicDetails(TC003_RBIBasicDetails.java:39)
at sun.reflect.GeneratedMethodAccessor3.invoke(Unknown Source)
at sun.reflect.DelegatingMethodAccessorImpl.invoke(Unknown Source)
at java.lang.reflect.Method.invoke(Unknown Source)
at org.testng.internal.MethodInvocationHelper.invokeMethod(MethodInvocationHelper.java:133)
at org.testng.internal.TestInvoker.invokeMethod(TestInvoker.java:584)
at org.testng.internal.TestInvoker.invokeTestMethod(TestInvoker.java:172)
at org.testng.internal.MethodRunner.runInSequence(MethodRunner.java:46)
at org.testng.internal.TestInvoker$MethodInvocationAgent.invoke(TestInvoker.java:804)
at org.testng.internal.TestInvoker.invokeTestMethods(TestInvoker.java:145)
at org.testng.internal.TestMethodWorker.invokeTestMethods(TestMethodWorker.java:146)
at org.testng.internal.TestMethodWorker.run(TestMethodWorker.java:128)
at java.util.concurrent.ThreadPoolExecutor.runWorker(Unknown Source)
at java.util.concurrent.ThreadPoolExecutor$Worker.run(Unknown Source)
at java.lang.Thread.run(Unknown Source)
]]>
    </error>
  </testcase> <!-- basicDetails -->
  <testcase name="basicDetails" time="134.611" classname="com.RBI1Feb22.tc.TC003_RBIBasicDetails"/>
  <testcase name="basicDetails" time="134.443" classname="com.RBI1Feb22.tc.TC003_RBIBasicDetails"/>
  <testcase name="basicDetails" time="135.094" classname="com.RBI1Feb22.tc.TC003_RBIBasicDetails"/>
  <testcase name="basicDetails" time="133.963" classname="com.RBI1Feb22.tc.TC003_RBIBasicDetails"/>
  <testcase name="basicDetails" time="135.037" classname="com.RBI1Feb22.tc.TC003_RBIBasicDetails"/>
  <testcase name="basicDetails" time="134.183" classname="com.RBI1Feb22.tc.TC003_RBIBasicDetails"/>
  <testcase name="basicDetails" time="133.975" classname="com.RBI1Feb22.tc.TC003_RBIBasicDetails"/>
  <testcase name="basicDetails" time="133.497" classname="com.RBI1Feb22.tc.TC003_RBIBasicDetails"/>
  <testcase name="basicDetails" time="134.002" classname="com.RBI1Feb22.tc.TC003_RBIBasicDetails"/>
  <testcase name="basicDetails" time="134.969" classname="com.RBI1Feb22.tc.TC003_RBIBasicDetails"/>
  <testcase name="basicDetails" time="135.781" classname="com.RBI1Feb22.tc.TC003_RBIBasicDetails"/>
  <testcase name="basicDetails" time="135.231" classname="com.RBI1Feb22.tc.TC003_RBIBasicDetails"/>
  <testcase name="basicDetails" time="100.219" classname="com.RBI1Feb22.tc.TC003_RBIBasicDetails">
    <error type="org.openqa.selenium.UnhandledAlertException" message="unexpected alert open: {Alert text : Date Of Birth should be between 02/02/1972 to 01/02/2002}
  (Session info: chrome=98.0.4758.82): Date Of Birth should be between 02/02/1972 to 01/02/2002
Build info: version: &#039;3.141.0&#039;, revision: &#039;2ecb7d9a&#039;, time: &#039;2018-10-31T20:09:30&#039;
System info: host: &#039;MAA014482B&#039;, ip: &#039;124.7.228.141&#039;, os.name: &#039;Windows 10&#039;, os.arch: &#039;amd64&#039;, os.version: &#039;10.0&#039;, java.version: &#039;1.8.0_131&#039;
Driver info: org.openqa.selenium.chrome.ChromeDriver
Capabilities {acceptInsecureCerts: false, browserName: chrome, browserVersion: 98.0.4758.82, chrome: {chromedriverVersion: 97.0.4692.71 (adefa7837d02a..., userDataDir: C:\Users\016386\AppData\Loc...}, goog:chromeOptions: {debuggerAddress: localhost:58062}, javascriptEnabled: true, networkConnectionEnabled: false, pageLoadStrategy: normal, platform: WINDOWS, platformName: WINDOWS, proxy: Proxy(), setWindowRect: true, strictFileInteractability: false, timeouts: {implicit: 0, pageLoad: 300000, script: 30000}, unhandledPromptBehavior: dismiss and notify, webauthn:extension:credBlob: true, webauthn:extension:largeBlob: true, webauthn:virtualAuthenticators: true}
Session ID: 272d5183da3d64a05b43342cbf4ff860">
      <![CDATA[org.openqa.selenium.UnhandledAlertException: unexpected alert open: {Alert text : Date Of Birth should be between 02/02/1972 to 01/02/2002}
  (Session info: chrome=98.0.4758.82): Date Of Birth should be between 02/02/1972 to 01/02/2002
Build info: version: '3.141.0', revision: '2ecb7d9a', time: '2018-10-31T20:09:30'
System info: host: 'MAA014482B', ip: '124.7.228.141', os.name: 'Windows 10', os.arch: 'amd64', os.version: '10.0', java.version: '1.8.0_131'
Driver info: org.openqa.selenium.chrome.ChromeDriver
Capabilities {acceptInsecureCerts: false, browserName: chrome, browserVersion: 98.0.4758.82, chrome: {chromedriverVersion: 97.0.4692.71 (adefa7837d02a..., userDataDir: C:\Users\016386\AppData\Loc...}, goog:chromeOptions: {debuggerAddress: localhost:58062}, javascriptEnabled: true, networkConnectionEnabled: false, pageLoadStrategy: normal, platform: WINDOWS, platformName: WINDOWS, proxy: Proxy(), setWindowRect: true, strictFileInteractability: false, timeouts: {implicit: 0, pageLoad: 300000, script: 30000}, unhandledPromptBehavior: dismiss and notify, webauthn:extension:credBlob: true, webauthn:extension:largeBlob: true, webauthn:virtualAuthenticators: true}
Session ID: 272d5183da3d64a05b43342cbf4ff860
at org.openqa.selenium.remote.http.W3CHttpResponseCodec.decode(W3CHttpResponseCodec.java:120)
at org.openqa.selenium.remote.http.W3CHttpResponseCodec.decode(W3CHttpResponseCodec.java:49)
at org.openqa.selenium.remote.HttpCommandExecutor.execute(HttpCommandExecutor.java:158)
at org.openqa.selenium.remote.service.DriverCommandExecutor.execute(DriverCommandExecutor.java:83)
at org.openqa.selenium.remote.RemoteWebDriver.execute(RemoteWebDriver.java:552)
at org.openqa.selenium.remote.RemoteWebElement.execute(RemoteWebElement.java:285)
at org.openqa.selenium.remote.RemoteWebElement.isDisplayed(RemoteWebElement.java:326)
at lib.selenium.WebDriverServiceImpl.noagealert(WebDriverServiceImpl.java:762)
at lib.selenium.WebDriverServiceImpl.agevalidator_min(WebDriverServiceImpl.java:919)
at com.ibps.pages.PersonalDetailsPage.ageValidatorMin(PersonalDetailsPage.java:313)
at com.RBI1Feb22.tc.TC003_RBIBasicDetails.basicDetails(TC003_RBIBasicDetails.java:71)
at sun.reflect.GeneratedMethodAccessor3.invoke(Unknown Source)
at sun.reflect.DelegatingMethodAccessorImpl.invoke(Unknown Source)
at java.lang.reflect.Method.invoke(Unknown Source)
at org.testng.internal.MethodInvocationHelper.invokeMethod(MethodInvocationHelper.java:133)
at org.testng.internal.TestInvoker.invokeMethod(TestInvoker.java:584)
at org.testng.internal.TestInvoker.invokeTestMethod(TestInvoker.java:172)
at org.testng.internal.MethodRunner.runInSequence(MethodRunner.java:46)
at org.testng.internal.TestInvoker$MethodInvocationAgent.invoke(TestInvoker.java:804)
at org.testng.internal.TestInvoker.invokeTestMethods(TestInvoker.java:145)
at org.testng.internal.TestMethodWorker.invokeTestMethods(TestMethodWorker.java:146)
at org.testng.internal.TestMethodWorker.run(TestMethodWorker.java:128)
at java.util.concurrent.ThreadPoolExecutor.runWorker(Unknown Source)
at java.util.concurrent.ThreadPoolExecutor$Worker.run(Unknown Source)
at java.lang.Thread.run(Unknown Source)
]]>
    </error>
  </testcase> <!-- basicDetails -->
  <testcase name="basicDetails" time="133.736" classname="com.RBI1Feb22.tc.TC003_RBIBasicDetails"/>
  <testcase name="basicDetails" time="135.788" classname="com.RBI1Feb22.tc.TC003_RBIBasicDetails"/>
  <testcase name="basicDetails" time="135.116" classname="com.RBI1Feb22.tc.TC003_RBIBasicDetails"/>
  <testcase name="basicDetails" time="133.631" classname="com.RBI1Feb22.tc.TC003_RBIBasicDetails"/>
  <testcase name="basicDetails" time="135.205" classname="com.RBI1Feb22.tc.TC003_RBIBasicDetails"/>
  <testcase name="basicDetails" time="134.369" classname="com.RBI1Feb22.tc.TC003_RBIBasicDetails"/>
  <testcase name="basicDetails" time="134.055" classname="com.RBI1Feb22.tc.TC003_RBIBasicDetails"/>
  <testcase name="basicDetails" time="134.976" classname="com.RBI1Feb22.tc.TC003_RBIBasicDetails"/>
  <testcase name="basicDetails" time="135.419" classname="com.RBI1Feb22.tc.TC003_RBIBasicDetails"/>
  <testcase name="basicDetails" time="134.968" classname="com.RBI1Feb22.tc.TC003_RBIBasicDetails"/>
  <testcase name="basicDetails" time="133.995" classname="com.RBI1Feb22.tc.TC003_RBIBasicDetails"/>
  <testcase name="basicDetails" time="134.240" classname="com.RBI1Feb22.tc.TC003_RBIBasicDetails"/>
  <testcase name="basicDetails" time="135.335" classname="com.RBI1Feb22.tc.TC003_RBIBasicDetails"/>
  <testcase name="basicDetails" time="134.935" classname="com.RBI1Feb22.tc.TC003_RBIBasicDetails"/>
  <testcase name="basicDetails" time="133.976" classname="com.RBI1Feb22.tc.TC003_RBIBasicDetails"/>
  <testcase name="basicDetails" time="136.268" classname="com.RBI1Feb22.tc.TC003_RBIBasicDetails"/>
  <testcase name="basicDetails" time="134.375" classname="com.RBI1Feb22.tc.TC003_RBIBasicDetails"/>
  <testcase name="basicDetails" time="133.505" classname="com.RBI1Feb22.tc.TC003_RBIBasicDetails"/>
  <testcase name="basicDetails" time="134.941" classname="com.RBI1Feb22.tc.TC003_RBIBasicDetails"/>
  <testcase name="basicDetails" time="135.289" classname="com.RBI1Feb22.tc.TC003_RBIBasicDetails"/>
  <testcase name="basicDetails" time="133.749" classname="com.RBI1Feb22.tc.TC003_RBIBasicDetails"/>
  <testcase name="basicDetails" time="134.440" classname="com.RBI1Feb22.tc.TC003_RBIBasicDetails"/>
  <testcase name="basicDetails" time="134.723" classname="com.RBI1Feb22.tc.TC003_RBIBasicDetails"/>
  <testcase name="basicDetails" time="133.774" classname="com.RBI1Feb22.tc.TC003_RBIBasicDetails"/>
  <testcase name="basicDetails" time="134.543" classname="com.RBI1Feb22.tc.TC003_RBIBasicDetails"/>
  <testcase name="basicDetails" time="136.761" classname="com.RBI1Feb22.tc.TC003_RBIBasicDetails"/>
  <testcase name="basicDetails" time="135.048" classname="com.RBI1Feb22.tc.TC003_RBIBasicDetails"/>
  <testcase name="basicDetails" time="99.632" classname="com.RBI1Feb22.tc.TC003_RBIBasicDetails">
    <error type="org.openqa.selenium.UnhandledAlertException" message="unexpected alert open: {Alert text : Date Of Birth should be between 02/02/1962 to 01/02/2002}
  (Session info: chrome=98.0.4758.82): Date Of Birth should be between 02/02/1962 to 01/02/2002
Build info: version: &#039;3.141.0&#039;, revision: &#039;2ecb7d9a&#039;, time: &#039;2018-10-31T20:09:30&#039;
System info: host: &#039;MAA014482B&#039;, ip: &#039;124.7.228.141&#039;, os.name: &#039;Windows 10&#039;, os.arch: &#039;amd64&#039;, os.version: &#039;10.0&#039;, java.version: &#039;1.8.0_131&#039;
Driver info: org.openqa.selenium.chrome.ChromeDriver
Capabilities {acceptInsecureCerts: false, browserName: chrome, browserVersion: 98.0.4758.82, chrome: {chromedriverVersion: 97.0.4692.71 (adefa7837d02a..., userDataDir: C:\Users\016386\AppData\Loc...}, goog:chromeOptions: {debuggerAddress: localhost:58062}, javascriptEnabled: true, networkConnectionEnabled: false, pageLoadStrategy: normal, platform: WINDOWS, platformName: WINDOWS, proxy: Proxy(), setWindowRect: true, strictFileInteractability: false, timeouts: {implicit: 0, pageLoad: 300000, script: 30000}, unhandledPromptBehavior: dismiss and notify, webauthn:extension:credBlob: true, webauthn:extension:largeBlob: true, webauthn:virtualAuthenticators: true}
Session ID: 272d5183da3d64a05b43342cbf4ff860
*** Element info: {Using=xpath, value=.//*[starts-with(@id,&#039;err_seldob&#039;)]}">
      <![CDATA[org.openqa.selenium.UnhandledAlertException: unexpected alert open: {Alert text : Date Of Birth should be between 02/02/1962 to 01/02/2002}
  (Session info: chrome=98.0.4758.82): Date Of Birth should be between 02/02/1962 to 01/02/2002
Build info: version: '3.141.0', revision: '2ecb7d9a', time: '2018-10-31T20:09:30'
System info: host: 'MAA014482B', ip: '124.7.228.141', os.name: 'Windows 10', os.arch: 'amd64', os.version: '10.0', java.version: '1.8.0_131'
Driver info: org.openqa.selenium.chrome.ChromeDriver
Capabilities {acceptInsecureCerts: false, browserName: chrome, browserVersion: 98.0.4758.82, chrome: {chromedriverVersion: 97.0.4692.71 (adefa7837d02a..., userDataDir: C:\Users\016386\AppData\Loc...}, goog:chromeOptions: {debuggerAddress: localhost:58062}, javascriptEnabled: true, networkConnectionEnabled: false, pageLoadStrategy: normal, platform: WINDOWS, platformName: WINDOWS, proxy: Proxy(), setWindowRect: true, strictFileInteractability: false, timeouts: {implicit: 0, pageLoad: 300000, script: 30000}, unhandledPromptBehavior: dismiss and notify, webauthn:extension:credBlob: true, webauthn:extension:largeBlob: true, webauthn:virtualAuthenticators: true}
Session ID: 272d5183da3d64a05b43342cbf4ff860
*** Element info: {Using=xpath, value=.//*[starts-with(@id,'err_seldob')]}
at org.openqa.selenium.remote.http.W3CHttpResponseCodec.decode(W3CHttpResponseCodec.java:120)
at org.openqa.selenium.remote.http.W3CHttpResponseCodec.decode(W3CHttpResponseCodec.java:49)
at org.openqa.selenium.remote.HttpCommandExecutor.execute(HttpCommandExecutor.java:158)
at org.openqa.selenium.remote.service.DriverCommandExecutor.execute(DriverCommandExecutor.java:83)
at org.openqa.selenium.remote.RemoteWebDriver.execute(RemoteWebDriver.java:552)
at org.openqa.selenium.remote.RemoteWebDriver.findElements(RemoteWebDriver.java:353)
at org.openqa.selenium.remote.RemoteWebDriver.findElementsByXPath(RemoteWebDriver.java:432)
at org.openqa.selenium.By$ByXPath.findElements(By.java:348)
at org.openqa.selenium.remote.RemoteWebDriver.findElements(RemoteWebDriver.java:311)
at lib.selenium.WebDriverServiceImpl.noagealert(WebDriverServiceImpl.java:761)
at lib.selenium.WebDriverServiceImpl.agevalidator_min(WebDriverServiceImpl.java:919)
at com.ibps.pages.PersonalDetailsPage.ageValidatorMin(PersonalDetailsPage.java:313)
at com.RBI1Feb22.tc.TC003_RBIBasicDetails.basicDetails(TC003_RBIBasicDetails.java:71)
at sun.reflect.GeneratedMethodAccessor3.invoke(Unknown Source)
at sun.reflect.DelegatingMethodAccessorImpl.invoke(Unknown Source)
at java.lang.reflect.Method.invoke(Unknown Source)
at org.testng.internal.MethodInvocationHelper.invokeMethod(MethodInvocationHelper.java:133)
at org.testng.internal.TestInvoker.invokeMethod(TestInvoker.java:584)
at org.testng.internal.TestInvoker.invokeTestMethod(TestInvoker.java:172)
at org.testng.internal.MethodRunner.runInSequence(MethodRunner.java:46)
at org.testng.internal.TestInvoker$MethodInvocationAgent.invoke(TestInvoker.java:804)
at org.testng.internal.TestInvoker.invokeTestMethods(TestInvoker.java:145)
at org.testng.internal.TestMethodWorker.invokeTestMethods(TestMethodWorker.java:146)
at org.testng.internal.TestMethodWorker.run(TestMethodWorker.java:128)
at java.util.concurrent.ThreadPoolExecutor.runWorker(Unknown Source)
at java.util.concurrent.ThreadPoolExecutor$Worker.run(Unknown Source)
at java.lang.Thread.run(Unknown Source)
]]>
    </error>
  </testcase> <!-- basicDetails -->
  <testcase name="basicDetails" time="133.650" classname="com.RBI1Feb22.tc.TC003_RBIBasicDetails"/>
  <testcase name="basicDetails" time="134.590" classname="com.RBI1Feb22.tc.TC003_RBIBasicDetails"/>
  <testcase name="basicDetails" time="133.885" classname="com.RBI1Feb22.tc.TC003_RBIBasicDetails"/>
  <testcase name="basicDetails" time="134.994" classname="com.RBI1Feb22.tc.TC003_RBIBasicDetails"/>
  <testcase name="basicDetails" time="134.063" classname="com.RBI1Feb22.tc.TC003_RBIBasicDetails"/>
  <testcase name="basicDetails" time="133.864" classname="com.RBI1Feb22.tc.TC003_RBIBasicDetails"/>
  <testcase name="basicDetails" time="134.808" classname="com.RBI1Feb22.tc.TC003_RBIBasicDetails"/>
  <testcase name="basicDetails" time="135.641" classname="com.RBI1Feb22.tc.TC003_RBIBasicDetails"/>
  <testcase name="basicDetails" time="133.175" classname="com.RBI1Feb22.tc.TC003_RBIBasicDetails"/>
  <testcase name="basicDetails" time="135.383" classname="com.RBI1Feb22.tc.TC003_RBIBasicDetails"/>
  <testcase name="basicDetails" time="135.118" classname="com.RBI1Feb22.tc.TC003_RBIBasicDetails"/>
  <testcase name="basicDetails" time="134.212" classname="com.RBI1Feb22.tc.TC003_RBIBasicDetails"/>
</testsuite> <!-- com.RBI1Feb22.tc.TC003_RBIBasicDetails -->
