<?xml version="1.0" encoding="UTF-8"?>
<!-- Generated by org.testng.reporters.JUnitReportReporter -->
<testsuite skipped="0" hostname="MAA014482B" name="com.MPRAJ_18Nov22.tc.TC003_MPRAJBasicDetails" tests="23" failures="0" timestamp="2023-03-20T12:36:31 IST" time="3636.563" errors="1">
  <testcase name="basicDetails" time="163.671" classname="com.MPRAJ_18Nov22.tc.TC003_MPRAJBasicDetails"/>
  <testcase name="basicDetails" time="163.790" classname="com.MPRAJ_18Nov22.tc.TC003_MPRAJBasicDetails"/>
  <testcase name="basicDetails" time="163.436" classname="com.MPRAJ_18Nov22.tc.TC003_MPRAJBasicDetails"/>
  <testcase name="basicDetails" time="163.647" classname="com.MPRAJ_18Nov22.tc.TC003_MPRAJBasicDetails"/>
  <testcase name="basicDetails" time="162.340" classname="com.MPRAJ_18Nov22.tc.TC003_MPRAJBasicDetails"/>
  <testcase name="basicDetails" time="163.461" classname="com.MPRAJ_18Nov22.tc.TC003_MPRAJBasicDetails"/>
  <testcase name="basicDetails" time="163.768" classname="com.MPRAJ_18Nov22.tc.TC003_MPRAJBasicDetails"/>
  <testcase name="basicDetails" time="165.751" classname="com.MPRAJ_18Nov22.tc.TC003_MPRAJBasicDetails"/>
  <testcase name="basicDetails" time="165.677" classname="com.MPRAJ_18Nov22.tc.TC003_MPRAJBasicDetails"/>
  <testcase name="basicDetails" time="163.818" classname="com.MPRAJ_18Nov22.tc.TC003_MPRAJBasicDetails"/>
  <testcase name="basicDetails" time="163.612" classname="com.MPRAJ_18Nov22.tc.TC003_MPRAJBasicDetails"/>
  <testcase name="basicDetails" time="163.592" classname="com.MPRAJ_18Nov22.tc.TC003_MPRAJBasicDetails"/>
  <testcase name="basicDetails" time="162.806" classname="com.MPRAJ_18Nov22.tc.TC003_MPRAJBasicDetails"/>
  <testcase name="basicDetails" time="163.248" classname="com.MPRAJ_18Nov22.tc.TC003_MPRAJBasicDetails"/>
  <testcase name="basicDetails" time="164.568" classname="com.MPRAJ_18Nov22.tc.TC003_MPRAJBasicDetails"/>
  <testcase name="basicDetails" time="163.522" classname="com.MPRAJ_18Nov22.tc.TC003_MPRAJBasicDetails"/>
  <testcase name="basicDetails" time="162.118" classname="com.MPRAJ_18Nov22.tc.TC003_MPRAJBasicDetails"/>
  <testcase name="basicDetails" time="164.575" classname="com.MPRAJ_18Nov22.tc.TC003_MPRAJBasicDetails"/>
  <testcase name="basicDetails" time="162.460" classname="com.MPRAJ_18Nov22.tc.TC003_MPRAJBasicDetails"/>
  <testcase name="basicDetails" time="163.922" classname="com.MPRAJ_18Nov22.tc.TC003_MPRAJBasicDetails"/>
  <testcase name="basicDetails" time="165.526" classname="com.MPRAJ_18Nov22.tc.TC003_MPRAJBasicDetails"/>
  <testcase name="basicDetails" time="34.923" classname="com.MPRAJ_18Nov22.tc.TC003_MPRAJBasicDetails">
    <error type="org.openqa.selenium.UnhandledAlertException" message="unexpected alert open: {Alert text : Date Of Birth should be between 21/04/1980 to 20/04/2005}
  (Session info: chrome=110.0.5481.178): Date Of Birth should be between 21/04/1980 to 20/04/2005
Build info: version: &#039;3.141.0&#039;, revision: &#039;2ecb7d9a&#039;, time: &#039;2018-10-31T20:09:30&#039;
System info: host: &#039;MAA014482B&#039;, ip: &#039;124.7.228.19&#039;, os.name: &#039;Windows 10&#039;, os.arch: &#039;amd64&#039;, os.version: &#039;10.0&#039;, java.version: &#039;1.8.0_131&#039;
Driver info: org.openqa.selenium.chrome.ChromeDriver
Capabilities {acceptInsecureCerts: false, browserName: chrome, browserVersion: 110.0.5481.178, chrome: {chromedriverVersion: 110.0.5481.77 (65ed616c6e8e..., userDataDir: C:\Users\016386\AppData\Loc...}, goog:chromeOptions: {debuggerAddress: localhost:62530}, javascriptEnabled: true, networkConnectionEnabled: false, pageLoadStrategy: normal, platform: WINDOWS, platformName: WINDOWS, proxy: Proxy(), setWindowRect: true, strictFileInteractability: false, timeouts: {implicit: 0, pageLoad: 300000, script: 30000}, unhandledPromptBehavior: dismiss and notify, webauthn:extension:credBlob: true, webauthn:extension:largeBlob: true, webauthn:virtualAuthenticators: true}
Session ID: 34317790f1ec0753c10b1545d6885114
*** Element info: {Using=xpath, value=.//*[starts-with(@id,&#039;err_seldob&#039;)]}">
      <![CDATA[org.openqa.selenium.UnhandledAlertException: unexpected alert open: {Alert text : Date Of Birth should be between 21/04/1980 to 20/04/2005}
  (Session info: chrome=110.0.5481.178): Date Of Birth should be between 21/04/1980 to 20/04/2005
Build info: version: '3.141.0', revision: '2ecb7d9a', time: '2018-10-31T20:09:30'
System info: host: 'MAA014482B', ip: '124.7.228.19', os.name: 'Windows 10', os.arch: 'amd64', os.version: '10.0', java.version: '1.8.0_131'
Driver info: org.openqa.selenium.chrome.ChromeDriver
Capabilities {acceptInsecureCerts: false, browserName: chrome, browserVersion: 110.0.5481.178, chrome: {chromedriverVersion: 110.0.5481.77 (65ed616c6e8e..., userDataDir: C:\Users\016386\AppData\Loc...}, goog:chromeOptions: {debuggerAddress: localhost:62530}, javascriptEnabled: true, networkConnectionEnabled: false, pageLoadStrategy: normal, platform: WINDOWS, platformName: WINDOWS, proxy: Proxy(), setWindowRect: true, strictFileInteractability: false, timeouts: {implicit: 0, pageLoad: 300000, script: 30000}, unhandledPromptBehavior: dismiss and notify, webauthn:extension:credBlob: true, webauthn:extension:largeBlob: true, webauthn:virtualAuthenticators: true}
Session ID: 34317790f1ec0753c10b1545d6885114
*** Element info: {Using=xpath, value=.//*[starts-with(@id,'err_seldob')]}
at org.openqa.selenium.remote.http.W3CHttpResponseCodec.decode(W3CHttpResponseCodec.java:120)
at org.openqa.selenium.remote.http.W3CHttpResponseCodec.decode(W3CHttpResponseCodec.java:49)
at org.openqa.selenium.remote.HttpCommandExecutor.execute(HttpCommandExecutor.java:158)
at org.openqa.selenium.remote.service.DriverCommandExecutor.execute(DriverCommandExecutor.java:83)
at org.openqa.selenium.remote.RemoteWebDriver.execute(RemoteWebDriver.java:552)
at org.openqa.selenium.remote.RemoteWebDriver.findElements(RemoteWebDriver.java:353)
at org.openqa.selenium.remote.RemoteWebDriver.findElementsByXPath(RemoteWebDriver.java:432)
at org.openqa.selenium.By$ByXPath.findElements(By.java:348)
at org.openqa.selenium.remote.RemoteWebDriver.findElements(RemoteWebDriver.java:311)
at lib.selenium.WebDriverServiceImpl.noagealert(WebDriverServiceImpl.java:766)
at lib.selenium.WebDriverServiceImpl.agevalidator_max(WebDriverServiceImpl.java:857)
at com.ibps.pages.PersonalDetailsPage.ageValidatorMax(PersonalDetailsPage.java:330)
at com.MPRAJ_18Nov22.tc.TC003_MPRAJBasicDetails.basicDetails(TC003_MPRAJBasicDetails.java:63)
at sun.reflect.NativeMethodAccessorImpl.invoke0(Native Method)
at sun.reflect.NativeMethodAccessorImpl.invoke(Unknown Source)
at sun.reflect.DelegatingMethodAccessorImpl.invoke(Unknown Source)
at java.lang.reflect.Method.invoke(Unknown Source)
at org.testng.internal.MethodInvocationHelper.invokeMethod(MethodInvocationHelper.java:133)
at org.testng.internal.TestInvoker.invokeMethod(TestInvoker.java:584)
at org.testng.internal.TestInvoker.invokeTestMethod(TestInvoker.java:172)
at org.testng.internal.MethodRunner.runInSequence(MethodRunner.java:46)
at org.testng.internal.TestInvoker$MethodInvocationAgent.invoke(TestInvoker.java:804)
at org.testng.internal.TestInvoker.invokeTestMethods(TestInvoker.java:145)
at org.testng.internal.TestMethodWorker.invokeTestMethods(TestMethodWorker.java:146)
at org.testng.internal.TestMethodWorker.run(TestMethodWorker.java:128)
at java.util.concurrent.ThreadPoolExecutor.runWorker(Unknown Source)
at java.util.concurrent.ThreadPoolExecutor$Worker.run(Unknown Source)
at java.lang.Thread.run(Unknown Source)
]]>
    </error>
  </testcase> <!-- basicDetails -->
  <testcase name="basicDetails" time="162.332" classname="com.MPRAJ_18Nov22.tc.TC003_MPRAJBasicDetails"/>
</testsuite> <!-- com.MPRAJ_18Nov22.tc.TC003_MPRAJBasicDetails -->
