<?xml version="1.0" encoding="UTF-8"?>
<!-- Generated by org.testng.reporters.JUnitReportReporter -->
<testsuite skipped="0" hostname="MAA014482B" name="com.FCI_3_18Aug22.tc.TC001_FCIIIBasicDetails" tests="65" failures="0" timestamp="2022-09-05T14:38:23 IST" time="10356.920" errors="1">
  <testcase name="basicDetails" time="161.112" classname="com.FCI_3_18Aug22.tc.TC001_FCIIIBasicDetails"/>
  <testcase name="basicDetails" time="162.090" classname="com.FCI_3_18Aug22.tc.TC001_FCIIIBasicDetails"/>
  <testcase name="basicDetails" time="160.657" classname="com.FCI_3_18Aug22.tc.TC001_FCIIIBasicDetails"/>
  <testcase name="basicDetails" time="161.709" classname="com.FCI_3_18Aug22.tc.TC001_FCIIIBasicDetails"/>
  <testcase name="basicDetails" time="161.702" classname="com.FCI_3_18Aug22.tc.TC001_FCIIIBasicDetails"/>
  <testcase name="basicDetails" time="162.676" classname="com.FCI_3_18Aug22.tc.TC001_FCIIIBasicDetails"/>
  <testcase name="basicDetails" time="159.910" classname="com.FCI_3_18Aug22.tc.TC001_FCIIIBasicDetails"/>
  <testcase name="basicDetails" time="160.468" classname="com.FCI_3_18Aug22.tc.TC001_FCIIIBasicDetails"/>
  <testcase name="basicDetails" time="161.439" classname="com.FCI_3_18Aug22.tc.TC001_FCIIIBasicDetails"/>
  <testcase name="basicDetails" time="162.450" classname="com.FCI_3_18Aug22.tc.TC001_FCIIIBasicDetails"/>
  <testcase name="basicDetails" time="30.921" classname="com.FCI_3_18Aug22.tc.TC001_FCIIIBasicDetails">
    <error type="org.openqa.selenium.UnhandledAlertException" message="unexpected alert open: {Alert text : Date Of Birth should be between 02/08/1988 to 01/08/2004}
  (Session info: chrome=104.0.5112.102): Date Of Birth should be between 02/08/1988 to 01/08/2004
Build info: version: &#039;3.141.0&#039;, revision: &#039;2ecb7d9a&#039;, time: &#039;2018-10-31T20:09:30&#039;
System info: host: &#039;MAA014482B&#039;, ip: &#039;124.7.228.19&#039;, os.name: &#039;Windows 10&#039;, os.arch: &#039;amd64&#039;, os.version: &#039;10.0&#039;, java.version: &#039;1.8.0_131&#039;
Driver info: org.openqa.selenium.chrome.ChromeDriver
Capabilities {acceptInsecureCerts: false, browserName: chrome, browserVersion: 104.0.5112.102, chrome: {chromedriverVersion: 104.0.5112.79 (3cf3e8c8a07d..., userDataDir: C:\Users\016386\AppData\Loc...}, goog:chromeOptions: {debuggerAddress: localhost:57527}, javascriptEnabled: true, networkConnectionEnabled: false, pageLoadStrategy: normal, platform: WINDOWS, platformName: WINDOWS, proxy: Proxy(), setWindowRect: true, strictFileInteractability: false, timeouts: {implicit: 0, pageLoad: 300000, script: 30000}, unhandledPromptBehavior: dismiss and notify, webauthn:extension:credBlob: true, webauthn:extension:largeBlob: true, webauthn:virtualAuthenticators: true}
Session ID: 40a0b0a309761e52125973d1ba66c3a9
*** Element info: {Using=xpath, value=.//*[starts-with(@id,&#039;err_seldob&#039;)]}">
      <![CDATA[org.openqa.selenium.UnhandledAlertException: unexpected alert open: {Alert text : Date Of Birth should be between 02/08/1988 to 01/08/2004}
  (Session info: chrome=104.0.5112.102): Date Of Birth should be between 02/08/1988 to 01/08/2004
Build info: version: '3.141.0', revision: '2ecb7d9a', time: '2018-10-31T20:09:30'
System info: host: 'MAA014482B', ip: '124.7.228.19', os.name: 'Windows 10', os.arch: 'amd64', os.version: '10.0', java.version: '1.8.0_131'
Driver info: org.openqa.selenium.chrome.ChromeDriver
Capabilities {acceptInsecureCerts: false, browserName: chrome, browserVersion: 104.0.5112.102, chrome: {chromedriverVersion: 104.0.5112.79 (3cf3e8c8a07d..., userDataDir: C:\Users\016386\AppData\Loc...}, goog:chromeOptions: {debuggerAddress: localhost:57527}, javascriptEnabled: true, networkConnectionEnabled: false, pageLoadStrategy: normal, platform: WINDOWS, platformName: WINDOWS, proxy: Proxy(), setWindowRect: true, strictFileInteractability: false, timeouts: {implicit: 0, pageLoad: 300000, script: 30000}, unhandledPromptBehavior: dismiss and notify, webauthn:extension:credBlob: true, webauthn:extension:largeBlob: true, webauthn:virtualAuthenticators: true}
Session ID: 40a0b0a309761e52125973d1ba66c3a9
*** Element info: {Using=xpath, value=.//*[starts-with(@id,'err_seldob')]}
at org.openqa.selenium.remote.http.W3CHttpResponseCodec.decode(W3CHttpResponseCodec.java:120)
at org.openqa.selenium.remote.http.W3CHttpResponseCodec.decode(W3CHttpResponseCodec.java:49)
at org.openqa.selenium.remote.HttpCommandExecutor.execute(HttpCommandExecutor.java:158)
at org.openqa.selenium.remote.service.DriverCommandExecutor.execute(DriverCommandExecutor.java:83)
at org.openqa.selenium.remote.RemoteWebDriver.execute(RemoteWebDriver.java:552)
at org.openqa.selenium.remote.RemoteWebDriver.findElements(RemoteWebDriver.java:353)
at org.openqa.selenium.remote.RemoteWebDriver.findElementsByXPath(RemoteWebDriver.java:432)
at org.openqa.selenium.By$ByXPath.findElements(By.java:348)
at org.openqa.selenium.remote.RemoteWebDriver.findElements(RemoteWebDriver.java:311)
at lib.selenium.WebDriverServiceImpl.noagealert(WebDriverServiceImpl.java:766)
at lib.selenium.WebDriverServiceImpl.agevalidator_max(WebDriverServiceImpl.java:857)
at com.ibps.pages.PersonalDetailsPage.ageValidatorMax(PersonalDetailsPage.java:330)
at com.FCI_3_18Aug22.tc.TC001_FCIIIBasicDetails.basicDetails(TC001_FCIIIBasicDetails.java:64)
at sun.reflect.GeneratedMethodAccessor8.invoke(Unknown Source)
at sun.reflect.DelegatingMethodAccessorImpl.invoke(Unknown Source)
at java.lang.reflect.Method.invoke(Unknown Source)
at org.testng.internal.MethodInvocationHelper.invokeMethod(MethodInvocationHelper.java:133)
at org.testng.internal.TestInvoker.invokeMethod(TestInvoker.java:584)
at org.testng.internal.TestInvoker.invokeTestMethod(TestInvoker.java:172)
at org.testng.internal.MethodRunner.runInSequence(MethodRunner.java:46)
at org.testng.internal.TestInvoker$MethodInvocationAgent.invoke(TestInvoker.java:804)
at org.testng.internal.TestInvoker.invokeTestMethods(TestInvoker.java:145)
at org.testng.internal.TestMethodWorker.invokeTestMethods(TestMethodWorker.java:146)
at org.testng.internal.TestMethodWorker.run(TestMethodWorker.java:128)
at java.util.concurrent.ThreadPoolExecutor.runWorker(Unknown Source)
at java.util.concurrent.ThreadPoolExecutor$Worker.run(Unknown Source)
at java.lang.Thread.run(Unknown Source)
]]>
    </error>
  </testcase> <!-- basicDetails -->
  <testcase name="basicDetails" time="160.841" classname="com.FCI_3_18Aug22.tc.TC001_FCIIIBasicDetails"/>
  <testcase name="basicDetails" time="161.709" classname="com.FCI_3_18Aug22.tc.TC001_FCIIIBasicDetails"/>
  <testcase name="basicDetails" time="160.457" classname="com.FCI_3_18Aug22.tc.TC001_FCIIIBasicDetails"/>
  <testcase name="basicDetails" time="160.980" classname="com.FCI_3_18Aug22.tc.TC001_FCIIIBasicDetails"/>
  <testcase name="basicDetails" time="161.241" classname="com.FCI_3_18Aug22.tc.TC001_FCIIIBasicDetails"/>
  <testcase name="basicDetails" time="162.457" classname="com.FCI_3_18Aug22.tc.TC001_FCIIIBasicDetails"/>
  <testcase name="basicDetails" time="160.901" classname="com.FCI_3_18Aug22.tc.TC001_FCIIIBasicDetails"/>
  <testcase name="basicDetails" time="160.817" classname="com.FCI_3_18Aug22.tc.TC001_FCIIIBasicDetails"/>
  <testcase name="basicDetails" time="161.997" classname="com.FCI_3_18Aug22.tc.TC001_FCIIIBasicDetails"/>
  <testcase name="basicDetails" time="161.197" classname="com.FCI_3_18Aug22.tc.TC001_FCIIIBasicDetails"/>
  <testcase name="basicDetails" time="160.897" classname="com.FCI_3_18Aug22.tc.TC001_FCIIIBasicDetails"/>
  <testcase name="basicDetails" time="161.862" classname="com.FCI_3_18Aug22.tc.TC001_FCIIIBasicDetails"/>
  <testcase name="basicDetails" time="161.418" classname="com.FCI_3_18Aug22.tc.TC001_FCIIIBasicDetails"/>
  <testcase name="basicDetails" time="160.396" classname="com.FCI_3_18Aug22.tc.TC001_FCIIIBasicDetails"/>
  <testcase name="basicDetails" time="160.866" classname="com.FCI_3_18Aug22.tc.TC001_FCIIIBasicDetails"/>
  <testcase name="basicDetails" time="161.391" classname="com.FCI_3_18Aug22.tc.TC001_FCIIIBasicDetails"/>
  <testcase name="basicDetails" time="162.116" classname="com.FCI_3_18Aug22.tc.TC001_FCIIIBasicDetails"/>
  <testcase name="basicDetails" time="161.190" classname="com.FCI_3_18Aug22.tc.TC001_FCIIIBasicDetails"/>
  <testcase name="basicDetails" time="161.908" classname="com.FCI_3_18Aug22.tc.TC001_FCIIIBasicDetails"/>
  <testcase name="basicDetails" time="162.273" classname="com.FCI_3_18Aug22.tc.TC001_FCIIIBasicDetails"/>
  <testcase name="basicDetails" time="160.774" classname="com.FCI_3_18Aug22.tc.TC001_FCIIIBasicDetails"/>
  <testcase name="basicDetails" time="160.901" classname="com.FCI_3_18Aug22.tc.TC001_FCIIIBasicDetails"/>
  <testcase name="basicDetails" time="160.672" classname="com.FCI_3_18Aug22.tc.TC001_FCIIIBasicDetails"/>
  <testcase name="basicDetails" time="160.261" classname="com.FCI_3_18Aug22.tc.TC001_FCIIIBasicDetails"/>
  <testcase name="basicDetails" time="160.643" classname="com.FCI_3_18Aug22.tc.TC001_FCIIIBasicDetails"/>
  <testcase name="basicDetails" time="162.349" classname="com.FCI_3_18Aug22.tc.TC001_FCIIIBasicDetails"/>
  <testcase name="basicDetails" time="161.017" classname="com.FCI_3_18Aug22.tc.TC001_FCIIIBasicDetails"/>
  <testcase name="basicDetails" time="161.091" classname="com.FCI_3_18Aug22.tc.TC001_FCIIIBasicDetails"/>
  <testcase name="basicDetails" time="161.856" classname="com.FCI_3_18Aug22.tc.TC001_FCIIIBasicDetails"/>
  <testcase name="basicDetails" time="162.692" classname="com.FCI_3_18Aug22.tc.TC001_FCIIIBasicDetails"/>
  <testcase name="basicDetails" time="161.304" classname="com.FCI_3_18Aug22.tc.TC001_FCIIIBasicDetails"/>
  <testcase name="basicDetails" time="161.761" classname="com.FCI_3_18Aug22.tc.TC001_FCIIIBasicDetails"/>
  <testcase name="basicDetails" time="160.649" classname="com.FCI_3_18Aug22.tc.TC001_FCIIIBasicDetails"/>
  <testcase name="basicDetails" time="160.354" classname="com.FCI_3_18Aug22.tc.TC001_FCIIIBasicDetails"/>
  <testcase name="basicDetails" time="160.435" classname="com.FCI_3_18Aug22.tc.TC001_FCIIIBasicDetails"/>
  <testcase name="basicDetails" time="160.974" classname="com.FCI_3_18Aug22.tc.TC001_FCIIIBasicDetails"/>
  <testcase name="basicDetails" time="162.150" classname="com.FCI_3_18Aug22.tc.TC001_FCIIIBasicDetails"/>
  <testcase name="basicDetails" time="161.395" classname="com.FCI_3_18Aug22.tc.TC001_FCIIIBasicDetails"/>
  <testcase name="basicDetails" time="160.932" classname="com.FCI_3_18Aug22.tc.TC001_FCIIIBasicDetails"/>
  <testcase name="basicDetails" time="160.522" classname="com.FCI_3_18Aug22.tc.TC001_FCIIIBasicDetails"/>
  <testcase name="basicDetails" time="161.387" classname="com.FCI_3_18Aug22.tc.TC001_FCIIIBasicDetails"/>
  <testcase name="basicDetails" time="162.016" classname="com.FCI_3_18Aug22.tc.TC001_FCIIIBasicDetails"/>
  <testcase name="basicDetails" time="161.784" classname="com.FCI_3_18Aug22.tc.TC001_FCIIIBasicDetails"/>
  <testcase name="basicDetails" time="160.382" classname="com.FCI_3_18Aug22.tc.TC001_FCIIIBasicDetails"/>
  <testcase name="basicDetails" time="160.857" classname="com.FCI_3_18Aug22.tc.TC001_FCIIIBasicDetails"/>
  <testcase name="basicDetails" time="160.826" classname="com.FCI_3_18Aug22.tc.TC001_FCIIIBasicDetails"/>
  <testcase name="basicDetails" time="161.011" classname="com.FCI_3_18Aug22.tc.TC001_FCIIIBasicDetails"/>
  <testcase name="basicDetails" time="161.866" classname="com.FCI_3_18Aug22.tc.TC001_FCIIIBasicDetails"/>
  <testcase name="basicDetails" time="161.755" classname="com.FCI_3_18Aug22.tc.TC001_FCIIIBasicDetails"/>
  <testcase name="basicDetails" time="164.096" classname="com.FCI_3_18Aug22.tc.TC001_FCIIIBasicDetails"/>
  <testcase name="basicDetails" time="162.149" classname="com.FCI_3_18Aug22.tc.TC001_FCIIIBasicDetails"/>
  <testcase name="basicDetails" time="160.438" classname="com.FCI_3_18Aug22.tc.TC001_FCIIIBasicDetails"/>
  <testcase name="basicDetails" time="161.560" classname="com.FCI_3_18Aug22.tc.TC001_FCIIIBasicDetails"/>
  <testcase name="basicDetails" time="162.013" classname="com.FCI_3_18Aug22.tc.TC001_FCIIIBasicDetails"/>
</testsuite> <!-- com.FCI_3_18Aug22.tc.TC001_FCIIIBasicDetails -->
