<?xml version="1.0" encoding="UTF-8"?>
<!-- Generated by org.testng.reporters.JUnitReportReporter -->
<testsuite skipped="0" hostname="MAA014482B" name="com.MAHAGEN_16Nov22.tc.TC004_MAHAGENBasicDetails" tests="24" failures="0" timestamp="2022-11-16T17:59:48 IST" time="3657.531" errors="1">
  <testcase name="basicDetails" time="157.568" classname="com.MAHAGEN_16Nov22.tc.TC004_MAHAGENBasicDetails"/>
  <testcase name="basicDetails" time="157.748" classname="com.MAHAGEN_16Nov22.tc.TC004_MAHAGENBasicDetails"/>
  <testcase name="basicDetails" time="155.963" classname="com.MAHAGEN_16Nov22.tc.TC004_MAHAGENBasicDetails"/>
  <testcase name="basicDetails" time="27.118" classname="com.MAHAGEN_16Nov22.tc.TC004_MAHAGENBasicDetails">
    <error type="org.openqa.selenium.UnhandledAlertException" message="unexpected alert open: {Alert text : Date Of Birth should be between 18/12/1965 to 17/12/2004}
  (Session info: chrome=107.0.5304.107): Date Of Birth should be between 18/12/1965 to 17/12/2004
Build info: version: &#039;3.141.0&#039;, revision: &#039;2ecb7d9a&#039;, time: &#039;2018-10-31T20:09:30&#039;
System info: host: &#039;MAA014482B&#039;, ip: &#039;124.7.228.19&#039;, os.name: &#039;Windows 10&#039;, os.arch: &#039;amd64&#039;, os.version: &#039;10.0&#039;, java.version: &#039;1.8.0_131&#039;
Driver info: org.openqa.selenium.chrome.ChromeDriver
Capabilities {acceptInsecureCerts: false, browserName: chrome, browserVersion: 107.0.5304.107, chrome: {chromedriverVersion: 106.0.5249.61 (511755355844..., userDataDir: C:\Users\016386\AppData\Loc...}, goog:chromeOptions: {debuggerAddress: localhost:53196}, javascriptEnabled: true, networkConnectionEnabled: false, pageLoadStrategy: normal, platform: WINDOWS, platformName: WINDOWS, proxy: Proxy(), setWindowRect: true, strictFileInteractability: false, timeouts: {implicit: 0, pageLoad: 300000, script: 30000}, unhandledPromptBehavior: dismiss and notify, webauthn:extension:credBlob: true, webauthn:extension:largeBlob: true, webauthn:virtualAuthenticators: true}
Session ID: 24f3a315b3b0eb3f56491fdc446a18ba
*** Element info: {Using=xpath, value=.//*[starts-with(@id,&#039;err_seldob&#039;)]}">
      <![CDATA[org.openqa.selenium.UnhandledAlertException: unexpected alert open: {Alert text : Date Of Birth should be between 18/12/1965 to 17/12/2004}
  (Session info: chrome=107.0.5304.107): Date Of Birth should be between 18/12/1965 to 17/12/2004
Build info: version: '3.141.0', revision: '2ecb7d9a', time: '2018-10-31T20:09:30'
System info: host: 'MAA014482B', ip: '124.7.228.19', os.name: 'Windows 10', os.arch: 'amd64', os.version: '10.0', java.version: '1.8.0_131'
Driver info: org.openqa.selenium.chrome.ChromeDriver
Capabilities {acceptInsecureCerts: false, browserName: chrome, browserVersion: 107.0.5304.107, chrome: {chromedriverVersion: 106.0.5249.61 (511755355844..., userDataDir: C:\Users\016386\AppData\Loc...}, goog:chromeOptions: {debuggerAddress: localhost:53196}, javascriptEnabled: true, networkConnectionEnabled: false, pageLoadStrategy: normal, platform: WINDOWS, platformName: WINDOWS, proxy: Proxy(), setWindowRect: true, strictFileInteractability: false, timeouts: {implicit: 0, pageLoad: 300000, script: 30000}, unhandledPromptBehavior: dismiss and notify, webauthn:extension:credBlob: true, webauthn:extension:largeBlob: true, webauthn:virtualAuthenticators: true}
Session ID: 24f3a315b3b0eb3f56491fdc446a18ba
*** Element info: {Using=xpath, value=.//*[starts-with(@id,'err_seldob')]}
at org.openqa.selenium.remote.http.W3CHttpResponseCodec.decode(W3CHttpResponseCodec.java:120)
at org.openqa.selenium.remote.http.W3CHttpResponseCodec.decode(W3CHttpResponseCodec.java:49)
at org.openqa.selenium.remote.HttpCommandExecutor.execute(HttpCommandExecutor.java:158)
at org.openqa.selenium.remote.service.DriverCommandExecutor.execute(DriverCommandExecutor.java:83)
at org.openqa.selenium.remote.RemoteWebDriver.execute(RemoteWebDriver.java:552)
at org.openqa.selenium.remote.RemoteWebDriver.findElements(RemoteWebDriver.java:353)
at org.openqa.selenium.remote.RemoteWebDriver.findElementsByXPath(RemoteWebDriver.java:432)
at org.openqa.selenium.By$ByXPath.findElements(By.java:348)
at org.openqa.selenium.remote.RemoteWebDriver.findElements(RemoteWebDriver.java:311)
at lib.selenium.WebDriverServiceImpl.noagealert(WebDriverServiceImpl.java:766)
at lib.selenium.WebDriverServiceImpl.agevalidator_max(WebDriverServiceImpl.java:857)
at com.ibps.pages.PersonalDetailsPage.ageValidatorMax(PersonalDetailsPage.java:330)
at com.MAHAGEN_16Nov22.tc.TC004_MAHAGENBasicDetails.basicDetails(TC004_MAHAGENBasicDetails.java:66)
at sun.reflect.NativeMethodAccessorImpl.invoke0(Native Method)
at sun.reflect.NativeMethodAccessorImpl.invoke(Unknown Source)
at sun.reflect.DelegatingMethodAccessorImpl.invoke(Unknown Source)
at java.lang.reflect.Method.invoke(Unknown Source)
at org.testng.internal.MethodInvocationHelper.invokeMethod(MethodInvocationHelper.java:133)
at org.testng.internal.TestInvoker.invokeMethod(TestInvoker.java:584)
at org.testng.internal.TestInvoker.invokeTestMethod(TestInvoker.java:172)
at org.testng.internal.MethodRunner.runInSequence(MethodRunner.java:46)
at org.testng.internal.TestInvoker$MethodInvocationAgent.invoke(TestInvoker.java:804)
at org.testng.internal.TestInvoker.invokeTestMethods(TestInvoker.java:145)
at org.testng.internal.TestMethodWorker.invokeTestMethods(TestMethodWorker.java:146)
at org.testng.internal.TestMethodWorker.run(TestMethodWorker.java:128)
at java.util.concurrent.ThreadPoolExecutor.runWorker(Unknown Source)
at java.util.concurrent.ThreadPoolExecutor$Worker.run(Unknown Source)
at java.lang.Thread.run(Unknown Source)
]]>
    </error>
  </testcase> <!-- basicDetails -->
  <testcase name="basicDetails" time="159.819" classname="com.MAHAGEN_16Nov22.tc.TC004_MAHAGENBasicDetails"/>
  <testcase name="basicDetails" time="158.210" classname="com.MAHAGEN_16Nov22.tc.TC004_MAHAGENBasicDetails"/>
  <testcase name="basicDetails" time="158.610" classname="com.MAHAGEN_16Nov22.tc.TC004_MAHAGENBasicDetails"/>
  <testcase name="basicDetails" time="156.581" classname="com.MAHAGEN_16Nov22.tc.TC004_MAHAGENBasicDetails"/>
  <testcase name="basicDetails" time="156.053" classname="com.MAHAGEN_16Nov22.tc.TC004_MAHAGENBasicDetails"/>
  <testcase name="basicDetails" time="157.938" classname="com.MAHAGEN_16Nov22.tc.TC004_MAHAGENBasicDetails"/>
  <testcase name="basicDetails" time="159.916" classname="com.MAHAGEN_16Nov22.tc.TC004_MAHAGENBasicDetails"/>
  <testcase name="basicDetails" time="156.435" classname="com.MAHAGEN_16Nov22.tc.TC004_MAHAGENBasicDetails"/>
  <testcase name="basicDetails" time="158.807" classname="com.MAHAGEN_16Nov22.tc.TC004_MAHAGENBasicDetails"/>
  <testcase name="basicDetails" time="156.589" classname="com.MAHAGEN_16Nov22.tc.TC004_MAHAGENBasicDetails"/>
  <testcase name="basicDetails" time="157.516" classname="com.MAHAGEN_16Nov22.tc.TC004_MAHAGENBasicDetails"/>
  <testcase name="basicDetails" time="157.831" classname="com.MAHAGEN_16Nov22.tc.TC004_MAHAGENBasicDetails"/>
  <testcase name="basicDetails" time="156.036" classname="com.MAHAGEN_16Nov22.tc.TC004_MAHAGENBasicDetails"/>
  <testcase name="basicDetails" time="157.863" classname="com.MAHAGEN_16Nov22.tc.TC004_MAHAGENBasicDetails"/>
  <testcase name="basicDetails" time="160.018" classname="com.MAHAGEN_16Nov22.tc.TC004_MAHAGENBasicDetails"/>
  <testcase name="basicDetails" time="156.114" classname="com.MAHAGEN_16Nov22.tc.TC004_MAHAGENBasicDetails"/>
  <testcase name="basicDetails" time="158.031" classname="com.MAHAGEN_16Nov22.tc.TC004_MAHAGENBasicDetails"/>
  <testcase name="basicDetails" time="157.822" classname="com.MAHAGEN_16Nov22.tc.TC004_MAHAGENBasicDetails"/>
  <testcase name="basicDetails" time="157.676" classname="com.MAHAGEN_16Nov22.tc.TC004_MAHAGENBasicDetails"/>
  <testcase name="basicDetails" time="161.269" classname="com.MAHAGEN_16Nov22.tc.TC004_MAHAGENBasicDetails"/>
</testsuite> <!-- com.MAHAGEN_16Nov22.tc.TC004_MAHAGENBasicDetails -->
