<?xml version="1.0" encoding="UTF-8"?>
<!-- Generated by org.testng.reporters.JUnitReportReporter -->
<testsuite skipped="0" hostname="MAA014482B" name="com.IB_27April22.tc.TC003_IBBasicDetails" tests="29" failures="0" timestamp="2023-02-15T16:00:11 IST" time="4558.385" errors="1">
  <testcase name="basicDetails" time="161.542" classname="com.IB_27April22.tc.TC003_IBBasicDetails"/>
  <testcase name="basicDetails" time="163.152" classname="com.IB_27April22.tc.TC003_IBBasicDetails"/>
  <testcase name="basicDetails" time="32.839" classname="com.IB_27April22.tc.TC003_IBBasicDetails">
    <error type="org.openqa.selenium.UnhandledAlertException" message="unexpected alert open: {Alert text : Date Of Birth should be between 02/01/1980 to 01/01/1998}
  (Session info: chrome=110.0.5481.100): Date Of Birth should be between 02/01/1980 to 01/01/1998
Build info: version: &#039;3.141.0&#039;, revision: &#039;2ecb7d9a&#039;, time: &#039;2018-10-31T20:09:30&#039;
System info: host: &#039;MAA014482B&#039;, ip: &#039;124.7.228.19&#039;, os.name: &#039;Windows 10&#039;, os.arch: &#039;amd64&#039;, os.version: &#039;10.0&#039;, java.version: &#039;1.8.0_131&#039;
Driver info: org.openqa.selenium.chrome.ChromeDriver
Capabilities {acceptInsecureCerts: false, browserName: chrome, browserVersion: 110.0.5481.100, chrome: {chromedriverVersion: 110.0.5481.77 (65ed616c6e8e..., userDataDir: C:\Users\016386\AppData\Loc...}, goog:chromeOptions: {debuggerAddress: localhost:55032}, javascriptEnabled: true, networkConnectionEnabled: false, pageLoadStrategy: normal, platform: WINDOWS, platformName: WINDOWS, proxy: Proxy(), setWindowRect: true, strictFileInteractability: false, timeouts: {implicit: 0, pageLoad: 300000, script: 30000}, unhandledPromptBehavior: dismiss and notify, webauthn:extension:credBlob: true, webauthn:extension:largeBlob: true, webauthn:virtualAuthenticators: true}
Session ID: f7e58bb31cb0e761f3ac6baf45711644
*** Element info: {Using=xpath, value=.//*[starts-with(@id,&#039;err_seldob&#039;)]}">
      <![CDATA[org.openqa.selenium.UnhandledAlertException: unexpected alert open: {Alert text : Date Of Birth should be between 02/01/1980 to 01/01/1998}
  (Session info: chrome=110.0.5481.100): Date Of Birth should be between 02/01/1980 to 01/01/1998
Build info: version: '3.141.0', revision: '2ecb7d9a', time: '2018-10-31T20:09:30'
System info: host: 'MAA014482B', ip: '124.7.228.19', os.name: 'Windows 10', os.arch: 'amd64', os.version: '10.0', java.version: '1.8.0_131'
Driver info: org.openqa.selenium.chrome.ChromeDriver
Capabilities {acceptInsecureCerts: false, browserName: chrome, browserVersion: 110.0.5481.100, chrome: {chromedriverVersion: 110.0.5481.77 (65ed616c6e8e..., userDataDir: C:\Users\016386\AppData\Loc...}, goog:chromeOptions: {debuggerAddress: localhost:55032}, javascriptEnabled: true, networkConnectionEnabled: false, pageLoadStrategy: normal, platform: WINDOWS, platformName: WINDOWS, proxy: Proxy(), setWindowRect: true, strictFileInteractability: false, timeouts: {implicit: 0, pageLoad: 300000, script: 30000}, unhandledPromptBehavior: dismiss and notify, webauthn:extension:credBlob: true, webauthn:extension:largeBlob: true, webauthn:virtualAuthenticators: true}
Session ID: f7e58bb31cb0e761f3ac6baf45711644
*** Element info: {Using=xpath, value=.//*[starts-with(@id,'err_seldob')]}
at org.openqa.selenium.remote.http.W3CHttpResponseCodec.decode(W3CHttpResponseCodec.java:120)
at org.openqa.selenium.remote.http.W3CHttpResponseCodec.decode(W3CHttpResponseCodec.java:49)
at org.openqa.selenium.remote.HttpCommandExecutor.execute(HttpCommandExecutor.java:158)
at org.openqa.selenium.remote.service.DriverCommandExecutor.execute(DriverCommandExecutor.java:83)
at org.openqa.selenium.remote.RemoteWebDriver.execute(RemoteWebDriver.java:552)
at org.openqa.selenium.remote.RemoteWebDriver.findElements(RemoteWebDriver.java:353)
at org.openqa.selenium.remote.RemoteWebDriver.findElementsByXPath(RemoteWebDriver.java:432)
at org.openqa.selenium.By$ByXPath.findElements(By.java:348)
at org.openqa.selenium.remote.RemoteWebDriver.findElements(RemoteWebDriver.java:311)
at lib.selenium.WebDriverServiceImpl.noagealert(WebDriverServiceImpl.java:766)
at lib.selenium.WebDriverServiceImpl.agevalidator_max(WebDriverServiceImpl.java:857)
at com.ibps.pages.PersonalDetailsPage.ageValidatorMax(PersonalDetailsPage.java:330)
at com.IB_27April22.tc.TC003_IBBasicDetails.basicDetails(TC003_IBBasicDetails.java:61)
at sun.reflect.NativeMethodAccessorImpl.invoke0(Native Method)
at sun.reflect.NativeMethodAccessorImpl.invoke(Unknown Source)
at sun.reflect.DelegatingMethodAccessorImpl.invoke(Unknown Source)
at java.lang.reflect.Method.invoke(Unknown Source)
at org.testng.internal.MethodInvocationHelper.invokeMethod(MethodInvocationHelper.java:133)
at org.testng.internal.TestInvoker.invokeMethod(TestInvoker.java:584)
at org.testng.internal.TestInvoker.invokeTestMethod(TestInvoker.java:172)
at org.testng.internal.MethodRunner.runInSequence(MethodRunner.java:46)
at org.testng.internal.TestInvoker$MethodInvocationAgent.invoke(TestInvoker.java:804)
at org.testng.internal.TestInvoker.invokeTestMethods(TestInvoker.java:145)
at org.testng.internal.TestMethodWorker.invokeTestMethods(TestMethodWorker.java:146)
at org.testng.internal.TestMethodWorker.run(TestMethodWorker.java:128)
at java.util.concurrent.ThreadPoolExecutor.runWorker(Unknown Source)
at java.util.concurrent.ThreadPoolExecutor$Worker.run(Unknown Source)
at java.lang.Thread.run(Unknown Source)
]]>
    </error>
  </testcase> <!-- basicDetails -->
  <testcase name="basicDetails" time="161.502" classname="com.IB_27April22.tc.TC003_IBBasicDetails"/>
  <testcase name="basicDetails" time="161.490" classname="com.IB_27April22.tc.TC003_IBBasicDetails"/>
  <testcase name="basicDetails" time="161.377" classname="com.IB_27April22.tc.TC003_IBBasicDetails"/>
  <testcase name="basicDetails" time="161.763" classname="com.IB_27April22.tc.TC003_IBBasicDetails"/>
  <testcase name="basicDetails" time="161.401" classname="com.IB_27April22.tc.TC003_IBBasicDetails"/>
  <testcase name="basicDetails" time="161.865" classname="com.IB_27April22.tc.TC003_IBBasicDetails"/>
  <testcase name="basicDetails" time="161.709" classname="com.IB_27April22.tc.TC003_IBBasicDetails"/>
  <testcase name="basicDetails" time="161.647" classname="com.IB_27April22.tc.TC003_IBBasicDetails"/>
  <testcase name="basicDetails" time="161.393" classname="com.IB_27April22.tc.TC003_IBBasicDetails"/>
  <testcase name="basicDetails" time="161.924" classname="com.IB_27April22.tc.TC003_IBBasicDetails"/>
  <testcase name="basicDetails" time="161.447" classname="com.IB_27April22.tc.TC003_IBBasicDetails"/>
  <testcase name="basicDetails" time="161.974" classname="com.IB_27April22.tc.TC003_IBBasicDetails"/>
  <testcase name="basicDetails" time="161.276" classname="com.IB_27April22.tc.TC003_IBBasicDetails"/>
  <testcase name="basicDetails" time="161.168" classname="com.IB_27April22.tc.TC003_IBBasicDetails"/>
  <testcase name="basicDetails" time="161.540" classname="com.IB_27April22.tc.TC003_IBBasicDetails"/>
  <testcase name="basicDetails" time="161.575" classname="com.IB_27April22.tc.TC003_IBBasicDetails"/>
  <testcase name="basicDetails" time="161.384" classname="com.IB_27April22.tc.TC003_IBBasicDetails"/>
  <testcase name="basicDetails" time="161.593" classname="com.IB_27April22.tc.TC003_IBBasicDetails"/>
  <testcase name="basicDetails" time="161.562" classname="com.IB_27April22.tc.TC003_IBBasicDetails"/>
  <testcase name="basicDetails" time="161.401" classname="com.IB_27April22.tc.TC003_IBBasicDetails"/>
  <testcase name="basicDetails" time="161.615" classname="com.IB_27April22.tc.TC003_IBBasicDetails"/>
  <testcase name="basicDetails" time="161.713" classname="com.IB_27April22.tc.TC003_IBBasicDetails"/>
  <testcase name="basicDetails" time="161.629" classname="com.IB_27April22.tc.TC003_IBBasicDetails"/>
  <testcase name="basicDetails" time="161.742" classname="com.IB_27April22.tc.TC003_IBBasicDetails"/>
  <testcase name="basicDetails" time="161.481" classname="com.IB_27April22.tc.TC003_IBBasicDetails"/>
  <testcase name="basicDetails" time="161.681" classname="com.IB_27April22.tc.TC003_IBBasicDetails"/>
</testsuite> <!-- com.IB_27April22.tc.TC003_IBBasicDetails -->
